#
# There is insufficient memory for the Java Runtime Environment to continue.
# Native memory allocation (malloc) failed to allocate 1035856 bytes for Chunk::new
# Possible reasons:
#   The system is out of physical RAM or swap space
#   The process is running with CompressedOops enabled, and the Java Heap may be blocking the growth of the native heap
# Possible solutions:
#   Reduce memory load on the system
#   Increase physical memory or swap space
#   Check if swap backing store is full
#   Decrease Java heap size (-Xmx/-Xms)
#   Decrease number of Java threads
#   Decrease Java thread stack sizes (-Xss)
#   Set larger code cache with -XX:ReservedCodeCacheSize=
#   JVM is running with Unscaled Compressed Oops mode in which the Java heap is
#     placed in the first 4GB address space. The Java Heap base address is the
#     maximum limit for the native heap growth. Please use -XX:HeapBaseMinAddress
#     to set the Java Heap base and to place the Java Heap above 4GB virtual address.
# This output file may be truncated or incomplete.
#
#  Out of Memory Error (arena.cpp:189), pid=1724, tid=17284
#
# JRE version: OpenJDK Runtime Environment (17.0.6) (build 17.0.6+0-b2043.56-10027231)
# Java VM: OpenJDK 64-Bit Server VM (17.0.6+0-b2043.56-10027231, mixed mode, tiered, compressed oops, compressed class ptrs, g1 gc, windows-amd64)
# No core dump will be written. Minidumps are not enabled by default on client versions of Windows
#

---------------  S U M M A R Y ------------

Command Line: --add-opens=java.base/java.util=ALL-UNNAMED --add-opens=java.base/java.lang=ALL-UNNAMED --add-opens=java.base/java.lang.invoke=ALL-UNNAMED --add-opens=java.prefs/java.util.prefs=ALL-UNNAMED --add-opens=java.base/java.nio.charset=ALL-UNNAMED --add-opens=java.base/java.net=ALL-UNNAMED --add-opens=java.base/java.util.concurrent.atomic=ALL-UNNAMED -Xmx2048m -Dfile.encoding=UTF-8 -Duser.country=ID -Duser.language=en -Duser.variant org.gradle.launcher.daemon.bootstrap.GradleDaemon 8.0

Host: Intel(R) Core(TM) i7-10750H CPU @ 2.60GHz, 12 cores, 15G,  Windows 11 , 64 bit Build 22621 (10.0.22621.2215)
Time: Sat Sep 16 22:16:28 2023 SE Asia Standard Time elapsed time: 4.618952 seconds (0d 0h 0m 4s)

---------------  T H R E A D  ---------------

Current thread (0x0000026620edb1b0):  JavaThread "C2 CompilerThread1" daemon [_thread_in_native, id=17284, stack(0x0000007e4e300000,0x0000007e4e400000)]


Current CompileTask:
C2:   4619 3416       4       java.util.regex.Pattern::compile (500 bytes)

Stack: [0x0000007e4e300000,0x0000007e4e400000]
Native frames: (J=compiled Java code, j=interpreted, Vv=VM code, C=native code)
V  [jvm.dll+0x683c9a]
V  [jvm.dll+0x8427a4]
V  [jvm.dll+0x843f9e]
V  [jvm.dll+0x844603]
V  [jvm.dll+0x249b75]
V  [jvm.dll+0xabcac]
V  [jvm.dll+0xac27c]
V  [jvm.dll+0x368802]
V  [jvm.dll+0x332f31]
V  [jvm.dll+0x3323da]
V  [jvm.dll+0x21c201]
V  [jvm.dll+0x21b621]
V  [jvm.dll+0x1a4fdd]
V  [jvm.dll+0x22b098]
V  [jvm.dll+0x229159]
V  [jvm.dll+0x7f81ec]
V  [jvm.dll+0x7f274a]
V  [jvm.dll+0x682ad5]
C  [ucrtbase.dll+0x29363]
C  [KERNEL32.DLL+0x1257d]
C  [ntdll.dll+0x5aa68]


---------------  P R O C E S S  ---------------

Threads class SMR info:
_java_thread_list=0x00000266262eb8c0, length=37, elements={
0x0000026605ee9660, 0x0000026620c4db80, 0x0000026620c4e9f0, 0x0000026620c79270,
0x0000026620c79e20, 0x0000026620c7c8e0, 0x0000026620c91360, 0x0000026620c97560,
0x0000026620c98160, 0x0000026620c98b50, 0x0000026620e3b010, 0x0000026620e3b4e0,
0x0000026620edb1b0, 0x0000026623fce010, 0x00000266213a3a00, 0x0000026623358470,
0x0000026623121c50, 0x0000026623d33ed0, 0x0000026621ae1820, 0x0000026623d32740,
0x00000266231b7f90, 0x00000266231b7120, 0x00000266231b5440, 0x00000266231b5910,
0x00000266231b75f0, 0x00000266231b6780, 0x000002662379b3f0, 0x00000266231b6c50,
0x00000266231b7ac0, 0x00000266231b4f70, 0x00000266231b4aa0, 0x00000266231b62b0,
0x00000266235d7f80, 0x00000266235d9c60, 0x00000266235d8450, 0x00000266235d8920,
0x00000266235da130
}

Java Threads: ( => current thread )
  0x0000026605ee9660 JavaThread "main" [_thread_blocked, id=19712, stack(0x0000007e4d000000,0x0000007e4d100000)]
  0x0000026620c4db80 JavaThread "Reference Handler" daemon [_thread_blocked, id=13644, stack(0x0000007e4d700000,0x0000007e4d800000)]
  0x0000026620c4e9f0 JavaThread "Finalizer" daemon [_thread_blocked, id=20012, stack(0x0000007e4d800000,0x0000007e4d900000)]
  0x0000026620c79270 JavaThread "Signal Dispatcher" daemon [_thread_blocked, id=14828, stack(0x0000007e4d900000,0x0000007e4da00000)]
  0x0000026620c79e20 JavaThread "Attach Listener" daemon [_thread_blocked, id=14412, stack(0x0000007e4da00000,0x0000007e4db00000)]
  0x0000026620c7c8e0 JavaThread "Service Thread" daemon [_thread_blocked, id=6712, stack(0x0000007e4db00000,0x0000007e4dc00000)]
  0x0000026620c91360 JavaThread "Monitor Deflation Thread" daemon [_thread_blocked, id=2128, stack(0x0000007e4dc00000,0x0000007e4dd00000)]
  0x0000026620c97560 JavaThread "C2 CompilerThread0" daemon [_thread_in_native, id=19700, stack(0x0000007e4dd00000,0x0000007e4de00000)]
  0x0000026620c98160 JavaThread "C1 CompilerThread0" daemon [_thread_in_vm, id=20288, stack(0x0000007e4de00000,0x0000007e4df00000)]
  0x0000026620c98b50 JavaThread "Sweeper thread" daemon [_thread_blocked, id=16960, stack(0x0000007e4df00000,0x0000007e4e000000)]
  0x0000026620e3b010 JavaThread "Common-Cleaner" daemon [_thread_blocked, id=14496, stack(0x0000007e4e000000,0x0000007e4e100000)]
  0x0000026620e3b4e0 JavaThread "Notification Thread" daemon [_thread_blocked, id=9960, stack(0x0000007e4e100000,0x0000007e4e200000)]
=>0x0000026620edb1b0 JavaThread "C2 CompilerThread1" daemon [_thread_in_native, id=17284, stack(0x0000007e4e300000,0x0000007e4e400000)]
  0x0000026623fce010 JavaThread "Daemon health stats" [_thread_blocked, id=13736, stack(0x0000007e4ea00000,0x0000007e4eb00000)]
  0x00000266213a3a00 JavaThread "Incoming local TCP Connector on port 51172" [_thread_in_native, id=19168, stack(0x0000007e4e400000,0x0000007e4e500000)]
  0x0000026623358470 JavaThread "Daemon periodic checks" [_thread_blocked, id=9100, stack(0x0000007e4eb00000,0x0000007e4ec00000)]
  0x0000026623121c50 JavaThread "Daemon" [_thread_blocked, id=12920, stack(0x0000007e4ec00000,0x0000007e4ed00000)]
  0x0000026623d33ed0 JavaThread "Handler for socket connection from /127.0.0.1:51172 to /127.0.0.1:51173" [_thread_in_native, id=15984, stack(0x0000007e4ed00000,0x0000007e4ee00000)]
  0x0000026621ae1820 JavaThread "Cancel handler" [_thread_blocked, id=13588, stack(0x0000007e4ee00000,0x0000007e4ef00000)]
  0x0000026623d32740 JavaThread "Daemon worker" [_thread_in_vm, id=11720, stack(0x0000007e4ef00000,0x0000007e4f000000)]
  0x00000266231b7f90 JavaThread "Asynchronous log dispatcher for DefaultDaemonConnection: socket connection from /127.0.0.1:51172 to /127.0.0.1:51173" [_thread_blocked, id=13608, stack(0x0000007e4f000000,0x0000007e4f100000)]
  0x00000266231b7120 JavaThread "Stdin handler" [_thread_blocked, id=8900, stack(0x0000007e4f100000,0x0000007e4f200000)]
  0x00000266231b5440 JavaThread "Daemon client event forwarder" [_thread_blocked, id=3076, stack(0x0000007e4f200000,0x0000007e4f300000)]
  0x00000266231b5910 JavaThread "Cache worker for journal cache (C:\Users\LENOVO\.gradle\caches\journal-1)" [_thread_blocked, id=18304, stack(0x0000007e4f900000,0x0000007e4fa00000)]
  0x00000266231b75f0 JavaThread "File lock request listener" [_thread_in_native, id=19732, stack(0x0000007e4fa00000,0x0000007e4fb00000)]
  0x00000266231b6780 JavaThread "Cache worker for file hash cache (C:\Users\LENOVO\.gradle\caches\8.0\fileHashes)" [_thread_blocked, id=15792, stack(0x0000007e4fb00000,0x0000007e4fc00000)]
  0x000002662379b3f0 JavaThread "C2 CompilerThread2" daemon [_thread_in_native, id=12700, stack(0x0000007e4fc00000,0x0000007e4fd00000)]
  0x00000266231b6c50 JavaThread "File watcher server" daemon [_thread_in_native, id=1328, stack(0x0000007e4fd00000,0x0000007e4fe00000)]
  0x00000266231b7ac0 JavaThread "File watcher consumer" daemon [_thread_blocked, id=19132, stack(0x0000007e4fe00000,0x0000007e4ff00000)]
  0x00000266231b4f70 JavaThread "Cache worker for checksums cache (C:\Users\LENOVO\Documents\MyCalculator\.gradle\8.0\checksums)" [_thread_blocked, id=4100, stack(0x0000007e4ff00000,0x0000007e50000000)]
  0x00000266231b4aa0 JavaThread "Cache worker for cache directory md-rule (C:\Users\LENOVO\.gradle\caches\8.0\md-rule)" [_thread_blocked, id=13560, stack(0x0000007e50000000,0x0000007e50100000)]
  0x00000266231b62b0 JavaThread "Cache worker for file content cache (C:\Users\LENOVO\.gradle\caches\8.0\fileContent)" [_thread_blocked, id=19688, stack(0x0000007e50100000,0x0000007e50200000)]
  0x00000266235d7f80 JavaThread "Cache worker for file hash cache (C:\Users\LENOVO\Documents\MyCalculator\.gradle\8.0\fileHashes)" [_thread_blocked, id=14612, stack(0x0000007e50200000,0x0000007e50300000)]
  0x00000266235d9c60 JavaThread "Cache worker for cache directory md-supplier (C:\Users\LENOVO\.gradle\caches\8.0\md-supplier)" [_thread_blocked, id=10836, stack(0x0000007e50300000,0x0000007e50400000)]
  0x00000266235d8450 JavaThread "Cache worker for execution history cache (C:\Users\LENOVO\.gradle\caches\8.0\executionHistory)" [_thread_blocked, id=19648, stack(0x0000007e50400000,0x0000007e50500000)]
  0x00000266235d8920 JavaThread "jar transforms" [_thread_blocked, id=10204, stack(0x0000007e50500000,0x0000007e50600000)]
  0x00000266235da130 JavaThread "jar transforms Thread 2" [_thread_blocked, id=11308, stack(0x0000007e50600000,0x0000007e50700000)]

Other Threads:
  0x0000026620c3a9e0 VMThread "VM Thread" [stack: 0x0000007e4d600000,0x0000007e4d700000] [id=8400]
  0x0000026605f5ada0 WatcherThread [stack: 0x0000007e4e200000,0x0000007e4e300000] [id=19272]
  0x0000026605f42c50 GCTaskThread "GC Thread#0" [stack: 0x0000007e4d100000,0x0000007e4d200000] [id=15596]
  0x0000026621933d00 GCTaskThread "GC Thread#1" [stack: 0x0000007e4e500000,0x0000007e4e600000] [id=17704]
  0x0000026620fceb40 GCTaskThread "GC Thread#2" [stack: 0x0000007e4e600000,0x0000007e4e700000] [id=15152]
  0x0000026620fcedf0 GCTaskThread "GC Thread#3" [stack: 0x0000007e4e700000,0x0000007e4e800000] [id=18892]
  0x00000266210f32b0 GCTaskThread "GC Thread#4" [stack: 0x0000007e4e800000,0x0000007e4e900000] [id=19900]
  0x0000026621982160 GCTaskThread "GC Thread#5" [stack: 0x0000007e4e900000,0x0000007e4ea00000] [id=2624]
  0x00000266223b4610 GCTaskThread "GC Thread#6" [stack: 0x0000007e4f300000,0x0000007e4f400000] [id=8868]
  0x00000266234d5470 GCTaskThread "GC Thread#7" [stack: 0x0000007e4f400000,0x0000007e4f500000] [id=17992]
  0x0000026623122120 GCTaskThread "GC Thread#8" [stack: 0x0000007e4f500000,0x0000007e4f600000] [id=18816]
  0x00000266239ba2f0 GCTaskThread "GC Thread#9" [stack: 0x0000007e4f600000,0x0000007e4f700000] [id=2668]
  0x0000026605f53b90 ConcurrentGCThread "G1 Main Marker" [stack: 0x0000007e4d200000,0x0000007e4d300000] [id=8040]
  0x0000026605f545a0 ConcurrentGCThread "G1 Conc#0" [stack: 0x0000007e4d300000,0x0000007e4d400000] [id=16520]
  0x0000026621ae71d0 ConcurrentGCThread "G1 Conc#1" [stack: 0x0000007e4f700000,0x0000007e4f800000] [id=5292]
  0x00000266235ca910 ConcurrentGCThread "G1 Conc#2" [stack: 0x0000007e4f800000,0x0000007e4f900000] [id=2444]
  0x000002662002e5d0 ConcurrentGCThread "G1 Refine#0" [stack: 0x0000007e4d400000,0x0000007e4d500000] [id=13612]
  0x000002662002ee00 ConcurrentGCThread "G1 Service" [stack: 0x0000007e4d500000,0x0000007e4d600000] [id=17532]

Threads with active compile tasks:
C2 CompilerThread0     4644 3544       4       java.util.AbstractCollection::addAll (42 bytes)
C1 CompilerThread0     4644 3578       3       groovy.lang.MetaClassImpl::makeReplacementMetaProperty (241 bytes)
C2 CompilerThread1     4644 3416       4       java.util.regex.Pattern::compile (500 bytes)
C2 CompilerThread2     4644 3419       4       java.lang.String::split (327 bytes)

VM state: not at safepoint (normal execution)

VM Mutex/Monitor currently owned by a thread:  ([mutex/lock_event])
[0x0000026605ee52b0] Compile_lock - owner thread: 0x0000000000000000

Heap address: 0x0000000080000000, size: 2048 MB, Compressed Oops mode: 32-bit

CDS archive(s) not mapped
Compressed class space mapped at: 0x0000000100000000-0x0000000140000000, reserved size: 1073741824
Narrow klass base: 0x0000000000000000, Narrow klass shift: 3, Narrow klass range: 0x140000000

GC Precious Log:
 CPUs: 12 total, 12 available
 Memory: 16251M
 Large Page Support: Disabled
 NUMA Support: Disabled
 Compressed Oops: Enabled (32-bit)
 Heap Region Size: 1M
 Heap Min Capacity: 8M
 Heap Initial Capacity: 254M
 Heap Max Capacity: 2G
 Pre-touch: Disabled
 Parallel Workers: 10
 Concurrent Workers: 3
 Concurrent Refinement Workers: 10
 Periodic GC: Disabled

Heap:
 garbage-first heap   total 68608K, used 39222K [0x0000000080000000, 0x0000000100000000)
  region size 1024K, 15 young (15360K), 4 survivors (4096K)
 Metaspace       used 40941K, committed 41280K, reserved 1089536K
  class space    used 5419K, committed 5568K, reserved 1048576K

Heap Regions: E=young(eden), S=young(survivor), O=old, HS=humongous(starts), HC=humongous(continues), CS=collection set, F=free, OA=open archive, CA=closed archive, TAMS=top-at-mark-start (previous, next)
|   0|0x0000000080000000, 0x0000000080100000, 0x0000000080100000|100%|HS|  |TAMS 0x0000000080100000, 0x0000000080000000| Complete 
|   1|0x0000000080100000, 0x0000000080200000, 0x0000000080200000|100%|HC|  |TAMS 0x0000000080200000, 0x0000000080100000| Complete 
|   2|0x0000000080200000, 0x0000000080300000, 0x0000000080300000|100%|HC|  |TAMS 0x0000000080300000, 0x0000000080200000| Complete 
|   3|0x0000000080300000, 0x0000000080400000, 0x0000000080400000|100%|HC|  |TAMS 0x0000000080400000, 0x0000000080300000| Complete 
|   4|0x0000000080400000, 0x0000000080500000, 0x0000000080500000|100%| O|  |TAMS 0x0000000080500000, 0x0000000080400000| Untracked 
|   5|0x0000000080500000, 0x0000000080600000, 0x0000000080600000|100%| O|  |TAMS 0x0000000080600000, 0x0000000080500000| Untracked 
|   6|0x0000000080600000, 0x0000000080700000, 0x0000000080700000|100%| O|  |TAMS 0x0000000080700000, 0x0000000080600000| Untracked 
|   7|0x0000000080700000, 0x0000000080800000, 0x0000000080800000|100%| O|  |TAMS 0x0000000080800000, 0x0000000080700000| Untracked 
|   8|0x0000000080800000, 0x0000000080900000, 0x0000000080900000|100%| O|  |TAMS 0x0000000080900000, 0x0000000080800000| Untracked 
|   9|0x0000000080900000, 0x0000000080a00000, 0x0000000080a00000|100%| O|  |TAMS 0x0000000080a00000, 0x0000000080900000| Untracked 
|  10|0x0000000080a00000, 0x0000000080b00000, 0x0000000080b00000|100%| O|  |TAMS 0x0000000080b00000, 0x0000000080a00000| Untracked 
|  11|0x0000000080b00000, 0x0000000080bd7800, 0x0000000080c00000| 84%| O|  |TAMS 0x0000000080bd7800, 0x0000000080b00000| Untracked 
|  12|0x0000000080c00000, 0x0000000080d00000, 0x0000000080d00000|100%| O|  |TAMS 0x0000000080d00000, 0x0000000080c00000| Untracked 
|  13|0x0000000080d00000, 0x0000000080e00000, 0x0000000080e00000|100%| O|  |TAMS 0x0000000080e00000, 0x0000000080d00000| Untracked 
|  14|0x0000000080e00000, 0x0000000080f00000, 0x0000000080f00000|100%| O|  |TAMS 0x0000000080f00000, 0x0000000080e00000| Untracked 
|  15|0x0000000080f00000, 0x0000000081000000, 0x0000000081000000|100%| O|  |TAMS 0x0000000081000000, 0x0000000080f00000| Untracked 
|  16|0x0000000081000000, 0x0000000081100000, 0x0000000081100000|100%| O|  |TAMS 0x0000000081100000, 0x0000000081000000| Untracked 
|  17|0x0000000081100000, 0x0000000081200000, 0x0000000081200000|100%| O|  |TAMS 0x0000000081200000, 0x0000000081100000| Untracked 
|  18|0x0000000081200000, 0x0000000081300000, 0x0000000081300000|100%| O|  |TAMS 0x0000000081300000, 0x0000000081200000| Untracked 
|  19|0x0000000081300000, 0x0000000081400000, 0x0000000081400000|100%| O|  |TAMS 0x0000000081400000, 0x0000000081300000| Untracked 
|  20|0x0000000081400000, 0x0000000081500000, 0x0000000081500000|100%| O|  |TAMS 0x000000008147b400, 0x0000000081400000| Untracked 
|  21|0x0000000081500000, 0x0000000081600000, 0x0000000081600000|100%| O|  |TAMS 0x0000000081500000, 0x0000000081500000| Untracked 
|  22|0x0000000081600000, 0x0000000081700000, 0x0000000081700000|100%| O|  |TAMS 0x0000000081600000, 0x0000000081600000| Untracked 
|  23|0x0000000081700000, 0x0000000081800000, 0x0000000081800000|100%| O|  |TAMS 0x0000000081700000, 0x0000000081700000| Untracked 
|  24|0x0000000081800000, 0x0000000081876000, 0x0000000081900000| 46%| O|  |TAMS 0x0000000081800000, 0x0000000081800000| Untracked 
|  25|0x0000000081900000, 0x0000000081900000, 0x0000000081a00000|  0%| F|  |TAMS 0x0000000081900000, 0x0000000081900000| Untracked 
|  26|0x0000000081a00000, 0x0000000081a00000, 0x0000000081b00000|  0%| F|  |TAMS 0x0000000081a00000, 0x0000000081a00000| Untracked 
|  27|0x0000000081b00000, 0x0000000081b00000, 0x0000000081c00000|  0%| F|  |TAMS 0x0000000081b00000, 0x0000000081b00000| Untracked 
|  28|0x0000000081c00000, 0x0000000081c00000, 0x0000000081d00000|  0%| F|  |TAMS 0x0000000081c00000, 0x0000000081c00000| Untracked 
|  29|0x0000000081d00000, 0x0000000081d00000, 0x0000000081e00000|  0%| F|  |TAMS 0x0000000081d00000, 0x0000000081d00000| Untracked 
|  30|0x0000000081e00000, 0x0000000081e00000, 0x0000000081f00000|  0%| F|  |TAMS 0x0000000081e00000, 0x0000000081e00000| Untracked 
|  31|0x0000000081f00000, 0x0000000081f00000, 0x0000000082000000|  0%| F|  |TAMS 0x0000000081f00000, 0x0000000081f00000| Untracked 
|  32|0x0000000082000000, 0x0000000082000000, 0x0000000082100000|  0%| F|  |TAMS 0x0000000082000000, 0x0000000082000000| Untracked 
|  33|0x0000000082100000, 0x0000000082100000, 0x0000000082200000|  0%| F|  |TAMS 0x0000000082100000, 0x0000000082100000| Untracked 
|  34|0x0000000082200000, 0x0000000082300000, 0x0000000082300000|100%| S|CS|TAMS 0x0000000082200000, 0x0000000082200000| Complete 
|  35|0x0000000082300000, 0x0000000082400000, 0x0000000082400000|100%| S|CS|TAMS 0x0000000082300000, 0x0000000082300000| Complete 
|  36|0x0000000082400000, 0x0000000082500000, 0x0000000082500000|100%| S|CS|TAMS 0x0000000082400000, 0x0000000082400000| Complete 
|  37|0x0000000082500000, 0x0000000082600000, 0x0000000082600000|100%| S|CS|TAMS 0x0000000082500000, 0x0000000082500000| Complete 
|  38|0x0000000082600000, 0x0000000082600000, 0x0000000082700000|  0%| F|  |TAMS 0x0000000082600000, 0x0000000082600000| Untracked 
|  39|0x0000000082700000, 0x0000000082700000, 0x0000000082800000|  0%| F|  |TAMS 0x0000000082700000, 0x0000000082700000| Untracked 
|  40|0x0000000082800000, 0x0000000082800000, 0x0000000082900000|  0%| F|  |TAMS 0x0000000082800000, 0x0000000082800000| Untracked 
|  41|0x0000000082900000, 0x0000000082900000, 0x0000000082a00000|  0%| F|  |TAMS 0x0000000082900000, 0x0000000082900000| Untracked 
|  42|0x0000000082a00000, 0x0000000082a00000, 0x0000000082b00000|  0%| F|  |TAMS 0x0000000082a00000, 0x0000000082a00000| Untracked 
|  43|0x0000000082b00000, 0x0000000082b00000, 0x0000000082c00000|  0%| F|  |TAMS 0x0000000082b00000, 0x0000000082b00000| Untracked 
|  44|0x0000000082c00000, 0x0000000082c00000, 0x0000000082d00000|  0%| F|  |TAMS 0x0000000082c00000, 0x0000000082c00000| Untracked 
|  45|0x0000000082d00000, 0x0000000082d00000, 0x0000000082e00000|  0%| F|  |TAMS 0x0000000082d00000, 0x0000000082d00000| Untracked 
|  46|0x0000000082e00000, 0x0000000082e00000, 0x0000000082f00000|  0%| F|  |TAMS 0x0000000082e00000, 0x0000000082e00000| Untracked 
|  47|0x0000000082f00000, 0x0000000082f00000, 0x0000000083000000|  0%| F|  |TAMS 0x0000000082f00000, 0x0000000082f00000| Untracked 
|  48|0x0000000083000000, 0x0000000083000000, 0x0000000083100000|  0%| F|  |TAMS 0x0000000083000000, 0x0000000083000000| Untracked 
|  49|0x0000000083100000, 0x0000000083100000, 0x0000000083200000|  0%| F|  |TAMS 0x0000000083100000, 0x0000000083100000| Untracked 
|  50|0x0000000083200000, 0x0000000083200000, 0x0000000083300000|  0%| F|  |TAMS 0x0000000083200000, 0x0000000083200000| Untracked 
|  51|0x0000000083300000, 0x0000000083300000, 0x0000000083400000|  0%| F|  |TAMS 0x0000000083300000, 0x0000000083300000| Untracked 
|  52|0x0000000083400000, 0x0000000083400000, 0x0000000083500000|  0%| F|  |TAMS 0x0000000083400000, 0x0000000083400000| Untracked 
|  53|0x0000000083500000, 0x0000000083500000, 0x0000000083600000|  0%| F|  |TAMS 0x0000000083500000, 0x0000000083500000| Untracked 
|  54|0x0000000083600000, 0x0000000083600000, 0x0000000083700000|  0%| F|  |TAMS 0x0000000083600000, 0x0000000083600000| Untracked 
|  55|0x0000000083700000, 0x0000000083700000, 0x0000000083800000|  0%| F|  |TAMS 0x0000000083700000, 0x0000000083700000| Untracked 
|  56|0x0000000083800000, 0x00000000838dc638, 0x0000000083900000| 86%| E|  |TAMS 0x0000000083800000, 0x0000000083800000| Complete 
|  57|0x0000000083900000, 0x0000000083a00000, 0x0000000083a00000|100%| E|CS|TAMS 0x0000000083900000, 0x0000000083900000| Complete 
| 204|0x000000008cc00000, 0x000000008cd00000, 0x000000008cd00000|100%| E|CS|TAMS 0x000000008cc00000, 0x000000008cc00000| Complete 
| 205|0x000000008cd00000, 0x000000008ce00000, 0x000000008ce00000|100%| E|CS|TAMS 0x000000008cd00000, 0x000000008cd00000| Complete 
| 206|0x000000008ce00000, 0x000000008cf00000, 0x000000008cf00000|100%| E|CS|TAMS 0x000000008ce00000, 0x000000008ce00000| Complete 
| 207|0x000000008cf00000, 0x000000008d000000, 0x000000008d000000|100%| E|CS|TAMS 0x000000008cf00000, 0x000000008cf00000| Complete 
| 208|0x000000008d000000, 0x000000008d100000, 0x000000008d100000|100%| E|CS|TAMS 0x000000008d000000, 0x000000008d000000| Complete 
| 209|0x000000008d100000, 0x000000008d200000, 0x000000008d200000|100%| E|CS|TAMS 0x000000008d100000, 0x000000008d100000| Complete 
| 210|0x000000008d200000, 0x000000008d300000, 0x000000008d300000|100%| E|CS|TAMS 0x000000008d200000, 0x000000008d200000| Complete 
| 211|0x000000008d300000, 0x000000008d400000, 0x000000008d400000|100%| E|CS|TAMS 0x000000008d300000, 0x000000008d300000| Complete 
| 253|0x000000008fd00000, 0x000000008fe00000, 0x000000008fe00000|100%| E|CS|TAMS 0x000000008fd00000, 0x000000008fd00000| Complete 

Card table byte_map: [0x0000026618d00000,0x0000026619100000] _byte_map_base: 0x0000026618900000

Marking Bits (Prev, Next): (CMBitMap*) 0x0000026605f43260, (CMBitMap*) 0x0000026605f432a0
 Prev Bits: [0x0000026619500000, 0x000002661b500000)
 Next Bits: [0x000002661b500000, 0x000002661d500000)

Polling page: 0x0000026603e20000

Metaspace:

Usage:
  Non-class:     34.71 MB used.
      Class:      5.29 MB used.
       Both:     40.00 MB used.

Virtual space:
  Non-class space:       40.00 MB reserved,      34.88 MB ( 87%) committed,  5 nodes.
      Class space:        1.00 GB reserved,       5.44 MB ( <1%) committed,  1 nodes.
             Both:        1.04 GB reserved,      40.31 MB (  4%) committed. 

Chunk freelists:
   Non-Class:  316.00 KB
       Class:  2.48 MB
        Both:  2.79 MB

MaxMetaspaceSize: unlimited
CompressedClassSpaceSize: 1.00 GB
Initial GC threshold: 21.00 MB
Current GC threshold: 58.88 MB
CDS: off
MetaspaceReclaimPolicy: balanced
 - commit_granule_bytes: 65536.
 - commit_granule_words: 8192.
 - virtual_space_node_default_size: 1048576.
 - enlarge_chunks_in_place: 1.
 - new_chunks_are_fully_committed: 0.
 - uncommit_free_chunks: 1.
 - use_allocation_guard: 0.
 - handle_deallocations: 1.


Internal statistics:

num_allocs_failed_limit: 6.
num_arena_births: 302.
num_arena_deaths: 0.
num_vsnodes_births: 6.
num_vsnodes_deaths: 0.
num_space_committed: 646.
num_space_uncommitted: 0.
num_chunks_returned_to_freelist: 6.
num_chunks_taken_from_freelist: 1435.
num_chunk_merges: 6.
num_chunk_splits: 951.
num_chunks_enlarged: 679.
num_purges: 0.
num_inconsistent_stats: 0.

CodeHeap 'non-profiled nmethods': size=120000Kb used=1979Kb max_used=1979Kb free=118020Kb
 bounds [0x0000026610e80000, 0x00000266110f0000, 0x00000266183b0000]
CodeHeap 'profiled nmethods': size=120000Kb used=7271Kb max_used=7271Kb free=112728Kb
 bounds [0x00000266093b0000, 0x0000026609ad0000, 0x00000266108e0000]
CodeHeap 'non-nmethods': size=5760Kb used=1583Kb max_used=1623Kb free=4176Kb
 bounds [0x00000266108e0000, 0x0000026610b50000, 0x0000026610e80000]
 total_blobs=4217 nmethods=3570 adapters=559
 compilation: enabled
              stopped_count=0, restarted_count=0
 full_count=0

Compilation events (20 events):
Event: 4.601 Thread 0x0000026620c98160 nmethod 3525 0x0000026609aabc10 code [0x0000026609aabdc0, 0x0000026609aabfe8]
Event: 4.601 Thread 0x0000026620c98160 3526       1       org.codehaus.groovy.util.SingleKeyHashMap$Entry::getKey (5 bytes)
Event: 4.601 Thread 0x0000026620c98160 nmethod 3526 0x000002661106b310 code [0x000002661106b4a0, 0x000002661106b578]
Event: 4.602 Thread 0x0000026620c98160 3528       3       java.beans.FeatureDescriptor::<init> (5 bytes)
Event: 4.603 Thread 0x0000026620c98160 nmethod 3528 0x0000026609aac090 code [0x0000026609aac220, 0x0000026609aac378]
Event: 4.603 Thread 0x0000026620c98160 3529       3       sun.reflect.generics.reflectiveObjects.TypeVariableImpl::hashCode (16 bytes)
Event: 4.603 Thread 0x0000026620c98160 nmethod 3529 0x0000026609aac410 code [0x0000026609aac5c0, 0x0000026609aac7d8]
Event: 4.603 Thread 0x0000026620c98160 3530       1       java.util.Hashtable$Entry::getKey (5 bytes)
Event: 4.603 Thread 0x0000026620c98160 nmethod 3530 0x000002661106b610 code [0x000002661106b7a0, 0x000002661106b878]
Event: 4.603 Thread 0x0000026620c98160 3531       1       java.util.Hashtable$Entry::getValue (5 bytes)
Event: 4.603 Thread 0x0000026620c98160 nmethod 3531 0x000002661106b910 code [0x000002661106baa0, 0x000002661106bb78]
Event: 4.603 Thread 0x0000026620c98160 3533       3       org.codehaus.groovy.util.ComplexKeyHashMap$1::hasNext (13 bytes)
Event: 4.603 Thread 0x0000026620c98160 nmethod 3533 0x0000026609aac910 code [0x0000026609aacaa0, 0x0000026609aacc18]
Event: 4.605 Thread 0x0000026620c97560 nmethod 3523 0x000002661106bc10 code [0x000002661106bda0, 0x000002661106c1f8]
Event: 4.605 Thread 0x0000026620c97560 3532       4       java.util.LinkedList$ListItr::hasNext (20 bytes)
Event: 4.605 Thread 0x0000026620c97560 nmethod 3532 0x000002661106c410 code [0x000002661106c580, 0x000002661106c618]
Event: 4.605 Thread 0x0000026620c97560 3527       4       org.codehaus.groovy.reflection.CachedMethod::getModifiers (8 bytes)
Event: 4.606 Thread 0x0000026620c97560 nmethod 3527 0x000002661106c710 code [0x000002661106c880, 0x000002661106c918]
Event: 4.616 Thread 0x0000026620c97560 3534       4       java.lang.reflect.Method::getParameterTypes (11 bytes)
Event: 4.617 Thread 0x0000026620c97560 nmethod 3534 0x000002661106ca10 code [0x000002661106cba0, 0x000002661106cd18]

GC Heap History (16 events):
Event: 0.997 GC heap before
{Heap before GC invocations=0 (full 0):
 garbage-first heap   total 260096K, used 26624K [0x0000000080000000, 0x0000000100000000)
  region size 1024K, 23 young (23552K), 0 survivors (0K)
 Metaspace       used 10275K, committed 10432K, reserved 1064960K
  class space    used 1061K, committed 1152K, reserved 1048576K
}
Event: 1.001 GC heap after
{Heap after GC invocations=1 (full 0):
 garbage-first heap   total 260096K, used 10674K [0x0000000080000000, 0x0000000100000000)
  region size 1024K, 3 young (3072K), 3 survivors (3072K)
 Metaspace       used 10275K, committed 10432K, reserved 1064960K
  class space    used 1061K, committed 1152K, reserved 1048576K
}
Event: 1.468 GC heap before
{Heap before GC invocations=1 (full 0):
 garbage-first heap   total 260096K, used 41394K [0x0000000080000000, 0x0000000100000000)
  region size 1024K, 32 young (32768K), 3 survivors (3072K)
 Metaspace       used 11215K, committed 11456K, reserved 1064960K
  class space    used 1164K, committed 1280K, reserved 1048576K
}
Event: 1.472 GC heap after
{Heap after GC invocations=2 (full 0):
 garbage-first heap   total 260096K, used 15198K [0x0000000080000000, 0x0000000100000000)
  region size 1024K, 4 young (4096K), 4 survivors (4096K)
 Metaspace       used 11215K, committed 11456K, reserved 1064960K
  class space    used 1164K, committed 1280K, reserved 1048576K
}
Event: 2.478 GC heap before
{Heap before GC invocations=2 (full 0):
 garbage-first heap   total 260096K, used 53086K [0x0000000080000000, 0x0000000100000000)
  region size 1024K, 42 young (43008K), 4 survivors (4096K)
 Metaspace       used 21331K, committed 21504K, reserved 1073152K
  class space    used 2607K, committed 2688K, reserved 1048576K
}
Event: 2.484 GC heap after
{Heap after GC invocations=3 (full 0):
 garbage-first heap   total 260096K, used 19019K [0x0000000080000000, 0x0000000100000000)
  region size 1024K, 8 young (8192K), 8 survivors (8192K)
 Metaspace       used 21331K, committed 21504K, reserved 1073152K
  class space    used 2607K, committed 2688K, reserved 1048576K
}
Event: 3.047 GC heap before
{Heap before GC invocations=4 (full 0):
 garbage-first heap   total 68608K, used 51787K [0x0000000080000000, 0x0000000100000000)
  region size 1024K, 40 young (40960K), 8 survivors (8192K)
 Metaspace       used 26310K, committed 26624K, reserved 1073152K
  class space    used 3467K, committed 3584K, reserved 1048576K
}
Event: 3.052 GC heap after
{Heap after GC invocations=5 (full 0):
 garbage-first heap   total 68608K, used 21085K [0x0000000080000000, 0x0000000100000000)
  region size 1024K, 3 young (3072K), 3 survivors (3072K)
 Metaspace       used 26310K, committed 26624K, reserved 1073152K
  class space    used 3467K, committed 3584K, reserved 1048576K
}
Event: 3.572 GC heap before
{Heap before GC invocations=5 (full 0):
 garbage-first heap   total 68608K, used 45661K [0x0000000080000000, 0x0000000100000000)
  region size 1024K, 28 young (28672K), 3 survivors (3072K)
 Metaspace       used 30283K, committed 30592K, reserved 1081344K
  class space    used 4112K, committed 4224K, reserved 1048576K
}
Event: 3.575 GC heap after
{Heap after GC invocations=6 (full 0):
 garbage-first heap   total 68608K, used 22475K [0x0000000080000000, 0x0000000100000000)
  region size 1024K, 4 young (4096K), 4 survivors (4096K)
 Metaspace       used 30283K, committed 30592K, reserved 1081344K
  class space    used 4112K, committed 4224K, reserved 1048576K
}
Event: 4.058 GC heap before
{Heap before GC invocations=6 (full 0):
 garbage-first heap   total 68608K, used 49099K [0x0000000080000000, 0x0000000100000000)
  region size 1024K, 30 young (30720K), 4 survivors (4096K)
 Metaspace       used 34783K, committed 35136K, reserved 1081344K
  class space    used 4824K, committed 4992K, reserved 1048576K
}
Event: 4.062 GC heap after
{Heap after GC invocations=7 (full 0):
 garbage-first heap   total 68608K, used 24367K [0x0000000080000000, 0x0000000100000000)
  region size 1024K, 4 young (4096K), 4 survivors (4096K)
 Metaspace       used 34783K, committed 35136K, reserved 1081344K
  class space    used 4824K, committed 4992K, reserved 1048576K
}
Event: 4.137 GC heap before
{Heap before GC invocations=7 (full 0):
 garbage-first heap   total 68608K, used 26415K [0x0000000080000000, 0x0000000100000000)
  region size 1024K, 8 young (8192K), 4 survivors (4096K)
 Metaspace       used 35618K, committed 35968K, reserved 1081344K
  class space    used 4873K, committed 5056K, reserved 1048576K
}
Event: 4.140 GC heap after
{Heap after GC invocations=8 (full 0):
 garbage-first heap   total 68608K, used 24741K [0x0000000080000000, 0x0000000100000000)
  region size 1024K, 3 young (3072K), 3 survivors (3072K)
 Metaspace       used 35618K, committed 35968K, reserved 1081344K
  class space    used 4873K, committed 5056K, reserved 1048576K
}
Event: 4.533 GC heap before
{Heap before GC invocations=9 (full 0):
 garbage-first heap   total 68608K, used 50341K [0x0000000080000000, 0x0000000100000000)
  region size 1024K, 29 young (29696K), 3 survivors (3072K)
 Metaspace       used 40345K, committed 40704K, reserved 1089536K
  class space    used 5350K, committed 5504K, reserved 1048576K
}
Event: 4.538 GC heap after
{Heap after GC invocations=10 (full 0):
 garbage-first heap   total 68608K, used 28982K [0x0000000080000000, 0x0000000100000000)
  region size 1024K, 4 young (4096K), 4 survivors (4096K)
 Metaspace       used 40345K, committed 40704K, reserved 1089536K
  class space    used 5350K, committed 5504K, reserved 1048576K
}

Dll operation events (2 events):
Event: 0.011 Loaded shared library D:\Android\Android Studio\jbr\bin\java.dll
Event: 0.465 Loaded shared library D:\Android\Android Studio\jbr\bin\verify.dll

Deoptimization events (20 events):
Event: 4.580 Thread 0x0000026623d32740 Uncommon trap: trap_request=0xffffffde fr.pc=0x0000026611062390 relative=0x00000000000004b0
Event: 4.580 Thread 0x0000026623d32740 Uncommon trap: reason=class_check action=maybe_recompile pc=0x0000026611062390 method=java.util.regex.Pattern$Start.match(Ljava/util/regex/Matcher;ILjava/lang/CharSequence;)Z @ 44 c2
Event: 4.580 Thread 0x0000026623d32740 DEOPT PACKING pc=0x0000026611062390 sp=0x0000007e4eff8800
Event: 4.580 Thread 0x0000026623d32740 DEOPT UNPACKING pc=0x00000266109369a3 sp=0x0000007e4eff86c8 mode 2
Event: 4.580 Thread 0x0000026623d32740 Uncommon trap: trap_request=0xffffffde fr.pc=0x0000026611062390 relative=0x00000000000004b0
Event: 4.580 Thread 0x0000026623d32740 Uncommon trap: reason=class_check action=maybe_recompile pc=0x0000026611062390 method=java.util.regex.Pattern$Start.match(Ljava/util/regex/Matcher;ILjava/lang/CharSequence;)Z @ 44 c2
Event: 4.580 Thread 0x0000026623d32740 DEOPT PACKING pc=0x0000026611062390 sp=0x0000007e4eff8800
Event: 4.580 Thread 0x0000026623d32740 DEOPT UNPACKING pc=0x00000266109369a3 sp=0x0000007e4eff86c8 mode 2
Event: 4.583 Thread 0x0000026623d32740 Uncommon trap: trap_request=0xffffffbe fr.pc=0x000002661104a30c relative=0x0000000000003e8c
Event: 4.583 Thread 0x0000026623d32740 Uncommon trap: reason=profile_predicate action=maybe_recompile pc=0x000002661104a30c method=java.util.AbstractCollection.addAll(Ljava/util/Collection;)Z @ 15 c2
Event: 4.583 Thread 0x0000026623d32740 DEOPT PACKING pc=0x000002661104a30c sp=0x0000007e4eff9080
Event: 4.583 Thread 0x0000026623d32740 DEOPT UNPACKING pc=0x00000266109369a3 sp=0x0000007e4eff9078 mode 2
Event: 4.593 Thread 0x0000026623d32740 Uncommon trap: trap_request=0xffffffbe fr.pc=0x000002661104a30c relative=0x0000000000003e8c
Event: 4.593 Thread 0x0000026623d32740 Uncommon trap: reason=profile_predicate action=maybe_recompile pc=0x000002661104a30c method=java.util.AbstractCollection.addAll(Ljava/util/Collection;)Z @ 15 c2
Event: 4.593 Thread 0x0000026623d32740 DEOPT PACKING pc=0x000002661104a30c sp=0x0000007e4eff9c40
Event: 4.593 Thread 0x0000026623d32740 DEOPT UNPACKING pc=0x00000266109369a3 sp=0x0000007e4eff9c38 mode 2
Event: 4.603 Thread 0x0000026623d32740 Uncommon trap: trap_request=0xffffffbe fr.pc=0x000002661104a30c relative=0x0000000000003e8c
Event: 4.603 Thread 0x0000026623d32740 Uncommon trap: reason=profile_predicate action=maybe_recompile pc=0x000002661104a30c method=java.util.AbstractCollection.addAll(Ljava/util/Collection;)Z @ 15 c2
Event: 4.603 Thread 0x0000026623d32740 DEOPT PACKING pc=0x000002661104a30c sp=0x0000007e4eff9ff0
Event: 4.603 Thread 0x0000026623d32740 DEOPT UNPACKING pc=0x00000266109369a3 sp=0x0000007e4eff9fe8 mode 2

Classes unloaded (0 events):
No events

Classes redefined (0 events):
No events

Internal exceptions (20 events):
Event: 4.556 Thread 0x0000026623d32740 Exception <a 'java/lang/ClassNotFoundException'{0x000000008d19c860}: groovy/lang/BindingBeanInfo> (0x000000008d19c860) 
thrown [s\src\hotspot\share\classfile\systemDictionary.cpp, line 256]
Event: 4.557 Thread 0x0000026623d32740 Exception <a 'java/lang/ClassNotFoundException'{0x000000008d1b36c0}: groovy/lang/GroovyObjectSupportBeanInfo> (0x000000008d1b36c0) 
thrown [s\src\hotspot\share\classfile\systemDictionary.cpp, line 256]
Event: 4.557 Thread 0x0000026623d32740 Exception <a 'java/lang/ClassNotFoundException'{0x000000008d1ca2a8}: groovy/lang/GroovyObjectSupportCustomizer> (0x000000008d1ca2a8) 
thrown [s\src\hotspot\share\classfile\systemDictionary.cpp, line 256]
Event: 4.562 Thread 0x0000026623d32740 Exception <a 'java/lang/ClassNotFoundException'{0x000000008d1e3ff0}: groovy/lang/BindingCustomizer> (0x000000008d1e3ff0) 
thrown [s\src\hotspot\share\classfile\systemDictionary.cpp, line 256]
Event: 4.575 Thread 0x0000026623d32740 Exception <a 'java/lang/ClassNotFoundException'{0x000000008cf19c30}: ijtestinit_ej95pdzipzhfk8b9artu6ggo9BeanInfo> (0x000000008cf19c30) 
thrown [s\src\hotspot\share\classfile\systemDictionary.cpp, line 256]
Event: 4.575 Thread 0x0000026623d32740 Exception <a 'java/lang/ClassNotFoundException'{0x000000008cf23418}: org/gradle/initialization/InitScriptBeanInfo> (0x000000008cf23418) 
thrown [s\src\hotspot\share\classfile\systemDictionary.cpp, line 256]
Event: 4.576 Thread 0x0000026623d32740 Exception <a 'java/lang/ClassNotFoundException'{0x000000008cf2d720}: org/gradle/groovy/scripts/DefaultScriptBeanInfo> (0x000000008cf2d720) 
thrown [s\src\hotspot\share\classfile\systemDictionary.cpp, line 256]
Event: 4.576 Thread 0x0000026623d32740 Exception <a 'java/lang/ClassNotFoundException'{0x000000008cf379e8}: org/gradle/groovy/scripts/BasicScriptBeanInfo> (0x000000008cf379e8) 
thrown [s\src\hotspot\share\classfile\systemDictionary.cpp, line 256]
Event: 4.576 Thread 0x0000026623d32740 Exception <a 'java/lang/ClassNotFoundException'{0x000000008cf41ee8}: org/gradle/groovy/scripts/ScriptBeanInfo> (0x000000008cf41ee8) 
thrown [s\src\hotspot\share\classfile\systemDictionary.cpp, line 256]
Event: 4.577 Thread 0x0000026623d32740 Exception <a 'java/lang/ClassNotFoundException'{0x000000008cf59980}: groovy/lang/ScriptBeanInfo> (0x000000008cf59980) 
thrown [s\src\hotspot\share\classfile\systemDictionary.cpp, line 256]
Event: 4.577 Thread 0x0000026623d32740 Exception <a 'java/lang/ClassNotFoundException'{0x000000008cf71658}: groovy/lang/ScriptCustomizer> (0x000000008cf71658) 
thrown [s\src\hotspot\share\classfile\systemDictionary.cpp, line 256]
Event: 4.578 Thread 0x0000026623d32740 Exception <a 'java/lang/ClassNotFoundException'{0x000000008cf83890}: org/gradle/groovy/scripts/ScriptCustomizer> (0x000000008cf83890) 
thrown [s\src\hotspot\share\classfile\systemDictionary.cpp, line 256]
Event: 4.579 Thread 0x0000026623d32740 Exception <a 'java/lang/ClassNotFoundException'{0x000000008cf94ad0}: org/gradle/groovy/scripts/BasicScriptCustomizer> (0x000000008cf94ad0) 
thrown [s\src\hotspot\share\classfile\systemDictionary.cpp, line 256]
Event: 4.580 Thread 0x0000026623d32740 Exception <a 'java/lang/ClassNotFoundException'{0x000000008cfab6a8}: org/gradle/groovy/scripts/DefaultScriptCustomizer> (0x000000008cfab6a8) 
thrown [s\src\hotspot\share\classfile\systemDictionary.cpp, line 256]
Event: 4.582 Thread 0x0000026623d32740 Exception <a 'java/lang/ClassNotFoundException'{0x000000008cfd27c0}: org/gradle/initialization/InitScriptCustomizer> (0x000000008cfd27c0) 
thrown [s\src\hotspot\share\classfile\systemDictionary.cpp, line 256]
Event: 4.582 Thread 0x0000026623d32740 Exception <a 'java/lang/ClassNotFoundException'{0x000000008cfe0818}: ijtestinit_ej95pdzipzhfk8b9artu6ggo9Customizer> (0x000000008cfe0818) 
thrown [s\src\hotspot\share\classfile\systemDictionary.cpp, line 256]
Event: 4.592 Thread 0x0000026623d32740 Exception <a 'java/lang/ClassNotFoundException'{0x000000008ce7faf8}: org/gradle/internal/extensibility/DefaultExtraPropertiesExtensionBeanInfo> (0x000000008ce7faf8) 
thrown [s\src\hotspot\share\classfile\systemDictionary.cpp, line 256]
Event: 4.592 Thread 0x0000026623d32740 Exception <a 'java/lang/ClassNotFoundException'{0x000000008ce891e0}: org/gradle/internal/extensibility/DefaultExtraPropertiesExtensionCustomizer> (0x000000008ce891e0) 
thrown [s\src\hotspot\share\classfile\systemDictionary.cpp, line 256]
Event: 4.601 Thread 0x0000026623d32740 Exception <a 'java/lang/ClassNotFoundException'{0x000000008cd11cb8}: groovy/lang/ReferenceBeanInfo> (0x000000008cd11cb8) 
thrown [s\src\hotspot\share\classfile\systemDictionary.cpp, line 256]
Event: 4.602 Thread 0x0000026623d32740 Exception <a 'java/lang/ClassNotFoundException'{0x000000008cd34010}: groovy/lang/ReferenceCustomizer> (0x000000008cd34010) 
thrown [s\src\hotspot\share\classfile\systemDictionary.cpp, line 256]

VM Operations (20 events):
Event: 4.221 Executing VM operation: HandshakeAllThreads
Event: 4.221 Executing VM operation: HandshakeAllThreads done
Event: 4.272 Executing VM operation: HandshakeAllThreads
Event: 4.272 Executing VM operation: HandshakeAllThreads done
Event: 4.312 Executing VM operation: HandshakeAllThreads
Event: 4.312 Executing VM operation: HandshakeAllThreads done
Event: 4.399 Executing VM operation: HandshakeAllThreads
Event: 4.400 Executing VM operation: HandshakeAllThreads done
Event: 4.400 Executing VM operation: HandshakeAllThreads
Event: 4.400 Executing VM operation: HandshakeAllThreads done
Event: 4.402 Executing VM operation: HandshakeAllThreads
Event: 4.403 Executing VM operation: HandshakeAllThreads done
Event: 4.408 Executing VM operation: HandshakeAllThreads
Event: 4.408 Executing VM operation: HandshakeAllThreads done
Event: 4.417 Executing VM operation: HandshakeAllThreads
Event: 4.417 Executing VM operation: HandshakeAllThreads done
Event: 4.478 Executing VM operation: HandshakeAllThreads
Event: 4.478 Executing VM operation: HandshakeAllThreads done
Event: 4.533 Executing VM operation: G1CollectForAllocation
Event: 4.538 Executing VM operation: G1CollectForAllocation done

Events (20 events):
Event: 4.476 loading class jdk/internal/jrtfs/SystemImage$1
Event: 4.477 loading class jdk/internal/jrtfs/SystemImage$1 done
Event: 4.477 loading class jdk/internal/jimage/ImageReader$SharedImageReader$LocationVisitor
Event: 4.477 loading class jdk/internal/jimage/ImageReader$SharedImageReader$LocationVisitor done
Event: 4.477 loading class java/nio/ByteBufferAsIntBufferL
Event: 4.477 loading class java/nio/ByteBufferAsIntBufferL done
Event: 4.478 loading class jdk/internal/jrtfs/JrtFileAttributes
Event: 4.478 loading class jdk/internal/jrtfs/JrtFileAttributes done
Event: 4.478 loading class jdk/internal/jrtfs/JrtDirectoryStream
Event: 4.478 loading class jdk/internal/jrtfs/JrtDirectoryStream done
Event: 4.479 loading class jdk/internal/jrtfs/JrtDirectoryStream$1
Event: 4.479 loading class jdk/internal/jrtfs/JrtDirectoryStream$1 done
Event: 4.479 loading class java/util/function/BooleanSupplier
Event: 4.479 loading class java/util/function/BooleanSupplier done
Event: 4.479 loading class jdk/internal/jimage/ImageReader$Resource
Event: 4.479 loading class jdk/internal/jimage/ImageReader$Resource done
Event: 4.553 loading class java/util/WeakHashMap$KeyIterator
Event: 4.553 loading class java/util/WeakHashMap$HashIterator
Event: 4.553 loading class java/util/WeakHashMap$HashIterator done
Event: 4.553 loading class java/util/WeakHashMap$KeyIterator done


Dynamic libraries:
0x00007ff704af0000 - 0x00007ff704afa000 	D:\Android\Android Studio\jbr\bin\java.exe
0x00007ff9697f0000 - 0x00007ff969a04000 	C:\WINDOWS\SYSTEM32\ntdll.dll
0x00007ff967d70000 - 0x00007ff967e34000 	C:\WINDOWS\System32\KERNEL32.DLL
0x00007ff966bd0000 - 0x00007ff966f74000 	C:\WINDOWS\System32\KERNELBASE.dll
0x00007ff967340000 - 0x00007ff967451000 	C:\WINDOWS\System32\ucrtbase.dll
0x00007ff95ebf0000 - 0x00007ff95ec07000 	D:\Android\Android Studio\jbr\bin\jli.dll
0x00007ff928880000 - 0x00007ff92889b000 	D:\Android\Android Studio\jbr\bin\VCRUNTIME140.dll
0x00007ff969600000 - 0x00007ff9697ae000 	C:\WINDOWS\System32\USER32.dll
0x00007ff966ba0000 - 0x00007ff966bc6000 	C:\WINDOWS\System32\win32u.dll
0x00007ff945900000 - 0x00007ff945b93000 	C:\WINDOWS\WinSxS\amd64_microsoft.windows.common-controls_6595b64144ccf1df_6.0.22621.2215_none_270d72677387dfc3\COMCTL32.dll
0x00007ff967e40000 - 0x00007ff967ee7000 	C:\WINDOWS\System32\msvcrt.dll
0x00007ff967ac0000 - 0x00007ff967ae9000 	C:\WINDOWS\System32\GDI32.dll
0x00007ff967460000 - 0x00007ff967578000 	C:\WINDOWS\System32\gdi32full.dll
0x00007ff966f80000 - 0x00007ff96701a000 	C:\WINDOWS\System32\msvcp_win.dll
0x00007ff967580000 - 0x00007ff9675b1000 	C:\WINDOWS\System32\IMM32.DLL
0x00007ff952710000 - 0x00007ff95271c000 	D:\Android\Android Studio\jbr\bin\vcruntime140_1.dll
0x00007ff928570000 - 0x00007ff9285fd000 	D:\Android\Android Studio\jbr\bin\msvcp140.dll
0x00007ff906880000 - 0x00007ff9074ee000 	D:\Android\Android Studio\jbr\bin\server\jvm.dll
0x00007ff967ef0000 - 0x00007ff967fa0000 	C:\WINDOWS\System32\ADVAPI32.dll
0x00007ff968ef0000 - 0x00007ff968f96000 	C:\WINDOWS\System32\sechost.dll
0x00007ff968c50000 - 0x00007ff968d67000 	C:\WINDOWS\System32\RPCRT4.dll
0x00007ff961a40000 - 0x00007ff961a49000 	C:\WINDOWS\SYSTEM32\WSOCK32.dll
0x00007ff95d9a0000 - 0x00007ff95d9d4000 	C:\WINDOWS\SYSTEM32\WINMM.dll
0x00007ff95e700000 - 0x00007ff95e70a000 	C:\WINDOWS\SYSTEM32\VERSION.dll
0x00007ff9679d0000 - 0x00007ff967a41000 	C:\WINDOWS\System32\WS2_32.dll
0x00007ff965c90000 - 0x00007ff965ca8000 	C:\WINDOWS\SYSTEM32\kernel.appcore.dll
0x00007ff961970000 - 0x00007ff96197a000 	D:\Android\Android Studio\jbr\bin\jimage.dll
0x00007ff964580000 - 0x00007ff9647ae000 	C:\WINDOWS\SYSTEM32\DBGHELP.DLL
0x00007ff969080000 - 0x00007ff96940a000 	C:\WINDOWS\System32\combase.dll
0x00007ff968fa0000 - 0x00007ff969077000 	C:\WINDOWS\System32\OLEAUT32.dll
0x00007ff951250000 - 0x00007ff951282000 	C:\WINDOWS\SYSTEM32\dbgcore.DLL
0x00007ff967150000 - 0x00007ff9671ca000 	C:\WINDOWS\System32\bcryptPrimitives.dll
0x00007ff9611d0000 - 0x00007ff9611f5000 	D:\Android\Android Studio\jbr\bin\java.dll
0x00007ff961950000 - 0x00007ff961968000 	D:\Android\Android Studio\jbr\bin\zip.dll
0x00007ff968420000 - 0x00007ff968c43000 	C:\WINDOWS\System32\SHELL32.dll
0x00007ff964b40000 - 0x00007ff96542a000 	C:\WINDOWS\SYSTEM32\windows.storage.dll
0x00007ff964a00000 - 0x00007ff964b3e000 	C:\WINDOWS\SYSTEM32\wintypes.dll
0x00007ff967bf0000 - 0x00007ff967ce3000 	C:\WINDOWS\System32\SHCORE.dll
0x00007ff968d70000 - 0x00007ff968dce000 	C:\WINDOWS\System32\shlwapi.dll
0x00007ff966ad0000 - 0x00007ff966af6000 	C:\WINDOWS\SYSTEM32\profapi.dll
0x00007ff95ec30000 - 0x00007ff95ec49000 	D:\Android\Android Studio\jbr\bin\net.dll
0x00007ff95e120000 - 0x00007ff95e257000 	C:\WINDOWS\SYSTEM32\WINHTTP.dll
0x00007ff966160000 - 0x00007ff9661c9000 	C:\WINDOWS\system32\mswsock.dll
0x00007ff95ec10000 - 0x00007ff95ec26000 	D:\Android\Android Studio\jbr\bin\nio.dll
0x00007ff9618f0000 - 0x00007ff961900000 	D:\Android\Android Studio\jbr\bin\verify.dll
0x00007ff932830000 - 0x00007ff932857000 	C:\Users\LENOVO\.gradle\native\68d5fa5c4cc2d200863cafc0d521ce42e7d3e7ee720ec0a83991735586a16f82\windows-amd64\native-platform.dll
0x00007ff919f80000 - 0x00007ff91a0c4000 	C:\Users\LENOVO\.gradle\native\e376f236ea51e6404a007f0833ffe2c6e607c4080706a723a18a27aeea778392\windows-amd64\native-platform-file-events.dll
0x00007ff95f460000 - 0x00007ff95f469000 	D:\Android\Android Studio\jbr\bin\management.dll
0x00007ff95ed50000 - 0x00007ff95ed5b000 	D:\Android\Android Studio\jbr\bin\management_ext.dll
0x00007ff9675c0000 - 0x00007ff9675c8000 	C:\WINDOWS\System32\PSAPI.DLL
0x00007ff9663b0000 - 0x00007ff9663cb000 	C:\WINDOWS\SYSTEM32\CRYPTSP.dll
0x00007ff965c50000 - 0x00007ff965c85000 	C:\WINDOWS\system32\rsaenh.dll
0x00007ff966250000 - 0x00007ff96627c000 	C:\WINDOWS\SYSTEM32\USERENV.dll
0x00007ff966550000 - 0x00007ff966578000 	C:\WINDOWS\SYSTEM32\bcrypt.dll
0x00007ff9663d0000 - 0x00007ff9663dc000 	C:\WINDOWS\SYSTEM32\CRYPTBASE.dll
0x00007ff965700000 - 0x00007ff96572d000 	C:\WINDOWS\SYSTEM32\IPHLPAPI.DLL
0x00007ff967910000 - 0x00007ff967919000 	C:\WINDOWS\System32\NSI.dll
0x00007ff95dd30000 - 0x00007ff95dd49000 	C:\WINDOWS\SYSTEM32\dhcpcsvc6.DLL
0x00007ff95dcf0000 - 0x00007ff95dd0f000 	C:\WINDOWS\SYSTEM32\dhcpcsvc.DLL
0x00007ff965770000 - 0x00007ff965862000 	C:\WINDOWS\SYSTEM32\DNSAPI.dll
0x00007ff952720000 - 0x00007ff952728000 	C:\WINDOWS\system32\wshunix.dll

dbghelp: loaded successfully - version: 4.0.5 - missing functions: none
symbol engine: initialized successfully - sym options: 0x614 - pdb path: .;D:\Android\Android Studio\jbr\bin;C:\WINDOWS\SYSTEM32;C:\WINDOWS\WinSxS\amd64_microsoft.windows.common-controls_6595b64144ccf1df_6.0.22621.2215_none_270d72677387dfc3;D:\Android\Android Studio\jbr\bin\server;C:\Users\LENOVO\.gradle\native\68d5fa5c4cc2d200863cafc0d521ce42e7d3e7ee720ec0a83991735586a16f82\windows-amd64;C:\Users\LENOVO\.gradle\native\e376f236ea51e6404a007f0833ffe2c6e607c4080706a723a18a27aeea778392\windows-amd64

VM Arguments:
jvm_args: --add-opens=java.base/java.util=ALL-UNNAMED --add-opens=java.base/java.lang=ALL-UNNAMED --add-opens=java.base/java.lang.invoke=ALL-UNNAMED --add-opens=java.prefs/java.util.prefs=ALL-UNNAMED --add-opens=java.base/java.nio.charset=ALL-UNNAMED --add-opens=java.base/java.net=ALL-UNNAMED --add-opens=java.base/java.util.concurrent.atomic=ALL-UNNAMED -Xmx2048m -Dfile.encoding=UTF-8 -Duser.country=ID -Duser.language=en -Duser.variant 
java_command: org.gradle.launcher.daemon.bootstrap.GradleDaemon 8.0
java_class_path (initial): C:\Users\LENOVO\.gradle\wrapper\dists\gradle-8.0-bin\ca5e32bp14vu59qr306oxotwh\gradle-8.0\lib\gradle-launcher-8.0.jar
Launcher Type: SUN_STANDARD

[Global flags]
     intx CICompilerCount                          = 4                                         {product} {ergonomic}
     uint ConcGCThreads                            = 3                                         {product} {ergonomic}
     uint G1ConcRefinementThreads                  = 10                                        {product} {ergonomic}
   size_t G1HeapRegionSize                         = 1048576                                   {product} {ergonomic}
    uintx GCDrainStackTargetSize                   = 64                                        {product} {ergonomic}
   size_t InitialHeapSize                          = 266338304                                 {product} {ergonomic}
   size_t MarkStackSize                            = 4194304                                   {product} {ergonomic}
   size_t MaxHeapSize                              = 2147483648                                {product} {command line}
   size_t MaxNewSize                               = 1287651328                                {product} {ergonomic}
   size_t MinHeapDeltaBytes                        = 1048576                                   {product} {ergonomic}
   size_t MinHeapSize                              = 8388608                                   {product} {ergonomic}
    uintx NonNMethodCodeHeapSize                   = 5839372                                {pd product} {ergonomic}
    uintx NonProfiledCodeHeapSize                  = 122909434                              {pd product} {ergonomic}
    uintx ProfiledCodeHeapSize                     = 122909434                              {pd product} {ergonomic}
    uintx ReservedCodeCacheSize                    = 251658240                              {pd product} {ergonomic}
     bool SegmentedCodeCache                       = true                                      {product} {ergonomic}
   size_t SoftMaxHeapSize                          = 2147483648                             {manageable} {ergonomic}
     bool UseCompressedClassPointers               = true                           {product lp64_product} {ergonomic}
     bool UseCompressedOops                        = true                           {product lp64_product} {ergonomic}
     bool UseG1GC                                  = true                                      {product} {ergonomic}
     bool UseLargePagesIndividualAllocation        = false                                  {pd product} {ergonomic}

Logging:
Log output configuration:
 #0: stdout all=warning uptime,level,tags
 #1: stderr all=off uptime,level,tags

Environment Variables:
PATH=C:\Program Files\Common Files\Oracle\Java\javapath;C:\Program Files (x86)\Common Files\Oracle\Java\javapath;C:\Windows\system32;C:\Windows;C:\Windows\System32\Wbem;C:\Windows\System32\WindowsPowerShell\v1.0\;C:\Windows\System32\OpenSSH\;C:\Program Files (x86)\NVIDIA Corporation\PhysX\Common;C:\Program Files\NVIDIA Corporation\NVIDIA NvDLISR;C:\Users\LENOVO\AppData\Local\Microsoft\WindowsApps;C:\adb;C:\WINDOWS\system32;C:\WINDOWS;C:\WINDOWS\System32\Wbem;C:\WINDOWS\System32\WindowsPowerShell\v1.0\;C:\WINDOWS\System32\OpenSSH\;E:\Downloads\Zip\mysql-8.0.30-winx64\bin;D:\Git\cmd;C:\Program Files\dotnet\;D:\nodejs\;C:\Program Files (x86)\Windows Kits\10\Windows Performance Toolkit\;D:\Python\Scripts\;D:\Python\;C:\Program Files\MySQL\MySQL Shell 8.0\bin\;C:\Users\LENOVO\AppData\Local\Microsoft\WindowsApps;D:\Microsoft VS Code\bin;C:\Users\LENOVO\AppData\Local\GitHubDesktop\bin;C:\Users\LENOVO\AppData\Roaming\npm
USERNAME=LENOVO
OS=Windows_NT
PROCESSOR_IDENTIFIER=Intel64 Family 6 Model 165 Stepping 2, GenuineIntel
TMP=C:\Users\LENOVO\AppData\Local\Temp
TEMP=C:\Users\LENOVO\AppData\Local\Temp


JNI global refs:
JNI global refs: 23, weak refs: 1

JNI global refs memory usage: 843, weak refs: 841


---------------  S Y S T E M  ---------------

OS:
 Windows 11 , 64 bit Build 22621 (10.0.22621.2215)
OS uptime: 0 days 2:06 hours

CPU: total 12 (initial active 12) (6 cores per cpu, 2 threads per core) family 6 model 165 stepping 2 microcode 0xf6, cx8, cmov, fxsr, ht, mmx, 3dnowpref, sse, sse2, sse3, ssse3, sse4.1, sse4.2, popcnt, lzcnt, tsc, tscinvbit, avx, avx2, aes, erms, clmul, bmi1, bmi2, adx, fma, vzeroupper, clflush, clflushopt

Memory: 4k page, system-wide physical 16251M (3526M free)
TotalPageFile size 16251M (AvailPageFile size 0M)
current process WorkingSet (physical memory assigned to process): 218M, peak: 218M
current process commit charge ("private bytes"): 256M, peak: 400M

vm_info: OpenJDK 64-Bit Server VM (17.0.6+0-b2043.56-10027231) for windows-amd64 JRE (17.0.6+0-b2043.56-10027231), built on Apr 28 2023 00:43:19 by "androidbuild" with MS VC++ 16.10 / 16.11 (VS2019)

END.
