#
# There is insufficient memory for the Java Runtime Environment to continue.
# Native memory allocation (mmap) failed to map 102760448 bytes for G1 virtual space
# Possible reasons:
#   The system is out of physical RAM or swap space
#   The process is running with CompressedOops enabled, and the Java Heap may be blocking the growth of the native heap
# Possible solutions:
#   Reduce memory load on the system
#   Increase physical memory or swap space
#   Check if swap backing store is full
#   Decrease Java heap size (-Xmx/-Xms)
#   Decrease number of Java threads
#   Decrease Java thread stack sizes (-Xss)
#   Set larger code cache with -XX:ReservedCodeCacheSize=
#   JVM is running with Unscaled Compressed Oops mode in which the Java heap is
#     placed in the first 4GB address space. The Java Heap base address is the
#     maximum limit for the native heap growth. Please use -XX:HeapBaseMinAddress
#     to set the Java Heap base and to place the Java Heap above 4GB virtual address.
# This output file may be truncated or incomplete.
#
#  Out of Memory Error (os_windows.cpp:3769), pid=17812, tid=19564
#
# JRE version: OpenJDK Runtime Environment (17.0.6) (build 17.0.6+0-b2043.56-10027231)
# Java VM: OpenJDK 64-Bit Server VM (17.0.6+0-b2043.56-10027231, mixed mode, tiered, compressed oops, compressed class ptrs, g1 gc, windows-amd64)
# No core dump will be written. Minidumps are not enabled by default on client versions of Windows
#

---------------  S U M M A R Y ------------

Command Line: --add-opens=java.base/java.util=ALL-UNNAMED --add-opens=java.base/java.lang=ALL-UNNAMED --add-opens=java.base/java.lang.invoke=ALL-UNNAMED --add-opens=java.prefs/java.util.prefs=ALL-UNNAMED --add-opens=java.base/java.nio.charset=ALL-UNNAMED --add-opens=java.base/java.net=ALL-UNNAMED --add-opens=java.base/java.util.concurrent.atomic=ALL-UNNAMED -Xmx2048m -Dfile.encoding=UTF-8 -Duser.country=ID -Duser.language=en -Duser.variant org.gradle.launcher.daemon.bootstrap.GradleDaemon 8.0

Host: Intel(R) Core(TM) i7-10750H CPU @ 2.60GHz, 12 cores, 15G,  Windows 11 , 64 bit Build 22621 (10.0.22621.2215)
Time: Sat Sep 16 22:00:18 2023 SE Asia Standard Time elapsed time: 8.549837 seconds (0d 0h 0m 8s)

---------------  T H R E A D  ---------------

Current thread (0x000001dfcf55ea00):  VMThread "VM Thread" [stack: 0x00000096fa100000,0x00000096fa200000] [id=19564]

Stack: [0x00000096fa100000,0x00000096fa200000]
Native frames: (J=compiled Java code, j=interpreted, Vv=VM code, C=native code)
V  [jvm.dll+0x683c9a]
V  [jvm.dll+0x8427a4]
V  [jvm.dll+0x843f9e]
V  [jvm.dll+0x844603]
V  [jvm.dll+0x249b75]
V  [jvm.dll+0x680b69]
V  [jvm.dll+0x67505a]
V  [jvm.dll+0x309acb]
V  [jvm.dll+0x310f86]
V  [jvm.dll+0x3608ee]
V  [jvm.dll+0x360b1f]
V  [jvm.dll+0x2dfbf8]
V  [jvm.dll+0x2ddec4]
V  [jvm.dll+0x2dd4cc]
V  [jvm.dll+0x321f3b]
V  [jvm.dll+0x848ccb]
V  [jvm.dll+0x849a04]
V  [jvm.dll+0x849f1d]
V  [jvm.dll+0x84a2f4]
V  [jvm.dll+0x84a3c0]
V  [jvm.dll+0x7f274a]
V  [jvm.dll+0x682ad5]
C  [ucrtbase.dll+0x29363]
C  [KERNEL32.DLL+0x1257d]
C  [ntdll.dll+0x5aa68]

VM_Operation (0x00000096fc6fdba0): G1CollectForAllocation, mode: safepoint, requested by thread 0x000001dfd16cf120


---------------  P R O C E S S  ---------------

Threads class SMR info:
_java_thread_list=0x000001dfd53ab050, length=172, elements={
0x000001dfb32f7bb0, 0x000001dfd0066030, 0x000001dfd0066cb0, 0x000001dfd0050370,
0x000001dfd0050e30, 0x000001dfcf56d7f0, 0x000001dfcf56e0b0, 0x000001dfd0088410,
0x000001dfd0096840, 0x000001dfd0097230, 0x000001dfd0213230, 0x000001dfd0215710,
0x000001dfd2b7fea0, 0x000001dfd1382270, 0x000001dfd2b7b190, 0x000001dfd3278430,
0x000001dfd3278900, 0x000001dfd16cd910, 0x000001dfd16cc5d0, 0x000001dfd16cec50,
0x000001dfd16ccaa0, 0x000001dfd16cdde0, 0x000001dfd16cd440, 0x000001dfd16ce2b0,
0x000001dfd16cf120, 0x000001dfd16cff90, 0x000001dfd16ce780, 0x000001dfd16ccf70,
0x000001dfd16cf5f0, 0x000001dfd16cfac0, 0x000001dfd2cb6dd0, 0x000001dfd2cb85e0,
0x000001dfd2cb3db0, 0x000001dfd2cb4280, 0x000001dfd277a8e0, 0x000001dfd2779ec0,
0x000001dfd2cb4750, 0x000001dfd2cb9920, 0x000001dfd2cb7c40, 0x000001dfd2cb72a0,
0x000001dfd2cb8f80, 0x000001dfd2cb55c0, 0x000001dfd2cbac60, 0x000001dfd2cb5a90,
0x000001dfd2cb5f60, 0x000001dfd2cba2c0, 0x000001dfd2cb7770, 0x000001dfd2cb9450,
0x000001dfd2cbb130, 0x000001dfd2cbb600, 0x000001dfd2cb6430, 0x000001dfd7b5f230,
0x000001dfd7b5def0, 0x000001dfd7b5a530, 0x000001dfd7b5aa00, 0x000001dfd7b5aed0,
0x000001dfd7b5e3c0, 0x000001dfd7b5bd40, 0x000001dfd7b5b870, 0x000001dfd7b5fbd0,
0x000001dfd7b5da20, 0x000001dfd7b5a060, 0x000001dfd7b613e0, 0x000001dfd7b5f700,
0x000001dfd7b5e890, 0x000001dfd7b60a40, 0x000001dfd7b5b3a0, 0x000001dfd7b5c210,
0x000001dfd7b5c6e0, 0x000001dfd7b60570, 0x000001dfd7b5cbb0, 0x000001dfd7b5d080,
0x000001dfd7b618b0, 0x000001dfd7b5d550, 0x000001dfd7b5ed60, 0x000001dfd7b60f10,
0x000001dfd7b600a0, 0x000001dfd3068b60, 0x000001dfd30699d0, 0x000001dfd3066010,
0x000001dfd3069030, 0x000001dfd306cec0, 0x000001dfd306d860, 0x000001dfd306b6b0,
0x000001dfd3069500, 0x000001dfd306d390, 0x000001dfd3069ea0, 0x000001dfd306bb80,
0x000001dfd306c050, 0x000001dfd30664e0, 0x000001dfd306a370, 0x000001dfd30669b0,
0x000001dfd3066e80, 0x000001dfd306a840, 0x000001dfd306ad10, 0x000001dfd306b1e0,
0x000001dfd3067350, 0x000001dfd3067820, 0x000001dfd3067cf0, 0x000001dfd30681c0,
0x000001dfd3068690, 0x000001dfd306c520, 0x000001dfd306c9f0, 0x000001dfd5dae1e0,
0x000001dfd5dad370, 0x000001dfd5dab690, 0x000001dfd5dabb60, 0x000001dfd5dac030,
0x000001dfd5daeb80, 0x000001dfd5dacea0, 0x000001dfd5dac500, 0x000001dfd5dac9d0,
0x000001dfd5dad840, 0x000001dfd5dae6b0, 0x000001dfd5dadd10, 0x000001dfd5daf050,
0x000001dfd7a5fcf0, 0x000001dfd7a60690, 0x000001dfd7a5ee80, 0x000001dfd7a64050,
0x000001dfd7a60b60, 0x000001dfd7a601c0, 0x000001dfd7a631e0, 0x000001dfd7a5e9b0,
0x000001dfd7a61030, 0x000001dfd7a65390, 0x000001dfd7a636b0, 0x000001dfd7a63b80,
0x000001dfd7a61500, 0x000001dfd7a5f350, 0x000001dfd7a65860, 0x000001dfd7a5e010,
0x000001dfd7a619d0, 0x000001dfd7a61ea0, 0x000001dfd7a64520, 0x000001dfd7a62d10,
0x000001dfd7a62370, 0x000001dfd7a62840, 0x000001dfd7a5e4e0, 0x000001dfd7a649f0,
0x000001dfd7a64ec0, 0x000001dfd7a5f820, 0x000001dfd58ebfc0, 0x000001dfd58ece30,
0x000001dfd58ec490, 0x000001dfd58e8ad0, 0x000001dfd58eb150, 0x000001dfd58e9470,
0x000001dfd58e72c0, 0x000001dfd58ea2e0, 0x000001dfd58e9940, 0x000001dfd58eac80,
0x000001dfd58ebaf0, 0x000001dfd58e7790, 0x000001dfd58eb620, 0x000001dfd58ec960,
0x000001dfd58e7c60, 0x000001dfd58e8fa0, 0x000001dfd58e6920, 0x000001dfd58e8130,
0x000001dfd58ea7b0, 0x000001dfd58e6df0, 0x000001dfd58ed300, 0x000001dfd58ed7d0,
0x000001dfd58e9e10, 0x000001dfd58e5f80, 0x000001dfd58e6450, 0x000001dfd58e8600,
0x000001dfd40e3ee0, 0x000001dfd40e5220, 0x000001dfd40e3070, 0x000001dfd40e1390
}

Java Threads: ( => current thread )
  0x000001dfb32f7bb0 JavaThread "main" [_thread_blocked, id=18892, stack(0x00000096f9b00000,0x00000096f9c00000)]
  0x000001dfd0066030 JavaThread "Reference Handler" daemon [_thread_blocked, id=12924, stack(0x00000096fa200000,0x00000096fa300000)]
  0x000001dfd0066cb0 JavaThread "Finalizer" daemon [_thread_blocked, id=18376, stack(0x00000096fa300000,0x00000096fa400000)]
  0x000001dfd0050370 JavaThread "Signal Dispatcher" daemon [_thread_blocked, id=7732, stack(0x00000096fa400000,0x00000096fa500000)]
  0x000001dfd0050e30 JavaThread "Attach Listener" daemon [_thread_blocked, id=15844, stack(0x00000096fa500000,0x00000096fa600000)]
  0x000001dfcf56d7f0 JavaThread "Service Thread" daemon [_thread_blocked, id=10848, stack(0x00000096fa600000,0x00000096fa700000)]
  0x000001dfcf56e0b0 JavaThread "Monitor Deflation Thread" daemon [_thread_blocked, id=17800, stack(0x00000096fa700000,0x00000096fa800000)]
  0x000001dfd0088410 JavaThread "C2 CompilerThread0" daemon [_thread_blocked, id=7420, stack(0x00000096fa800000,0x00000096fa900000)]
  0x000001dfd0096840 JavaThread "C1 CompilerThread0" daemon [_thread_blocked, id=16444, stack(0x00000096fa900000,0x00000096faa00000)]
  0x000001dfd0097230 JavaThread "Sweeper thread" daemon [_thread_blocked, id=1936, stack(0x00000096faa00000,0x00000096fab00000)]
  0x000001dfd0213230 JavaThread "Common-Cleaner" daemon [_thread_blocked, id=20268, stack(0x00000096fab00000,0x00000096fac00000)]
  0x000001dfd0215710 JavaThread "Notification Thread" daemon [_thread_blocked, id=2332, stack(0x00000096fac00000,0x00000096fad00000)]
  0x000001dfd2b7fea0 JavaThread "Daemon health stats" [_thread_blocked, id=7888, stack(0x00000096fb500000,0x00000096fb600000)]
  0x000001dfd1382270 JavaThread "Incoming local TCP Connector on port 50883" [_thread_in_native, id=3228, stack(0x00000096fae00000,0x00000096faf00000)]
  0x000001dfd2b7b190 JavaThread "Daemon periodic checks" [_thread_blocked, id=1996, stack(0x00000096faf00000,0x00000096fb000000)]
  0x000001dfd3278430 JavaThread "Daemon" [_thread_blocked, id=19164, stack(0x00000096fb600000,0x00000096fb700000)]
  0x000001dfd3278900 JavaThread "Handler for socket connection from /127.0.0.1:50883 to /127.0.0.1:50884" [_thread_in_native, id=13852, stack(0x00000096fb700000,0x00000096fb800000)]
  0x000001dfd16cd910 JavaThread "Cancel handler" [_thread_blocked, id=7976, stack(0x00000096fb800000,0x00000096fb900000)]
  0x000001dfd16cc5d0 JavaThread "Daemon worker" [_thread_blocked, id=18332, stack(0x00000096fb900000,0x00000096fba00000)]
  0x000001dfd16cec50 JavaThread "Asynchronous log dispatcher for DefaultDaemonConnection: socket connection from /127.0.0.1:50883 to /127.0.0.1:50884" [_thread_blocked, id=2624, stack(0x00000096fba00000,0x00000096fbb00000)]
  0x000001dfd16ccaa0 JavaThread "Stdin handler" [_thread_blocked, id=15780, stack(0x00000096fbb00000,0x00000096fbc00000)]
  0x000001dfd16cdde0 JavaThread "Daemon client event forwarder" [_thread_blocked, id=3380, stack(0x00000096fbc00000,0x00000096fbd00000)]
  0x000001dfd16cd440 JavaThread "Cache worker for journal cache (C:\Users\LENOVO\.gradle\caches\journal-1)" [_thread_blocked, id=5428, stack(0x00000096fc400000,0x00000096fc500000)]
  0x000001dfd16ce2b0 JavaThread "File lock request listener" [_thread_in_native, id=7492, stack(0x00000096fc500000,0x00000096fc600000)]
  0x000001dfd16cf120 JavaThread "Cache worker for file hash cache (C:\Users\LENOVO\.gradle\caches\8.0\fileHashes)" [_thread_blocked, id=5112, stack(0x00000096fc600000,0x00000096fc700000)]
  0x000001dfd16cff90 JavaThread "File watcher server" daemon [_thread_in_native, id=16540, stack(0x00000096fc800000,0x00000096fc900000)]
  0x000001dfd16ce780 JavaThread "File watcher consumer" daemon [_thread_blocked, id=1764, stack(0x00000096fc900000,0x00000096fca00000)]
  0x000001dfd16ccf70 JavaThread "Cache worker for checksums cache (C:\Users\LENOVO\Documents\MyCalculator\.gradle\8.0\checksums)" [_thread_blocked, id=9820, stack(0x00000096fca00000,0x00000096fcb00000)]
  0x000001dfd16cf5f0 JavaThread "Cache worker for cache directory md-rule (C:\Users\LENOVO\.gradle\caches\8.0\md-rule)" [_thread_blocked, id=17152, stack(0x00000096fcb00000,0x00000096fcc00000)]
  0x000001dfd16cfac0 JavaThread "Cache worker for file content cache (C:\Users\LENOVO\.gradle\caches\8.0\fileContent)" [_thread_blocked, id=8656, stack(0x00000096fcc00000,0x00000096fcd00000)]
  0x000001dfd2cb6dd0 JavaThread "Cache worker for file hash cache (C:\Users\LENOVO\Documents\MyCalculator\.gradle\8.0\fileHashes)" [_thread_blocked, id=16064, stack(0x00000096fcd00000,0x00000096fce00000)]
  0x000001dfd2cb85e0 JavaThread "Cache worker for cache directory md-supplier (C:\Users\LENOVO\.gradle\caches\8.0\md-supplier)" [_thread_blocked, id=18236, stack(0x00000096fce00000,0x00000096fcf00000)]
  0x000001dfd2cb3db0 JavaThread "Cache worker for execution history cache (C:\Users\LENOVO\.gradle\caches\8.0\executionHistory)" [_thread_blocked, id=19332, stack(0x00000096fcf00000,0x00000096fd000000)]
  0x000001dfd2cb4280 JavaThread "jar transforms" [_thread_blocked, id=19068, stack(0x00000096fc300000,0x00000096fc400000)]
  0x000001dfd277a8e0 JavaThread "C2 CompilerThread1" daemon [_thread_blocked, id=17888, stack(0x00000096fc700000,0x00000096fc800000)]
  0x000001dfd2779ec0 JavaThread "C2 CompilerThread2" daemon [_thread_blocked, id=2580, stack(0x00000096fd000000,0x00000096fd100000)]
  0x000001dfd2cb4750 JavaThread "jar transforms Thread 2" [_thread_blocked, id=20472, stack(0x00000096fd100000,0x00000096fd200000)]
  0x000001dfd2cb9920 JavaThread "Cache worker for kotlin-dsl (C:\Users\LENOVO\.gradle\caches\8.0\kotlin-dsl)" [_thread_blocked, id=848, stack(0x00000096fd200000,0x00000096fd300000)]
  0x000001dfd2cb7c40 JavaThread "jar transforms Thread 3" [_thread_blocked, id=19392, stack(0x00000096fd300000,0x00000096fd400000)]
  0x000001dfd2cb72a0 JavaThread "jar transforms Thread 4" [_thread_blocked, id=14268, stack(0x00000096fd400000,0x00000096fd500000)]
  0x000001dfd2cb8f80 JavaThread "Cache worker for dependencies-accessors (C:\Users\LENOVO\Documents\MyCalculator\.gradle\8.0\dependencies-accessors)" [_thread_blocked, id=8908, stack(0x00000096fd500000,0x00000096fd600000)]
  0x000001dfd2cb55c0 JavaThread "Cache worker for Build Output Cleanup Cache (C:\Users\LENOVO\Documents\MyCalculator\.gradle\buildOutputCleanup)" [_thread_blocked, id=19000, stack(0x00000096fd600000,0x00000096fd700000)]
  0x000001dfd2cbac60 JavaThread "jar transforms Thread 5" [_thread_blocked, id=19136, stack(0x00000096fd700000,0x00000096fd800000)]
  0x000001dfd2cb5a90 JavaThread "Unconstrained build operations" [_thread_blocked, id=15028, stack(0x00000096fd800000,0x00000096fd900000)]
  0x000001dfd2cb5f60 JavaThread "Unconstrained build operations Thread 2" [_thread_blocked, id=10384, stack(0x00000096fd900000,0x00000096fda00000)]
  0x000001dfd2cba2c0 JavaThread "Unconstrained build operations Thread 3" [_thread_blocked, id=8508, stack(0x00000096fda00000,0x00000096fdb00000)]
  0x000001dfd2cb7770 JavaThread "Unconstrained build operations Thread 4" [_thread_blocked, id=18264, stack(0x00000096fdb00000,0x00000096fdc00000)]
  0x000001dfd2cb9450 JavaThread "Unconstrained build operations Thread 5" [_thread_blocked, id=7748, stack(0x00000096fdc00000,0x00000096fdd00000)]
  0x000001dfd2cbb130 JavaThread "Unconstrained build operations Thread 6" [_thread_blocked, id=10100, stack(0x00000096fdd00000,0x00000096fde00000)]
  0x000001dfd2cbb600 JavaThread "Unconstrained build operations Thread 7" [_thread_blocked, id=13072, stack(0x00000096fde00000,0x00000096fdf00000)]
  0x000001dfd2cb6430 JavaThread "Unconstrained build operations Thread 8" [_thread_blocked, id=18968, stack(0x00000096fdf00000,0x00000096fe000000)]
  0x000001dfd7b5f230 JavaThread "Unconstrained build operations Thread 9" [_thread_blocked, id=10376, stack(0x00000096fe000000,0x00000096fe100000)]
  0x000001dfd7b5def0 JavaThread "Unconstrained build operations Thread 10" [_thread_blocked, id=19908, stack(0x00000096fe100000,0x00000096fe200000)]
  0x000001dfd7b5a530 JavaThread "Unconstrained build operations Thread 11" [_thread_blocked, id=20120, stack(0x00000096fe200000,0x00000096fe300000)]
  0x000001dfd7b5aa00 JavaThread "Unconstrained build operations Thread 12" [_thread_blocked, id=10484, stack(0x00000096fe300000,0x00000096fe400000)]
  0x000001dfd7b5aed0 JavaThread "Unconstrained build operations Thread 13" [_thread_blocked, id=2836, stack(0x00000096fe400000,0x00000096fe500000)]
  0x000001dfd7b5e3c0 JavaThread "Unconstrained build operations Thread 14" [_thread_blocked, id=12892, stack(0x00000096fe500000,0x00000096fe600000)]
  0x000001dfd7b5bd40 JavaThread "Unconstrained build operations Thread 15" [_thread_blocked, id=6064, stack(0x00000096fe600000,0x00000096fe700000)]
  0x000001dfd7b5b870 JavaThread "Unconstrained build operations Thread 16" [_thread_blocked, id=13944, stack(0x00000096fe700000,0x00000096fe800000)]
  0x000001dfd7b5fbd0 JavaThread "Unconstrained build operations Thread 17" [_thread_blocked, id=19788, stack(0x00000096fe800000,0x00000096fe900000)]
  0x000001dfd7b5da20 JavaThread "Unconstrained build operations Thread 18" [_thread_blocked, id=14376, stack(0x00000096fe900000,0x00000096fea00000)]
  0x000001dfd7b5a060 JavaThread "Unconstrained build operations Thread 19" [_thread_blocked, id=15700, stack(0x00000096fea00000,0x00000096feb00000)]
  0x000001dfd7b613e0 JavaThread "Unconstrained build operations Thread 20" [_thread_blocked, id=5576, stack(0x00000096feb00000,0x00000096fec00000)]
  0x000001dfd7b5f700 JavaThread "Unconstrained build operations Thread 21" [_thread_blocked, id=19468, stack(0x00000096fec00000,0x00000096fed00000)]
  0x000001dfd7b5e890 JavaThread "Unconstrained build operations Thread 22" [_thread_blocked, id=18192, stack(0x00000096fed00000,0x00000096fee00000)]
  0x000001dfd7b60a40 JavaThread "Unconstrained build operations Thread 23" [_thread_blocked, id=8260, stack(0x00000096fee00000,0x00000096fef00000)]
  0x000001dfd7b5b3a0 JavaThread "Unconstrained build operations Thread 24" [_thread_blocked, id=8428, stack(0x00000096fef00000,0x00000096ff000000)]
  0x000001dfd7b5c210 JavaThread "Unconstrained build operations Thread 25" [_thread_blocked, id=18228, stack(0x00000096ff000000,0x00000096ff100000)]
  0x000001dfd7b5c6e0 JavaThread "Unconstrained build operations Thread 26" [_thread_blocked, id=3040, stack(0x00000096ff100000,0x00000096ff200000)]
  0x000001dfd7b60570 JavaThread "Unconstrained build operations Thread 27" [_thread_blocked, id=4532, stack(0x00000096ff200000,0x00000096ff300000)]
  0x000001dfd7b5cbb0 JavaThread "Unconstrained build operations Thread 28" [_thread_blocked, id=5612, stack(0x00000096ff300000,0x00000096ff400000)]
  0x000001dfd7b5d080 JavaThread "Unconstrained build operations Thread 29" [_thread_blocked, id=2220, stack(0x00000096ff400000,0x00000096ff500000)]
  0x000001dfd7b618b0 JavaThread "Unconstrained build operations Thread 30" [_thread_blocked, id=1532, stack(0x00000096ff500000,0x00000096ff600000)]
  0x000001dfd7b5d550 JavaThread "Unconstrained build operations Thread 31" [_thread_blocked, id=3680, stack(0x00000096ff600000,0x00000096ff700000)]
  0x000001dfd7b5ed60 JavaThread "Unconstrained build operations Thread 32" [_thread_blocked, id=3944, stack(0x00000096ff700000,0x00000096ff800000)]
  0x000001dfd7b60f10 JavaThread "Unconstrained build operations Thread 33" [_thread_blocked, id=13860, stack(0x00000096ff800000,0x00000096ff900000)]
  0x000001dfd7b600a0 JavaThread "Unconstrained build operations Thread 34" [_thread_blocked, id=18552, stack(0x00000096ff900000,0x00000096ffa00000)]
  0x000001dfd3068b60 JavaThread "Unconstrained build operations Thread 35" [_thread_blocked, id=15704, stack(0x00000096ffa00000,0x00000096ffb00000)]
  0x000001dfd30699d0 JavaThread "Unconstrained build operations Thread 36" [_thread_blocked, id=6128, stack(0x00000096ffb00000,0x00000096ffc00000)]
  0x000001dfd3066010 JavaThread "Unconstrained build operations Thread 37" [_thread_blocked, id=9396, stack(0x00000096ffc00000,0x00000096ffd00000)]
  0x000001dfd3069030 JavaThread "Unconstrained build operations Thread 38" [_thread_blocked, id=11076, stack(0x00000096ffd00000,0x00000096ffe00000)]
  0x000001dfd306cec0 JavaThread "Unconstrained build operations Thread 39" [_thread_blocked, id=13360, stack(0x00000096ffe00000,0x00000096fff00000)]
  0x000001dfd306d860 JavaThread "Unconstrained build operations Thread 40" [_thread_blocked, id=11736, stack(0x00000096fff00000,0x0000009700000000)]
  0x000001dfd306b6b0 JavaThread "Unconstrained build operations Thread 41" [_thread_blocked, id=18532, stack(0x0000009680000000,0x0000009680100000)]
  0x000001dfd3069500 JavaThread "Unconstrained build operations Thread 42" [_thread_blocked, id=15904, stack(0x0000009680100000,0x0000009680200000)]
  0x000001dfd306d390 JavaThread "Unconstrained build operations Thread 43" [_thread_blocked, id=16688, stack(0x0000009680200000,0x0000009680300000)]
  0x000001dfd3069ea0 JavaThread "Unconstrained build operations Thread 44" [_thread_blocked, id=11312, stack(0x0000009680300000,0x0000009680400000)]
  0x000001dfd306bb80 JavaThread "Unconstrained build operations Thread 45" [_thread_blocked, id=5868, stack(0x0000009680400000,0x0000009680500000)]
  0x000001dfd306c050 JavaThread "Unconstrained build operations Thread 46" [_thread_blocked, id=10316, stack(0x0000009680500000,0x0000009680600000)]
  0x000001dfd30664e0 JavaThread "Unconstrained build operations Thread 47" [_thread_blocked, id=9624, stack(0x0000009680600000,0x0000009680700000)]
  0x000001dfd306a370 JavaThread "Unconstrained build operations Thread 48" [_thread_blocked, id=8220, stack(0x0000009680700000,0x0000009680800000)]
  0x000001dfd30669b0 JavaThread "Unconstrained build operations Thread 49" [_thread_blocked, id=3036, stack(0x0000009680800000,0x0000009680900000)]
  0x000001dfd3066e80 JavaThread "Unconstrained build operations Thread 50" [_thread_blocked, id=20112, stack(0x0000009680900000,0x0000009680a00000)]
  0x000001dfd306a840 JavaThread "Unconstrained build operations Thread 51" [_thread_blocked, id=4492, stack(0x0000009680a00000,0x0000009680b00000)]
  0x000001dfd306ad10 JavaThread "Unconstrained build operations Thread 52" [_thread_blocked, id=14140, stack(0x0000009680b00000,0x0000009680c00000)]
  0x000001dfd306b1e0 JavaThread "Unconstrained build operations Thread 53" [_thread_blocked, id=2004, stack(0x0000009680c00000,0x0000009680d00000)]
  0x000001dfd3067350 JavaThread "Unconstrained build operations Thread 54" [_thread_blocked, id=17840, stack(0x0000009680d00000,0x0000009680e00000)]
  0x000001dfd3067820 JavaThread "Unconstrained build operations Thread 55" [_thread_blocked, id=16700, stack(0x0000009680e00000,0x0000009680f00000)]
  0x000001dfd3067cf0 JavaThread "Unconstrained build operations Thread 56" [_thread_blocked, id=2616, stack(0x0000009680f00000,0x0000009681000000)]
  0x000001dfd30681c0 JavaThread "Unconstrained build operations Thread 57" [_thread_blocked, id=13344, stack(0x0000009681000000,0x0000009681100000)]
  0x000001dfd3068690 JavaThread "Unconstrained build operations Thread 58" [_thread_blocked, id=13376, stack(0x0000009681100000,0x0000009681200000)]
  0x000001dfd306c520 JavaThread "Unconstrained build operations Thread 59" [_thread_blocked, id=13760, stack(0x0000009681200000,0x0000009681300000)]
  0x000001dfd306c9f0 JavaThread "Unconstrained build operations Thread 60" [_thread_blocked, id=3316, stack(0x0000009681300000,0x0000009681400000)]
  0x000001dfd5dae1e0 JavaThread "Unconstrained build operations Thread 61" [_thread_blocked, id=4528, stack(0x0000009681400000,0x0000009681500000)]
  0x000001dfd5dad370 JavaThread "Unconstrained build operations Thread 62" [_thread_blocked, id=13136, stack(0x0000009681500000,0x0000009681600000)]
  0x000001dfd5dab690 JavaThread "Unconstrained build operations Thread 63" [_thread_blocked, id=8928, stack(0x0000009681600000,0x0000009681700000)]
  0x000001dfd5dabb60 JavaThread "Unconstrained build operations Thread 64" [_thread_blocked, id=3356, stack(0x0000009681700000,0x0000009681800000)]
  0x000001dfd5dac030 JavaThread "Unconstrained build operations Thread 65" [_thread_blocked, id=18024, stack(0x0000009681800000,0x0000009681900000)]
  0x000001dfd5daeb80 JavaThread "Unconstrained build operations Thread 66" [_thread_blocked, id=20244, stack(0x0000009681900000,0x0000009681a00000)]
  0x000001dfd5dacea0 JavaThread "Unconstrained build operations Thread 67" [_thread_blocked, id=20460, stack(0x0000009681a00000,0x0000009681b00000)]
  0x000001dfd5dac500 JavaThread "Unconstrained build operations Thread 68" [_thread_blocked, id=10976, stack(0x0000009681b00000,0x0000009681c00000)]
  0x000001dfd5dac9d0 JavaThread "Unconstrained build operations Thread 69" [_thread_blocked, id=18676, stack(0x0000009681c00000,0x0000009681d00000)]
  0x000001dfd5dad840 JavaThread "Unconstrained build operations Thread 70" [_thread_blocked, id=17872, stack(0x0000009681d00000,0x0000009681e00000)]
  0x000001dfd5dae6b0 JavaThread "Unconstrained build operations Thread 71" [_thread_blocked, id=20216, stack(0x0000009681e00000,0x0000009681f00000)]
  0x000001dfd5dadd10 JavaThread "Unconstrained build operations Thread 72" [_thread_blocked, id=10868, stack(0x0000009681f00000,0x0000009682000000)]
  0x000001dfd5daf050 JavaThread "Unconstrained build operations Thread 73" [_thread_blocked, id=13168, stack(0x0000009682000000,0x0000009682100000)]
  0x000001dfd7a5fcf0 JavaThread "Unconstrained build operations Thread 74" [_thread_blocked, id=15656, stack(0x0000009682100000,0x0000009682200000)]
  0x000001dfd7a60690 JavaThread "Unconstrained build operations Thread 75" [_thread_blocked, id=13032, stack(0x0000009682200000,0x0000009682300000)]
  0x000001dfd7a5ee80 JavaThread "Unconstrained build operations Thread 76" [_thread_blocked, id=13068, stack(0x0000009682300000,0x0000009682400000)]
  0x000001dfd7a64050 JavaThread "Unconstrained build operations Thread 77" [_thread_blocked, id=8424, stack(0x0000009682400000,0x0000009682500000)]
  0x000001dfd7a60b60 JavaThread "Unconstrained build operations Thread 78" [_thread_blocked, id=5640, stack(0x0000009682500000,0x0000009682600000)]
  0x000001dfd7a601c0 JavaThread "Unconstrained build operations Thread 79" [_thread_blocked, id=19492, stack(0x0000009682600000,0x0000009682700000)]
  0x000001dfd7a631e0 JavaThread "Unconstrained build operations Thread 80" [_thread_blocked, id=16772, stack(0x0000009682700000,0x0000009682800000)]
  0x000001dfd7a5e9b0 JavaThread "Unconstrained build operations Thread 81" [_thread_blocked, id=2676, stack(0x0000009682800000,0x0000009682900000)]
  0x000001dfd7a61030 JavaThread "Unconstrained build operations Thread 82" [_thread_blocked, id=11652, stack(0x0000009682900000,0x0000009682a00000)]
  0x000001dfd7a65390 JavaThread "Unconstrained build operations Thread 83" [_thread_blocked, id=10344, stack(0x0000009682a00000,0x0000009682b00000)]
  0x000001dfd7a636b0 JavaThread "Unconstrained build operations Thread 84" [_thread_blocked, id=12468, stack(0x0000009682b00000,0x0000009682c00000)]
  0x000001dfd7a63b80 JavaThread "Unconstrained build operations Thread 85" [_thread_blocked, id=19324, stack(0x0000009682c00000,0x0000009682d00000)]
  0x000001dfd7a61500 JavaThread "Unconstrained build operations Thread 86" [_thread_blocked, id=10464, stack(0x0000009682d00000,0x0000009682e00000)]
  0x000001dfd7a5f350 JavaThread "Unconstrained build operations Thread 87" [_thread_blocked, id=4148, stack(0x0000009682e00000,0x0000009682f00000)]
  0x000001dfd7a65860 JavaThread "Unconstrained build operations Thread 88" [_thread_blocked, id=10604, stack(0x0000009682f00000,0x0000009683000000)]
  0x000001dfd7a5e010 JavaThread "Unconstrained build operations Thread 89" [_thread_blocked, id=18484, stack(0x0000009683000000,0x0000009683100000)]
  0x000001dfd7a619d0 JavaThread "Unconstrained build operations Thread 90" [_thread_blocked, id=3388, stack(0x0000009683100000,0x0000009683200000)]
  0x000001dfd7a61ea0 JavaThread "Unconstrained build operations Thread 91" [_thread_blocked, id=1016, stack(0x0000009683200000,0x0000009683300000)]
  0x000001dfd7a64520 JavaThread "Unconstrained build operations Thread 92" [_thread_blocked, id=5848, stack(0x0000009683300000,0x0000009683400000)]
  0x000001dfd7a62d10 JavaThread "Unconstrained build operations Thread 93" [_thread_blocked, id=9320, stack(0x0000009683400000,0x0000009683500000)]
  0x000001dfd7a62370 JavaThread "Unconstrained build operations Thread 94" [_thread_blocked, id=7280, stack(0x0000009683500000,0x0000009683600000)]
  0x000001dfd7a62840 JavaThread "Unconstrained build operations Thread 95" [_thread_blocked, id=16800, stack(0x0000009683600000,0x0000009683700000)]
  0x000001dfd7a5e4e0 JavaThread "Unconstrained build operations Thread 96" [_thread_blocked, id=9836, stack(0x0000009683700000,0x0000009683800000)]
  0x000001dfd7a649f0 JavaThread "Unconstrained build operations Thread 97" [_thread_blocked, id=8644, stack(0x0000009683800000,0x0000009683900000)]
  0x000001dfd7a64ec0 JavaThread "Unconstrained build operations Thread 98" [_thread_blocked, id=20240, stack(0x0000009683900000,0x0000009683a00000)]
  0x000001dfd7a5f820 JavaThread "Unconstrained build operations Thread 99" [_thread_blocked, id=13356, stack(0x0000009683a00000,0x0000009683b00000)]
  0x000001dfd58ebfc0 JavaThread "Unconstrained build operations Thread 100" [_thread_blocked, id=10536, stack(0x0000009683b00000,0x0000009683c00000)]
  0x000001dfd58ece30 JavaThread "Unconstrained build operations Thread 101" [_thread_blocked, id=18536, stack(0x0000009683c00000,0x0000009683d00000)]
  0x000001dfd58ec490 JavaThread "Unconstrained build operations Thread 102" [_thread_blocked, id=19800, stack(0x0000009683d00000,0x0000009683e00000)]
  0x000001dfd58e8ad0 JavaThread "Unconstrained build operations Thread 103" [_thread_blocked, id=14664, stack(0x0000009683e00000,0x0000009683f00000)]
  0x000001dfd58eb150 JavaThread "Unconstrained build operations Thread 104" [_thread_blocked, id=14328, stack(0x0000009683f00000,0x0000009684000000)]
  0x000001dfd58e9470 JavaThread "Unconstrained build operations Thread 105" [_thread_blocked, id=3320, stack(0x0000009684000000,0x0000009684100000)]
  0x000001dfd58e72c0 JavaThread "Unconstrained build operations Thread 106" [_thread_blocked, id=13404, stack(0x0000009684100000,0x0000009684200000)]
  0x000001dfd58ea2e0 JavaThread "Unconstrained build operations Thread 107" [_thread_blocked, id=18844, stack(0x0000009684200000,0x0000009684300000)]
  0x000001dfd58e9940 JavaThread "Unconstrained build operations Thread 108" [_thread_blocked, id=1308, stack(0x0000009684300000,0x0000009684400000)]
  0x000001dfd58eac80 JavaThread "Unconstrained build operations Thread 109" [_thread_blocked, id=4152, stack(0x0000009684400000,0x0000009684500000)]
  0x000001dfd58ebaf0 JavaThread "Unconstrained build operations Thread 110" [_thread_blocked, id=19944, stack(0x0000009684500000,0x0000009684600000)]
  0x000001dfd58e7790 JavaThread "Unconstrained build operations Thread 111" [_thread_blocked, id=2432, stack(0x0000009684600000,0x0000009684700000)]
  0x000001dfd58eb620 JavaThread "Unconstrained build operations Thread 112" [_thread_blocked, id=1208, stack(0x0000009684700000,0x0000009684800000)]
  0x000001dfd58ec960 JavaThread "Unconstrained build operations Thread 113" [_thread_blocked, id=3048, stack(0x0000009684800000,0x0000009684900000)]
  0x000001dfd58e7c60 JavaThread "Unconstrained build operations Thread 114" [_thread_blocked, id=15444, stack(0x0000009684900000,0x0000009684a00000)]
  0x000001dfd58e8fa0 JavaThread "Unconstrained build operations Thread 115" [_thread_blocked, id=16476, stack(0x0000009684a00000,0x0000009684b00000)]
  0x000001dfd58e6920 JavaThread "Unconstrained build operations Thread 116" [_thread_blocked, id=10728, stack(0x0000009684b00000,0x0000009684c00000)]
  0x000001dfd58e8130 JavaThread "Unconstrained build operations Thread 117" [_thread_blocked, id=18864, stack(0x0000009684c00000,0x0000009684d00000)]
  0x000001dfd58ea7b0 JavaThread "Unconstrained build operations Thread 118" [_thread_blocked, id=3440, stack(0x0000009684d00000,0x0000009684e00000)]
  0x000001dfd58e6df0 JavaThread "Unconstrained build operations Thread 119" [_thread_blocked, id=17136, stack(0x0000009684e00000,0x0000009684f00000)]
  0x000001dfd58ed300 JavaThread "Unconstrained build operations Thread 120" [_thread_blocked, id=1776, stack(0x0000009684f00000,0x0000009685000000)]
  0x000001dfd58ed7d0 JavaThread "jar transforms Thread 6" [_thread_blocked, id=16056, stack(0x0000009685000000,0x0000009685100000)]
  0x000001dfd58e9e10 JavaThread "jar transforms Thread 7" [_thread_blocked, id=1660, stack(0x0000009685100000,0x0000009685200000)]
  0x000001dfd58e5f80 JavaThread "jar transforms Thread 8" [_thread_blocked, id=8988, stack(0x0000009685200000,0x0000009685300000)]
  0x000001dfd58e6450 JavaThread "jar transforms Thread 9" [_thread_blocked, id=3308, stack(0x0000009685300000,0x0000009685400000)]
  0x000001dfd58e8600 JavaThread "jar transforms Thread 10" [_thread_blocked, id=8992, stack(0x0000009685400000,0x0000009685500000)]
  0x000001dfd40e3ee0 JavaThread "jar transforms Thread 11" [_thread_blocked, id=5212, stack(0x0000009685500000,0x0000009685600000)]
  0x000001dfd40e5220 JavaThread "jar transforms Thread 12" [_thread_blocked, id=2656, stack(0x0000009685600000,0x0000009685700000)]
  0x000001dfd40e3070 JavaThread "build event listener" [_thread_blocked, id=19448, stack(0x0000009685800000,0x0000009685900000)]
  0x000001dfd40e1390 JavaThread "Memory manager" [_thread_blocked, id=3436, stack(0x0000009685900000,0x0000009685a00000)]

Other Threads:
=>0x000001dfcf55ea00 VMThread "VM Thread" [stack: 0x00000096fa100000,0x00000096fa200000] [id=19564]
  0x000001dfb336efd0 WatcherThread [stack: 0x00000096fad00000,0x00000096fae00000] [id=8876]
  0x000001dfb3352390 GCTaskThread "GC Thread#0" [stack: 0x00000096f9c00000,0x00000096f9d00000] [id=19852]
  0x000001dfd0aa00b0 GCTaskThread "GC Thread#1" [stack: 0x00000096fb000000,0x00000096fb100000] [id=13828]
  0x000001dfd1398ec0 GCTaskThread "GC Thread#2" [stack: 0x00000096fb100000,0x00000096fb200000] [id=14936]
  0x000001dfd1399580 GCTaskThread "GC Thread#3" [stack: 0x00000096fb200000,0x00000096fb300000] [id=16468]
  0x000001dfd0ef2880 GCTaskThread "GC Thread#4" [stack: 0x00000096fb300000,0x00000096fb400000] [id=14340]
  0x000001dfd0e9d570 GCTaskThread "GC Thread#5" [stack: 0x00000096fb400000,0x00000096fb500000] [id=14364]
  0x000001dfd15a8cb0 GCTaskThread "GC Thread#6" [stack: 0x00000096fbd00000,0x00000096fbe00000] [id=11648]
  0x000001dfd110dbb0 GCTaskThread "GC Thread#7" [stack: 0x00000096fbe00000,0x00000096fbf00000] [id=20000]
  0x000001dfd2de5f50 GCTaskThread "GC Thread#8" [stack: 0x00000096fbf00000,0x00000096fc000000] [id=19572]
  0x000001dfd2fc7c90 GCTaskThread "GC Thread#9" [stack: 0x00000096fc000000,0x00000096fc100000] [id=3808]
  0x000001dfb33632d0 ConcurrentGCThread "G1 Main Marker" [stack: 0x00000096f9d00000,0x00000096f9e00000] [id=15144]
  0x000001dfb3364480 ConcurrentGCThread "G1 Conc#0" [stack: 0x00000096f9e00000,0x00000096f9f00000] [id=3496]
  0x000001dfd24bb190 ConcurrentGCThread "G1 Conc#1" [stack: 0x00000096fc100000,0x00000096fc200000] [id=3992]
  0x000001dfd24bb440 ConcurrentGCThread "G1 Conc#2" [stack: 0x00000096fc200000,0x00000096fc300000] [id=14236]
  0x000001dfb33be370 ConcurrentGCThread "G1 Refine#0" [stack: 0x00000096f9f00000,0x00000096fa000000] [id=4364]
  0x000001dfd5d6cb30 ConcurrentGCThread "G1 Refine#1" [stack: 0x0000009685700000,0x0000009685800000] [id=14848]
  0x000001dfcf4001e0 ConcurrentGCThread "G1 Service" [stack: 0x00000096fa000000,0x00000096fa100000] [id=19648]

Threads with active compile tasks:
C2 CompilerThread0     8589 7497   !   4       java.util.concurrent.locks.AbstractQueuedSynchronizer::acquire (407 bytes)
C2 CompilerThread2     8589 7586       4       java.util.concurrent.locks.LockSupport::setBlocker (12 bytes)

VM state: at safepoint (normal execution)

VM Mutex/Monitor currently owned by a thread:  ([mutex/lock_event])
[0x000001dfb32f2910] Threads_lock - owner thread: 0x000001dfcf55ea00
[0x000001dfb32f1dd0] Heap_lock - owner thread: 0x000001dfd16cf120

Heap address: 0x0000000080000000, size: 2048 MB, Compressed Oops mode: 32-bit

CDS archive(s) not mapped
Compressed class space mapped at: 0x0000000100000000-0x0000000140000000, reserved size: 1073741824
Narrow klass base: 0x0000000000000000, Narrow klass shift: 3, Narrow klass range: 0x140000000

GC Precious Log:
 CPUs: 12 total, 12 available
 Memory: 16251M
 Large Page Support: Disabled
 NUMA Support: Disabled
 Compressed Oops: Enabled (32-bit)
 Heap Region Size: 1M
 Heap Min Capacity: 8M
 Heap Initial Capacity: 254M
 Heap Max Capacity: 2G
 Pre-touch: Disabled
 Parallel Workers: 10
 Concurrent Workers: 3
 Concurrent Refinement Workers: 10
 Periodic GC: Disabled

Heap:
 garbage-first heap   total 117760K, used 65625K [0x0000000080000000, 0x0000000100000000)
  region size 1024K, 4 young (4096K), 4 survivors (4096K)
 Metaspace       used 76356K, committed 76928K, reserved 1122304K
  class space    used 10094K, committed 10368K, reserved 1048576K

Heap Regions: E=young(eden), S=young(survivor), O=old, HS=humongous(starts), HC=humongous(continues), CS=collection set, F=free, OA=open archive, CA=closed archive, TAMS=top-at-mark-start (previous, next)
|   0|0x0000000080000000, 0x0000000080100000, 0x0000000080100000|100%|HS|  |TAMS 0x0000000080100000, 0x0000000080100000| Complete 
|   1|0x0000000080100000, 0x0000000080200000, 0x0000000080200000|100%|HC|  |TAMS 0x0000000080200000, 0x0000000080200000| Complete 
|   2|0x0000000080200000, 0x0000000080300000, 0x0000000080300000|100%|HC|  |TAMS 0x0000000080300000, 0x0000000080300000| Complete 
|   3|0x0000000080300000, 0x0000000080400000, 0x0000000080400000|100%|HC|  |TAMS 0x0000000080400000, 0x0000000080400000| Complete 
|   4|0x0000000080400000, 0x0000000080500000, 0x0000000080500000|100%| O|  |TAMS 0x0000000080500000, 0x0000000080500000| Untracked 
|   5|0x0000000080500000, 0x0000000080600000, 0x0000000080600000|100%| O|  |TAMS 0x0000000080600000, 0x0000000080600000| Untracked 
|   6|0x0000000080600000, 0x0000000080700000, 0x0000000080700000|100%| O|  |TAMS 0x0000000080700000, 0x0000000080700000| Untracked 
|   7|0x0000000080700000, 0x0000000080800000, 0x0000000080800000|100%| O|  |TAMS 0x0000000080800000, 0x0000000080800000| Untracked 
|   8|0x0000000080800000, 0x0000000080900000, 0x0000000080900000|100%| O|  |TAMS 0x0000000080900000, 0x0000000080900000| Untracked 
|   9|0x0000000080900000, 0x0000000080a00000, 0x0000000080a00000|100%| O|  |TAMS 0x0000000080a00000, 0x0000000080a00000| Untracked 
|  10|0x0000000080a00000, 0x0000000080b00000, 0x0000000080b00000|100%| O|  |TAMS 0x0000000080b00000, 0x0000000080b00000| Untracked 
|  11|0x0000000080b00000, 0x0000000080c00000, 0x0000000080c00000|100%| O|  |TAMS 0x0000000080c00000, 0x0000000080c00000| Untracked 
|  12|0x0000000080c00000, 0x0000000080d00000, 0x0000000080d00000|100%| O|  |TAMS 0x0000000080d00000, 0x0000000080d00000| Untracked 
|  13|0x0000000080d00000, 0x0000000080e00000, 0x0000000080e00000|100%| O|  |TAMS 0x0000000080e00000, 0x0000000080e00000| Untracked 
|  14|0x0000000080e00000, 0x0000000080f00000, 0x0000000080f00000|100%| O|  |TAMS 0x0000000080f00000, 0x0000000080f00000| Untracked 
|  15|0x0000000080f00000, 0x0000000081000000, 0x0000000081000000|100%| O|  |TAMS 0x0000000081000000, 0x0000000081000000| Untracked 
|  16|0x0000000081000000, 0x0000000081100000, 0x0000000081100000|100%| O|  |TAMS 0x0000000081100000, 0x0000000081100000| Untracked 
|  17|0x0000000081100000, 0x0000000081200000, 0x0000000081200000|100%| O|  |TAMS 0x0000000081200000, 0x0000000081200000| Untracked 
|  18|0x0000000081200000, 0x0000000081300000, 0x0000000081300000|100%| O|  |TAMS 0x0000000081300000, 0x0000000081300000| Untracked 
|  19|0x0000000081300000, 0x0000000081400000, 0x0000000081400000|100%| O|  |TAMS 0x0000000081400000, 0x0000000081400000| Untracked 
|  20|0x0000000081400000, 0x0000000081500000, 0x0000000081500000|100%| O|  |TAMS 0x0000000081500000, 0x0000000081500000| Untracked 
|  21|0x0000000081500000, 0x0000000081600000, 0x0000000081600000|100%| O|  |TAMS 0x0000000081600000, 0x0000000081600000| Untracked 
|  22|0x0000000081600000, 0x0000000081700000, 0x0000000081700000|100%| O|  |TAMS 0x0000000081700000, 0x0000000081700000| Untracked 
|  23|0x0000000081700000, 0x0000000081800000, 0x0000000081800000|100%| O|  |TAMS 0x0000000081800000, 0x0000000081800000| Untracked 
|  24|0x0000000081800000, 0x0000000081900000, 0x0000000081900000|100%| O|  |TAMS 0x0000000081900000, 0x0000000081900000| Untracked 
|  25|0x0000000081900000, 0x0000000081a00000, 0x0000000081a00000|100%| O|  |TAMS 0x0000000081a00000, 0x0000000081a00000| Untracked 
|  26|0x0000000081a00000, 0x0000000081b00000, 0x0000000081b00000|100%| O|  |TAMS 0x0000000081b00000, 0x0000000081b00000| Untracked 
|  27|0x0000000081b00000, 0x0000000081c00000, 0x0000000081c00000|100%| O|  |TAMS 0x0000000081c00000, 0x0000000081c00000| Untracked 
|  28|0x0000000081c00000, 0x0000000081d00000, 0x0000000081d00000|100%| O|  |TAMS 0x0000000081d00000, 0x0000000081d00000| Untracked 
|  29|0x0000000081d00000, 0x0000000081e00000, 0x0000000081e00000|100%| O|  |TAMS 0x0000000081e00000, 0x0000000081e00000| Untracked 
|  30|0x0000000081e00000, 0x0000000081f00000, 0x0000000081f00000|100%| O|  |TAMS 0x0000000081f00000, 0x0000000081f00000| Untracked 
|  31|0x0000000081f00000, 0x0000000082000000, 0x0000000082000000|100%|HS|  |TAMS 0x0000000082000000, 0x0000000082000000| Complete 
|  32|0x0000000082000000, 0x0000000082100000, 0x0000000082100000|100%|HS|  |TAMS 0x0000000082100000, 0x0000000082100000| Complete 
|  33|0x0000000082100000, 0x0000000082200000, 0x0000000082200000|100%|HS|  |TAMS 0x0000000082200000, 0x0000000082200000| Complete 
|  34|0x0000000082200000, 0x0000000082300000, 0x0000000082300000|100%|HC|  |TAMS 0x0000000082300000, 0x0000000082300000| Complete 
|  35|0x0000000082300000, 0x0000000082400000, 0x0000000082400000|100%|HS|  |TAMS 0x0000000082400000, 0x0000000082400000| Complete 
|  36|0x0000000082400000, 0x0000000082500000, 0x0000000082500000|100%|HS|  |TAMS 0x0000000082500000, 0x0000000082500000| Complete 
|  37|0x0000000082500000, 0x0000000082600000, 0x0000000082600000|100%|HC|  |TAMS 0x0000000082600000, 0x0000000082600000| Complete 
|  38|0x0000000082600000, 0x0000000082700000, 0x0000000082700000|100%|HC|  |TAMS 0x0000000082700000, 0x0000000082700000| Complete 
|  39|0x0000000082700000, 0x0000000082800000, 0x0000000082800000|100%|HC|  |TAMS 0x0000000082800000, 0x0000000082800000| Complete 
|  40|0x0000000082800000, 0x0000000082900000, 0x0000000082900000|100%| O|  |TAMS 0x0000000082900000, 0x0000000082900000| Untracked 
|  41|0x0000000082900000, 0x0000000082a00000, 0x0000000082a00000|100%| O|  |TAMS 0x0000000082a00000, 0x0000000082a00000| Untracked 
|  42|0x0000000082a00000, 0x0000000082b00000, 0x0000000082b00000|100%| O|  |TAMS 0x0000000082b00000, 0x0000000082b00000| Untracked 
|  43|0x0000000082b00000, 0x0000000082c00000, 0x0000000082c00000|100%| O|  |TAMS 0x0000000082c00000, 0x0000000082c00000| Untracked 
|  44|0x0000000082c00000, 0x0000000082d00000, 0x0000000082d00000|100%| O|  |TAMS 0x0000000082d00000, 0x0000000082d00000| Untracked 
|  45|0x0000000082d00000, 0x0000000082e00000, 0x0000000082e00000|100%| O|  |TAMS 0x0000000082e00000, 0x0000000082e00000| Untracked 
|  46|0x0000000082e00000, 0x0000000082f00000, 0x0000000082f00000|100%| O|  |TAMS 0x0000000082f00000, 0x0000000082f00000| Untracked 
|  47|0x0000000082f00000, 0x0000000083000000, 0x0000000083000000|100%| O|  |TAMS 0x0000000083000000, 0x0000000083000000| Untracked 
|  48|0x0000000083000000, 0x0000000083100000, 0x0000000083100000|100%| O|  |TAMS 0x0000000083100000, 0x0000000083100000| Untracked 
|  49|0x0000000083100000, 0x0000000083200000, 0x0000000083200000|100%| O|  |TAMS 0x0000000083100000, 0x0000000083200000| Untracked 
|  50|0x0000000083200000, 0x0000000083300000, 0x0000000083300000|100%| O|  |TAMS 0x0000000083200000, 0x00000000832df800| Untracked 
|  51|0x0000000083300000, 0x0000000083400000, 0x0000000083400000|100%| O|  |TAMS 0x0000000083300000, 0x0000000083300000| Untracked 
|  52|0x0000000083400000, 0x0000000083500000, 0x0000000083500000|100%| O|  |TAMS 0x0000000083400000, 0x0000000083400000| Untracked 
|  53|0x0000000083500000, 0x0000000083600000, 0x0000000083600000|100%| O|  |TAMS 0x0000000083600000, 0x0000000083600000| Untracked 
|  54|0x0000000083600000, 0x0000000083700000, 0x0000000083700000|100%| O|  |TAMS 0x0000000083700000, 0x0000000083700000| Untracked 
|  55|0x0000000083700000, 0x0000000083800000, 0x0000000083800000|100%| O|  |TAMS 0x0000000083800000, 0x0000000083800000| Untracked 
|  56|0x0000000083800000, 0x0000000083900000, 0x0000000083900000|100%| O|  |TAMS 0x0000000083900000, 0x0000000083900000| Untracked 
|  57|0x0000000083900000, 0x0000000083a00000, 0x0000000083a00000|100%| O|  |TAMS 0x0000000083a00000, 0x0000000083a00000| Untracked 
|  58|0x0000000083a00000, 0x0000000083b00000, 0x0000000083b00000|100%| O|  |TAMS 0x0000000083b00000, 0x0000000083b00000| Untracked 
|  59|0x0000000083b00000, 0x0000000083b16400, 0x0000000083c00000|  8%| O|  |TAMS 0x0000000083b00000, 0x0000000083b00000| Untracked 
|  60|0x0000000083c00000, 0x0000000083d00000, 0x0000000083d00000|100%| O|  |TAMS 0x0000000083cff000, 0x0000000083d00000| Untracked 
|  61|0x0000000083d00000, 0x0000000083d00000, 0x0000000083e00000|  0%| F|  |TAMS 0x0000000083d00000, 0x0000000083d00000| Untracked 
|  62|0x0000000083e00000, 0x0000000083e00000, 0x0000000083f00000|  0%| F|  |TAMS 0x0000000083e00000, 0x0000000083e00000| Untracked 
|  63|0x0000000083f00000, 0x0000000083f00000, 0x0000000084000000|  0%| F|  |TAMS 0x0000000083f00000, 0x0000000083f00000| Untracked 
|  64|0x0000000084000000, 0x0000000084000000, 0x0000000084100000|  0%| F|  |TAMS 0x0000000084000000, 0x0000000084000000| Untracked 
|  65|0x0000000084100000, 0x0000000084100000, 0x0000000084200000|  0%| F|  |TAMS 0x0000000084100000, 0x0000000084100000| Untracked 
|  66|0x0000000084200000, 0x0000000084200000, 0x0000000084300000|  0%| F|  |TAMS 0x0000000084200000, 0x0000000084200000| Untracked 
|  67|0x0000000084300000, 0x0000000084300000, 0x0000000084400000|  0%| F|  |TAMS 0x0000000084300000, 0x0000000084300000| Untracked 
|  68|0x0000000084400000, 0x0000000084400000, 0x0000000084500000|  0%| F|  |TAMS 0x0000000084400000, 0x0000000084400000| Untracked 
|  69|0x0000000084500000, 0x0000000084500000, 0x0000000084600000|  0%| F|  |TAMS 0x0000000084500000, 0x0000000084500000| Untracked 
|  70|0x0000000084600000, 0x0000000084600000, 0x0000000084700000|  0%| F|  |TAMS 0x0000000084600000, 0x0000000084600000| Untracked 
|  71|0x0000000084700000, 0x0000000084700000, 0x0000000084800000|  0%| F|  |TAMS 0x0000000084700000, 0x0000000084700000| Untracked 
|  72|0x0000000084800000, 0x0000000084800000, 0x0000000084900000|  0%| F|  |TAMS 0x0000000084800000, 0x0000000084800000| Untracked 
|  73|0x0000000084900000, 0x0000000084900000, 0x0000000084a00000|  0%| F|  |TAMS 0x0000000084900000, 0x0000000084900000| Untracked 
|  74|0x0000000084a00000, 0x0000000084a00000, 0x0000000084b00000|  0%| F|  |TAMS 0x0000000084a00000, 0x0000000084a00000| Untracked 
|  75|0x0000000084b00000, 0x0000000084b00000, 0x0000000084c00000|  0%| F|  |TAMS 0x0000000084b00000, 0x0000000084b00000| Untracked 
|  76|0x0000000084c00000, 0x0000000084c00000, 0x0000000084d00000|  0%| F|  |TAMS 0x0000000084c00000, 0x0000000084c00000| Untracked 
|  77|0x0000000084d00000, 0x0000000084d00000, 0x0000000084e00000|  0%| F|  |TAMS 0x0000000084d00000, 0x0000000084d00000| Untracked 
|  78|0x0000000084e00000, 0x0000000084e00000, 0x0000000084f00000|  0%| F|  |TAMS 0x0000000084e00000, 0x0000000084e00000| Untracked 
|  79|0x0000000084f00000, 0x0000000085000000, 0x0000000085000000|100%| S|CS|TAMS 0x0000000084f00000, 0x0000000084f00000| Complete 
|  80|0x0000000085000000, 0x0000000085000000, 0x0000000085100000|  0%| F|  |TAMS 0x0000000085000000, 0x0000000085000000| Untracked 
|  81|0x0000000085100000, 0x0000000085100000, 0x0000000085200000|  0%| F|  |TAMS 0x0000000085100000, 0x0000000085100000| Untracked 
|  82|0x0000000085200000, 0x0000000085300000, 0x0000000085300000|100%| S|CS|TAMS 0x0000000085200000, 0x0000000085200000| Complete 
|  83|0x0000000085300000, 0x0000000085400000, 0x0000000085400000|100%| S|CS|TAMS 0x0000000085300000, 0x0000000085300000| Complete 
|  84|0x0000000085400000, 0x0000000085500000, 0x0000000085500000|100%| S|CS|TAMS 0x0000000085400000, 0x0000000085400000| Complete 
|  85|0x0000000085500000, 0x0000000085500000, 0x0000000085600000|  0%| F|  |TAMS 0x0000000085500000, 0x0000000085500000| Untracked 
|  86|0x0000000085600000, 0x0000000085600000, 0x0000000085700000|  0%| F|  |TAMS 0x0000000085600000, 0x0000000085600000| Untracked 
|  87|0x0000000085700000, 0x0000000085700000, 0x0000000085800000|  0%| F|  |TAMS 0x0000000085700000, 0x0000000085700000| Untracked 
|  88|0x0000000085800000, 0x0000000085800000, 0x0000000085900000|  0%| F|  |TAMS 0x0000000085800000, 0x0000000085800000| Untracked 
|  89|0x0000000085900000, 0x0000000085900000, 0x0000000085a00000|  0%| F|  |TAMS 0x0000000085900000, 0x0000000085900000| Untracked 
|  90|0x0000000085a00000, 0x0000000085a00000, 0x0000000085b00000|  0%| F|  |TAMS 0x0000000085a00000, 0x0000000085a00000| Untracked 
|  91|0x0000000085b00000, 0x0000000085b00000, 0x0000000085c00000|  0%| F|  |TAMS 0x0000000085b00000, 0x0000000085b00000| Untracked 
|  92|0x0000000085c00000, 0x0000000085c00000, 0x0000000085d00000|  0%| F|  |TAMS 0x0000000085c00000, 0x0000000085c00000| Untracked 
|  93|0x0000000085d00000, 0x0000000085d00000, 0x0000000085e00000|  0%| F|  |TAMS 0x0000000085d00000, 0x0000000085d00000| Untracked 
|  94|0x0000000085e00000, 0x0000000085e00000, 0x0000000085f00000|  0%| F|  |TAMS 0x0000000085e00000, 0x0000000085e00000| Untracked 
|  95|0x0000000085f00000, 0x0000000085f00000, 0x0000000086000000|  0%| F|  |TAMS 0x0000000085f00000, 0x0000000085f00000| Untracked 
|  96|0x0000000086000000, 0x0000000086000000, 0x0000000086100000|  0%| F|  |TAMS 0x0000000086000000, 0x0000000086000000| Untracked 
|  97|0x0000000086100000, 0x0000000086100000, 0x0000000086200000|  0%| F|  |TAMS 0x0000000086100000, 0x0000000086100000| Untracked 
|  98|0x0000000086200000, 0x0000000086200000, 0x0000000086300000|  0%| F|  |TAMS 0x0000000086200000, 0x0000000086200000| Untracked 
|  99|0x0000000086300000, 0x0000000086300000, 0x0000000086400000|  0%| F|  |TAMS 0x0000000086300000, 0x0000000086300000| Untracked 
| 100|0x0000000086400000, 0x0000000086400000, 0x0000000086500000|  0%| F|  |TAMS 0x0000000086400000, 0x0000000086400000| Untracked 
| 101|0x0000000086500000, 0x0000000086500000, 0x0000000086600000|  0%| F|  |TAMS 0x0000000086500000, 0x0000000086500000| Untracked 
| 102|0x0000000086600000, 0x0000000086600000, 0x0000000086700000|  0%| F|  |TAMS 0x0000000086600000, 0x0000000086600000| Untracked 
| 103|0x0000000086700000, 0x0000000086700000, 0x0000000086800000|  0%| F|  |TAMS 0x0000000086700000, 0x0000000086700000| Untracked 
| 104|0x0000000086800000, 0x0000000086800000, 0x0000000086900000|  0%| F|  |TAMS 0x0000000086800000, 0x0000000086800000| Untracked 
| 105|0x0000000086900000, 0x0000000086900000, 0x0000000086a00000|  0%| F|  |TAMS 0x0000000086900000, 0x0000000086900000| Untracked 
| 204|0x000000008cc00000, 0x000000008cc00000, 0x000000008cd00000|  0%| F|  |TAMS 0x000000008cc00000, 0x000000008cc00000| Untracked 
| 205|0x000000008cd00000, 0x000000008cd00000, 0x000000008ce00000|  0%| F|  |TAMS 0x000000008cd00000, 0x000000008cd00000| Untracked 
| 206|0x000000008ce00000, 0x000000008ce00000, 0x000000008cf00000|  0%| F|  |TAMS 0x000000008ce00000, 0x000000008ce00000| Untracked 
| 207|0x000000008cf00000, 0x000000008cf00000, 0x000000008d000000|  0%| F|  |TAMS 0x000000008cf00000, 0x000000008cf00000| Untracked 
| 208|0x000000008d000000, 0x000000008d000000, 0x000000008d100000|  0%| F|  |TAMS 0x000000008d000000, 0x000000008d000000| Untracked 
| 209|0x000000008d100000, 0x000000008d100000, 0x000000008d200000|  0%| F|  |TAMS 0x000000008d100000, 0x000000008d100000| Untracked 
| 210|0x000000008d200000, 0x000000008d200000, 0x000000008d300000|  0%| F|  |TAMS 0x000000008d200000, 0x000000008d200000| Untracked 
| 211|0x000000008d300000, 0x000000008d300000, 0x000000008d400000|  0%| F|  |TAMS 0x000000008d300000, 0x000000008d300000| Untracked 
| 253|0x000000008fd00000, 0x000000008fd00000, 0x000000008fe00000|  0%| F|  |TAMS 0x000000008fd00000, 0x000000008fd00000| Untracked 

Card table byte_map: [0x000001dfc8030000,0x000001dfc8430000] _byte_map_base: 0x000001dfc7c30000

Marking Bits (Prev, Next): (CMBitMap*) 0x000001dfb33529a0, (CMBitMap*) 0x000001dfb33529e0
 Prev Bits: [0x000001dfc8830000, 0x000001dfca830000)
 Next Bits: [0x000001dfca830000, 0x000001dfcc830000)

Polling page: 0x000001dfb7f70000

Metaspace:

Usage:
  Non-class:     64.71 MB used.
      Class:      9.86 MB used.
       Both:     74.57 MB used.

Virtual space:
  Non-class space:       72.00 MB reserved,      65.00 MB ( 90%) committed,  9 nodes.
      Class space:        1.00 GB reserved,      10.12 MB ( <1%) committed,  1 nodes.
             Both:        1.07 GB reserved,      75.12 MB (  7%) committed. 

Chunk freelists:
   Non-Class:  3.00 MB
       Class:  1.89 MB
        Both:  4.89 MB

MaxMetaspaceSize: unlimited
CompressedClassSpaceSize: 1.00 GB
Initial GC threshold: 21.00 MB
Current GC threshold: 115.25 MB
CDS: off
MetaspaceReclaimPolicy: balanced
 - commit_granule_bytes: 65536.
 - commit_granule_words: 8192.
 - virtual_space_node_default_size: 1048576.
 - enlarge_chunks_in_place: 1.
 - new_chunks_are_fully_committed: 0.
 - uncommit_free_chunks: 1.
 - use_allocation_guard: 0.
 - handle_deallocations: 1.


Internal statistics:

num_allocs_failed_limit: 9.
num_arena_births: 748.
num_arena_deaths: 0.
num_vsnodes_births: 10.
num_vsnodes_deaths: 0.
num_space_committed: 1202.
num_space_uncommitted: 0.
num_chunks_returned_to_freelist: 9.
num_chunks_taken_from_freelist: 3311.
num_chunk_merges: 9.
num_chunk_splits: 2264.
num_chunks_enlarged: 1597.
num_purges: 0.
num_inconsistent_stats: 0.

CodeHeap 'non-profiled nmethods': size=120000Kb used=4024Kb max_used=4024Kb free=115976Kb
 bounds [0x000001dfbfa60000, 0x000001dfbfe50000, 0x000001dfc6f90000]
CodeHeap 'profiled nmethods': size=120000Kb used=12858Kb max_used=12858Kb free=107141Kb
 bounds [0x000001dfb7f90000, 0x000001dfb8c20000, 0x000001dfbf4c0000]
CodeHeap 'non-nmethods': size=5760Kb used=2364Kb max_used=2445Kb free=3396Kb
 bounds [0x000001dfbf4c0000, 0x000001dfbf740000, 0x000001dfbfa60000]
 total_blobs=7669 nmethods=6774 adapters=807
 compilation: enabled
              stopped_count=0, restarted_count=0
 full_count=0

Compilation events (20 events):
Event: 8.536 Thread 0x000001dfd0096840 nmethod 7576 0x000001dfb8c1b010 code [0x000001dfb8c1b1a0, 0x000001dfb8c1b318]
Event: 8.536 Thread 0x000001dfd0096840 7577       3       org.gradle.internal.serialize.InterningStringSerializer::write (10 bytes)
Event: 8.536 Thread 0x000001dfd0096840 nmethod 7577 0x000001dfb8c1b390 code [0x000001dfb8c1b540, 0x000001dfb8c1b868]
Event: 8.536 Thread 0x000001dfd0096840 7578       3       org.gradle.internal.serialize.InterningStringSerializer::write (8 bytes)
Event: 8.536 Thread 0x000001dfd0096840 nmethod 7578 0x000001dfb8c1b990 code [0x000001dfb8c1bb40, 0x000001dfb8c1bd08]
Event: 8.536 Thread 0x000001dfd0096840 7579       3       org.gradle.api.internal.changedetection.state.CachingFileHasher$FileInfoSerializer::read (6 bytes)
Event: 8.536 Thread 0x000001dfd0096840 nmethod 7579 0x000001dfb8c1be10 code [0x000001dfb8c1bfc0, 0x000001dfb8c1c108]
Event: 8.536 Thread 0x000001dfd0096840 7580       3       org.gradle.api.internal.changedetection.state.CachingFileHasher$FileInfo::<init> (21 bytes)
Event: 8.536 Thread 0x000001dfd0096840 nmethod 7580 0x000001dfb8c1c190 code [0x000001dfb8c1c320, 0x000001dfb8c1c4f8]
Event: 8.537 Thread 0x000001dfd0096840 7581       3       org.gradle.internal.snapshot.impl.DirectorySnapshotter$PathVisitor::intern (14 bytes)
Event: 8.537 Thread 0x000001dfd0096840 nmethod 7581 0x000001dfb8c1c610 code [0x000001dfb8c1c7c0, 0x000001dfb8c1ca68]
Event: 8.537 Thread 0x000001dfd0096840 7582       3       com.google.common.cache.LocalCache$Segment::copyEntry (81 bytes)
Event: 8.537 Thread 0x000001dfd0096840 nmethod 7582 0x000001dfb8c1cb90 code [0x000001dfb8c1cdc0, 0x000001dfb8c1d568]
Event: 8.537 Thread 0x000001dfd0096840 7583       3       com.google.common.cache.LocalCache$EntryFactory$2::copyEntry (19 bytes)
Event: 8.537 Thread 0x000001dfd0096840 nmethod 7583 0x000001dfb8c1d790 code [0x000001dfb8c1d940, 0x000001dfb8c1db58]
Event: 8.537 Thread 0x000001dfd0096840 7584       3       java.util.function.Predicate$$Lambda$162/0x00000001002c5b40::test (15 bytes)
Event: 8.538 Thread 0x000001dfd0096840 nmethod 7584 0x000001dfb8c1dc10 code [0x000001dfb8c1dde0, 0x000001dfb8c1e238]
Event: 8.538 Thread 0x000001dfd2779ec0 7586       4       java.util.concurrent.locks.LockSupport::setBlocker (12 bytes)
Event: 8.538 Thread 0x000001dfd0096840 7585       3       java.util.function.Predicate::lambda$and$0 (26 bytes)
Event: 8.538 Thread 0x000001dfd0096840 nmethod 7585 0x000001dfb8c1e390 code [0x000001dfb8c1e540, 0x000001dfb8c1e878]

GC Heap History (20 events):
Event: 3.953 GC heap after
{Heap after GC invocations=12 (full 0):
 garbage-first heap   total 112640K, used 27832K [0x0000000080000000, 0x0000000100000000)
  region size 1024K, 1 young (1024K), 1 survivors (1024K)
 Metaspace       used 40366K, committed 40704K, reserved 1089536K
  class space    used 5354K, committed 5504K, reserved 1048576K
}
Event: 4.726 GC heap before
{Heap before GC invocations=12 (full 0):
 garbage-first heap   total 112640K, used 88248K [0x0000000080000000, 0x0000000100000000)
  region size 1024K, 57 young (58368K), 1 survivors (1024K)
 Metaspace       used 46528K, committed 46976K, reserved 1097728K
  class space    used 6127K, committed 6336K, reserved 1048576K
}
Event: 4.730 GC heap after
{Heap after GC invocations=13 (full 0):
 garbage-first heap   total 112640K, used 31751K [0x0000000080000000, 0x0000000100000000)
  region size 1024K, 5 young (5120K), 5 survivors (5120K)
 Metaspace       used 46528K, committed 46976K, reserved 1097728K
  class space    used 6127K, committed 6336K, reserved 1048576K
}
Event: 5.638 GC heap before
{Heap before GC invocations=13 (full 0):
 garbage-first heap   total 112640K, used 83975K [0x0000000080000000, 0x0000000100000000)
  region size 1024K, 56 young (57344K), 5 survivors (5120K)
 Metaspace       used 52746K, committed 53184K, reserved 1097728K
  class space    used 7058K, committed 7232K, reserved 1048576K
}
Event: 5.643 GC heap after
{Heap after GC invocations=14 (full 0):
 garbage-first heap   total 112640K, used 35564K [0x0000000080000000, 0x0000000100000000)
  region size 1024K, 4 young (4096K), 4 survivors (4096K)
 Metaspace       used 52746K, committed 53184K, reserved 1097728K
  class space    used 7058K, committed 7232K, reserved 1048576K
}
Event: 6.107 GC heap before
{Heap before GC invocations=14 (full 0):
 garbage-first heap   total 112640K, used 95980K [0x0000000080000000, 0x0000000100000000)
  region size 1024K, 54 young (55296K), 4 survivors (4096K)
 Metaspace       used 54883K, committed 55424K, reserved 1097728K
  class space    used 7321K, committed 7552K, reserved 1048576K
}
Event: 6.112 GC heap after
{Heap after GC invocations=15 (full 0):
 garbage-first heap   total 112640K, used 52420K [0x0000000080000000, 0x0000000100000000)
  region size 1024K, 7 young (7168K), 7 survivors (7168K)
 Metaspace       used 54883K, committed 55424K, reserved 1097728K
  class space    used 7321K, committed 7552K, reserved 1048576K
}
Event: 6.581 GC heap before
{Heap before GC invocations=15 (full 0):
 garbage-first heap   total 112640K, used 82116K [0x0000000080000000, 0x0000000100000000)
  region size 1024K, 37 young (37888K), 7 survivors (7168K)
 Metaspace       used 59643K, committed 60160K, reserved 1105920K
  class space    used 7890K, committed 8128K, reserved 1048576K
}
Event: 6.584 GC heap after
{Heap after GC invocations=16 (full 0):
 garbage-first heap   total 112640K, used 53753K [0x0000000080000000, 0x0000000100000000)
  region size 1024K, 2 young (2048K), 2 survivors (2048K)
 Metaspace       used 59643K, committed 60160K, reserved 1105920K
  class space    used 7890K, committed 8128K, reserved 1048576K
}
Event: 7.122 GC heap before
{Heap before GC invocations=17 (full 0):
 garbage-first heap   total 112640K, used 83449K [0x0000000080000000, 0x0000000100000000)
  region size 1024K, 32 young (32768K), 2 survivors (2048K)
 Metaspace       used 65141K, committed 65664K, reserved 1105920K
  class space    used 8621K, committed 8832K, reserved 1048576K
}
Event: 7.126 GC heap after
{Heap after GC invocations=18 (full 0):
 garbage-first heap   total 112640K, used 56283K [0x0000000080000000, 0x0000000100000000)
  region size 1024K, 4 young (4096K), 4 survivors (4096K)
 Metaspace       used 65141K, committed 65664K, reserved 1105920K
  class space    used 8621K, committed 8832K, reserved 1048576K
}
Event: 7.174 GC heap before
{Heap before GC invocations=19 (full 0):
 garbage-first heap   total 117760K, used 68571K [0x0000000080000000, 0x0000000100000000)
  region size 1024K, 13 young (13312K), 4 survivors (4096K)
 Metaspace       used 65146K, committed 65664K, reserved 1105920K
  class space    used 8621K, committed 8832K, reserved 1048576K
}
Event: 7.178 GC heap after
{Heap after GC invocations=20 (full 0):
 garbage-first heap   total 117760K, used 62244K [0x0000000080000000, 0x0000000100000000)
  region size 1024K, 4 young (4096K), 4 survivors (4096K)
 Metaspace       used 65146K, committed 65664K, reserved 1105920K
  class space    used 8621K, committed 8832K, reserved 1048576K
}
Event: 7.467 GC heap before
{Heap before GC invocations=21 (full 0):
 garbage-first heap   total 117760K, used 87844K [0x0000000080000000, 0x0000000100000000)
  region size 1024K, 27 young (27648K), 4 survivors (4096K)
 Metaspace       used 67243K, committed 67840K, reserved 1114112K
  class space    used 8897K, committed 9152K, reserved 1048576K
}
Event: 7.470 GC heap after
{Heap after GC invocations=22 (full 0):
 garbage-first heap   total 117760K, used 59500K [0x0000000080000000, 0x0000000100000000)
  region size 1024K, 3 young (3072K), 3 survivors (3072K)
 Metaspace       used 67243K, committed 67840K, reserved 1114112K
  class space    used 8897K, committed 9152K, reserved 1048576K
}
Event: 7.812 GC heap before
{Heap before GC invocations=22 (full 0):
 garbage-first heap   total 117760K, used 86124K [0x0000000080000000, 0x0000000100000000)
  region size 1024K, 29 young (29696K), 3 survivors (3072K)
 Metaspace       used 69968K, committed 70592K, reserved 1114112K
  class space    used 9253K, committed 9536K, reserved 1048576K
}
Event: 7.815 GC heap after
{Heap after GC invocations=23 (full 0):
 garbage-first heap   total 117760K, used 61436K [0x0000000080000000, 0x0000000100000000)
  region size 1024K, 4 young (4096K), 4 survivors (4096K)
 Metaspace       used 69968K, committed 70592K, reserved 1114112K
  class space    used 9253K, committed 9536K, reserved 1048576K
}
Event: 8.162 GC heap before
{Heap before GC invocations=24 (full 0):
 garbage-first heap   total 117760K, used 89084K [0x0000000080000000, 0x0000000100000000)
  region size 1024K, 31 young (31744K), 4 survivors (4096K)
 Metaspace       used 72844K, committed 73408K, reserved 1114112K
  class space    used 9645K, committed 9920K, reserved 1048576K
}
Event: 8.166 GC heap after
{Heap after GC invocations=25 (full 0):
 garbage-first heap   total 117760K, used 63358K [0x0000000080000000, 0x0000000100000000)
  region size 1024K, 4 young (4096K), 4 survivors (4096K)
 Metaspace       used 72844K, committed 73408K, reserved 1114112K
  class space    used 9645K, committed 9920K, reserved 1048576K
}
Event: 8.539 GC heap before
{Heap before GC invocations=25 (full 0):
 garbage-first heap   total 117760K, used 91006K [0x0000000080000000, 0x0000000100000000)
  region size 1024K, 32 young (32768K), 4 survivors (4096K)
 Metaspace       used 76356K, committed 76928K, reserved 1122304K
  class space    used 10094K, committed 10368K, reserved 1048576K
}

Dll operation events (2 events):
Event: 0.008 Loaded shared library D:\Android\Android Studio\jbr\bin\java.dll
Event: 0.352 Loaded shared library D:\Android\Android Studio\jbr\bin\verify.dll

Deoptimization events (20 events):
Event: 8.437 Thread 0x000001dfd16cc5d0 Uncommon trap: trap_request=0xffffffde fr.pc=0x000001dfbfe3bd2c relative=0x00000000000004cc
Event: 8.437 Thread 0x000001dfd16cc5d0 Uncommon trap: reason=class_check action=maybe_recompile pc=0x000001dfbfe3bd2c method=kotlin.reflect.jvm.internal.impl.protobuf.CodedInputStream.tryRefillBuffer(I)Z @ 175 c2
Event: 8.437 Thread 0x000001dfd16cc5d0 DEOPT PACKING pc=0x000001dfbfe3bd2c sp=0x00000096fb9f85a0
Event: 8.437 Thread 0x000001dfd16cc5d0 DEOPT UNPACKING pc=0x000001dfbf5169a3 sp=0x00000096fb9f8488 mode 2
Event: 8.485 Thread 0x000001dfd16cc5d0 Uncommon trap: trap_request=0xffffff45 fr.pc=0x000001dfbfe3daa4 relative=0x0000000000000204
Event: 8.485 Thread 0x000001dfd16cc5d0 Uncommon trap: reason=unstable_if action=reinterpret pc=0x000001dfbfe3daa4 method=kotlin.reflect.jvm.internal.impl.protobuf.CodedInputStream.readRawVarint32()I @ 69 c2
Event: 8.485 Thread 0x000001dfd16cc5d0 DEOPT PACKING pc=0x000001dfbfe3daa4 sp=0x00000096fb9f82f0
Event: 8.485 Thread 0x000001dfd16cc5d0 DEOPT UNPACKING pc=0x000001dfbf5169a3 sp=0x00000096fb9f8220 mode 2
Event: 8.510 Thread 0x000001dfd2cb9920 Uncommon trap: trap_request=0xffffffde fr.pc=0x000001dfbfc775b4 relative=0x00000000000008b4
Event: 8.510 Thread 0x000001dfd2cb9920 Uncommon trap: reason=class_check action=maybe_recompile pc=0x000001dfbfc775b4 method=java.io.BufferedInputStream.read1([BII)I @ 39 c2
Event: 8.510 Thread 0x000001dfd2cb9920 DEOPT PACKING pc=0x000001dfbfc775b4 sp=0x00000096fd2fe400
Event: 8.510 Thread 0x000001dfd2cb9920 DEOPT UNPACKING pc=0x000001dfbf5169a3 sp=0x00000096fd2fe2a8 mode 2
Event: 8.510 Thread 0x000001dfd2cb9920 Uncommon trap: trap_request=0xffffff45 fr.pc=0x000001dfbfd54358 relative=0x0000000000000218
Event: 8.510 Thread 0x000001dfd2cb9920 Uncommon trap: reason=unstable_if action=reinterpret pc=0x000001dfbfd54358 method=com.esotericsoftware.kryo.io.Input.readVarInt(Z)I @ 42 c2
Event: 8.510 Thread 0x000001dfd2cb9920 DEOPT PACKING pc=0x000001dfbfd54358 sp=0x00000096fd2fe5b0
Event: 8.510 Thread 0x000001dfd2cb9920 DEOPT UNPACKING pc=0x000001dfbf5169a3 sp=0x00000096fd2fe4a0 mode 2
Event: 8.511 Thread 0x000001dfd2cb9920 Uncommon trap: trap_request=0xffffff45 fr.pc=0x000001dfbfd5353c relative=0x00000000000001fc
Event: 8.512 Thread 0x000001dfd2cb9920 Uncommon trap: reason=unstable_if action=reinterpret pc=0x000001dfbfd5353c method=com.esotericsoftware.kryo.io.Input.readVarInt(Z)I @ 42 c2
Event: 8.512 Thread 0x000001dfd2cb9920 DEOPT PACKING pc=0x000001dfbfd5353c sp=0x00000096fd2fe510
Event: 8.512 Thread 0x000001dfd2cb9920 DEOPT UNPACKING pc=0x000001dfbf5169a3 sp=0x00000096fd2fe4b8 mode 2

Classes unloaded (0 events):
No events

Classes redefined (0 events):
No events

Internal exceptions (20 events):
Event: 7.862 Thread 0x000001dfd16cc5d0 Exception <a 'java/lang/ClassNotFoundException'{0x000000008d1c83a8}: org/gradle/api/plugins/internal/DefaultBasePluginConventionCustomizer> (0x000000008d1c83a8) 
thrown [s\src\hotspot\share\classfile\systemDictionary.cpp, line 256]
Event: 7.863 Thread 0x000001dfd16cc5d0 Exception <a 'java/lang/ClassNotFoundException'{0x000000008d1f0fd8}: org/gradle/api/plugins/internal/DefaultBasePluginConvention_DecoratedCustomizer> (0x000000008d1f0fd8) 
thrown [s\src\hotspot\share\classfile\systemDictionary.cpp, line 256]
Event: 7.867 Thread 0x000001dfd16cc5d0 Exception <a 'java/lang/ClassNotFoundException'{0x000000008d069580}: org/gradle/api/plugins/internal/DefaultJavaPluginConvention_DecoratedBeanInfo> (0x000000008d069580) 
thrown [s\src\hotspot\share\classfile\systemDictionary.cpp, line 256]
Event: 7.868 Thread 0x000001dfd16cc5d0 Exception <a 'java/lang/ClassNotFoundException'{0x000000008d07fc88}: org/gradle/api/plugins/internal/DefaultJavaPluginConventionBeanInfo> (0x000000008d07fc88) 
thrown [s\src\hotspot\share\classfile\systemDictionary.cpp, line 256]
Event: 7.868 Thread 0x000001dfd16cc5d0 Exception <a 'java/lang/ClassNotFoundException'{0x000000008d095f08}: org/gradle/api/plugins/JavaPluginConventionBeanInfo> (0x000000008d095f08) 
thrown [s\src\hotspot\share\classfile\systemDictionary.cpp, line 256]
Event: 7.869 Thread 0x000001dfd16cc5d0 Exception <a 'java/lang/ClassNotFoundException'{0x000000008d0abf00}: org/gradle/api/plugins/JavaPluginConventionCustomizer> (0x000000008d0abf00) 
thrown [s\src\hotspot\share\classfile\systemDictionary.cpp, line 256]
Event: 7.871 Thread 0x000001dfd16cc5d0 Exception <a 'java/lang/ClassNotFoundException'{0x000000008d0d6388}: org/gradle/api/plugins/internal/DefaultJavaPluginConventionCustomizer> (0x000000008d0d6388) 
thrown [s\src\hotspot\share\classfile\systemDictionary.cpp, line 256]
Event: 7.872 Thread 0x000001dfd16cc5d0 Exception <a 'java/lang/ClassNotFoundException'{0x000000008cf136b8}: org/gradle/api/plugins/internal/DefaultJavaPluginConvention_DecoratedCustomizer> (0x000000008cf136b8) 
thrown [s\src\hotspot\share\classfile\systemDictionary.cpp, line 256]
Event: 8.053 Thread 0x000001dfd16cc5d0 Exception <a 'java/lang/ClassNotFoundException'{0x0000000086077428}: org/jetbrains/kotlin/gradle/targets/js/npm/DefaultNpmDependencyExtensionBeanInfo> (0x0000000086077428) 
thrown [s\src\hotspot\share\classfile\systemDictionary.cpp, line 256]
Event: 8.054 Thread 0x000001dfd16cc5d0 Exception <a 'java/lang/ClassNotFoundException'{0x0000000086082d10}: org/jetbrains/kotlin/gradle/targets/js/npm/DefaultNpmDependencyExtensionCustomizer> (0x0000000086082d10) 
thrown [s\src\hotspot\share\classfile\systemDictionary.cpp, line 256]
Event: 8.058 Thread 0x000001dfd16cc5d0 Exception <a 'java/lang/ClassNotFoundException'{0x00000000860f8ad0}: org/jetbrains/kotlin/gradle/targets/js/npm/NpmDependencyExtensionKt$defaultNpmDependencyDelegate$1BeanInfo> (0x00000000860f8ad0) 
thrown [s\src\hotspot\share\classfile\systemDictionary.cpp, line 256]
Event: 8.058 Thread 0x000001dfd16cc5d0 Exception <a 'java/lang/ClassNotFoundException'{0x0000000085f04630}: org/jetbrains/kotlin/gradle/targets/js/npm/NpmDependencyExtensionDelegateBeanInfo> (0x0000000085f04630) 
thrown [s\src\hotspot\share\classfile\systemDictionary.cpp, line 256]
Event: 8.059 Thread 0x000001dfd16cc5d0 Exception <a 'java/lang/ClassNotFoundException'{0x0000000085f0fcb0}: org/jetbrains/kotlin/gradle/targets/js/npm/NpmDependencyExtensionDelegateCustomizer> (0x0000000085f0fcb0) 
thrown [s\src\hotspot\share\classfile\systemDictionary.cpp, line 256]
Event: 8.060 Thread 0x000001dfd16cc5d0 Exception <a 'java/lang/ClassNotFoundException'{0x0000000085f33798}: org/jetbrains/kotlin/gradle/targets/js/npm/NpmDependencyExtensionKt$defaultNpmDependencyDelegate$1Customizer> (0x0000000085f33798) 
thrown [s\src\hotspot\share\classfile\systemDictionary.cpp, line 256]
Event: 8.062 Thread 0x000001dfd16cc5d0 Exception <a 'java/lang/ClassNotFoundException'{0x0000000085f6df18}: org/jetbrains/kotlin/gradle/targets/js/npm/DefaultDevNpmDependencyExtensionBeanInfo> (0x0000000085f6df18) 
thrown [s\src\hotspot\share\classfile\systemDictionary.cpp, line 256]
Event: 8.062 Thread 0x000001dfd16cc5d0 Exception <a 'java/lang/ClassNotFoundException'{0x0000000085f795a0}: org/jetbrains/kotlin/gradle/targets/js/npm/DefaultDevNpmDependencyExtensionCustomizer> (0x0000000085f795a0) 
thrown [s\src\hotspot\share\classfile\systemDictionary.cpp, line 256]
Event: 8.064 Thread 0x000001dfd16cc5d0 Exception <a 'java/lang/ClassNotFoundException'{0x0000000085fb89d0}: org/jetbrains/kotlin/gradle/targets/js/npm/DefaultPeerNpmDependencyExtensionBeanInfo> (0x0000000085fb89d0) 
thrown [s\src\hotspot\share\classfile\systemDictionary.cpp, line 256]
Event: 8.065 Thread 0x000001dfd16cc5d0 Exception <a 'java/lang/ClassNotFoundException'{0x0000000085fc4088}: org/jetbrains/kotlin/gradle/targets/js/npm/DefaultPeerNpmDependencyExtensionCustomizer> (0x0000000085fc4088) 
thrown [s\src\hotspot\share\classfile\systemDictionary.cpp, line 256]
Event: 8.069 Thread 0x000001dfd16cc5d0 Exception <a 'java/lang/ClassNotFoundException'{0x0000000085e0f6d8}: org/jetbrains/kotlin/gradle/targets/js/npm/DefaultPeerNpmDependencyExtension$delegate$1BeanInfo> (0x0000000085e0f6d8) 
thrown [s\src\hotspot\share\classfile\systemDictionary.cpp, line 256]
Event: 8.069 Thread 0x000001dfd16cc5d0 Exception <a 'java/lang/ClassNotFoundException'{0x0000000085e1af58}: org/jetbrains/kotlin/gradle/targets/js/npm/DefaultPeerNpmDependencyExtension$delegate$1Customizer> (0x0000000085e1af58) 
thrown [s\src\hotspot\share\classfile\systemDictionary.cpp, line 256]

VM Operations (20 events):
Event: 7.202 Executing VM operation: G1Concurrent done
Event: 7.214 Executing VM operation: G1Concurrent
Event: 7.214 Executing VM operation: G1Concurrent done
Event: 7.467 Executing VM operation: G1CollectForAllocation
Event: 7.470 Executing VM operation: G1CollectForAllocation done
Event: 7.679 Executing VM operation: HandshakeAllThreads
Event: 7.679 Executing VM operation: HandshakeAllThreads done
Event: 7.704 Executing VM operation: ICBufferFull
Event: 7.704 Executing VM operation: ICBufferFull done
Event: 7.812 Executing VM operation: G1CollectForAllocation
Event: 7.815 Executing VM operation: G1CollectForAllocation done
Event: 7.838 Executing VM operation: G1Concurrent
Event: 7.840 Executing VM operation: G1Concurrent done
Event: 7.849 Executing VM operation: G1Concurrent
Event: 7.849 Executing VM operation: G1Concurrent done
Event: 7.854 Executing VM operation: HandshakeAllThreads
Event: 7.854 Executing VM operation: HandshakeAllThreads done
Event: 8.162 Executing VM operation: G1CollectForAllocation
Event: 8.166 Executing VM operation: G1CollectForAllocation done
Event: 8.539 Executing VM operation: G1CollectForAllocation

Events (20 events):
Event: 7.722 loading class org/xml/sax/ContentHandler
Event: 7.723 loading class org/xml/sax/ContentHandler done
Event: 7.723 loading class org/xml/sax/EntityResolver
Event: 7.723 loading class org/xml/sax/EntityResolver done
Event: 7.723 loading class org/xml/sax/DTDHandler
Event: 7.723 loading class org/xml/sax/DTDHandler done
Event: 7.731 loading class java/util/Spliterators$IntArraySpliterator
Event: 7.731 loading class java/util/Spliterators$IntArraySpliterator done
Event: 7.734 loading class java/text/ParsePosition
Event: 7.734 loading class java/text/ParsePosition done
Event: 7.740 loading class java/text/CharacterIterator
Event: 7.740 loading class java/text/CharacterIterator done
Event: 7.786 loading class java/time/format/DateTimeFormatterBuilder$WeekBasedFieldPrinterParser
Event: 7.786 loading class java/time/format/DateTimeFormatterBuilder$WeekBasedFieldPrinterParser done
Event: 7.797 loading class com/sun/jmx/mbeanserver/StandardMBeanSupport
Event: 7.797 loading class com/sun/jmx/mbeanserver/StandardMBeanSupport done
Event: 7.797 loading class com/sun/jmx/mbeanserver/StandardMBeanIntrospector
Event: 7.797 loading class com/sun/jmx/mbeanserver/StandardMBeanIntrospector done
Event: 8.415 loading class java/util/ArrayList$SubList$1
Event: 8.415 loading class java/util/ArrayList$SubList$1 done


Dynamic libraries:
0x00007ff704af0000 - 0x00007ff704afa000 	D:\Android\Android Studio\jbr\bin\java.exe
0x00007ff9697f0000 - 0x00007ff969a04000 	C:\WINDOWS\SYSTEM32\ntdll.dll
0x00007ff967d70000 - 0x00007ff967e34000 	C:\WINDOWS\System32\KERNEL32.DLL
0x00007ff966bd0000 - 0x00007ff966f74000 	C:\WINDOWS\System32\KERNELBASE.dll
0x00007ff967340000 - 0x00007ff967451000 	C:\WINDOWS\System32\ucrtbase.dll
0x00007ff95ebf0000 - 0x00007ff95ec07000 	D:\Android\Android Studio\jbr\bin\jli.dll
0x00007ff9316b0000 - 0x00007ff9316cb000 	D:\Android\Android Studio\jbr\bin\VCRUNTIME140.dll
0x00007ff969600000 - 0x00007ff9697ae000 	C:\WINDOWS\System32\USER32.dll
0x00007ff966ba0000 - 0x00007ff966bc6000 	C:\WINDOWS\System32\win32u.dll
0x00007ff945900000 - 0x00007ff945b93000 	C:\WINDOWS\WinSxS\amd64_microsoft.windows.common-controls_6595b64144ccf1df_6.0.22621.2215_none_270d72677387dfc3\COMCTL32.dll
0x00007ff967ac0000 - 0x00007ff967ae9000 	C:\WINDOWS\System32\GDI32.dll
0x00007ff967e40000 - 0x00007ff967ee7000 	C:\WINDOWS\System32\msvcrt.dll
0x00007ff967460000 - 0x00007ff967578000 	C:\WINDOWS\System32\gdi32full.dll
0x00007ff966f80000 - 0x00007ff96701a000 	C:\WINDOWS\System32\msvcp_win.dll
0x00007ff967580000 - 0x00007ff9675b1000 	C:\WINDOWS\System32\IMM32.DLL
0x00007ff93b480000 - 0x00007ff93b48c000 	D:\Android\Android Studio\jbr\bin\vcruntime140_1.dll
0x00007ff915110000 - 0x00007ff91519d000 	D:\Android\Android Studio\jbr\bin\msvcp140.dll
0x00007ff906880000 - 0x00007ff9074ee000 	D:\Android\Android Studio\jbr\bin\server\jvm.dll
0x00007ff967ef0000 - 0x00007ff967fa0000 	C:\WINDOWS\System32\ADVAPI32.dll
0x00007ff968ef0000 - 0x00007ff968f96000 	C:\WINDOWS\System32\sechost.dll
0x00007ff968c50000 - 0x00007ff968d67000 	C:\WINDOWS\System32\RPCRT4.dll
0x00007ff961a40000 - 0x00007ff961a49000 	C:\WINDOWS\SYSTEM32\WSOCK32.dll
0x00007ff95e700000 - 0x00007ff95e70a000 	C:\WINDOWS\SYSTEM32\VERSION.dll
0x00007ff95d9a0000 - 0x00007ff95d9d4000 	C:\WINDOWS\SYSTEM32\WINMM.dll
0x00007ff9679d0000 - 0x00007ff967a41000 	C:\WINDOWS\System32\WS2_32.dll
0x00007ff965c90000 - 0x00007ff965ca8000 	C:\WINDOWS\SYSTEM32\kernel.appcore.dll
0x00007ff961970000 - 0x00007ff96197a000 	D:\Android\Android Studio\jbr\bin\jimage.dll
0x00007ff964580000 - 0x00007ff9647ae000 	C:\WINDOWS\SYSTEM32\DBGHELP.DLL
0x00007ff969080000 - 0x00007ff96940a000 	C:\WINDOWS\System32\combase.dll
0x00007ff968fa0000 - 0x00007ff969077000 	C:\WINDOWS\System32\OLEAUT32.dll
0x00007ff951250000 - 0x00007ff951282000 	C:\WINDOWS\SYSTEM32\dbgcore.DLL
0x00007ff967150000 - 0x00007ff9671ca000 	C:\WINDOWS\System32\bcryptPrimitives.dll
0x00007ff9611d0000 - 0x00007ff9611f5000 	D:\Android\Android Studio\jbr\bin\java.dll
0x00007ff961950000 - 0x00007ff961968000 	D:\Android\Android Studio\jbr\bin\zip.dll
0x00007ff968420000 - 0x00007ff968c43000 	C:\WINDOWS\System32\SHELL32.dll
0x00007ff964b40000 - 0x00007ff96542a000 	C:\WINDOWS\SYSTEM32\windows.storage.dll
0x00007ff964a00000 - 0x00007ff964b3e000 	C:\WINDOWS\SYSTEM32\wintypes.dll
0x00007ff967bf0000 - 0x00007ff967ce3000 	C:\WINDOWS\System32\SHCORE.dll
0x00007ff968d70000 - 0x00007ff968dce000 	C:\WINDOWS\System32\shlwapi.dll
0x00007ff966ad0000 - 0x00007ff966af6000 	C:\WINDOWS\SYSTEM32\profapi.dll
0x00007ff95ec30000 - 0x00007ff95ec49000 	D:\Android\Android Studio\jbr\bin\net.dll
0x00007ff95e120000 - 0x00007ff95e257000 	C:\WINDOWS\SYSTEM32\WINHTTP.dll
0x00007ff966160000 - 0x00007ff9661c9000 	C:\WINDOWS\system32\mswsock.dll
0x00007ff95ec10000 - 0x00007ff95ec26000 	D:\Android\Android Studio\jbr\bin\nio.dll
0x00007ff9618f0000 - 0x00007ff961900000 	D:\Android\Android Studio\jbr\bin\verify.dll
0x00007ff932830000 - 0x00007ff932857000 	C:\Users\LENOVO\.gradle\native\68d5fa5c4cc2d200863cafc0d521ce42e7d3e7ee720ec0a83991735586a16f82\windows-amd64\native-platform.dll
0x00007ff930d10000 - 0x00007ff930e54000 	C:\Users\LENOVO\.gradle\native\e376f236ea51e6404a007f0833ffe2c6e607c4080706a723a18a27aeea778392\windows-amd64\native-platform-file-events.dll
0x00007ff95f460000 - 0x00007ff95f469000 	D:\Android\Android Studio\jbr\bin\management.dll
0x00007ff95ed50000 - 0x00007ff95ed5b000 	D:\Android\Android Studio\jbr\bin\management_ext.dll
0x00007ff9675c0000 - 0x00007ff9675c8000 	C:\WINDOWS\System32\PSAPI.DLL
0x00007ff9663b0000 - 0x00007ff9663cb000 	C:\WINDOWS\SYSTEM32\CRYPTSP.dll
0x00007ff965c50000 - 0x00007ff965c85000 	C:\WINDOWS\system32\rsaenh.dll
0x00007ff966250000 - 0x00007ff96627c000 	C:\WINDOWS\SYSTEM32\USERENV.dll
0x00007ff966550000 - 0x00007ff966578000 	C:\WINDOWS\SYSTEM32\bcrypt.dll
0x00007ff9663d0000 - 0x00007ff9663dc000 	C:\WINDOWS\SYSTEM32\CRYPTBASE.dll
0x00007ff965700000 - 0x00007ff96572d000 	C:\WINDOWS\SYSTEM32\IPHLPAPI.DLL
0x00007ff967910000 - 0x00007ff967919000 	C:\WINDOWS\System32\NSI.dll
0x00007ff95dd30000 - 0x00007ff95dd49000 	C:\WINDOWS\SYSTEM32\dhcpcsvc6.DLL
0x00007ff95dcf0000 - 0x00007ff95dd0f000 	C:\WINDOWS\SYSTEM32\dhcpcsvc.DLL
0x00007ff965770000 - 0x00007ff965862000 	C:\WINDOWS\SYSTEM32\DNSAPI.dll
0x00007ff952720000 - 0x00007ff952728000 	C:\WINDOWS\system32\wshunix.dll

dbghelp: loaded successfully - version: 4.0.5 - missing functions: none
symbol engine: initialized successfully - sym options: 0x614 - pdb path: .;D:\Android\Android Studio\jbr\bin;C:\WINDOWS\SYSTEM32;C:\WINDOWS\WinSxS\amd64_microsoft.windows.common-controls_6595b64144ccf1df_6.0.22621.2215_none_270d72677387dfc3;D:\Android\Android Studio\jbr\bin\server;C:\Users\LENOVO\.gradle\native\68d5fa5c4cc2d200863cafc0d521ce42e7d3e7ee720ec0a83991735586a16f82\windows-amd64;C:\Users\LENOVO\.gradle\native\e376f236ea51e6404a007f0833ffe2c6e607c4080706a723a18a27aeea778392\windows-amd64

VM Arguments:
jvm_args: --add-opens=java.base/java.util=ALL-UNNAMED --add-opens=java.base/java.lang=ALL-UNNAMED --add-opens=java.base/java.lang.invoke=ALL-UNNAMED --add-opens=java.prefs/java.util.prefs=ALL-UNNAMED --add-opens=java.base/java.nio.charset=ALL-UNNAMED --add-opens=java.base/java.net=ALL-UNNAMED --add-opens=java.base/java.util.concurrent.atomic=ALL-UNNAMED -Xmx2048m -Dfile.encoding=UTF-8 -Duser.country=ID -Duser.language=en -Duser.variant 
java_command: org.gradle.launcher.daemon.bootstrap.GradleDaemon 8.0
java_class_path (initial): C:\Users\LENOVO\.gradle\wrapper\dists\gradle-8.0-bin\ca5e32bp14vu59qr306oxotwh\gradle-8.0\lib\gradle-launcher-8.0.jar
Launcher Type: SUN_STANDARD

[Global flags]
     intx CICompilerCount                          = 4                                         {product} {ergonomic}
     uint ConcGCThreads                            = 3                                         {product} {ergonomic}
     uint G1ConcRefinementThreads                  = 10                                        {product} {ergonomic}
   size_t G1HeapRegionSize                         = 1048576                                   {product} {ergonomic}
    uintx GCDrainStackTargetSize                   = 64                                        {product} {ergonomic}
   size_t InitialHeapSize                          = 266338304                                 {product} {ergonomic}
   size_t MarkStackSize                            = 4194304                                   {product} {ergonomic}
   size_t MaxHeapSize                              = 2147483648                                {product} {command line}
   size_t MaxNewSize                               = 1287651328                                {product} {ergonomic}
   size_t MinHeapDeltaBytes                        = 1048576                                   {product} {ergonomic}
   size_t MinHeapSize                              = 8388608                                   {product} {ergonomic}
    uintx NonNMethodCodeHeapSize                   = 5839372                                {pd product} {ergonomic}
    uintx NonProfiledCodeHeapSize                  = 122909434                              {pd product} {ergonomic}
    uintx ProfiledCodeHeapSize                     = 122909434                              {pd product} {ergonomic}
    uintx ReservedCodeCacheSize                    = 251658240                              {pd product} {ergonomic}
     bool SegmentedCodeCache                       = true                                      {product} {ergonomic}
   size_t SoftMaxHeapSize                          = 2147483648                             {manageable} {ergonomic}
     bool UseCompressedClassPointers               = true                           {product lp64_product} {ergonomic}
     bool UseCompressedOops                        = true                           {product lp64_product} {ergonomic}
     bool UseG1GC                                  = true                                      {product} {ergonomic}
     bool UseLargePagesIndividualAllocation        = false                                  {pd product} {ergonomic}

Logging:
Log output configuration:
 #0: stdout all=warning uptime,level,tags
 #1: stderr all=off uptime,level,tags

Environment Variables:
PATH=C:\Program Files\Common Files\Oracle\Java\javapath;C:\Program Files (x86)\Common Files\Oracle\Java\javapath;C:\Windows\system32;C:\Windows;C:\Windows\System32\Wbem;C:\Windows\System32\WindowsPowerShell\v1.0\;C:\Windows\System32\OpenSSH\;C:\Program Files (x86)\NVIDIA Corporation\PhysX\Common;C:\Program Files\NVIDIA Corporation\NVIDIA NvDLISR;C:\Users\LENOVO\AppData\Local\Microsoft\WindowsApps;C:\adb;C:\WINDOWS\system32;C:\WINDOWS;C:\WINDOWS\System32\Wbem;C:\WINDOWS\System32\WindowsPowerShell\v1.0\;C:\WINDOWS\System32\OpenSSH\;E:\Downloads\Zip\mysql-8.0.30-winx64\bin;D:\Git\cmd;C:\Program Files\dotnet\;D:\nodejs\;C:\Program Files (x86)\Windows Kits\10\Windows Performance Toolkit\;D:\Python\Scripts\;D:\Python\;C:\Program Files\MySQL\MySQL Shell 8.0\bin\;C:\Users\LENOVO\AppData\Local\Microsoft\WindowsApps;D:\Microsoft VS Code\bin;C:\Users\LENOVO\AppData\Local\GitHubDesktop\bin;C:\Users\LENOVO\AppData\Roaming\npm
USERNAME=LENOVO
OS=Windows_NT
PROCESSOR_IDENTIFIER=Intel64 Family 6 Model 165 Stepping 2, GenuineIntel
TMP=C:\Users\LENOVO\AppData\Local\Temp
TEMP=C:\Users\LENOVO\AppData\Local\Temp


JNI global refs:
JNI global refs: 24, weak refs: 0

JNI global refs memory usage: 843, weak refs: 841


---------------  S Y S T E M  ---------------

OS:
 Windows 11 , 64 bit Build 22621 (10.0.22621.2215)
OS uptime: 0 days 1:50 hours

CPU: total 12 (initial active 12) (6 cores per cpu, 2 threads per core) family 6 model 165 stepping 2 microcode 0xf6, cx8, cmov, fxsr, ht, mmx, 3dnowpref, sse, sse2, sse3, ssse3, sse4.1, sse4.2, popcnt, lzcnt, tsc, tscinvbit, avx, avx2, aes, erms, clmul, bmi1, bmi2, adx, fma, vzeroupper, clflush, clflushopt

Memory: 4k page, system-wide physical 16251M (4580M free)
TotalPageFile size 16251M (AvailPageFile size 34M)
current process WorkingSet (physical memory assigned to process): 357M, peak: 361M
current process commit charge ("private bytes"): 397M, peak: 495M

vm_info: OpenJDK 64-Bit Server VM (17.0.6+0-b2043.56-10027231) for windows-amd64 JRE (17.0.6+0-b2043.56-10027231), built on Apr 28 2023 00:43:19 by "androidbuild" with MS VC++ 16.10 / 16.11 (VS2019)

END.
