#
# There is insufficient memory for the Java Runtime Environment to continue.
# Native memory allocation (mmap) failed to map 42991616 bytes for G1 virtual space
# Possible reasons:
#   The system is out of physical RAM or swap space
#   The process is running with CompressedOops enabled, and the Java Heap may be blocking the growth of the native heap
# Possible solutions:
#   Reduce memory load on the system
#   Increase physical memory or swap space
#   Check if swap backing store is full
#   Decrease Java heap size (-Xmx/-Xms)
#   Decrease number of Java threads
#   Decrease Java thread stack sizes (-Xss)
#   Set larger code cache with -XX:ReservedCodeCacheSize=
#   JVM is running with Unscaled Compressed Oops mode in which the Java heap is
#     placed in the first 4GB address space. The Java Heap base address is the
#     maximum limit for the native heap growth. Please use -XX:HeapBaseMinAddress
#     to set the Java Heap base and to place the Java Heap above 4GB virtual address.
# This output file may be truncated or incomplete.
#
#  Out of Memory Error (os_windows.cpp:3769), pid=16456, tid=20444
#
# JRE version: OpenJDK Runtime Environment (17.0.6) (build 17.0.6+0-b2043.56-10027231)
# Java VM: OpenJDK 64-Bit Server VM (17.0.6+0-b2043.56-10027231, mixed mode, tiered, compressed oops, compressed class ptrs, g1 gc, windows-amd64)
# No core dump will be written. Minidumps are not enabled by default on client versions of Windows
#

---------------  S U M M A R Y ------------

Command Line: --add-opens=java.base/java.util=ALL-UNNAMED --add-opens=java.base/java.lang=ALL-UNNAMED --add-opens=java.base/java.lang.invoke=ALL-UNNAMED --add-opens=java.prefs/java.util.prefs=ALL-UNNAMED --add-opens=java.base/java.nio.charset=ALL-UNNAMED --add-opens=java.base/java.net=ALL-UNNAMED --add-opens=java.base/java.util.concurrent.atomic=ALL-UNNAMED -Xmx2048m -Dfile.encoding=UTF-8 -Duser.country=ID -Duser.language=en -Duser.variant org.gradle.launcher.daemon.bootstrap.GradleDaemon 8.0

Host: Intel(R) Core(TM) i7-10750H CPU @ 2.60GHz, 12 cores, 15G,  Windows 11 , 64 bit Build 22621 (10.0.22621.2215)
Time: Sat Sep 16 22:18:22 2023 SE Asia Standard Time elapsed time: 12.793435 seconds (0d 0h 0m 12s)

---------------  T H R E A D  ---------------

Current thread (0x000001537447b660):  VMThread "VM Thread" [stack: 0x00000017d7000000,0x00000017d7100000] [id=20444]

Stack: [0x00000017d7000000,0x00000017d7100000]
Native frames: (J=compiled Java code, j=interpreted, Vv=VM code, C=native code)
V  [jvm.dll+0x683c9a]
V  [jvm.dll+0x8427a4]
V  [jvm.dll+0x843f9e]
V  [jvm.dll+0x844603]
V  [jvm.dll+0x249b75]
V  [jvm.dll+0x680b69]
V  [jvm.dll+0x67505a]
V  [jvm.dll+0x309acb]
V  [jvm.dll+0x310f86]
V  [jvm.dll+0x3608ee]
V  [jvm.dll+0x360b1f]
V  [jvm.dll+0x2dfbf8]
V  [jvm.dll+0x2ddec4]
V  [jvm.dll+0x2dd4cc]
V  [jvm.dll+0x321f3b]
V  [jvm.dll+0x848ccb]
V  [jvm.dll+0x849a04]
V  [jvm.dll+0x849f1d]
V  [jvm.dll+0x84a2f4]
V  [jvm.dll+0x84a3c0]
V  [jvm.dll+0x7f274a]
V  [jvm.dll+0x682ad5]
C  [ucrtbase.dll+0x29363]
C  [KERNEL32.DLL+0x1257d]
C  [ntdll.dll+0x5aa68]

VM_Operation (0x00000017d8af67e0): G1CollectForAllocation, mode: safepoint, requested by thread 0x0000015378212080


---------------  P R O C E S S  ---------------

Threads class SMR info:
_java_thread_list=0x0000015378803490, length=172, elements={
0x0000015358247810, 0x0000015375048c40, 0x00000153750499c0, 0x000001537449d0e0,
0x000001537449dc90, 0x000001537449e740, 0x000001537508b7b0, 0x000001537508f8a0,
0x000001537509a670, 0x000001537509b060, 0x00000153751fc930, 0x0000015375207ef0,
0x0000015375faafd0, 0x000001537652c920, 0x000001537773d970, 0x0000015376aa1210,
0x0000015376aa16e0, 0x0000015378212550, 0x0000015378212080, 0x000001537820fa00,
0x0000015378211bb0, 0x0000015378212a20, 0x0000015378211210, 0x000001537820f060,
0x000001537820fed0, 0x0000015378210d40, 0x00000153782103a0, 0x00000153782116e0,
0x000001537820f530, 0x0000015378210870, 0x000001537805b180, 0x0000015378058160,
0x0000015378056950, 0x00000153780547a0, 0x000001537637efc0, 0x0000015378059970,
0x0000015378055fb0, 0x0000015378055140, 0x0000015378057c90, 0x0000015378053930,
0x0000015378059e40, 0x000001537805a310, 0x0000015378058fd0, 0x0000015378054c70,
0x00000153780577c0, 0x0000015378056480, 0x0000015378058b00, 0x000001537805acb0,
0x00000153780572f0, 0x00000153786c2b50, 0x00000153786c6eb0, 0x00000153786c3020,
0x00000153786c9060, 0x00000153786c39c0, 0x00000153786c81f0, 0x00000153786c9ed0,
0x00000153786c3e90, 0x00000153786c9530, 0x00000153786c86c0, 0x00000153786c8b90,
0x00000153786c34f0, 0x00000153786c51d0, 0x00000153786ca3a0, 0x00000153786c7d20,
0x00000153786c9a00, 0x00000153786c7380, 0x00000153786c69e0, 0x00000153786c7850,
0x00000153786c56a0, 0x00000153786c4360, 0x00000153786c4830, 0x00000153786c4d00,
0x00000153786c5b70, 0x00000153786c6040, 0x00000153786c6510, 0x0000015377c00370,
0x0000015377c05540, 0x0000015377bfe690, 0x0000015377c01b80, 0x0000015377bffea0,
0x0000015377c05a10, 0x0000015377bfe1c0, 0x0000015377bfeb60, 0x0000015377bff030,
0x0000015377bff500, 0x0000015377c02ec0, 0x0000015377bff9d0, 0x0000015377c04200,
0x0000015377c046d0, 0x0000015377c03d30, 0x0000015377c04ba0, 0x0000015377c05070,
0x0000015377c02050, 0x0000015377c011e0, 0x0000015377c00840, 0x0000015377c00d10,
0x0000015377c03390, 0x0000015377c016b0, 0x0000015377c02520, 0x0000015377c029f0,
0x0000015377c03860, 0x000001537895c400, 0x000001537895d740, 0x000001537895a720,
0x000001537895b590, 0x0000015378956d60, 0x000001537895cda0, 0x0000015378956890,
0x0000015378958570, 0x00000153789598b0, 0x0000015378959d80, 0x00000153789593e0,
0x000001537895dc10, 0x00000153789563c0, 0x0000015378958f10, 0x0000015378958a40,
0x000001537895a250, 0x000001537895abf0, 0x000001537895b0c0, 0x000001537895ba60,
0x000001537895bf30, 0x0000015378957230, 0x000001537895c8d0, 0x000001537895d270,
0x0000015378957700, 0x0000015378957bd0, 0x00000153789580a0, 0x000001537b3aeb20,
0x000001537b3b2010, 0x000001537b3aeff0, 0x000001537b3b41c0, 0x000001537b3af4c0,
0x000001537b3af990, 0x000001537b3b24e0, 0x000001537b3b3350, 0x000001537b3afe60,
0x000001537b3b4690, 0x000001537b3b5500, 0x000001537b3b3820, 0x000001537b3b3cf0,
0x000001537b3b0330, 0x000001537b3b0800, 0x000001537b3b29b0, 0x000001537b3ae180,
0x000001537b3b0cd0, 0x000001537b3b11a0, 0x000001537b3ae650, 0x000001537b3b2e80,
0x000001537b3b1670, 0x000001537b3b5030, 0x000001537b3b1b40, 0x000001537b3adcb0,
0x000001537b3b4b60, 0x000001537ad398d0, 0x000001537ad333c0, 0x000001537ad350a0,
0x000001537ad37bf0, 0x000001537ad35570, 0x000001537ad37720, 0x000001537ad33890,
0x000001537ad37250, 0x000001537ad35a40, 0x000001537ad32ef0, 0x000001537ad380c0,
0x000001537ad38590, 0x000001537ad35f10, 0x000001537ad32550, 0x000001537ad32a20,
0x000001537ad38a60, 0x000001537ad39400, 0x000001537ad38f30, 0x000001537ec2edb0
}

Java Threads: ( => current thread )
  0x0000015358247810 JavaThread "main" [_thread_blocked, id=3392, stack(0x00000017d6a00000,0x00000017d6b00000)]
  0x0000015375048c40 JavaThread "Reference Handler" daemon [_thread_blocked, id=5464, stack(0x00000017d7100000,0x00000017d7200000)]
  0x00000153750499c0 JavaThread "Finalizer" daemon [_thread_blocked, id=7668, stack(0x00000017d7200000,0x00000017d7300000)]
  0x000001537449d0e0 JavaThread "Signal Dispatcher" daemon [_thread_blocked, id=4920, stack(0x00000017d7300000,0x00000017d7400000)]
  0x000001537449dc90 JavaThread "Attach Listener" daemon [_thread_blocked, id=3972, stack(0x00000017d7400000,0x00000017d7500000)]
  0x000001537449e740 JavaThread "Service Thread" daemon [_thread_blocked, id=6720, stack(0x00000017d7500000,0x00000017d7600000)]
  0x000001537508b7b0 JavaThread "Monitor Deflation Thread" daemon [_thread_blocked, id=3052, stack(0x00000017d7600000,0x00000017d7700000)]
  0x000001537508f8a0 JavaThread "C2 CompilerThread0" daemon [_thread_blocked, id=3480, stack(0x00000017d7700000,0x00000017d7800000)]
  0x000001537509a670 JavaThread "C1 CompilerThread0" daemon [_thread_blocked, id=19352, stack(0x00000017d7800000,0x00000017d7900000)]
  0x000001537509b060 JavaThread "Sweeper thread" daemon [_thread_blocked, id=12364, stack(0x00000017d7900000,0x00000017d7a00000)]
  0x00000153751fc930 JavaThread "Common-Cleaner" daemon [_thread_blocked, id=1580, stack(0x00000017d7a00000,0x00000017d7b00000)]
  0x0000015375207ef0 JavaThread "Notification Thread" daemon [_thread_blocked, id=12740, stack(0x00000017d7b00000,0x00000017d7c00000)]
  0x0000015375faafd0 JavaThread "Daemon health stats" [_thread_blocked, id=19556, stack(0x00000017d8400000,0x00000017d8500000)]
  0x000001537652c920 JavaThread "Incoming local TCP Connector on port 51479" [_thread_in_native, id=5384, stack(0x00000017d8500000,0x00000017d8600000)]
  0x000001537773d970 JavaThread "Daemon periodic checks" [_thread_blocked, id=16220, stack(0x00000017d8600000,0x00000017d8700000)]
  0x0000015376aa1210 JavaThread "Daemon" [_thread_blocked, id=19612, stack(0x00000017d8700000,0x00000017d8800000)]
  0x0000015376aa16e0 JavaThread "Handler for socket connection from /127.0.0.1:51479 to /127.0.0.1:51480" [_thread_in_native, id=1032, stack(0x00000017d8800000,0x00000017d8900000)]
  0x0000015378212550 JavaThread "Cancel handler" [_thread_blocked, id=16580, stack(0x00000017d8900000,0x00000017d8a00000)]
  0x0000015378212080 JavaThread "Daemon worker" [_thread_blocked, id=16176, stack(0x00000017d8a00000,0x00000017d8b00000)]
  0x000001537820fa00 JavaThread "Asynchronous log dispatcher for DefaultDaemonConnection: socket connection from /127.0.0.1:51479 to /127.0.0.1:51480" [_thread_blocked, id=17440, stack(0x00000017d8b00000,0x00000017d8c00000)]
  0x0000015378211bb0 JavaThread "Stdin handler" [_thread_blocked, id=12360, stack(0x00000017d8c00000,0x00000017d8d00000)]
  0x0000015378212a20 JavaThread "Daemon client event forwarder" [_thread_blocked, id=17272, stack(0x00000017d8d00000,0x00000017d8e00000)]
  0x0000015378211210 JavaThread "Cache worker for journal cache (C:\Users\LENOVO\.gradle\caches\journal-1)" [_thread_blocked, id=10820, stack(0x00000017d9400000,0x00000017d9500000)]
  0x000001537820f060 JavaThread "File lock request listener" [_thread_in_native, id=19288, stack(0x00000017d9500000,0x00000017d9600000)]
  0x000001537820fed0 JavaThread "Cache worker for file hash cache (C:\Users\LENOVO\.gradle\caches\8.0\fileHashes)" [_thread_blocked, id=17300, stack(0x00000017d9600000,0x00000017d9700000)]
  0x0000015378210d40 JavaThread "File watcher server" daemon [_thread_in_native, id=18888, stack(0x00000017d9700000,0x00000017d9800000)]
  0x00000153782103a0 JavaThread "File watcher consumer" daemon [_thread_blocked, id=13840, stack(0x00000017d9800000,0x00000017d9900000)]
  0x00000153782116e0 JavaThread "Cache worker for checksums cache (C:\Users\LENOVO\Documents\MyCalculator\.gradle\8.0\checksums)" [_thread_blocked, id=10244, stack(0x00000017d9900000,0x00000017d9a00000)]
  0x000001537820f530 JavaThread "Cache worker for cache directory md-rule (C:\Users\LENOVO\.gradle\caches\8.0\md-rule)" [_thread_blocked, id=19588, stack(0x00000017d9a00000,0x00000017d9b00000)]
  0x0000015378210870 JavaThread "Cache worker for file content cache (C:\Users\LENOVO\.gradle\caches\8.0\fileContent)" [_thread_blocked, id=18876, stack(0x00000017d9b00000,0x00000017d9c00000)]
  0x000001537805b180 JavaThread "Cache worker for file hash cache (C:\Users\LENOVO\Documents\MyCalculator\.gradle\8.0\fileHashes)" [_thread_blocked, id=7476, stack(0x00000017d9c00000,0x00000017d9d00000)]
  0x0000015378058160 JavaThread "Cache worker for cache directory md-supplier (C:\Users\LENOVO\.gradle\caches\8.0\md-supplier)" [_thread_blocked, id=13564, stack(0x00000017d9d00000,0x00000017d9e00000)]
  0x0000015378056950 JavaThread "Cache worker for execution history cache (C:\Users\LENOVO\.gradle\caches\8.0\executionHistory)" [_thread_blocked, id=12464, stack(0x00000017d8300000,0x00000017d8400000)]
  0x00000153780547a0 JavaThread "jar transforms" [_thread_blocked, id=9100, stack(0x00000017d7d00000,0x00000017d7e00000)]
  0x000001537637efc0 JavaThread "C2 CompilerThread1" daemon [_thread_in_native, id=19712, stack(0x00000017d9e00000,0x00000017d9f00000)]
  0x0000015378059970 JavaThread "jar transforms Thread 2" [_thread_blocked, id=18408, stack(0x00000017da000000,0x00000017da100000)]
  0x0000015378055fb0 JavaThread "Cache worker for kotlin-dsl (C:\Users\LENOVO\.gradle\caches\8.0\kotlin-dsl)" [_thread_blocked, id=10888, stack(0x00000017da100000,0x00000017da200000)]
  0x0000015378055140 JavaThread "jar transforms Thread 3" [_thread_blocked, id=20116, stack(0x00000017da200000,0x00000017da300000)]
  0x0000015378057c90 JavaThread "jar transforms Thread 4" [_thread_blocked, id=17856, stack(0x00000017da300000,0x00000017da400000)]
  0x0000015378053930 JavaThread "Cache worker for dependencies-accessors (C:\Users\LENOVO\Documents\MyCalculator\.gradle\8.0\dependencies-accessors)" [_thread_blocked, id=19692, stack(0x00000017da400000,0x00000017da500000)]
  0x0000015378059e40 JavaThread "Cache worker for Build Output Cleanup Cache (C:\Users\LENOVO\Documents\MyCalculator\.gradle\buildOutputCleanup)" [_thread_blocked, id=15792, stack(0x00000017da500000,0x00000017da600000)]
  0x000001537805a310 JavaThread "jar transforms Thread 5" [_thread_blocked, id=12700, stack(0x00000017da600000,0x00000017da700000)]
  0x0000015378058fd0 JavaThread "Unconstrained build operations" [_thread_blocked, id=2808, stack(0x00000017da700000,0x00000017da800000)]
  0x0000015378054c70 JavaThread "Unconstrained build operations Thread 2" [_thread_blocked, id=11496, stack(0x00000017da800000,0x00000017da900000)]
  0x00000153780577c0 JavaThread "Unconstrained build operations Thread 3" [_thread_blocked, id=19804, stack(0x00000017da900000,0x00000017daa00000)]
  0x0000015378056480 JavaThread "Unconstrained build operations Thread 4" [_thread_blocked, id=17800, stack(0x00000017daa00000,0x00000017dab00000)]
  0x0000015378058b00 JavaThread "Unconstrained build operations Thread 5" [_thread_blocked, id=19060, stack(0x00000017dab00000,0x00000017dac00000)]
  0x000001537805acb0 JavaThread "Unconstrained build operations Thread 6" [_thread_blocked, id=16288, stack(0x00000017dac00000,0x00000017dad00000)]
  0x00000153780572f0 JavaThread "Unconstrained build operations Thread 7" [_thread_blocked, id=12432, stack(0x00000017dad00000,0x00000017dae00000)]
  0x00000153786c2b50 JavaThread "Unconstrained build operations Thread 8" [_thread_blocked, id=3912, stack(0x00000017dae00000,0x00000017daf00000)]
  0x00000153786c6eb0 JavaThread "Unconstrained build operations Thread 9" [_thread_blocked, id=18396, stack(0x00000017daf00000,0x00000017db000000)]
  0x00000153786c3020 JavaThread "Unconstrained build operations Thread 10" [_thread_blocked, id=3672, stack(0x00000017db000000,0x00000017db100000)]
  0x00000153786c9060 JavaThread "Unconstrained build operations Thread 11" [_thread_blocked, id=11672, stack(0x00000017db100000,0x00000017db200000)]
  0x00000153786c39c0 JavaThread "Unconstrained build operations Thread 12" [_thread_blocked, id=380, stack(0x00000017db200000,0x00000017db300000)]
  0x00000153786c81f0 JavaThread "Unconstrained build operations Thread 13" [_thread_blocked, id=10960, stack(0x00000017db300000,0x00000017db400000)]
  0x00000153786c9ed0 JavaThread "Unconstrained build operations Thread 14" [_thread_blocked, id=14380, stack(0x00000017db400000,0x00000017db500000)]
  0x00000153786c3e90 JavaThread "Unconstrained build operations Thread 15" [_thread_blocked, id=2624, stack(0x00000017db500000,0x00000017db600000)]
  0x00000153786c9530 JavaThread "Unconstrained build operations Thread 16" [_thread_blocked, id=1048, stack(0x00000017db600000,0x00000017db700000)]
  0x00000153786c86c0 JavaThread "Unconstrained build operations Thread 17" [_thread_blocked, id=18892, stack(0x00000017db700000,0x00000017db800000)]
  0x00000153786c8b90 JavaThread "Unconstrained build operations Thread 18" [_thread_blocked, id=11720, stack(0x00000017db800000,0x00000017db900000)]
  0x00000153786c34f0 JavaThread "Unconstrained build operations Thread 19" [_thread_blocked, id=13736, stack(0x00000017db900000,0x00000017dba00000)]
  0x00000153786c51d0 JavaThread "Unconstrained build operations Thread 20" [_thread_blocked, id=15984, stack(0x00000017dba00000,0x00000017dbb00000)]
  0x00000153786ca3a0 JavaThread "Unconstrained build operations Thread 21" [_thread_blocked, id=20244, stack(0x00000017dbb00000,0x00000017dbc00000)]
  0x00000153786c7d20 JavaThread "Unconstrained build operations Thread 22" [_thread_blocked, id=3076, stack(0x00000017dbc00000,0x00000017dbd00000)]
  0x00000153786c9a00 JavaThread "Unconstrained build operations Thread 23" [_thread_blocked, id=2668, stack(0x00000017dbd00000,0x00000017dbe00000)]
  0x00000153786c7380 JavaThread "Unconstrained build operations Thread 24" [_thread_blocked, id=2444, stack(0x00000017dbe00000,0x00000017dbf00000)]
  0x00000153786c69e0 JavaThread "Unconstrained build operations Thread 25" [_thread_blocked, id=10616, stack(0x00000017dbf00000,0x00000017dc000000)]
  0x00000153786c7850 JavaThread "Unconstrained build operations Thread 26" [_thread_blocked, id=18304, stack(0x00000017dc000000,0x00000017dc100000)]
  0x00000153786c56a0 JavaThread "Unconstrained build operations Thread 27" [_thread_blocked, id=5292, stack(0x00000017dc100000,0x00000017dc200000)]
  0x00000153786c4360 JavaThread "Unconstrained build operations Thread 28" [_thread_blocked, id=3256, stack(0x00000017dc200000,0x00000017dc300000)]
  0x00000153786c4830 JavaThread "Unconstrained build operations Thread 29" [_thread_blocked, id=15392, stack(0x00000017dc300000,0x00000017dc400000)]
  0x00000153786c4d00 JavaThread "Unconstrained build operations Thread 30" [_thread_blocked, id=3752, stack(0x00000017dc400000,0x00000017dc500000)]
  0x00000153786c5b70 JavaThread "Unconstrained build operations Thread 31" [_thread_blocked, id=8668, stack(0x00000017dc500000,0x00000017dc600000)]
  0x00000153786c6040 JavaThread "Unconstrained build operations Thread 32" [_thread_blocked, id=18448, stack(0x00000017dc600000,0x00000017dc700000)]
  0x00000153786c6510 JavaThread "Unconstrained build operations Thread 33" [_thread_blocked, id=16700, stack(0x00000017dc700000,0x00000017dc800000)]
  0x0000015377c00370 JavaThread "Unconstrained build operations Thread 34" [_thread_blocked, id=11632, stack(0x00000017dc800000,0x00000017dc900000)]
  0x0000015377c05540 JavaThread "Unconstrained build operations Thread 35" [_thread_blocked, id=19476, stack(0x00000017dc900000,0x00000017dca00000)]
  0x0000015377bfe690 JavaThread "Unconstrained build operations Thread 36" [_thread_blocked, id=19204, stack(0x00000017dca00000,0x00000017dcb00000)]
  0x0000015377c01b80 JavaThread "Unconstrained build operations Thread 37" [_thread_blocked, id=8148, stack(0x00000017dcb00000,0x00000017dcc00000)]
  0x0000015377bffea0 JavaThread "Unconstrained build operations Thread 38" [_thread_blocked, id=16844, stack(0x00000017dcc00000,0x00000017dcd00000)]
  0x0000015377c05a10 JavaThread "Unconstrained build operations Thread 39" [_thread_blocked, id=2296, stack(0x00000017dcd00000,0x00000017dce00000)]
  0x0000015377bfe1c0 JavaThread "Unconstrained build operations Thread 40" [_thread_blocked, id=14456, stack(0x00000017dce00000,0x00000017dcf00000)]
  0x0000015377bfeb60 JavaThread "Unconstrained build operations Thread 41" [_thread_blocked, id=18292, stack(0x00000017dcf00000,0x00000017dd000000)]
  0x0000015377bff030 JavaThread "Unconstrained build operations Thread 42" [_thread_blocked, id=13452, stack(0x00000017dd000000,0x00000017dd100000)]
  0x0000015377bff500 JavaThread "Unconstrained build operations Thread 43" [_thread_blocked, id=18380, stack(0x00000017dd100000,0x00000017dd200000)]
  0x0000015377c02ec0 JavaThread "Unconstrained build operations Thread 44" [_thread_blocked, id=14680, stack(0x00000017dd200000,0x00000017dd300000)]
  0x0000015377bff9d0 JavaThread "Unconstrained build operations Thread 45" [_thread_blocked, id=4720, stack(0x00000017dd300000,0x00000017dd400000)]
  0x0000015377c04200 JavaThread "Unconstrained build operations Thread 46" [_thread_blocked, id=18056, stack(0x00000017dd400000,0x00000017dd500000)]
  0x0000015377c046d0 JavaThread "Unconstrained build operations Thread 47" [_thread_blocked, id=11060, stack(0x00000017dd500000,0x00000017dd600000)]
  0x0000015377c03d30 JavaThread "Unconstrained build operations Thread 48" [_thread_blocked, id=19516, stack(0x00000017dd600000,0x00000017dd700000)]
  0x0000015377c04ba0 JavaThread "Unconstrained build operations Thread 49" [_thread_blocked, id=9048, stack(0x00000017dd700000,0x00000017dd800000)]
  0x0000015377c05070 JavaThread "Unconstrained build operations Thread 50" [_thread_blocked, id=4496, stack(0x00000017dd800000,0x00000017dd900000)]
  0x0000015377c02050 JavaThread "Unconstrained build operations Thread 51" [_thread_blocked, id=18004, stack(0x00000017dd900000,0x00000017dda00000)]
  0x0000015377c011e0 JavaThread "Unconstrained build operations Thread 52" [_thread_blocked, id=9968, stack(0x00000017dda00000,0x00000017ddb00000)]
  0x0000015377c00840 JavaThread "Unconstrained build operations Thread 53" [_thread_blocked, id=17888, stack(0x00000017ddb00000,0x00000017ddc00000)]
  0x0000015377c00d10 JavaThread "Unconstrained build operations Thread 54" [_thread_blocked, id=6016, stack(0x00000017ddc00000,0x00000017ddd00000)]
  0x0000015377c03390 JavaThread "Unconstrained build operations Thread 55" [_thread_blocked, id=17788, stack(0x00000017ddd00000,0x00000017dde00000)]
  0x0000015377c016b0 JavaThread "Unconstrained build operations Thread 56" [_thread_blocked, id=6044, stack(0x00000017dde00000,0x00000017ddf00000)]
  0x0000015377c02520 JavaThread "Unconstrained build operations Thread 57" [_thread_blocked, id=6324, stack(0x00000017ddf00000,0x00000017de000000)]
  0x0000015377c029f0 JavaThread "Unconstrained build operations Thread 58" [_thread_blocked, id=4260, stack(0x00000017de000000,0x00000017de100000)]
  0x0000015377c03860 JavaThread "Unconstrained build operations Thread 59" [_thread_blocked, id=7976, stack(0x00000017de100000,0x00000017de200000)]
  0x000001537895c400 JavaThread "Unconstrained build operations Thread 60" [_thread_blocked, id=16648, stack(0x00000017de200000,0x00000017de300000)]
  0x000001537895d740 JavaThread "Unconstrained build operations Thread 61" [_thread_blocked, id=17032, stack(0x00000017de300000,0x00000017de400000)]
  0x000001537895a720 JavaThread "Unconstrained build operations Thread 62" [_thread_blocked, id=20160, stack(0x00000017de400000,0x00000017de500000)]
  0x000001537895b590 JavaThread "Unconstrained build operations Thread 63" [_thread_blocked, id=20304, stack(0x00000017de500000,0x00000017de600000)]
  0x0000015378956d60 JavaThread "Unconstrained build operations Thread 64" [_thread_blocked, id=18140, stack(0x00000017de600000,0x00000017de700000)]
  0x000001537895cda0 JavaThread "Unconstrained build operations Thread 65" [_thread_blocked, id=20080, stack(0x00000017de700000,0x00000017de800000)]
  0x0000015378956890 JavaThread "Unconstrained build operations Thread 66" [_thread_blocked, id=19892, stack(0x00000017de800000,0x00000017de900000)]
  0x0000015378958570 JavaThread "Unconstrained build operations Thread 67" [_thread_blocked, id=18956, stack(0x00000017de900000,0x00000017dea00000)]
  0x00000153789598b0 JavaThread "Unconstrained build operations Thread 68" [_thread_blocked, id=14584, stack(0x00000017dea00000,0x00000017deb00000)]
  0x0000015378959d80 JavaThread "Unconstrained build operations Thread 69" [_thread_blocked, id=7660, stack(0x00000017deb00000,0x00000017dec00000)]
  0x00000153789593e0 JavaThread "Unconstrained build operations Thread 70" [_thread_blocked, id=3264, stack(0x00000017dec00000,0x00000017ded00000)]
  0x000001537895dc10 JavaThread "Unconstrained build operations Thread 71" [_thread_blocked, id=20220, stack(0x00000017ded00000,0x00000017dee00000)]
  0x00000153789563c0 JavaThread "Unconstrained build operations Thread 72" [_thread_blocked, id=19816, stack(0x00000017dee00000,0x00000017def00000)]
  0x0000015378958f10 JavaThread "Unconstrained build operations Thread 73" [_thread_blocked, id=2144, stack(0x00000017def00000,0x00000017df000000)]
  0x0000015378958a40 JavaThread "Unconstrained build operations Thread 74" [_thread_blocked, id=10332, stack(0x00000017df000000,0x00000017df100000)]
  0x000001537895a250 JavaThread "Unconstrained build operations Thread 75" [_thread_blocked, id=10828, stack(0x00000017df100000,0x00000017df200000)]
  0x000001537895abf0 JavaThread "Unconstrained build operations Thread 76" [_thread_blocked, id=12436, stack(0x00000017df200000,0x00000017df300000)]
  0x000001537895b0c0 JavaThread "Unconstrained build operations Thread 77" [_thread_blocked, id=11744, stack(0x00000017df300000,0x00000017df400000)]
  0x000001537895ba60 JavaThread "Unconstrained build operations Thread 78" [_thread_blocked, id=4716, stack(0x00000017df400000,0x00000017df500000)]
  0x000001537895bf30 JavaThread "Unconstrained build operations Thread 79" [_thread_blocked, id=8372, stack(0x00000017df500000,0x00000017df600000)]
  0x0000015378957230 JavaThread "Unconstrained build operations Thread 80" [_thread_blocked, id=2380, stack(0x00000017df600000,0x00000017df700000)]
  0x000001537895c8d0 JavaThread "Unconstrained build operations Thread 81" [_thread_blocked, id=13664, stack(0x00000017df700000,0x00000017df800000)]
  0x000001537895d270 JavaThread "Unconstrained build operations Thread 82" [_thread_blocked, id=19724, stack(0x00000017df800000,0x00000017df900000)]
  0x0000015378957700 JavaThread "Unconstrained build operations Thread 83" [_thread_blocked, id=4688, stack(0x00000017df900000,0x00000017dfa00000)]
  0x0000015378957bd0 JavaThread "Unconstrained build operations Thread 84" [_thread_blocked, id=12496, stack(0x00000017dfa00000,0x00000017dfb00000)]
  0x00000153789580a0 JavaThread "Unconstrained build operations Thread 85" [_thread_blocked, id=10052, stack(0x00000017dfb00000,0x00000017dfc00000)]
  0x000001537b3aeb20 JavaThread "Unconstrained build operations Thread 86" [_thread_blocked, id=5920, stack(0x00000017dfc00000,0x00000017dfd00000)]
  0x000001537b3b2010 JavaThread "Unconstrained build operations Thread 87" [_thread_blocked, id=17684, stack(0x00000017dfd00000,0x00000017dfe00000)]
  0x000001537b3aeff0 JavaThread "Unconstrained build operations Thread 88" [_thread_blocked, id=5180, stack(0x00000017dfe00000,0x00000017dff00000)]
  0x000001537b3b41c0 JavaThread "Unconstrained build operations Thread 89" [_thread_blocked, id=12948, stack(0x00000017dff00000,0x00000017e0000000)]
  0x000001537b3af4c0 JavaThread "Unconstrained build operations Thread 90" [_thread_blocked, id=5756, stack(0x00000017e0000000,0x00000017e0100000)]
  0x000001537b3af990 JavaThread "Unconstrained build operations Thread 91" [_thread_blocked, id=8960, stack(0x00000017e0100000,0x00000017e0200000)]
  0x000001537b3b24e0 JavaThread "Unconstrained build operations Thread 92" [_thread_blocked, id=144, stack(0x00000017e0200000,0x00000017e0300000)]
  0x000001537b3b3350 JavaThread "Unconstrained build operations Thread 93" [_thread_blocked, id=18984, stack(0x00000017e0300000,0x00000017e0400000)]
  0x000001537b3afe60 JavaThread "Unconstrained build operations Thread 94" [_thread_blocked, id=6080, stack(0x00000017e0400000,0x00000017e0500000)]
  0x000001537b3b4690 JavaThread "Unconstrained build operations Thread 95" [_thread_blocked, id=10560, stack(0x00000017e0500000,0x00000017e0600000)]
  0x000001537b3b5500 JavaThread "Unconstrained build operations Thread 96" [_thread_blocked, id=13144, stack(0x00000017e0600000,0x00000017e0700000)]
  0x000001537b3b3820 JavaThread "Unconstrained build operations Thread 97" [_thread_blocked, id=2728, stack(0x00000017e0700000,0x00000017e0800000)]
  0x000001537b3b3cf0 JavaThread "Unconstrained build operations Thread 98" [_thread_blocked, id=16472, stack(0x00000017e0800000,0x00000017e0900000)]
  0x000001537b3b0330 JavaThread "Unconstrained build operations Thread 99" [_thread_blocked, id=20372, stack(0x00000017e0900000,0x00000017e0a00000)]
  0x000001537b3b0800 JavaThread "Unconstrained build operations Thread 100" [_thread_blocked, id=5792, stack(0x00000017e0a00000,0x00000017e0b00000)]
  0x000001537b3b29b0 JavaThread "Unconstrained build operations Thread 101" [_thread_blocked, id=18392, stack(0x00000017e0b00000,0x00000017e0c00000)]
  0x000001537b3ae180 JavaThread "Unconstrained build operations Thread 102" [_thread_blocked, id=19592, stack(0x00000017e0c00000,0x00000017e0d00000)]
  0x000001537b3b0cd0 JavaThread "Unconstrained build operations Thread 103" [_thread_blocked, id=9004, stack(0x00000017e0d00000,0x00000017e0e00000)]
  0x000001537b3b11a0 JavaThread "Unconstrained build operations Thread 104" [_thread_blocked, id=5744, stack(0x00000017e0e00000,0x00000017e0f00000)]
  0x000001537b3ae650 JavaThread "Unconstrained build operations Thread 105" [_thread_blocked, id=1256, stack(0x00000017e0f00000,0x00000017e1000000)]
  0x000001537b3b2e80 JavaThread "Unconstrained build operations Thread 106" [_thread_blocked, id=1308, stack(0x00000017e1000000,0x00000017e1100000)]
  0x000001537b3b1670 JavaThread "Unconstrained build operations Thread 107" [_thread_blocked, id=8884, stack(0x00000017e1100000,0x00000017e1200000)]
  0x000001537b3b5030 JavaThread "Unconstrained build operations Thread 108" [_thread_blocked, id=18604, stack(0x00000017e1200000,0x00000017e1300000)]
  0x000001537b3b1b40 JavaThread "Unconstrained build operations Thread 109" [_thread_blocked, id=16668, stack(0x00000017e1300000,0x00000017e1400000)]
  0x000001537b3adcb0 JavaThread "Unconstrained build operations Thread 110" [_thread_blocked, id=16044, stack(0x00000017e1400000,0x00000017e1500000)]
  0x000001537b3b4b60 JavaThread "Unconstrained build operations Thread 111" [_thread_blocked, id=17840, stack(0x00000017e1500000,0x00000017e1600000)]
  0x000001537ad398d0 JavaThread "Unconstrained build operations Thread 112" [_thread_blocked, id=17284, stack(0x00000017e1600000,0x00000017e1700000)]
  0x000001537ad333c0 JavaThread "Unconstrained build operations Thread 113" [_thread_blocked, id=8992, stack(0x00000017e1700000,0x00000017e1800000)]
  0x000001537ad350a0 JavaThread "Unconstrained build operations Thread 114" [_thread_blocked, id=11160, stack(0x00000017e1800000,0x00000017e1900000)]
  0x000001537ad37bf0 JavaThread "Unconstrained build operations Thread 115" [_thread_blocked, id=10204, stack(0x00000017e1900000,0x00000017e1a00000)]
  0x000001537ad35570 JavaThread "Unconstrained build operations Thread 116" [_thread_blocked, id=19648, stack(0x00000017e1a00000,0x00000017e1b00000)]
  0x000001537ad37720 JavaThread "Unconstrained build operations Thread 117" [_thread_blocked, id=10836, stack(0x00000017e1b00000,0x00000017e1c00000)]
  0x000001537ad33890 JavaThread "Unconstrained build operations Thread 118" [_thread_blocked, id=15700, stack(0x00000017e1c00000,0x00000017e1d00000)]
  0x000001537ad37250 JavaThread "Unconstrained build operations Thread 119" [_thread_blocked, id=11220, stack(0x00000017e1d00000,0x00000017e1e00000)]
  0x000001537ad35a40 JavaThread "Unconstrained build operations Thread 120" [_thread_blocked, id=19132, stack(0x00000017e1e00000,0x00000017e1f00000)]
  0x000001537ad32ef0 JavaThread "jar transforms Thread 6" [_thread_blocked, id=14612, stack(0x00000017e1f00000,0x00000017e2000000)]
  0x000001537ad380c0 JavaThread "jar transforms Thread 7" [_thread_blocked, id=14828, stack(0x00000017e2000000,0x00000017e2100000)]
  0x000001537ad38590 JavaThread "jar transforms Thread 8" [_thread_blocked, id=16960, stack(0x00000017e2100000,0x00000017e2200000)]
  0x000001537ad35f10 JavaThread "jar transforms Thread 9" [_thread_blocked, id=14496, stack(0x00000017e2200000,0x00000017e2300000)]
  0x000001537ad32550 JavaThread "jar transforms Thread 10" [_thread_blocked, id=20012, stack(0x00000017e2300000,0x00000017e2400000)]
  0x000001537ad32a20 JavaThread "jar transforms Thread 11" [_thread_blocked, id=13644, stack(0x00000017e2400000,0x00000017e2500000)]
  0x000001537ad38a60 JavaThread "jar transforms Thread 12" [_thread_blocked, id=8400, stack(0x00000017e2500000,0x00000017e2600000)]
  0x000001537ad39400 JavaThread "build event listener" [_thread_blocked, id=2128, stack(0x00000017e2600000,0x00000017e2700000)]
  0x000001537ad38f30 JavaThread "Memory manager" [_thread_blocked, id=19700, stack(0x00000017e2700000,0x00000017e2800000)]
  0x000001537ec2edb0 JavaThread "C2 CompilerThread2" daemon [_thread_blocked, id=8040, stack(0x00000017d9f00000,0x00000017da000000)]

Other Threads:
=>0x000001537447b660 VMThread "VM Thread" [stack: 0x00000017d7000000,0x00000017d7100000] [id=20444]
  0x00000153582be250 WatcherThread [stack: 0x00000017d7c00000,0x00000017d7d00000] [id=19380]
  0x00000153582a3f10 GCTaskThread "GC Thread#0" [stack: 0x00000017d6b00000,0x00000017d6c00000] [id=4288]
  0x0000015375eb9f80 GCTaskThread "GC Thread#1" [stack: 0x00000017d7e00000,0x00000017d7f00000] [id=16544]
  0x0000015375eba230 GCTaskThread "GC Thread#2" [stack: 0x00000017d7f00000,0x00000017d8000000] [id=5628]
  0x0000015376069810 GCTaskThread "GC Thread#3" [stack: 0x00000017d8000000,0x00000017d8100000] [id=11556]
  0x0000015375eba4e0 GCTaskThread "GC Thread#4" [stack: 0x00000017d8100000,0x00000017d8200000] [id=18404]
  0x0000015375f40490 GCTaskThread "GC Thread#5" [stack: 0x00000017d8200000,0x00000017d8300000] [id=19704]
  0x000001537835c360 GCTaskThread "GC Thread#6" [stack: 0x00000017d8e00000,0x00000017d8f00000] [id=15972]
  0x000001537835c8c0 GCTaskThread "GC Thread#7" [stack: 0x00000017d8f00000,0x00000017d9000000] [id=6104]
  0x000001537835d0d0 GCTaskThread "GC Thread#8" [stack: 0x00000017d9000000,0x00000017d9100000] [id=16588]
  0x000001537835d380 GCTaskThread "GC Thread#9" [stack: 0x00000017d9100000,0x00000017d9200000] [id=20436]
  0x00000153582b4e50 ConcurrentGCThread "G1 Main Marker" [stack: 0x00000017d6c00000,0x00000017d6d00000] [id=19276]
  0x00000153582b6000 ConcurrentGCThread "G1 Conc#0" [stack: 0x00000017d6d00000,0x00000017d6e00000] [id=10464]
  0x000001537835d630 ConcurrentGCThread "G1 Conc#1" [stack: 0x00000017d9200000,0x00000017d9300000] [id=11668]
  0x000001537835be00 ConcurrentGCThread "G1 Conc#2" [stack: 0x00000017d9300000,0x00000017d9400000] [id=4892]
  0x000001535830e170 ConcurrentGCThread "G1 Refine#0" [stack: 0x00000017d6e00000,0x00000017d6f00000] [id=4344]
  0x000001535830eb90 ConcurrentGCThread "G1 Service" [stack: 0x00000017d6f00000,0x00000017d7000000] [id=12912]

Threads with active compile tasks:
C2 CompilerThread0    12833 9645       4       java.lang.reflect.Method::getGenericInfo (27 bytes)
C2 CompilerThread1    12833 9562       4       groovy.lang.MetaClassImpl$1MOPIter::methodNameAction (325 bytes)
C2 CompilerThread2    12833 9612       4       groovy.lang.MetaMethod::getMopName (105 bytes)

VM state: at safepoint (normal execution)

VM Mutex/Monitor currently owned by a thread:  ([mutex/lock_event])
[0x0000015358242380] Threads_lock - owner thread: 0x000001537447b660
[0x0000015358243f10] Heap_lock - owner thread: 0x0000015378212080

Heap address: 0x0000000080000000, size: 2048 MB, Compressed Oops mode: 32-bit

CDS archive(s) not mapped
Compressed class space mapped at: 0x0000000100000000-0x0000000140000000, reserved size: 1073741824
Narrow klass base: 0x0000000000000000, Narrow klass shift: 3, Narrow klass range: 0x140000000

GC Precious Log:
 CPUs: 12 total, 12 available
 Memory: 16251M
 Large Page Support: Disabled
 NUMA Support: Disabled
 Compressed Oops: Enabled (32-bit)
 Heap Region Size: 1M
 Heap Min Capacity: 8M
 Heap Initial Capacity: 254M
 Heap Max Capacity: 2G
 Pre-touch: Disabled
 Parallel Workers: 10
 Concurrent Workers: 3
 Concurrent Refinement Workers: 10
 Periodic GC: Disabled

Heap:
 garbage-first heap   total 218112K, used 82598K [0x0000000080000000, 0x0000000100000000)
  region size 1024K, 6 young (6144K), 6 survivors (6144K)
 Metaspace       used 94395K, committed 94976K, reserved 1138688K
  class space    used 12822K, committed 13120K, reserved 1048576K

Heap Regions: E=young(eden), S=young(survivor), O=old, HS=humongous(starts), HC=humongous(continues), CS=collection set, F=free, OA=open archive, CA=closed archive, TAMS=top-at-mark-start (previous, next)
|   0|0x0000000080000000, 0x0000000080100000, 0x0000000080100000|100%|HS|  |TAMS 0x0000000080100000, 0x0000000080100000| Complete 
|   1|0x0000000080100000, 0x0000000080200000, 0x0000000080200000|100%|HC|  |TAMS 0x0000000080200000, 0x0000000080200000| Complete 
|   2|0x0000000080200000, 0x0000000080300000, 0x0000000080300000|100%|HC|  |TAMS 0x0000000080300000, 0x0000000080300000| Complete 
|   3|0x0000000080300000, 0x0000000080400000, 0x0000000080400000|100%|HC|  |TAMS 0x0000000080400000, 0x0000000080400000| Complete 
|   4|0x0000000080400000, 0x0000000080500000, 0x0000000080500000|100%| O|  |TAMS 0x0000000080500000, 0x0000000080500000| Untracked 
|   5|0x0000000080500000, 0x0000000080600000, 0x0000000080600000|100%| O|  |TAMS 0x0000000080600000, 0x0000000080600000| Untracked 
|   6|0x0000000080600000, 0x0000000080700000, 0x0000000080700000|100%| O|  |TAMS 0x0000000080700000, 0x0000000080700000| Untracked 
|   7|0x0000000080700000, 0x0000000080800000, 0x0000000080800000|100%| O|  |TAMS 0x0000000080800000, 0x0000000080800000| Untracked 
|   8|0x0000000080800000, 0x0000000080900000, 0x0000000080900000|100%| O|  |TAMS 0x0000000080900000, 0x0000000080900000| Untracked 
|   9|0x0000000080900000, 0x0000000080a00000, 0x0000000080a00000|100%| O|  |TAMS 0x0000000080a00000, 0x0000000080a00000| Untracked 
|  10|0x0000000080a00000, 0x0000000080b00000, 0x0000000080b00000|100%| O|  |TAMS 0x0000000080b00000, 0x0000000080b00000| Untracked 
|  11|0x0000000080b00000, 0x0000000080c00000, 0x0000000080c00000|100%| O|  |TAMS 0x0000000080c00000, 0x0000000080c00000| Untracked 
|  12|0x0000000080c00000, 0x0000000080d00000, 0x0000000080d00000|100%| O|  |TAMS 0x0000000080d00000, 0x0000000080d00000| Untracked 
|  13|0x0000000080d00000, 0x0000000080e00000, 0x0000000080e00000|100%| O|  |TAMS 0x0000000080e00000, 0x0000000080e00000| Untracked 
|  14|0x0000000080e00000, 0x0000000080f00000, 0x0000000080f00000|100%| O|  |TAMS 0x0000000080f00000, 0x0000000080f00000| Untracked 
|  15|0x0000000080f00000, 0x0000000081000000, 0x0000000081000000|100%| O|  |TAMS 0x0000000081000000, 0x0000000081000000| Untracked 
|  16|0x0000000081000000, 0x0000000081100000, 0x0000000081100000|100%| O|  |TAMS 0x0000000081100000, 0x0000000081100000| Untracked 
|  17|0x0000000081100000, 0x0000000081200000, 0x0000000081200000|100%| O|  |TAMS 0x0000000081200000, 0x0000000081200000| Untracked 
|  18|0x0000000081200000, 0x0000000081300000, 0x0000000081300000|100%| O|  |TAMS 0x0000000081300000, 0x0000000081300000| Untracked 
|  19|0x0000000081300000, 0x0000000081400000, 0x0000000081400000|100%| O|  |TAMS 0x0000000081400000, 0x0000000081400000| Untracked 
|  20|0x0000000081400000, 0x0000000081500000, 0x0000000081500000|100%| O|  |TAMS 0x0000000081500000, 0x0000000081500000| Untracked 
|  21|0x0000000081500000, 0x0000000081600000, 0x0000000081600000|100%| O|  |TAMS 0x0000000081600000, 0x0000000081600000| Untracked 
|  22|0x0000000081600000, 0x0000000081600000, 0x0000000081700000|  0%| F|  |TAMS 0x0000000081600000, 0x0000000081600000| Untracked 
|  23|0x0000000081700000, 0x0000000081800000, 0x0000000081800000|100%| O|  |TAMS 0x0000000081800000, 0x0000000081800000| Untracked 
|  24|0x0000000081800000, 0x0000000081900000, 0x0000000081900000|100%| O|  |TAMS 0x0000000081900000, 0x0000000081900000| Untracked 
|  25|0x0000000081900000, 0x0000000081a00000, 0x0000000081a00000|100%| O|  |TAMS 0x0000000081a00000, 0x0000000081a00000| Untracked 
|  26|0x0000000081a00000, 0x0000000081b00000, 0x0000000081b00000|100%| O|  |TAMS 0x0000000081b00000, 0x0000000081b00000| Untracked 
|  27|0x0000000081b00000, 0x0000000081c00000, 0x0000000081c00000|100%| O|  |TAMS 0x0000000081c00000, 0x0000000081c00000| Untracked 
|  28|0x0000000081c00000, 0x0000000081d00000, 0x0000000081d00000|100%| O|  |TAMS 0x0000000081d00000, 0x0000000081d00000| Untracked 
|  29|0x0000000081d00000, 0x0000000081e00000, 0x0000000081e00000|100%| O|  |TAMS 0x0000000081e00000, 0x0000000081e00000| Untracked 
|  30|0x0000000081e00000, 0x0000000081f00000, 0x0000000081f00000|100%| O|  |TAMS 0x0000000081f00000, 0x0000000081f00000| Untracked 
|  31|0x0000000081f00000, 0x0000000082000000, 0x0000000082000000|100%| O|  |TAMS 0x0000000082000000, 0x0000000082000000| Untracked 
|  32|0x0000000082000000, 0x0000000082100000, 0x0000000082100000|100%|HS|  |TAMS 0x0000000082100000, 0x0000000082100000| Complete 
|  33|0x0000000082100000, 0x0000000082200000, 0x0000000082200000|100%|HS|  |TAMS 0x0000000082200000, 0x0000000082200000| Complete 
|  34|0x0000000082200000, 0x0000000082300000, 0x0000000082300000|100%| O|  |TAMS 0x0000000082300000, 0x0000000082300000| Untracked 
|  35|0x0000000082300000, 0x0000000082400000, 0x0000000082400000|100%| O|  |TAMS 0x0000000082400000, 0x0000000082400000| Untracked 
|  36|0x0000000082400000, 0x0000000082500000, 0x0000000082500000|100%| O|  |TAMS 0x0000000082500000, 0x0000000082500000| Untracked 
|  37|0x0000000082500000, 0x0000000082600000, 0x0000000082600000|100%| O|  |TAMS 0x0000000082600000, 0x0000000082600000| Untracked 
|  38|0x0000000082600000, 0x0000000082700000, 0x0000000082700000|100%|HS|  |TAMS 0x0000000082700000, 0x0000000082700000| Complete 
|  39|0x0000000082700000, 0x0000000082800000, 0x0000000082800000|100%|HC|  |TAMS 0x0000000082800000, 0x0000000082800000| Complete 
|  40|0x0000000082800000, 0x0000000082900000, 0x0000000082900000|100%|HS|  |TAMS 0x0000000082900000, 0x0000000082900000| Complete 
|  41|0x0000000082900000, 0x0000000082a00000, 0x0000000082a00000|100%|HS|  |TAMS 0x0000000082a00000, 0x0000000082a00000| Complete 
|  42|0x0000000082a00000, 0x0000000082b00000, 0x0000000082b00000|100%|HC|  |TAMS 0x0000000082b00000, 0x0000000082b00000| Complete 
|  43|0x0000000082b00000, 0x0000000082c00000, 0x0000000082c00000|100%|HC|  |TAMS 0x0000000082c00000, 0x0000000082c00000| Complete 
|  44|0x0000000082c00000, 0x0000000082d00000, 0x0000000082d00000|100%|HC|  |TAMS 0x0000000082d00000, 0x0000000082d00000| Complete 
|  45|0x0000000082d00000, 0x0000000082e00000, 0x0000000082e00000|100%| O|  |TAMS 0x0000000082e00000, 0x0000000082e00000| Untracked 
|  46|0x0000000082e00000, 0x0000000082f00000, 0x0000000082f00000|100%| O|  |TAMS 0x0000000082f00000, 0x0000000082f00000| Untracked 
|  47|0x0000000082f00000, 0x0000000083000000, 0x0000000083000000|100%| O|  |TAMS 0x0000000083000000, 0x0000000083000000| Untracked 
|  48|0x0000000083000000, 0x0000000083100000, 0x0000000083100000|100%| O|  |TAMS 0x0000000083100000, 0x0000000083100000| Untracked 
|  49|0x0000000083100000, 0x0000000083200000, 0x0000000083200000|100%| O|  |TAMS 0x0000000083200000, 0x0000000083200000| Untracked 
|  50|0x0000000083200000, 0x0000000083300000, 0x0000000083300000|100%| O|  |TAMS 0x0000000083300000, 0x0000000083300000| Untracked 
|  51|0x0000000083300000, 0x0000000083400000, 0x0000000083400000|100%| O|  |TAMS 0x0000000083400000, 0x0000000083400000| Untracked 
|  52|0x0000000083400000, 0x0000000083500000, 0x0000000083500000|100%| O|  |TAMS 0x0000000083500000, 0x0000000083500000| Untracked 
|  53|0x0000000083500000, 0x0000000083600000, 0x0000000083600000|100%| O|  |TAMS 0x0000000083600000, 0x0000000083600000| Untracked 
|  54|0x0000000083600000, 0x0000000083700000, 0x0000000083700000|100%| O|  |TAMS 0x0000000083700000, 0x0000000083700000| Untracked 
|  55|0x0000000083700000, 0x0000000083800000, 0x0000000083800000|100%| O|  |TAMS 0x0000000083800000, 0x0000000083800000| Untracked 
|  56|0x0000000083800000, 0x0000000083900000, 0x0000000083900000|100%| O|  |TAMS 0x0000000083900000, 0x0000000083900000| Untracked 
|  57|0x0000000083900000, 0x0000000083a00000, 0x0000000083a00000|100%| O|  |TAMS 0x0000000083a00000, 0x0000000083a00000| Untracked 
|  58|0x0000000083a00000, 0x0000000083b00000, 0x0000000083b00000|100%| O|  |TAMS 0x0000000083a00000, 0x0000000083b00000| Untracked 
|  59|0x0000000083b00000, 0x0000000083c00000, 0x0000000083c00000|100%| O|  |TAMS 0x0000000083c00000, 0x0000000083c00000| Untracked 
|  60|0x0000000083c00000, 0x0000000083d00000, 0x0000000083d00000|100%| O|  |TAMS 0x0000000083d00000, 0x0000000083d00000| Untracked 
|  61|0x0000000083d00000, 0x0000000083e00000, 0x0000000083e00000|100%| O|  |TAMS 0x0000000083e00000, 0x0000000083e00000| Untracked 
|  62|0x0000000083e00000, 0x0000000083f00000, 0x0000000083f00000|100%| O|  |TAMS 0x0000000083f00000, 0x0000000083f00000| Untracked 
|  63|0x0000000083f00000, 0x0000000084000000, 0x0000000084000000|100%| O|  |TAMS 0x0000000084000000, 0x0000000084000000| Untracked 
|  64|0x0000000084000000, 0x0000000084100000, 0x0000000084100000|100%| O|  |TAMS 0x000000008407ee00, 0x0000000084100000| Untracked 
|  65|0x0000000084100000, 0x0000000084200000, 0x0000000084200000|100%| O|  |TAMS 0x0000000084100000, 0x0000000084200000| Untracked 
|  66|0x0000000084200000, 0x0000000084300000, 0x0000000084300000|100%| O|  |TAMS 0x0000000084200000, 0x0000000084300000| Untracked 
|  67|0x0000000084300000, 0x0000000084400000, 0x0000000084400000|100%| O|  |TAMS 0x0000000084300000, 0x0000000084400000| Untracked 
|  68|0x0000000084400000, 0x0000000084500000, 0x0000000084500000|100%| O|  |TAMS 0x0000000084400000, 0x0000000084500000| Untracked 
|  69|0x0000000084500000, 0x0000000084600000, 0x0000000084600000|100%| O|  |TAMS 0x0000000084500000, 0x0000000084600000| Untracked 
|  70|0x0000000084600000, 0x0000000084700000, 0x0000000084700000|100%| O|  |TAMS 0x0000000084600000, 0x0000000084700000| Untracked 
|  71|0x0000000084700000, 0x0000000084800000, 0x0000000084800000|100%| O|  |TAMS 0x0000000084700000, 0x0000000084800000| Untracked 
|  72|0x0000000084800000, 0x0000000084900000, 0x0000000084900000|100%| O|  |TAMS 0x0000000084800000, 0x0000000084900000| Untracked 
|  73|0x0000000084900000, 0x0000000084a00000, 0x0000000084a00000|100%| O|  |TAMS 0x0000000084900000, 0x0000000084a00000| Untracked 
|  74|0x0000000084a00000, 0x0000000084b00000, 0x0000000084b00000|100%| O|  |TAMS 0x0000000084a00000, 0x0000000084b00000| Untracked 
|  75|0x0000000084b00000, 0x0000000084baf000, 0x0000000084c00000| 68%| O|  |TAMS 0x0000000084b00000, 0x0000000084baf000| Untracked 
|  76|0x0000000084c00000, 0x0000000084c00000, 0x0000000084d00000|  0%| F|  |TAMS 0x0000000084c00000, 0x0000000084c00000| Untracked 
|  77|0x0000000084d00000, 0x0000000084d00000, 0x0000000084e00000|  0%| F|  |TAMS 0x0000000084d00000, 0x0000000084d00000| Untracked 
|  78|0x0000000084e00000, 0x0000000084e00000, 0x0000000084f00000|  0%| F|  |TAMS 0x0000000084e00000, 0x0000000084e00000| Untracked 
|  79|0x0000000084f00000, 0x0000000084f00000, 0x0000000085000000|  0%| F|  |TAMS 0x0000000084f00000, 0x0000000084f00000| Untracked 
|  80|0x0000000085000000, 0x0000000085000000, 0x0000000085100000|  0%| F|  |TAMS 0x0000000085000000, 0x0000000085000000| Untracked 
|  81|0x0000000085100000, 0x0000000085100000, 0x0000000085200000|  0%| F|  |TAMS 0x0000000085100000, 0x0000000085100000| Untracked 
|  82|0x0000000085200000, 0x0000000085200000, 0x0000000085300000|  0%| F|  |TAMS 0x0000000085200000, 0x0000000085200000| Untracked 
|  83|0x0000000085300000, 0x0000000085300000, 0x0000000085400000|  0%| F|  |TAMS 0x0000000085300000, 0x0000000085300000| Untracked 
|  84|0x0000000085400000, 0x0000000085400000, 0x0000000085500000|  0%| F|  |TAMS 0x0000000085400000, 0x0000000085400000| Untracked 
|  85|0x0000000085500000, 0x0000000085500000, 0x0000000085600000|  0%| F|  |TAMS 0x0000000085500000, 0x0000000085500000| Untracked 
|  86|0x0000000085600000, 0x0000000085600000, 0x0000000085700000|  0%| F|  |TAMS 0x0000000085600000, 0x0000000085600000| Untracked 
|  87|0x0000000085700000, 0x0000000085700000, 0x0000000085800000|  0%| F|  |TAMS 0x0000000085700000, 0x0000000085700000| Untracked 
|  88|0x0000000085800000, 0x0000000085800000, 0x0000000085900000|  0%| F|  |TAMS 0x0000000085800000, 0x0000000085800000| Untracked 
|  89|0x0000000085900000, 0x0000000085900000, 0x0000000085a00000|  0%| F|  |TAMS 0x0000000085900000, 0x0000000085900000| Untracked 
|  90|0x0000000085a00000, 0x0000000085a00000, 0x0000000085b00000|  0%| F|  |TAMS 0x0000000085a00000, 0x0000000085a00000| Untracked 
|  91|0x0000000085b00000, 0x0000000085b00000, 0x0000000085c00000|  0%| F|  |TAMS 0x0000000085b00000, 0x0000000085b00000| Untracked 
|  92|0x0000000085c00000, 0x0000000085c00000, 0x0000000085d00000|  0%| F|  |TAMS 0x0000000085c00000, 0x0000000085c00000| Untracked 
|  93|0x0000000085d00000, 0x0000000085d00000, 0x0000000085e00000|  0%| F|  |TAMS 0x0000000085d00000, 0x0000000085d00000| Untracked 
|  94|0x0000000085e00000, 0x0000000085efa940, 0x0000000085f00000| 97%| S|CS|TAMS 0x0000000085e00000, 0x0000000085e00000| Complete 
|  95|0x0000000085f00000, 0x0000000086000000, 0x0000000086000000|100%| S|CS|TAMS 0x0000000085f00000, 0x0000000085f00000| Complete 
|  96|0x0000000086000000, 0x0000000086100000, 0x0000000086100000|100%| S|CS|TAMS 0x0000000086000000, 0x0000000086000000| Complete 
|  97|0x0000000086100000, 0x0000000086200000, 0x0000000086200000|100%| S|CS|TAMS 0x0000000086100000, 0x0000000086100000| Complete 
|  98|0x0000000086200000, 0x0000000086300000, 0x0000000086300000|100%| S|CS|TAMS 0x0000000086200000, 0x0000000086200000| Complete 
|  99|0x0000000086300000, 0x0000000086400000, 0x0000000086400000|100%| S|CS|TAMS 0x0000000086300000, 0x0000000086300000| Complete 
| 100|0x0000000086400000, 0x0000000086400000, 0x0000000086500000|  0%| F|  |TAMS 0x0000000086400000, 0x0000000086400000| Untracked 
| 101|0x0000000086500000, 0x0000000086500000, 0x0000000086600000|  0%| F|  |TAMS 0x0000000086500000, 0x0000000086500000| Untracked 
| 102|0x0000000086600000, 0x0000000086600000, 0x0000000086700000|  0%| F|  |TAMS 0x0000000086600000, 0x0000000086600000| Untracked 
| 103|0x0000000086700000, 0x0000000086700000, 0x0000000086800000|  0%| F|  |TAMS 0x0000000086700000, 0x0000000086700000| Untracked 
| 104|0x0000000086800000, 0x0000000086800000, 0x0000000086900000|  0%| F|  |TAMS 0x0000000086800000, 0x0000000086800000| Untracked 
| 105|0x0000000086900000, 0x0000000086900000, 0x0000000086a00000|  0%| F|  |TAMS 0x0000000086900000, 0x0000000086900000| Untracked 
| 106|0x0000000086a00000, 0x0000000086a00000, 0x0000000086b00000|  0%| F|  |TAMS 0x0000000086a00000, 0x0000000086a00000| Untracked 
| 107|0x0000000086b00000, 0x0000000086b00000, 0x0000000086c00000|  0%| F|  |TAMS 0x0000000086b00000, 0x0000000086b00000| Untracked 
| 108|0x0000000086c00000, 0x0000000086c00000, 0x0000000086d00000|  0%| F|  |TAMS 0x0000000086c00000, 0x0000000086c00000| Untracked 
| 109|0x0000000086d00000, 0x0000000086d00000, 0x0000000086e00000|  0%| F|  |TAMS 0x0000000086d00000, 0x0000000086d00000| Untracked 
| 110|0x0000000086e00000, 0x0000000086e00000, 0x0000000086f00000|  0%| F|  |TAMS 0x0000000086e00000, 0x0000000086e00000| Untracked 
| 111|0x0000000086f00000, 0x0000000086f00000, 0x0000000087000000|  0%| F|  |TAMS 0x0000000086f00000, 0x0000000086f00000| Untracked 
| 112|0x0000000087000000, 0x0000000087000000, 0x0000000087100000|  0%| F|  |TAMS 0x0000000087000000, 0x0000000087000000| Untracked 
| 113|0x0000000087100000, 0x0000000087100000, 0x0000000087200000|  0%| F|  |TAMS 0x0000000087100000, 0x0000000087100000| Untracked 
| 114|0x0000000087200000, 0x0000000087200000, 0x0000000087300000|  0%| F|  |TAMS 0x0000000087200000, 0x0000000087200000| Untracked 
| 115|0x0000000087300000, 0x0000000087300000, 0x0000000087400000|  0%| F|  |TAMS 0x0000000087300000, 0x0000000087300000| Untracked 
| 116|0x0000000087400000, 0x0000000087400000, 0x0000000087500000|  0%| F|  |TAMS 0x0000000087400000, 0x0000000087400000| Untracked 
| 117|0x0000000087500000, 0x0000000087500000, 0x0000000087600000|  0%| F|  |TAMS 0x0000000087500000, 0x0000000087500000| Untracked 
| 118|0x0000000087600000, 0x0000000087600000, 0x0000000087700000|  0%| F|  |TAMS 0x0000000087600000, 0x0000000087600000| Untracked 
| 119|0x0000000087700000, 0x0000000087700000, 0x0000000087800000|  0%| F|  |TAMS 0x0000000087700000, 0x0000000087700000| Untracked 
| 120|0x0000000087800000, 0x0000000087800000, 0x0000000087900000|  0%| F|  |TAMS 0x0000000087800000, 0x0000000087800000| Untracked 
| 121|0x0000000087900000, 0x0000000087900000, 0x0000000087a00000|  0%| F|  |TAMS 0x0000000087900000, 0x0000000087900000| Untracked 
| 122|0x0000000087a00000, 0x0000000087a00000, 0x0000000087b00000|  0%| F|  |TAMS 0x0000000087a00000, 0x0000000087a00000| Untracked 
| 123|0x0000000087b00000, 0x0000000087b00000, 0x0000000087c00000|  0%| F|  |TAMS 0x0000000087b00000, 0x0000000087b00000| Untracked 
| 124|0x0000000087c00000, 0x0000000087c00000, 0x0000000087d00000|  0%| F|  |TAMS 0x0000000087c00000, 0x0000000087c00000| Untracked 
| 125|0x0000000087d00000, 0x0000000087d00000, 0x0000000087e00000|  0%| F|  |TAMS 0x0000000087d00000, 0x0000000087d00000| Untracked 
| 126|0x0000000087e00000, 0x0000000087e00000, 0x0000000087f00000|  0%| F|  |TAMS 0x0000000087e00000, 0x0000000087e00000| Untracked 
| 127|0x0000000087f00000, 0x0000000087f00000, 0x0000000088000000|  0%| F|  |TAMS 0x0000000087f00000, 0x0000000087f00000| Untracked 
| 128|0x0000000088000000, 0x0000000088000000, 0x0000000088100000|  0%| F|  |TAMS 0x0000000088000000, 0x0000000088000000| Untracked 
| 129|0x0000000088100000, 0x0000000088100000, 0x0000000088200000|  0%| F|  |TAMS 0x0000000088100000, 0x0000000088100000| Untracked 
| 130|0x0000000088200000, 0x0000000088200000, 0x0000000088300000|  0%| F|  |TAMS 0x0000000088200000, 0x0000000088200000| Untracked 
| 131|0x0000000088300000, 0x0000000088300000, 0x0000000088400000|  0%| F|  |TAMS 0x0000000088300000, 0x0000000088300000| Untracked 
| 132|0x0000000088400000, 0x0000000088400000, 0x0000000088500000|  0%| F|  |TAMS 0x0000000088400000, 0x0000000088400000| Untracked 
| 133|0x0000000088500000, 0x0000000088500000, 0x0000000088600000|  0%| F|  |TAMS 0x0000000088500000, 0x0000000088500000| Untracked 
| 134|0x0000000088600000, 0x0000000088600000, 0x0000000088700000|  0%| F|  |TAMS 0x0000000088600000, 0x0000000088600000| Untracked 
| 135|0x0000000088700000, 0x0000000088700000, 0x0000000088800000|  0%| F|  |TAMS 0x0000000088700000, 0x0000000088700000| Untracked 
| 136|0x0000000088800000, 0x0000000088800000, 0x0000000088900000|  0%| F|  |TAMS 0x0000000088800000, 0x0000000088800000| Untracked 
| 137|0x0000000088900000, 0x0000000088900000, 0x0000000088a00000|  0%| F|  |TAMS 0x0000000088900000, 0x0000000088900000| Untracked 
| 138|0x0000000088a00000, 0x0000000088a00000, 0x0000000088b00000|  0%| F|  |TAMS 0x0000000088a00000, 0x0000000088a00000| Untracked 
| 139|0x0000000088b00000, 0x0000000088b00000, 0x0000000088c00000|  0%| F|  |TAMS 0x0000000088b00000, 0x0000000088b00000| Untracked 
| 140|0x0000000088c00000, 0x0000000088c00000, 0x0000000088d00000|  0%| F|  |TAMS 0x0000000088c00000, 0x0000000088c00000| Untracked 
| 141|0x0000000088d00000, 0x0000000088d00000, 0x0000000088e00000|  0%| F|  |TAMS 0x0000000088d00000, 0x0000000088d00000| Untracked 
| 142|0x0000000088e00000, 0x0000000088e00000, 0x0000000088f00000|  0%| F|  |TAMS 0x0000000088e00000, 0x0000000088e00000| Untracked 
| 143|0x0000000088f00000, 0x0000000088f00000, 0x0000000089000000|  0%| F|  |TAMS 0x0000000088f00000, 0x0000000088f00000| Untracked 
| 144|0x0000000089000000, 0x0000000089000000, 0x0000000089100000|  0%| F|  |TAMS 0x0000000089000000, 0x0000000089000000| Untracked 
| 145|0x0000000089100000, 0x0000000089100000, 0x0000000089200000|  0%| F|  |TAMS 0x0000000089100000, 0x0000000089100000| Untracked 
| 146|0x0000000089200000, 0x0000000089200000, 0x0000000089300000|  0%| F|  |TAMS 0x0000000089200000, 0x0000000089200000| Untracked 
| 147|0x0000000089300000, 0x0000000089300000, 0x0000000089400000|  0%| F|  |TAMS 0x0000000089300000, 0x0000000089300000| Untracked 
| 148|0x0000000089400000, 0x0000000089400000, 0x0000000089500000|  0%| F|  |TAMS 0x0000000089400000, 0x0000000089400000| Untracked 
| 149|0x0000000089500000, 0x0000000089500000, 0x0000000089600000|  0%| F|  |TAMS 0x0000000089500000, 0x0000000089500000| Untracked 
| 150|0x0000000089600000, 0x0000000089600000, 0x0000000089700000|  0%| F|  |TAMS 0x0000000089600000, 0x0000000089600000| Untracked 
| 151|0x0000000089700000, 0x0000000089700000, 0x0000000089800000|  0%| F|  |TAMS 0x0000000089700000, 0x0000000089700000| Untracked 
| 152|0x0000000089800000, 0x0000000089800000, 0x0000000089900000|  0%| F|  |TAMS 0x0000000089800000, 0x0000000089800000| Untracked 
| 153|0x0000000089900000, 0x0000000089900000, 0x0000000089a00000|  0%| F|  |TAMS 0x0000000089900000, 0x0000000089900000| Untracked 
| 154|0x0000000089a00000, 0x0000000089a00000, 0x0000000089b00000|  0%| F|  |TAMS 0x0000000089a00000, 0x0000000089a00000| Untracked 
| 155|0x0000000089b00000, 0x0000000089b00000, 0x0000000089c00000|  0%| F|  |TAMS 0x0000000089b00000, 0x0000000089b00000| Untracked 
| 156|0x0000000089c00000, 0x0000000089c00000, 0x0000000089d00000|  0%| F|  |TAMS 0x0000000089c00000, 0x0000000089c00000| Untracked 
| 157|0x0000000089d00000, 0x0000000089d00000, 0x0000000089e00000|  0%| F|  |TAMS 0x0000000089d00000, 0x0000000089d00000| Untracked 
| 158|0x0000000089e00000, 0x0000000089e00000, 0x0000000089f00000|  0%| F|  |TAMS 0x0000000089e00000, 0x0000000089e00000| Untracked 
| 159|0x0000000089f00000, 0x0000000089f00000, 0x000000008a000000|  0%| F|  |TAMS 0x0000000089f00000, 0x0000000089f00000| Untracked 
| 160|0x000000008a000000, 0x000000008a000000, 0x000000008a100000|  0%| F|  |TAMS 0x000000008a000000, 0x000000008a000000| Untracked 
| 161|0x000000008a100000, 0x000000008a100000, 0x000000008a200000|  0%| F|  |TAMS 0x000000008a100000, 0x000000008a100000| Untracked 
| 162|0x000000008a200000, 0x000000008a200000, 0x000000008a300000|  0%| F|  |TAMS 0x000000008a200000, 0x000000008a200000| Untracked 
| 163|0x000000008a300000, 0x000000008a300000, 0x000000008a400000|  0%| F|  |TAMS 0x000000008a300000, 0x000000008a300000| Untracked 
| 164|0x000000008a400000, 0x000000008a400000, 0x000000008a500000|  0%| F|  |TAMS 0x000000008a400000, 0x000000008a400000| Untracked 
| 165|0x000000008a500000, 0x000000008a500000, 0x000000008a600000|  0%| F|  |TAMS 0x000000008a500000, 0x000000008a500000| Untracked 
| 166|0x000000008a600000, 0x000000008a600000, 0x000000008a700000|  0%| F|  |TAMS 0x000000008a600000, 0x000000008a600000| Untracked 
| 167|0x000000008a700000, 0x000000008a700000, 0x000000008a800000|  0%| F|  |TAMS 0x000000008a700000, 0x000000008a700000| Untracked 
| 168|0x000000008a800000, 0x000000008a800000, 0x000000008a900000|  0%| F|  |TAMS 0x000000008a800000, 0x000000008a800000| Untracked 
| 169|0x000000008a900000, 0x000000008a900000, 0x000000008aa00000|  0%| F|  |TAMS 0x000000008a900000, 0x000000008a900000| Untracked 
| 170|0x000000008aa00000, 0x000000008aa00000, 0x000000008ab00000|  0%| F|  |TAMS 0x000000008aa00000, 0x000000008aa00000| Untracked 
| 171|0x000000008ab00000, 0x000000008ab00000, 0x000000008ac00000|  0%| F|  |TAMS 0x000000008ab00000, 0x000000008ab00000| Untracked 
| 172|0x000000008ac00000, 0x000000008ac00000, 0x000000008ad00000|  0%| F|  |TAMS 0x000000008ac00000, 0x000000008ac00000| Untracked 
| 173|0x000000008ad00000, 0x000000008ad00000, 0x000000008ae00000|  0%| F|  |TAMS 0x000000008ad00000, 0x000000008ad00000| Untracked 
| 174|0x000000008ae00000, 0x000000008ae00000, 0x000000008af00000|  0%| F|  |TAMS 0x000000008ae00000, 0x000000008ae00000| Untracked 
| 175|0x000000008af00000, 0x000000008af00000, 0x000000008b000000|  0%| F|  |TAMS 0x000000008af00000, 0x000000008af00000| Untracked 
| 176|0x000000008b000000, 0x000000008b000000, 0x000000008b100000|  0%| F|  |TAMS 0x000000008b000000, 0x000000008b000000| Untracked 
| 177|0x000000008b100000, 0x000000008b100000, 0x000000008b200000|  0%| F|  |TAMS 0x000000008b100000, 0x000000008b100000| Untracked 
| 178|0x000000008b200000, 0x000000008b200000, 0x000000008b300000|  0%| F|  |TAMS 0x000000008b200000, 0x000000008b200000| Untracked 
| 179|0x000000008b300000, 0x000000008b300000, 0x000000008b400000|  0%| F|  |TAMS 0x000000008b300000, 0x000000008b300000| Untracked 
| 180|0x000000008b400000, 0x000000008b400000, 0x000000008b500000|  0%| F|  |TAMS 0x000000008b400000, 0x000000008b400000| Untracked 
| 181|0x000000008b500000, 0x000000008b500000, 0x000000008b600000|  0%| F|  |TAMS 0x000000008b500000, 0x000000008b500000| Untracked 
| 182|0x000000008b600000, 0x000000008b600000, 0x000000008b700000|  0%| F|  |TAMS 0x000000008b600000, 0x000000008b600000| Untracked 
| 183|0x000000008b700000, 0x000000008b700000, 0x000000008b800000|  0%| F|  |TAMS 0x000000008b700000, 0x000000008b700000| Untracked 
| 184|0x000000008b800000, 0x000000008b800000, 0x000000008b900000|  0%| F|  |TAMS 0x000000008b800000, 0x000000008b800000| Untracked 
| 185|0x000000008b900000, 0x000000008b900000, 0x000000008ba00000|  0%| F|  |TAMS 0x000000008b900000, 0x000000008b900000| Untracked 
| 186|0x000000008ba00000, 0x000000008ba00000, 0x000000008bb00000|  0%| F|  |TAMS 0x000000008ba00000, 0x000000008ba00000| Untracked 
| 187|0x000000008bb00000, 0x000000008bb00000, 0x000000008bc00000|  0%| F|  |TAMS 0x000000008bb00000, 0x000000008bb00000| Untracked 
| 188|0x000000008bc00000, 0x000000008bc00000, 0x000000008bd00000|  0%| F|  |TAMS 0x000000008bc00000, 0x000000008bc00000| Untracked 
| 189|0x000000008bd00000, 0x000000008bd00000, 0x000000008be00000|  0%| F|  |TAMS 0x000000008bd00000, 0x000000008bd00000| Untracked 
| 190|0x000000008be00000, 0x000000008be00000, 0x000000008bf00000|  0%| F|  |TAMS 0x000000008be00000, 0x000000008be00000| Untracked 
| 191|0x000000008bf00000, 0x000000008bf00000, 0x000000008c000000|  0%| F|  |TAMS 0x000000008bf00000, 0x000000008bf00000| Untracked 
| 192|0x000000008c000000, 0x000000008c000000, 0x000000008c100000|  0%| F|  |TAMS 0x000000008c000000, 0x000000008c000000| Untracked 
| 193|0x000000008c100000, 0x000000008c100000, 0x000000008c200000|  0%| F|  |TAMS 0x000000008c100000, 0x000000008c100000| Untracked 
| 194|0x000000008c200000, 0x000000008c200000, 0x000000008c300000|  0%| F|  |TAMS 0x000000008c200000, 0x000000008c200000| Untracked 
| 195|0x000000008c300000, 0x000000008c300000, 0x000000008c400000|  0%| F|  |TAMS 0x000000008c300000, 0x000000008c300000| Untracked 
| 196|0x000000008c400000, 0x000000008c400000, 0x000000008c500000|  0%| F|  |TAMS 0x000000008c400000, 0x000000008c400000| Untracked 
| 197|0x000000008c500000, 0x000000008c500000, 0x000000008c600000|  0%| F|  |TAMS 0x000000008c500000, 0x000000008c500000| Untracked 
| 198|0x000000008c600000, 0x000000008c600000, 0x000000008c700000|  0%| F|  |TAMS 0x000000008c600000, 0x000000008c600000| Untracked 
| 199|0x000000008c700000, 0x000000008c700000, 0x000000008c800000|  0%| F|  |TAMS 0x000000008c700000, 0x000000008c700000| Untracked 
| 200|0x000000008c800000, 0x000000008c800000, 0x000000008c900000|  0%| F|  |TAMS 0x000000008c800000, 0x000000008c800000| Untracked 
| 201|0x000000008c900000, 0x000000008c900000, 0x000000008ca00000|  0%| F|  |TAMS 0x000000008c900000, 0x000000008c900000| Untracked 
| 202|0x000000008ca00000, 0x000000008ca00000, 0x000000008cb00000|  0%| F|  |TAMS 0x000000008ca00000, 0x000000008ca00000| Untracked 
| 203|0x000000008cb00000, 0x000000008cb00000, 0x000000008cc00000|  0%| F|  |TAMS 0x000000008cb00000, 0x000000008cb00000| Untracked 
| 204|0x000000008cc00000, 0x000000008cc00000, 0x000000008cd00000|  0%| F|  |TAMS 0x000000008cc00000, 0x000000008cc00000| Untracked 
| 205|0x000000008cd00000, 0x000000008cd00000, 0x000000008ce00000|  0%| F|  |TAMS 0x000000008cd00000, 0x000000008cd00000| Untracked 
| 206|0x000000008ce00000, 0x000000008ce00000, 0x000000008cf00000|  0%| F|  |TAMS 0x000000008ce00000, 0x000000008ce00000| Untracked 
| 207|0x000000008cf00000, 0x000000008cf00000, 0x000000008d000000|  0%| F|  |TAMS 0x000000008cf00000, 0x000000008cf00000| Untracked 
| 208|0x000000008d000000, 0x000000008d000000, 0x000000008d100000|  0%| F|  |TAMS 0x000000008d000000, 0x000000008d000000| Untracked 
| 209|0x000000008d100000, 0x000000008d100000, 0x000000008d200000|  0%| F|  |TAMS 0x000000008d100000, 0x000000008d100000| Untracked 
| 210|0x000000008d200000, 0x000000008d200000, 0x000000008d300000|  0%| F|  |TAMS 0x000000008d200000, 0x000000008d200000| Untracked 
| 211|0x000000008d300000, 0x000000008d300000, 0x000000008d400000|  0%| F|  |TAMS 0x000000008d300000, 0x000000008d300000| Untracked 
| 253|0x000000008fd00000, 0x000000008fd00000, 0x000000008fe00000|  0%| F|  |TAMS 0x000000008fd00000, 0x000000008fd00000| Untracked 

Card table byte_map: [0x000001536cf70000,0x000001536d370000] _byte_map_base: 0x000001536cb70000

Marking Bits (Prev, Next): (CMBitMap*) 0x00000153582a4560, (CMBitMap*) 0x00000153582a4520
 Prev Bits: [0x000001536f770000, 0x0000015371770000)
 Next Bits: [0x000001536d770000, 0x000001536f770000)

Polling page: 0x0000015358310000

Metaspace:

Usage:
  Non-class:     79.66 MB used.
      Class:     12.52 MB used.
       Both:     92.18 MB used.

Virtual space:
  Non-class space:       88.00 MB reserved,      79.94 MB ( 91%) committed,  11 nodes.
      Class space:        1.00 GB reserved,      12.81 MB (  1%) committed,  1 nodes.
             Both:        1.09 GB reserved,      92.75 MB (  8%) committed. 

Chunk freelists:
   Non-Class:  3.82 MB
       Class:  3.19 MB
        Both:  7.01 MB

MaxMetaspaceSize: unlimited
CompressedClassSpaceSize: 1.00 GB
Initial GC threshold: 21.00 MB
Current GC threshold: 145.56 MB
CDS: off
MetaspaceReclaimPolicy: balanced
 - commit_granule_bytes: 65536.
 - commit_granule_words: 8192.
 - virtual_space_node_default_size: 1048576.
 - enlarge_chunks_in_place: 1.
 - new_chunks_are_fully_committed: 0.
 - uncommit_free_chunks: 1.
 - use_allocation_guard: 0.
 - handle_deallocations: 1.


Internal statistics:

num_allocs_failed_limit: 12.
num_arena_births: 894.
num_arena_deaths: 0.
num_vsnodes_births: 12.
num_vsnodes_deaths: 0.
num_space_committed: 1484.
num_space_uncommitted: 0.
num_chunks_returned_to_freelist: 12.
num_chunks_taken_from_freelist: 4281.
num_chunk_merges: 12.
num_chunk_splits: 2893.
num_chunks_enlarged: 2002.
num_purges: 0.
num_inconsistent_stats: 0.

CodeHeap 'non-profiled nmethods': size=120000Kb used=4927Kb max_used=5441Kb free=115072Kb
 bounds [0x00000153649b0000, 0x0000015364f10000, 0x000001536bee0000]
CodeHeap 'profiled nmethods': size=120000Kb used=15009Kb max_used=16535Kb free=104990Kb
 bounds [0x000001535cee0000, 0x000001535df10000, 0x0000015364410000]
CodeHeap 'non-nmethods': size=5760Kb used=2384Kb max_used=2494Kb free=3375Kb
 bounds [0x0000015364410000, 0x0000015364690000, 0x00000153649b0000]
 total_blobs=9074 nmethods=8156 adapters=830
 compilation: enabled
              stopped_count=0, restarted_count=0
 full_count=0

Compilation events (20 events):
Event: 12.761 Thread 0x000001537509a670 9666       3       java.beans.Introspector::processPropertyDescriptors (964 bytes)
Event: 12.767 Thread 0x000001537509a670 nmethod 9666 0x000001535cef6310 code [0x000001535cef6c40, 0x000001535cefd7b8]
Event: 12.767 Thread 0x000001537509a670 9668       3       java.beans.Introspector::getTargetMethodInfo (250 bytes)
Event: 12.769 Thread 0x000001537509a670 nmethod 9668 0x000001535d424310 code [0x000001535d4246a0, 0x000001535d425e58]
Event: 12.769 Thread 0x000001537509a670 9669       3       java.util.regex.Matcher::appendTail (19 bytes)
Event: 12.769 Thread 0x000001537509a670 nmethod 9669 0x000001535d629890 code [0x000001535d629a60, 0x000001535d629d58]
Event: 12.774 Thread 0x000001537509a670 9670       3       groovy.lang.MetaClassImpl::addElementToList (58 bytes)
Event: 12.774 Thread 0x000001537509a670 nmethod 9670 0x000001535d1c6210 code [0x000001535d1c6420, 0x000001535d1c6c08]
Event: 12.776 Thread 0x000001537509a670 9671       3       java.beans.WeakIdentityMap::getIndex (7 bytes)
Event: 12.776 Thread 0x000001537509a670 nmethod 9671 0x000001535d346a10 code [0x000001535d346ba0, 0x000001535d346c98]
Event: 12.776 Thread 0x000001537509a670 9672       3       java.beans.ThreadGroupContext::getContext (16 bytes)
Event: 12.777 Thread 0x000001537509a670 nmethod 9672 0x000001535d8bc890 code [0x000001535d8bca40, 0x000001535d8bcd08]
Event: 12.777 Thread 0x000001537509a670 9673   !   3       java.beans.WeakIdentityMap::get (278 bytes)
Event: 12.778 Thread 0x000001537509a670 nmethod 9673 0x000001535d53b610 code [0x000001535d53b920, 0x000001535d53ce88]
Event: 12.778 Thread 0x000001537509a670 9674       3       java.beans.WeakIdentityMap$Entry::isMatched (22 bytes)
Event: 12.779 Thread 0x000001537509a670 nmethod 9674 0x000001535d62d790 code [0x000001535d62d920, 0x000001535d62db78]
Event: 12.779 Thread 0x000001537509a670 9675       3       groovy.lang.GroovySystem::getMetaClassRegistry (4 bytes)
Event: 12.779 Thread 0x000001537509a670 nmethod 9675 0x000001535d1dda90 code [0x000001535d1ddc20, 0x000001535d1ddd18]
Event: 12.781 Thread 0x000001537509a670 9676       3       groovy.lang.MetaClassImpl$1::skipClass (17 bytes)
Event: 12.781 Thread 0x000001537509a670 nmethod 9676 0x000001535d7a1890 code [0x000001535d7a1a20, 0x000001535d7a1b98]

GC Heap History (20 events):
Event: 8.096 GC heap after
{Heap after GC invocations=18 (full 0):
 garbage-first heap   total 119808K, used 63947K [0x0000000080000000, 0x0000000100000000)
  region size 1024K, 6 young (6144K), 6 survivors (6144K)
 Metaspace       used 65180K, committed 65728K, reserved 1105920K
  class space    used 8626K, committed 8832K, reserved 1048576K
}
Event: 8.537 GC heap before
{Heap before GC invocations=19 (full 0):
 garbage-first heap   total 119808K, used 95691K [0x0000000080000000, 0x0000000100000000)
  region size 1024K, 37 young (37888K), 6 survivors (6144K)
 Metaspace       used 68344K, committed 68928K, reserved 1114112K
  class space    used 9034K, committed 9344K, reserved 1048576K
}
Event: 8.542 GC heap after
{Heap after GC invocations=20 (full 0):
 garbage-first heap   total 119808K, used 60326K [0x0000000080000000, 0x0000000100000000)
  region size 1024K, 3 young (3072K), 3 survivors (3072K)
 Metaspace       used 68344K, committed 68928K, reserved 1114112K
  class space    used 9034K, committed 9344K, reserved 1048576K
}
Event: 9.084 GC heap before
{Heap before GC invocations=20 (full 0):
 garbage-first heap   total 119808K, used 95142K [0x0000000080000000, 0x0000000100000000)
  region size 1024K, 37 young (37888K), 3 survivors (3072K)
 Metaspace       used 71913K, committed 72512K, reserved 1114112K
  class space    used 9500K, committed 9792K, reserved 1048576K
}
Event: 9.091 GC heap after
{Heap after GC invocations=21 (full 0):
 garbage-first heap   total 119808K, used 62806K [0x0000000080000000, 0x0000000100000000)
  region size 1024K, 5 young (5120K), 5 survivors (5120K)
 Metaspace       used 71913K, committed 72512K, reserved 1114112K
  class space    used 9500K, committed 9792K, reserved 1048576K
}
Event: 9.596 GC heap before
{Heap before GC invocations=22 (full 0):
 garbage-first heap   total 119808K, used 96598K [0x0000000080000000, 0x0000000100000000)
  region size 1024K, 38 young (38912K), 5 survivors (5120K)
 Metaspace       used 76305K, committed 76928K, reserved 1122304K
  class space    used 10092K, committed 10368K, reserved 1048576K
}
Event: 9.602 GC heap after
{Heap after GC invocations=23 (full 0):
 garbage-first heap   total 119808K, used 65461K [0x0000000080000000, 0x0000000100000000)
  region size 1024K, 3 young (3072K), 3 survivors (3072K)
 Metaspace       used 76305K, committed 76928K, reserved 1122304K
  class space    used 10092K, committed 10368K, reserved 1048576K
}
Event: 9.628 GC heap before
{Heap before GC invocations=23 (full 0):
 garbage-first heap   total 119808K, used 67509K [0x0000000080000000, 0x0000000100000000)
  region size 1024K, 5 young (5120K), 3 survivors (3072K)
 Metaspace       used 76361K, committed 76928K, reserved 1122304K
  class space    used 10097K, committed 10368K, reserved 1048576K
}
Event: 9.632 GC heap after
{Heap after GC invocations=24 (full 0):
 garbage-first heap   total 144384K, used 65839K [0x0000000080000000, 0x0000000100000000)
  region size 1024K, 1 young (1024K), 1 survivors (1024K)
 Metaspace       used 76361K, committed 76928K, reserved 1122304K
  class space    used 10097K, committed 10368K, reserved 1048576K
}
Event: 10.121 GC heap before
{Heap before GC invocations=24 (full 0):
 garbage-first heap   total 144384K, used 100655K [0x0000000080000000, 0x0000000100000000)
  region size 1024K, 36 young (36864K), 1 survivors (1024K)
 Metaspace       used 78883K, committed 79488K, reserved 1122304K
  class space    used 10438K, committed 10752K, reserved 1048576K
}
Event: 10.126 GC heap after
{Heap after GC invocations=25 (full 0):
 garbage-first heap   total 144384K, used 67319K [0x0000000080000000, 0x0000000100000000)
  region size 1024K, 3 young (3072K), 3 survivors (3072K)
 Metaspace       used 78883K, committed 79488K, reserved 1122304K
  class space    used 10438K, committed 10752K, reserved 1048576K
}
Event: 10.892 GC heap before
{Heap before GC invocations=26 (full 0):
 garbage-first heap   total 144384K, used 113399K [0x0000000080000000, 0x0000000100000000)
  region size 1024K, 47 young (48128K), 3 survivors (3072K)
 Metaspace       used 84059K, committed 84672K, reserved 1122304K
  class space    used 11354K, committed 11648K, reserved 1048576K
}
Event: 10.902 GC heap after
{Heap after GC invocations=27 (full 0):
 garbage-first heap   total 144384K, used 69566K [0x0000000080000000, 0x0000000100000000)
  region size 1024K, 5 young (5120K), 5 survivors (5120K)
 Metaspace       used 84059K, committed 84672K, reserved 1122304K
  class space    used 11354K, committed 11648K, reserved 1048576K
}
Event: 11.642 GC heap before
{Heap before GC invocations=27 (full 0):
 garbage-first heap   total 144384K, used 114622K [0x0000000080000000, 0x0000000100000000)
  region size 1024K, 49 young (50176K), 5 survivors (5120K)
 Metaspace       used 88601K, committed 89216K, reserved 1130496K
  class space    used 12013K, committed 12288K, reserved 1048576K
}
Event: 11.651 GC heap after
{Heap after GC invocations=28 (full 0):
 garbage-first heap   total 144384K, used 73374K [0x0000000080000000, 0x0000000100000000)
  region size 1024K, 7 young (7168K), 7 survivors (7168K)
 Metaspace       used 88601K, committed 89216K, reserved 1130496K
  class space    used 12013K, committed 12288K, reserved 1048576K
}
Event: 12.363 GC heap before
{Heap before GC invocations=29 (full 0):
 garbage-first heap   total 144384K, used 116382K [0x0000000080000000, 0x0000000100000000)
  region size 1024K, 49 young (50176K), 7 survivors (7168K)
 Metaspace       used 93470K, committed 94080K, reserved 1130496K
  class space    used 12704K, committed 12992K, reserved 1048576K
}
Event: 12.372 GC heap after
{Heap after GC invocations=30 (full 0):
 garbage-first heap   total 144384K, used 76885K [0x0000000080000000, 0x0000000100000000)
  region size 1024K, 7 young (7168K), 7 survivors (7168K)
 Metaspace       used 93470K, committed 94080K, reserved 1130496K
  class space    used 12704K, committed 12992K, reserved 1048576K
}
Event: 12.387 GC heap before
{Heap before GC invocations=30 (full 0):
 garbage-first heap   total 144384K, used 77909K [0x0000000080000000, 0x0000000100000000)
  region size 1024K, 8 young (8192K), 7 survivors (7168K)
 Metaspace       used 93559K, committed 94208K, reserved 1130496K
  class space    used 12724K, committed 13056K, reserved 1048576K
}
Event: 12.394 GC heap after
{Heap after GC invocations=31 (full 0):
 garbage-first heap   total 144384K, used 77500K [0x0000000080000000, 0x0000000100000000)
  region size 1024K, 1 young (1024K), 1 survivors (1024K)
 Metaspace       used 93559K, committed 94208K, reserved 1130496K
  class space    used 12724K, committed 13056K, reserved 1048576K
}
Event: 12.783 GC heap before
{Heap before GC invocations=31 (full 0):
 garbage-first heap   total 144384K, used 118460K [0x0000000080000000, 0x0000000100000000)
  region size 1024K, 41 young (41984K), 1 survivors (1024K)
 Metaspace       used 94395K, committed 94976K, reserved 1138688K
  class space    used 12822K, committed 13120K, reserved 1048576K
}

Dll operation events (2 events):
Event: 0.008 Loaded shared library D:\Android\Android Studio\jbr\bin\java.dll
Event: 0.505 Loaded shared library D:\Android\Android Studio\jbr\bin\verify.dll

Deoptimization events (20 events):
Event: 12.483 Thread 0x0000015378212080 Uncommon trap: trap_request=0xffffff45 fr.pc=0x0000015364c65b60 relative=0x0000000000000060
Event: 12.483 Thread 0x0000015378212080 Uncommon trap: reason=unstable_if action=reinterpret pc=0x0000015364c65b60 method=java.lang.Class.getComponentType()Ljava/lang/Class; @ 4 c2
Event: 12.483 Thread 0x0000015378212080 DEOPT PACKING pc=0x0000015364c65b60 sp=0x00000017d8afa710
Event: 12.483 Thread 0x0000015378212080 DEOPT UNPACKING pc=0x00000153644669a3 sp=0x00000017d8afa6a0 mode 2
Event: 12.489 Thread 0x0000015378212080 Uncommon trap: trap_request=0xffffffc6 fr.pc=0x0000015364d3ea30 relative=0x0000000000000bb0
Event: 12.489 Thread 0x0000015378212080 Uncommon trap: reason=bimorphic_or_optimized_type_check action=maybe_recompile pc=0x0000015364d3ea30 method=org.codehaus.groovy.runtime.metaclass.MetaMethodIndex.isOverridden(Lgroovy/lang/MetaMethod;Lgroovy/lang/MetaMethod;)Z @ 37 c2
Event: 12.489 Thread 0x0000015378212080 DEOPT PACKING pc=0x0000015364d3ea30 sp=0x00000017d8af8680
Event: 12.489 Thread 0x0000015378212080 DEOPT UNPACKING pc=0x00000153644669a3 sp=0x00000017d8af85d8 mode 2
Event: 12.490 Thread 0x0000015378212080 Uncommon trap: trap_request=0xffffff45 fr.pc=0x0000015364d3f240 relative=0x00000000000013c0
Event: 12.490 Thread 0x0000015378212080 Uncommon trap: reason=unstable_if action=reinterpret pc=0x0000015364d3f240 method=org.codehaus.groovy.runtime.metaclass.MetaMethodIndex.isOverridden(Lgroovy/lang/MetaMethod;Lgroovy/lang/MetaMethod;)Z @ 33 c2
Event: 12.490 Thread 0x0000015378212080 DEOPT PACKING pc=0x0000015364d3f240 sp=0x00000017d8af8680
Event: 12.490 Thread 0x0000015378212080 DEOPT UNPACKING pc=0x00000153644669a3 sp=0x00000017d8af85d8 mode 2
Event: 12.579 Thread 0x0000015378212080 Uncommon trap: trap_request=0xffffff45 fr.pc=0x0000015364d989f4 relative=0x00000000000012b4
Event: 12.579 Thread 0x0000015378212080 Uncommon trap: reason=unstable_if action=reinterpret pc=0x0000015364d989f4 method=java.lang.ClassLoader.checkCerts(Ljava/lang/String;Ljava/security/CodeSource;)V @ 30 c2
Event: 12.579 Thread 0x0000015378212080 DEOPT PACKING pc=0x0000015364d989f4 sp=0x00000017d8af7460
Event: 12.579 Thread 0x0000015378212080 DEOPT UNPACKING pc=0x00000153644669a3 sp=0x00000017d8af73d8 mode 2
Event: 12.579 Thread 0x0000015378212080 Uncommon trap: trap_request=0xffffff45 fr.pc=0x0000015364cbcd70 relative=0x0000000000005d30
Event: 12.579 Thread 0x0000015378212080 Uncommon trap: reason=unstable_if action=reinterpret pc=0x0000015364cbcd70 method=java.lang.ClassLoader.loadClass(Ljava/lang/String;Z)Ljava/lang/Class; @ 29 c2
Event: 12.579 Thread 0x0000015378212080 DEOPT PACKING pc=0x0000015364cbcd70 sp=0x00000017d8af3450
Event: 12.579 Thread 0x0000015378212080 DEOPT UNPACKING pc=0x00000153644669a3 sp=0x00000017d8af34d8 mode 2

Classes unloaded (0 events):
No events

Classes redefined (0 events):
No events

Internal exceptions (20 events):
Event: 12.747 Thread 0x0000015378212080 Exception <a 'java/lang/ClassNotFoundException'{0x0000000086805e18}: org/jetbrains/kotlin/gradle/tasks/KotlinCompileCustomizer> (0x0000000086805e18) 
thrown [s\src\hotspot\share\classfile\systemDictionary.cpp, line 256]
Event: 12.750 Thread 0x0000015378212080 Exception <a 'java/lang/ClassNotFoundException'{0x0000000086868b10}: org/jetbrains/kotlin/gradle/tasks/KotlinCompile_DecoratedCustomizer> (0x0000000086868b10) 
thrown [s\src\hotspot\share\classfile\systemDictionary.cpp, line 256]
Event: 12.758 Thread 0x0000015378212080 Exception <a 'java/lang/ClassNotFoundException'{0x000000008675aa80}: com/android/build/gradle/tasks/JavaPreCompileTask_DecoratedBeanInfo> (0x000000008675aa80) 
thrown [s\src\hotspot\share\classfile\systemDictionary.cpp, line 256]
Event: 12.758 Thread 0x0000015378212080 Exception <a 'java/lang/ClassNotFoundException'{0x0000000086766468}: com/android/build/gradle/tasks/JavaPreCompileTaskBeanInfo> (0x0000000086766468) 
thrown [s\src\hotspot\share\classfile\systemDictionary.cpp, line 256]
Event: 12.759 Thread 0x0000015378212080 Exception <a 'java/lang/ClassNotFoundException'{0x0000000086771b88}: com/android/build/gradle/tasks/JavaPreCompileTaskCustomizer> (0x0000000086771b88) 
thrown [s\src\hotspot\share\classfile\systemDictionary.cpp, line 256]
Event: 12.760 Thread 0x0000015378212080 Exception <a 'java/lang/ClassNotFoundException'{0x00000000867923c0}: com/android/build/gradle/tasks/JavaPreCompileTask_DecoratedCustomizer> (0x00000000867923c0) 
thrown [s\src\hotspot\share\classfile\systemDictionary.cpp, line 256]
Event: 12.766 Thread 0x0000015378212080 Exception <a 'java/lang/ClassNotFoundException'{0x000000008666e0f0}: org/gradle/api/tasks/compile/JavaCompile_DecoratedBeanInfo> (0x000000008666e0f0) 
thrown [s\src\hotspot\share\classfile\systemDictionary.cpp, line 256]
Event: 12.766 Thread 0x0000015378212080 Exception <a 'java/lang/ClassNotFoundException'{0x000000008667a858}: org/gradle/api/tasks/compile/JavaCompileBeanInfo> (0x000000008667a858) 
thrown [s\src\hotspot\share\classfile\systemDictionary.cpp, line 256]
Event: 12.767 Thread 0x0000015378212080 Exception <a 'java/lang/ClassNotFoundException'{0x0000000086688528}: org/gradle/api/tasks/compile/AbstractCompileBeanInfo> (0x0000000086688528) 
thrown [s\src\hotspot\share\classfile\systemDictionary.cpp, line 256]
Event: 12.767 Thread 0x0000015378212080 Exception <a 'java/lang/ClassNotFoundException'{0x00000000866938a8}: org/gradle/api/tasks/SourceTaskBeanInfo> (0x00000000866938a8) 
thrown [s\src\hotspot\share\classfile\systemDictionary.cpp, line 256]
Event: 12.767 Thread 0x0000015378212080 Exception <a 'java/lang/ClassNotFoundException'{0x000000008669eef0}: org/gradle/api/tasks/SourceTaskCustomizer> (0x000000008669eef0) 
thrown [s\src\hotspot\share\classfile\systemDictionary.cpp, line 256]
Event: 12.769 Thread 0x0000015378212080 Exception <a 'java/lang/ClassNotFoundException'{0x00000000866cf580}: org/gradle/api/tasks/compile/AbstractCompileCustomizer> (0x00000000866cf580) 
thrown [s\src\hotspot\share\classfile\systemDictionary.cpp, line 256]
Event: 12.770 Thread 0x0000015378212080 Exception <a 'java/lang/ClassNotFoundException'{0x00000000866f4400}: org/gradle/api/tasks/compile/JavaCompileCustomizer> (0x00000000866f4400) 
thrown [s\src\hotspot\share\classfile\systemDictionary.cpp, line 256]
Event: 12.771 Thread 0x0000015378212080 Exception <a 'java/lang/ClassNotFoundException'{0x000000008651a0f8}: org/gradle/api/tasks/compile/JavaCompile_DecoratedCustomizer> (0x000000008651a0f8) 
thrown [s\src\hotspot\share\classfile\systemDictionary.cpp, line 256]
Event: 12.776 Thread 0x0000015378212080 Exception <a 'java/lang/ClassNotFoundException'{0x00000000865f8350}: com/android/build/gradle/tasks/MergeSourceSetFolders_DecoratedBeanInfo> (0x00000000865f8350) 
thrown [s\src\hotspot\share\classfile\systemDictionary.cpp, line 256]
Event: 12.777 Thread 0x0000015378212080 Exception <a 'java/lang/ClassNotFoundException'{0x0000000086404250}: com/android/build/gradle/tasks/MergeSourceSetFoldersBeanInfo> (0x0000000086404250) 
thrown [s\src\hotspot\share\classfile\systemDictionary.cpp, line 256]
Event: 12.777 Thread 0x0000015378212080 Exception <a 'java/lang/ClassNotFoundException'{0x000000008640f990}: com/android/build/gradle/tasks/MergeSourceSetFoldersCustomizer> (0x000000008640f990) 
thrown [s\src\hotspot\share\classfile\systemDictionary.cpp, line 256]
Event: 12.778 Thread 0x0000015378212080 Exception <a 'java/lang/ClassNotFoundException'{0x000000008643d6c8}: com/android/build/gradle/tasks/MergeSourceSetFolders_DecoratedCustomizer> (0x000000008643d6c8) 
thrown [s\src\hotspot\share\classfile\systemDictionary.cpp, line 256]
Event: 12.782 Thread 0x0000015378212080 Exception <a 'java/lang/ClassNotFoundException'{0x00000000864eaec0}: com/android/build/gradle/tasks/ShaderCompile_DecoratedBeanInfo> (0x00000000864eaec0) 
thrown [s\src\hotspot\share\classfile\systemDictionary.cpp, line 256]
Event: 12.782 Thread 0x0000015378212080 Exception <a 'java/lang/ClassNotFoundException'{0x00000000864f67d8}: com/android/build/gradle/tasks/ShaderCompileBeanInfo> (0x00000000864f67d8) 
thrown [s\src\hotspot\share\classfile\systemDictionary.cpp, line 256]

VM Operations (20 events):
Event: 12.069 Executing VM operation: HandshakeAllThreads done
Event: 12.182 Executing VM operation: ICBufferFull
Event: 12.182 Executing VM operation: ICBufferFull done
Event: 12.246 Executing VM operation: HandshakeAllThreads
Event: 12.246 Executing VM operation: HandshakeAllThreads done
Event: 12.340 Executing VM operation: HandshakeAllThreads
Event: 12.340 Executing VM operation: HandshakeAllThreads done
Event: 12.354 Executing VM operation: ICBufferFull
Event: 12.354 Executing VM operation: ICBufferFull done
Event: 12.360 Executing VM operation: HandshakeAllThreads
Event: 12.360 Executing VM operation: HandshakeAllThreads done
Event: 12.363 Executing VM operation: G1CollectForAllocation
Event: 12.372 Executing VM operation: G1CollectForAllocation done
Event: 12.386 Executing VM operation: G1CollectForAllocation
Event: 12.395 Executing VM operation: G1CollectForAllocation done
Event: 12.452 Executing VM operation: HandshakeAllThreads
Event: 12.452 Executing VM operation: HandshakeAllThreads done
Event: 12.505 Executing VM operation: HandshakeAllThreads
Event: 12.505 Executing VM operation: HandshakeAllThreads done
Event: 12.783 Executing VM operation: G1CollectForAllocation

Events (20 events):
Event: 12.467 Thread 0x000001537509b060 flushing nmethod 0x000001535de5c390
Event: 12.467 Thread 0x000001537509b060 flushing nmethod 0x000001535de94390
Event: 12.496 loading class java/util/AbstractCollectionBeanInfo
Event: 12.496 loading class java/util/AbstractCollectionBeanInfo done
Event: 12.496 loading class java/util/AbstractCollectionBeanInfo
Event: 12.496 loading class java/util/AbstractCollectionBeanInfo done
Event: 12.496 loading class java/util/AbstractCollectionCustomizer
Event: 12.496 loading class java/util/AbstractCollectionCustomizer done
Event: 12.496 loading class java/util/AbstractCollectionCustomizer
Event: 12.496 loading class java/util/AbstractCollectionCustomizer done
Event: 12.497 loading class sun/reflect/generics/reflectiveObjects/GenericArrayTypeImpl
Event: 12.497 loading class sun/reflect/generics/reflectiveObjects/GenericArrayTypeImpl done
Event: 12.571 loading class java/lang/ClassBeanInfo
Event: 12.571 loading class java/lang/ClassBeanInfo done
Event: 12.571 loading class java/lang/ClassBeanInfo
Event: 12.571 loading class java/lang/ClassBeanInfo done
Event: 12.571 loading class java/lang/ClassCustomizer
Event: 12.571 loading class java/lang/ClassCustomizer done
Event: 12.572 loading class java/lang/ClassCustomizer
Event: 12.572 loading class java/lang/ClassCustomizer done


Dynamic libraries:
0x00007ff704af0000 - 0x00007ff704afa000 	D:\Android\Android Studio\jbr\bin\java.exe
0x00007ff9697f0000 - 0x00007ff969a04000 	C:\WINDOWS\SYSTEM32\ntdll.dll
0x00007ff967d70000 - 0x00007ff967e34000 	C:\WINDOWS\System32\KERNEL32.DLL
0x00007ff966bd0000 - 0x00007ff966f74000 	C:\WINDOWS\System32\KERNELBASE.dll
0x00007ff967340000 - 0x00007ff967451000 	C:\WINDOWS\System32\ucrtbase.dll
0x00007ff95ebf0000 - 0x00007ff95ec07000 	D:\Android\Android Studio\jbr\bin\jli.dll
0x00007ff9619c0000 - 0x00007ff9619db000 	D:\Android\Android Studio\jbr\bin\VCRUNTIME140.dll
0x00007ff969600000 - 0x00007ff9697ae000 	C:\WINDOWS\System32\USER32.dll
0x00007ff966ba0000 - 0x00007ff966bc6000 	C:\WINDOWS\System32\win32u.dll
0x00007ff945900000 - 0x00007ff945b93000 	C:\WINDOWS\WinSxS\amd64_microsoft.windows.common-controls_6595b64144ccf1df_6.0.22621.2215_none_270d72677387dfc3\COMCTL32.dll
0x00007ff967ac0000 - 0x00007ff967ae9000 	C:\WINDOWS\System32\GDI32.dll
0x00007ff967e40000 - 0x00007ff967ee7000 	C:\WINDOWS\System32\msvcrt.dll
0x00007ff967460000 - 0x00007ff967578000 	C:\WINDOWS\System32\gdi32full.dll
0x00007ff966f80000 - 0x00007ff96701a000 	C:\WINDOWS\System32\msvcp_win.dll
0x00007ff967580000 - 0x00007ff9675b1000 	C:\WINDOWS\System32\IMM32.DLL
0x00007ff963a10000 - 0x00007ff963a1c000 	D:\Android\Android Studio\jbr\bin\vcruntime140_1.dll
0x00007ff932710000 - 0x00007ff93279d000 	D:\Android\Android Studio\jbr\bin\msvcp140.dll
0x00007ff906880000 - 0x00007ff9074ee000 	D:\Android\Android Studio\jbr\bin\server\jvm.dll
0x00007ff967ef0000 - 0x00007ff967fa0000 	C:\WINDOWS\System32\ADVAPI32.dll
0x00007ff968ef0000 - 0x00007ff968f96000 	C:\WINDOWS\System32\sechost.dll
0x00007ff968c50000 - 0x00007ff968d67000 	C:\WINDOWS\System32\RPCRT4.dll
0x00007ff961a40000 - 0x00007ff961a49000 	C:\WINDOWS\SYSTEM32\WSOCK32.dll
0x00007ff95e700000 - 0x00007ff95e70a000 	C:\WINDOWS\SYSTEM32\VERSION.dll
0x00007ff95d9a0000 - 0x00007ff95d9d4000 	C:\WINDOWS\SYSTEM32\WINMM.dll
0x00007ff9679d0000 - 0x00007ff967a41000 	C:\WINDOWS\System32\WS2_32.dll
0x00007ff965c90000 - 0x00007ff965ca8000 	C:\WINDOWS\SYSTEM32\kernel.appcore.dll
0x00007ff961970000 - 0x00007ff96197a000 	D:\Android\Android Studio\jbr\bin\jimage.dll
0x00007ff964580000 - 0x00007ff9647ae000 	C:\WINDOWS\SYSTEM32\DBGHELP.DLL
0x00007ff969080000 - 0x00007ff96940a000 	C:\WINDOWS\System32\combase.dll
0x00007ff968fa0000 - 0x00007ff969077000 	C:\WINDOWS\System32\OLEAUT32.dll
0x00007ff951250000 - 0x00007ff951282000 	C:\WINDOWS\SYSTEM32\dbgcore.DLL
0x00007ff967150000 - 0x00007ff9671ca000 	C:\WINDOWS\System32\bcryptPrimitives.dll
0x00007ff9611d0000 - 0x00007ff9611f5000 	D:\Android\Android Studio\jbr\bin\java.dll
0x00007ff961950000 - 0x00007ff961968000 	D:\Android\Android Studio\jbr\bin\zip.dll
0x00007ff968420000 - 0x00007ff968c43000 	C:\WINDOWS\System32\SHELL32.dll
0x00007ff964b40000 - 0x00007ff96542a000 	C:\WINDOWS\SYSTEM32\windows.storage.dll
0x00007ff964a00000 - 0x00007ff964b3e000 	C:\WINDOWS\SYSTEM32\wintypes.dll
0x00007ff967bf0000 - 0x00007ff967ce3000 	C:\WINDOWS\System32\SHCORE.dll
0x00007ff968d70000 - 0x00007ff968dce000 	C:\WINDOWS\System32\shlwapi.dll
0x00007ff966ad0000 - 0x00007ff966af6000 	C:\WINDOWS\SYSTEM32\profapi.dll
0x00007ff95ec30000 - 0x00007ff95ec49000 	D:\Android\Android Studio\jbr\bin\net.dll
0x00007ff95e120000 - 0x00007ff95e257000 	C:\WINDOWS\SYSTEM32\WINHTTP.dll
0x00007ff966160000 - 0x00007ff9661c9000 	C:\WINDOWS\system32\mswsock.dll
0x00007ff95ec10000 - 0x00007ff95ec26000 	D:\Android\Android Studio\jbr\bin\nio.dll
0x00007ff9618f0000 - 0x00007ff961900000 	D:\Android\Android Studio\jbr\bin\verify.dll
0x00007ff932830000 - 0x00007ff932857000 	C:\Users\LENOVO\.gradle\native\68d5fa5c4cc2d200863cafc0d521ce42e7d3e7ee720ec0a83991735586a16f82\windows-amd64\native-platform.dll
0x00007ff930ef0000 - 0x00007ff931034000 	C:\Users\LENOVO\.gradle\native\e376f236ea51e6404a007f0833ffe2c6e607c4080706a723a18a27aeea778392\windows-amd64\native-platform-file-events.dll
0x00007ff95f460000 - 0x00007ff95f469000 	D:\Android\Android Studio\jbr\bin\management.dll
0x00007ff95ed50000 - 0x00007ff95ed5b000 	D:\Android\Android Studio\jbr\bin\management_ext.dll
0x00007ff9675c0000 - 0x00007ff9675c8000 	C:\WINDOWS\System32\PSAPI.DLL
0x00007ff9663b0000 - 0x00007ff9663cb000 	C:\WINDOWS\SYSTEM32\CRYPTSP.dll
0x00007ff965c50000 - 0x00007ff965c85000 	C:\WINDOWS\system32\rsaenh.dll
0x00007ff966250000 - 0x00007ff96627c000 	C:\WINDOWS\SYSTEM32\USERENV.dll
0x00007ff966550000 - 0x00007ff966578000 	C:\WINDOWS\SYSTEM32\bcrypt.dll
0x00007ff9663d0000 - 0x00007ff9663dc000 	C:\WINDOWS\SYSTEM32\CRYPTBASE.dll
0x00007ff965700000 - 0x00007ff96572d000 	C:\WINDOWS\SYSTEM32\IPHLPAPI.DLL
0x00007ff967910000 - 0x00007ff967919000 	C:\WINDOWS\System32\NSI.dll
0x00007ff95dd30000 - 0x00007ff95dd49000 	C:\WINDOWS\SYSTEM32\dhcpcsvc6.DLL
0x00007ff95dcf0000 - 0x00007ff95dd0f000 	C:\WINDOWS\SYSTEM32\dhcpcsvc.DLL
0x00007ff965770000 - 0x00007ff965862000 	C:\WINDOWS\SYSTEM32\DNSAPI.dll
0x00007ff952720000 - 0x00007ff952728000 	C:\WINDOWS\system32\wshunix.dll
0x00007ff946190000 - 0x00007ff9461a7000 	C:\WINDOWS\system32\napinsp.dll
0x00007ff946170000 - 0x00007ff94618b000 	C:\WINDOWS\system32\pnrpnsp.dll
0x00007ff946030000 - 0x00007ff946041000 	C:\WINDOWS\System32\winrnr.dll
0x00007ff95f840000 - 0x00007ff95f855000 	C:\WINDOWS\system32\wshbth.dll
0x00007ff945e90000 - 0x00007ff945eb1000 	C:\WINDOWS\system32\nlansp_c.dll
0x00007ff95e6c0000 - 0x00007ff95e6ca000 	C:\Windows\System32\rasadhlp.dll
0x00007ff95ced0000 - 0x00007ff95cf54000 	C:\WINDOWS\System32\fwpuclnt.dll

dbghelp: loaded successfully - version: 4.0.5 - missing functions: none
symbol engine: initialized successfully - sym options: 0x614 - pdb path: .;D:\Android\Android Studio\jbr\bin;C:\WINDOWS\SYSTEM32;C:\WINDOWS\WinSxS\amd64_microsoft.windows.common-controls_6595b64144ccf1df_6.0.22621.2215_none_270d72677387dfc3;D:\Android\Android Studio\jbr\bin\server;C:\Users\LENOVO\.gradle\native\68d5fa5c4cc2d200863cafc0d521ce42e7d3e7ee720ec0a83991735586a16f82\windows-amd64;C:\Users\LENOVO\.gradle\native\e376f236ea51e6404a007f0833ffe2c6e607c4080706a723a18a27aeea778392\windows-amd64

VM Arguments:
jvm_args: --add-opens=java.base/java.util=ALL-UNNAMED --add-opens=java.base/java.lang=ALL-UNNAMED --add-opens=java.base/java.lang.invoke=ALL-UNNAMED --add-opens=java.prefs/java.util.prefs=ALL-UNNAMED --add-opens=java.base/java.nio.charset=ALL-UNNAMED --add-opens=java.base/java.net=ALL-UNNAMED --add-opens=java.base/java.util.concurrent.atomic=ALL-UNNAMED -Xmx2048m -Dfile.encoding=UTF-8 -Duser.country=ID -Duser.language=en -Duser.variant 
java_command: org.gradle.launcher.daemon.bootstrap.GradleDaemon 8.0
java_class_path (initial): C:\Users\LENOVO\.gradle\wrapper\dists\gradle-8.0-bin\ca5e32bp14vu59qr306oxotwh\gradle-8.0\lib\gradle-launcher-8.0.jar
Launcher Type: SUN_STANDARD

[Global flags]
     intx CICompilerCount                          = 4                                         {product} {ergonomic}
     uint ConcGCThreads                            = 3                                         {product} {ergonomic}
     uint G1ConcRefinementThreads                  = 10                                        {product} {ergonomic}
   size_t G1HeapRegionSize                         = 1048576                                   {product} {ergonomic}
    uintx GCDrainStackTargetSize                   = 64                                        {product} {ergonomic}
   size_t InitialHeapSize                          = 266338304                                 {product} {ergonomic}
   size_t MarkStackSize                            = 4194304                                   {product} {ergonomic}
   size_t MaxHeapSize                              = 2147483648                                {product} {command line}
   size_t MaxNewSize                               = 1287651328                                {product} {ergonomic}
   size_t MinHeapDeltaBytes                        = 1048576                                   {product} {ergonomic}
   size_t MinHeapSize                              = 8388608                                   {product} {ergonomic}
    uintx NonNMethodCodeHeapSize                   = 5839372                                {pd product} {ergonomic}
    uintx NonProfiledCodeHeapSize                  = 122909434                              {pd product} {ergonomic}
    uintx ProfiledCodeHeapSize                     = 122909434                              {pd product} {ergonomic}
    uintx ReservedCodeCacheSize                    = 251658240                              {pd product} {ergonomic}
     bool SegmentedCodeCache                       = true                                      {product} {ergonomic}
   size_t SoftMaxHeapSize                          = 2147483648                             {manageable} {ergonomic}
     bool UseCompressedClassPointers               = true                           {product lp64_product} {ergonomic}
     bool UseCompressedOops                        = true                           {product lp64_product} {ergonomic}
     bool UseG1GC                                  = true                                      {product} {ergonomic}
     bool UseLargePagesIndividualAllocation        = false                                  {pd product} {ergonomic}

Logging:
Log output configuration:
 #0: stdout all=warning uptime,level,tags
 #1: stderr all=off uptime,level,tags

Environment Variables:
PATH=C:\Program Files\Common Files\Oracle\Java\javapath;C:\Program Files (x86)\Common Files\Oracle\Java\javapath;C:\Windows\system32;C:\Windows;C:\Windows\System32\Wbem;C:\Windows\System32\WindowsPowerShell\v1.0\;C:\Windows\System32\OpenSSH\;C:\Program Files (x86)\NVIDIA Corporation\PhysX\Common;C:\Program Files\NVIDIA Corporation\NVIDIA NvDLISR;C:\Users\LENOVO\AppData\Local\Microsoft\WindowsApps;C:\adb;C:\WINDOWS\system32;C:\WINDOWS;C:\WINDOWS\System32\Wbem;C:\WINDOWS\System32\WindowsPowerShell\v1.0\;C:\WINDOWS\System32\OpenSSH\;E:\Downloads\Zip\mysql-8.0.30-winx64\bin;D:\Git\cmd;C:\Program Files\dotnet\;D:\nodejs\;C:\Program Files (x86)\Windows Kits\10\Windows Performance Toolkit\;D:\Python\Scripts\;D:\Python\;C:\Program Files\MySQL\MySQL Shell 8.0\bin\;C:\Users\LENOVO\AppData\Local\Microsoft\WindowsApps;D:\Microsoft VS Code\bin;C:\Users\LENOVO\AppData\Local\GitHubDesktop\bin;C:\Users\LENOVO\AppData\Roaming\npm
USERNAME=LENOVO
OS=Windows_NT
PROCESSOR_IDENTIFIER=Intel64 Family 6 Model 165 Stepping 2, GenuineIntel
TMP=C:\Users\LENOVO\AppData\Local\Temp
TEMP=C:\Users\LENOVO\AppData\Local\Temp


JNI global refs:
JNI global refs: 27, weak refs: 5

JNI global refs memory usage: 843, weak refs: 841


---------------  S Y S T E M  ---------------

OS:
 Windows 11 , 64 bit Build 22621 (10.0.22621.2215)
OS uptime: 0 days 2:08 hours

CPU: total 12 (initial active 12) (6 cores per cpu, 2 threads per core) family 6 model 165 stepping 2 microcode 0xf6, cx8, cmov, fxsr, ht, mmx, 3dnowpref, sse, sse2, sse3, ssse3, sse4.1, sse4.2, popcnt, lzcnt, tsc, tscinvbit, avx, avx2, aes, erms, clmul, bmi1, bmi2, adx, fma, vzeroupper, clflush, clflushopt

Memory: 4k page, system-wide physical 16251M (3676M free)
TotalPageFile size 16251M (AvailPageFile size 17M)
current process WorkingSet (physical memory assigned to process): 403M, peak: 403M
current process commit charge ("private bytes"): 516M, peak: 557M

vm_info: OpenJDK 64-Bit Server VM (17.0.6+0-b2043.56-10027231) for windows-amd64 JRE (17.0.6+0-b2043.56-10027231), built on Apr 28 2023 00:43:19 by "androidbuild" with MS VC++ 16.10 / 16.11 (VS2019)

END.
