#
# There is insufficient memory for the Java Runtime Environment to continue.
# Native memory allocation (mmap) failed to map 56623104 bytes for G1 virtual space
# Possible reasons:
#   The system is out of physical RAM or swap space
#   The process is running with CompressedOops enabled, and the Java Heap may be blocking the growth of the native heap
# Possible solutions:
#   Reduce memory load on the system
#   Increase physical memory or swap space
#   Check if swap backing store is full
#   Decrease Java heap size (-Xmx/-Xms)
#   Decrease number of Java threads
#   Decrease Java thread stack sizes (-Xss)
#   Set larger code cache with -XX:ReservedCodeCacheSize=
#   JVM is running with Unscaled Compressed Oops mode in which the Java heap is
#     placed in the first 4GB address space. The Java Heap base address is the
#     maximum limit for the native heap growth. Please use -XX:HeapBaseMinAddress
#     to set the Java Heap base and to place the Java Heap above 4GB virtual address.
# This output file may be truncated or incomplete.
#
#  Out of Memory Error (os_windows.cpp:3769), pid=14468, tid=13684
#
# JRE version: OpenJDK Runtime Environment (17.0.6) (build 17.0.6+0-b2043.56-10027231)
# Java VM: OpenJDK 64-Bit Server VM (17.0.6+0-b2043.56-10027231, mixed mode, tiered, compressed oops, compressed class ptrs, g1 gc, windows-amd64)
# No core dump will be written. Minidumps are not enabled by default on client versions of Windows
#

---------------  S U M M A R Y ------------

Command Line: --add-opens=java.base/java.util=ALL-UNNAMED --add-opens=java.base/java.lang=ALL-UNNAMED --add-opens=java.base/java.lang.invoke=ALL-UNNAMED --add-opens=java.prefs/java.util.prefs=ALL-UNNAMED --add-opens=java.base/java.nio.charset=ALL-UNNAMED --add-opens=java.base/java.net=ALL-UNNAMED --add-opens=java.base/java.util.concurrent.atomic=ALL-UNNAMED -Xmx2048m -Dfile.encoding=UTF-8 -Duser.country=ID -Duser.language=en -Duser.variant org.gradle.launcher.daemon.bootstrap.GradleDaemon 8.0

Host: Intel(R) Core(TM) i7-10750H CPU @ 2.60GHz, 12 cores, 15G,  Windows 11 , 64 bit Build 22621 (10.0.22621.2215)
Time: Sat Sep 16 22:18:00 2023 SE Asia Standard Time elapsed time: 14.697687 seconds (0d 0h 0m 14s)

---------------  T H R E A D  ---------------

Current thread (0x0000025e1c681d00):  VMThread "VM Thread" [stack: 0x000000ba82900000,0x000000ba82a00000] [id=13684]

Stack: [0x000000ba82900000,0x000000ba82a00000]
Native frames: (J=compiled Java code, j=interpreted, Vv=VM code, C=native code)
V  [jvm.dll+0x683c9a]
V  [jvm.dll+0x8427a4]
V  [jvm.dll+0x843f9e]
V  [jvm.dll+0x844603]
V  [jvm.dll+0x249b75]
V  [jvm.dll+0x680b69]
V  [jvm.dll+0x67505a]
V  [jvm.dll+0x309acb]
V  [jvm.dll+0x310f86]
V  [jvm.dll+0x3608ee]
V  [jvm.dll+0x360b1f]
V  [jvm.dll+0x2dfbf8]
V  [jvm.dll+0x2ddec4]
V  [jvm.dll+0x2dd4cc]
V  [jvm.dll+0x321f3b]
V  [jvm.dll+0x848ccb]
V  [jvm.dll+0x849a04]
V  [jvm.dll+0x849f1d]
V  [jvm.dll+0x84a2f4]
V  [jvm.dll+0x84a3c0]
V  [jvm.dll+0x7f274a]
V  [jvm.dll+0x682ad5]
C  [ucrtbase.dll+0x29363]
C  [KERNEL32.DLL+0x1257d]
C  [ntdll.dll+0x5aa68]

VM_Operation (0x000000ba8c2fdb30): G1CollectForAllocation, mode: safepoint, requested by thread 0x0000025e232e9670


---------------  P R O C E S S  ---------------

Threads class SMR info:
_java_thread_list=0x0000025e233b65e0, length=187, elements={
0x0000025e023dc4f0, 0x0000025e1d0413a0, 0x0000025e1d042210, 0x0000025e1d08b4e0,
0x0000025e1d08c090, 0x0000025e1d08ce50, 0x0000025e1d091540, 0x0000025e1d0944f0,
0x0000025e1d0a9450, 0x0000025e1d0a9e40, 0x0000025e1d0906d0, 0x0000025e1d090ba0,
0x0000025e1d092d50, 0x0000025e1d0923b0, 0x0000025e1d091a10, 0x0000025e1d093220,
0x0000025e1d08f860, 0x0000025e1d08fd30, 0x0000025e1d090200, 0x0000025e1d091070,
0x0000025e1d091ee0, 0x0000025e1f873cc0, 0x0000025e1f870300, 0x0000025e1f86d2e0,
0x0000025e1f872980, 0x0000025e1f871fe0, 0x0000025e1f86d7b0, 0x0000025e1f86efc0,
0x0000025e1f871170, 0x0000025e1f872e50, 0x0000025e1f873320, 0x0000025e1f8737f0,
0x0000025e1f8724b0, 0x0000025e1f874190, 0x0000025e1f86ce10, 0x0000025e1f86f960,
0x0000025e1f86fe30, 0x0000025e1f870ca0, 0x0000025e1f871b10, 0x0000025e22b610a0,
0x0000025e22b5dbb0, 0x0000025e22b5e550, 0x0000025e22b61f10, 0x0000025e22b623e0,
0x0000025e22b5ea20, 0x0000025e22b628b0, 0x0000025e22b5b060, 0x0000025e22b5c870,
0x0000025e22b60bd0, 0x0000025e22b5cd40, 0x0000025e22b5ba00, 0x0000025e22b5d210,
0x0000025e22b5e080, 0x0000025e22b60230, 0x0000025e22b5d6e0, 0x0000025e22b61570,
0x0000025e22b5eef0, 0x0000025e22b5f890, 0x0000025e22b61a40, 0x0000025e22b60700,
0x0000025e22b5b530, 0x0000025e249fd500, 0x0000025e249fcb60, 0x0000025e249fa9b0,
0x0000025e249f6b20, 0x0000025e249f74c0, 0x0000025e249f7990, 0x0000025e249f9670,
0x0000025e249fd9d0, 0x0000025e249fc1c0, 0x0000025e249fd030, 0x0000025e249f7e60,
0x0000025e249f6650, 0x0000025e249fdea0, 0x0000025e249f8330, 0x0000025e249f6ff0,
0x0000025e249fc690, 0x0000025e249fbcf0, 0x0000025e249f8800, 0x0000025e249f8cd0,
0x0000025e249f91a0, 0x0000025e249fae80, 0x0000025e249f9b40, 0x0000025e249fa010,
0x0000025e249fa4e0, 0x0000025e249fb350, 0x0000025e249fb820, 0x0000025e22ea5060,
0x0000025e22ea6870, 0x0000025e22ea8080, 0x0000025e22ea3d20, 0x0000025e22ea5ed0,
0x0000025e22ea8550, 0x0000025e22ea5530, 0x0000025e22ea7210, 0x0000025e22ea6d40,
0x0000025e22ea8a20, 0x0000025e22ea11d0, 0x0000025e22ea4b90, 0x0000025e22ea16a0,
0x0000025e22ea2510, 0x0000025e22ea1b70, 0x0000025e22ea2040, 0x0000025e22ea63a0,
0x0000025e22ea2eb0, 0x0000025e22ea29e0, 0x0000025e22ea3380, 0x0000025e22ea76e0,
0x0000025e22ea5a00, 0x0000025e22ea3850, 0x0000025e22ea7bb0, 0x0000025e22ea41f0,
0x0000025e22ea46c0, 0x0000025e22a5cb10, 0x0000025e22a61810, 0x0000025e22a5f190,
0x0000025e22a5d980, 0x0000025e22a5d4b0, 0x0000025e22a5e320, 0x0000025e22a61ce0,
0x0000025e22a634f0, 0x0000025e22a5ecc0, 0x0000025e22a62b50, 0x0000025e22a61340,
0x0000025e22a5bca0, 0x0000025e22a621b0, 0x0000025e22a60e70, 0x0000025e22a62680,
0x0000025e22a63020, 0x0000025e22a5c170, 0x0000025e22a5c640, 0x0000025e22a5de50,
0x0000025e22a5cfe0, 0x0000025e22a5fb30, 0x0000025e22a5e7f0, 0x0000025e22a5f660,
0x0000025e22a60000, 0x0000025e22a604d0, 0x0000025e22a609a0, 0x0000025e232e9670,
0x0000025e232e44a0, 0x0000025e232e6650, 0x0000025e232e7e60, 0x0000025e232e8cd0,
0x0000025e232ea010, 0x0000025e232e3b00, 0x0000025e232e6b20, 0x0000025e232e91a0,
0x0000025e232e6ff0, 0x0000025e232e9b40, 0x0000025e232eae80, 0x0000025e232e8330,
0x0000025e232e3fd0, 0x0000025e232ea4e0, 0x0000025e232ea9b0, 0x0000025e232e5cb0,
0x0000025e232e4970, 0x0000025e232e6180, 0x0000025e232e4e40, 0x0000025e232e74c0,
0x0000025e232e5310, 0x0000025e232eb350, 0x0000025e232e57e0, 0x0000025e232e7990,
0x0000025e232e8800, 0x0000025e26613310, 0x0000025e26615e60, 0x0000025e26615990,
0x0000025e266154c0, 0x0000025e26614650, 0x0000025e22438b50, 0x0000025e22439060,
0x0000025e2661a690, 0x0000025e26617670, 0x0000025e26616cd0, 0x0000025e266184e0,
0x0000025e2661ab60, 0x0000025e26616330, 0x0000025e26616800, 0x0000025e26617b40,
0x0000025e26618010, 0x0000025e1d092880, 0x0000025e204cb530, 0x0000025e204c89e0,
0x0000025e204c9380, 0x0000025e204c8510, 0x0000025e204c76a0
}

Java Threads: ( => current thread )
  0x0000025e023dc4f0 JavaThread "main" [_thread_blocked, id=2240, stack(0x000000ba82300000,0x000000ba82400000)]
  0x0000025e1d0413a0 JavaThread "Reference Handler" daemon [_thread_blocked, id=18864, stack(0x000000ba82a00000,0x000000ba82b00000)]
  0x0000025e1d042210 JavaThread "Finalizer" daemon [_thread_blocked, id=11196, stack(0x000000ba82b00000,0x000000ba82c00000)]
  0x0000025e1d08b4e0 JavaThread "Signal Dispatcher" daemon [_thread_blocked, id=5336, stack(0x000000ba82c00000,0x000000ba82d00000)]
  0x0000025e1d08c090 JavaThread "Attach Listener" daemon [_thread_blocked, id=9296, stack(0x000000ba82d00000,0x000000ba82e00000)]
  0x0000025e1d08ce50 JavaThread "Service Thread" daemon [_thread_blocked, id=9832, stack(0x000000ba82e00000,0x000000ba82f00000)]
  0x0000025e1d091540 JavaThread "Monitor Deflation Thread" daemon [_thread_blocked, id=19628, stack(0x000000ba82f00000,0x000000ba83000000)]
  0x0000025e1d0944f0 JavaThread "C2 CompilerThread0" daemon [_thread_blocked, id=13420, stack(0x000000ba83000000,0x000000ba83100000)]
  0x0000025e1d0a9450 JavaThread "C1 CompilerThread0" daemon [_thread_blocked, id=8232, stack(0x000000ba83100000,0x000000ba83200000)]
  0x0000025e1d0a9e40 JavaThread "Sweeper thread" daemon [_thread_blocked, id=6320, stack(0x000000ba83200000,0x000000ba83300000)]
  0x0000025e1d0906d0 JavaThread "Common-Cleaner" daemon [_thread_blocked, id=18584, stack(0x000000ba83300000,0x000000ba83400000)]
  0x0000025e1d090ba0 JavaThread "Notification Thread" daemon [_thread_blocked, id=18732, stack(0x000000ba83400000,0x000000ba83500000)]
  0x0000025e1d092d50 JavaThread "Daemon health stats" [_thread_blocked, id=13376, stack(0x000000ba83d00000,0x000000ba83e00000)]
  0x0000025e1d0923b0 JavaThread "Incoming local TCP Connector on port 51349" [_thread_in_native, id=18076, stack(0x000000ba83700000,0x000000ba83800000)]
  0x0000025e1d091a10 JavaThread "Daemon periodic checks" [_thread_blocked, id=4264, stack(0x000000ba83e00000,0x000000ba83f00000)]
  0x0000025e1d093220 JavaThread "Daemon" [_thread_blocked, id=4168, stack(0x000000ba83f00000,0x000000ba84000000)]
  0x0000025e1d08f860 JavaThread "Handler for socket connection from /127.0.0.1:51349 to /127.0.0.1:51350" [_thread_in_native, id=9696, stack(0x000000ba84000000,0x000000ba84100000)]
  0x0000025e1d08fd30 JavaThread "Cancel handler" [_thread_blocked, id=17964, stack(0x000000ba84100000,0x000000ba84200000)]
  0x0000025e1d090200 JavaThread "Daemon worker" [_thread_blocked, id=19584, stack(0x000000ba84200000,0x000000ba84300000)]
  0x0000025e1d091070 JavaThread "Asynchronous log dispatcher for DefaultDaemonConnection: socket connection from /127.0.0.1:51349 to /127.0.0.1:51350" [_thread_blocked, id=13332, stack(0x000000ba84300000,0x000000ba84400000)]
  0x0000025e1d091ee0 JavaThread "Stdin handler" [_thread_blocked, id=16848, stack(0x000000ba84400000,0x000000ba84500000)]
  0x0000025e1f873cc0 JavaThread "Daemon client event forwarder" [_thread_blocked, id=13836, stack(0x000000ba84500000,0x000000ba84600000)]
  0x0000025e1f870300 JavaThread "Cache worker for journal cache (C:\Users\LENOVO\.gradle\caches\journal-1)" [_thread_blocked, id=17456, stack(0x000000ba84c00000,0x000000ba84d00000)]
  0x0000025e1f86d2e0 JavaThread "File lock request listener" [_thread_in_native, id=15172, stack(0x000000ba84d00000,0x000000ba84e00000)]
  0x0000025e1f872980 JavaThread "Cache worker for file hash cache (C:\Users\LENOVO\.gradle\caches\8.0\fileHashes)" [_thread_blocked, id=7648, stack(0x000000ba84e00000,0x000000ba84f00000)]
  0x0000025e1f871fe0 JavaThread "File watcher server" daemon [_thread_blocked, id=17268, stack(0x000000ba85000000,0x000000ba85100000)]
  0x0000025e1f86d7b0 JavaThread "File watcher consumer" daemon [_thread_blocked, id=18788, stack(0x000000ba85100000,0x000000ba85200000)]
  0x0000025e1f86efc0 JavaThread "Cache worker for checksums cache (C:\Users\LENOVO\Documents\MyCalculator\.gradle\8.0\checksums)" [_thread_blocked, id=3984, stack(0x000000ba85200000,0x000000ba85300000)]
  0x0000025e1f871170 JavaThread "Cache worker for cache directory md-rule (C:\Users\LENOVO\.gradle\caches\8.0\md-rule)" [_thread_blocked, id=2976, stack(0x000000ba85300000,0x000000ba85400000)]
  0x0000025e1f872e50 JavaThread "Cache worker for file content cache (C:\Users\LENOVO\.gradle\caches\8.0\fileContent)" [_thread_blocked, id=19868, stack(0x000000ba85400000,0x000000ba85500000)]
  0x0000025e1f873320 JavaThread "Cache worker for file hash cache (C:\Users\LENOVO\Documents\MyCalculator\.gradle\8.0\fileHashes)" [_thread_blocked, id=19076, stack(0x000000ba85500000,0x000000ba85600000)]
  0x0000025e1f8737f0 JavaThread "Cache worker for cache directory md-supplier (C:\Users\LENOVO\.gradle\caches\8.0\md-supplier)" [_thread_blocked, id=9856, stack(0x000000ba85600000,0x000000ba85700000)]
  0x0000025e1f8724b0 JavaThread "Cache worker for execution history cache (C:\Users\LENOVO\.gradle\caches\8.0\executionHistory)" [_thread_blocked, id=15800, stack(0x000000ba85700000,0x000000ba85800000)]
  0x0000025e1f874190 JavaThread "jar transforms" [_thread_blocked, id=4072, stack(0x000000ba84f00000,0x000000ba85000000)]
  0x0000025e1f86ce10 JavaThread "jar transforms Thread 2" [_thread_blocked, id=15416, stack(0x000000ba85800000,0x000000ba85900000)]
  0x0000025e1f86f960 JavaThread "Cache worker for kotlin-dsl (C:\Users\LENOVO\.gradle\caches\8.0\kotlin-dsl)" [_thread_blocked, id=6664, stack(0x000000ba85a00000,0x000000ba85b00000)]
  0x0000025e1f86fe30 JavaThread "jar transforms Thread 3" [_thread_blocked, id=9328, stack(0x000000ba85b00000,0x000000ba85c00000)]
  0x0000025e1f870ca0 JavaThread "jar transforms Thread 4" [_thread_blocked, id=8180, stack(0x000000ba85c00000,0x000000ba85d00000)]
  0x0000025e1f871b10 JavaThread "Cache worker for dependencies-accessors (C:\Users\LENOVO\Documents\MyCalculator\.gradle\8.0\dependencies-accessors)" [_thread_blocked, id=9020, stack(0x000000ba85d00000,0x000000ba85e00000)]
  0x0000025e22b610a0 JavaThread "Cache worker for Build Output Cleanup Cache (C:\Users\LENOVO\Documents\MyCalculator\.gradle\buildOutputCleanup)" [_thread_blocked, id=1768, stack(0x000000ba85e00000,0x000000ba85f00000)]
  0x0000025e22b5dbb0 JavaThread "jar transforms Thread 5" [_thread_blocked, id=16380, stack(0x000000ba85f00000,0x000000ba86000000)]
  0x0000025e22b5e550 JavaThread "Unconstrained build operations" [_thread_blocked, id=17764, stack(0x000000ba86000000,0x000000ba86100000)]
  0x0000025e22b61f10 JavaThread "Unconstrained build operations Thread 2" [_thread_blocked, id=18724, stack(0x000000ba86100000,0x000000ba86200000)]
  0x0000025e22b623e0 JavaThread "Unconstrained build operations Thread 3" [_thread_blocked, id=20104, stack(0x000000ba86200000,0x000000ba86300000)]
  0x0000025e22b5ea20 JavaThread "Unconstrained build operations Thread 4" [_thread_blocked, id=15816, stack(0x000000ba86300000,0x000000ba86400000)]
  0x0000025e22b628b0 JavaThread "Unconstrained build operations Thread 5" [_thread_blocked, id=18264, stack(0x000000ba86400000,0x000000ba86500000)]
  0x0000025e22b5b060 JavaThread "Unconstrained build operations Thread 6" [_thread_blocked, id=1272, stack(0x000000ba86500000,0x000000ba86600000)]
  0x0000025e22b5c870 JavaThread "Unconstrained build operations Thread 7" [_thread_blocked, id=6064, stack(0x000000ba86600000,0x000000ba86700000)]
  0x0000025e22b60bd0 JavaThread "Unconstrained build operations Thread 8" [_thread_blocked, id=15388, stack(0x000000ba86700000,0x000000ba86800000)]
  0x0000025e22b5cd40 JavaThread "Unconstrained build operations Thread 9" [_thread_blocked, id=19440, stack(0x000000ba86800000,0x000000ba86900000)]
  0x0000025e22b5ba00 JavaThread "Unconstrained build operations Thread 10" [_thread_blocked, id=15016, stack(0x000000ba86900000,0x000000ba86a00000)]
  0x0000025e22b5d210 JavaThread "Unconstrained build operations Thread 11" [_thread_blocked, id=13072, stack(0x000000ba86a00000,0x000000ba86b00000)]
  0x0000025e22b5e080 JavaThread "Unconstrained build operations Thread 12" [_thread_blocked, id=20036, stack(0x000000ba86b00000,0x000000ba86c00000)]
  0x0000025e22b60230 JavaThread "Unconstrained build operations Thread 13" [_thread_blocked, id=18460, stack(0x000000ba86c00000,0x000000ba86d00000)]
  0x0000025e22b5d6e0 JavaThread "Unconstrained build operations Thread 14" [_thread_blocked, id=8288, stack(0x000000ba86d00000,0x000000ba86e00000)]
  0x0000025e22b61570 JavaThread "Unconstrained build operations Thread 15" [_thread_blocked, id=18044, stack(0x000000ba86e00000,0x000000ba86f00000)]
  0x0000025e22b5eef0 JavaThread "Unconstrained build operations Thread 16" [_thread_blocked, id=20344, stack(0x000000ba86f00000,0x000000ba87000000)]
  0x0000025e22b5f890 JavaThread "Unconstrained build operations Thread 17" [_thread_blocked, id=9964, stack(0x000000ba87000000,0x000000ba87100000)]
  0x0000025e22b61a40 JavaThread "Unconstrained build operations Thread 18" [_thread_blocked, id=20292, stack(0x000000ba87100000,0x000000ba87200000)]
  0x0000025e22b60700 JavaThread "Unconstrained build operations Thread 19" [_thread_blocked, id=15900, stack(0x000000ba87200000,0x000000ba87300000)]
  0x0000025e22b5b530 JavaThread "Unconstrained build operations Thread 20" [_thread_blocked, id=3260, stack(0x000000ba87300000,0x000000ba87400000)]
  0x0000025e249fd500 JavaThread "Unconstrained build operations Thread 21" [_thread_blocked, id=9524, stack(0x000000ba87400000,0x000000ba87500000)]
  0x0000025e249fcb60 JavaThread "Unconstrained build operations Thread 22" [_thread_blocked, id=17708, stack(0x000000ba87500000,0x000000ba87600000)]
  0x0000025e249fa9b0 JavaThread "Unconstrained build operations Thread 23" [_thread_blocked, id=18552, stack(0x000000ba87600000,0x000000ba87700000)]
  0x0000025e249f6b20 JavaThread "Unconstrained build operations Thread 24" [_thread_blocked, id=3524, stack(0x000000ba87700000,0x000000ba87800000)]
  0x0000025e249f74c0 JavaThread "Unconstrained build operations Thread 25" [_thread_blocked, id=5172, stack(0x000000ba87800000,0x000000ba87900000)]
  0x0000025e249f7990 JavaThread "Unconstrained build operations Thread 26" [_thread_blocked, id=6008, stack(0x000000ba87900000,0x000000ba87a00000)]
  0x0000025e249f9670 JavaThread "Unconstrained build operations Thread 27" [_thread_blocked, id=16452, stack(0x000000ba87a00000,0x000000ba87b00000)]
  0x0000025e249fd9d0 JavaThread "Unconstrained build operations Thread 28" [_thread_blocked, id=18156, stack(0x000000ba87b00000,0x000000ba87c00000)]
  0x0000025e249fc1c0 JavaThread "Unconstrained build operations Thread 29" [_thread_blocked, id=15684, stack(0x000000ba87c00000,0x000000ba87d00000)]
  0x0000025e249fd030 JavaThread "Unconstrained build operations Thread 30" [_thread_blocked, id=9240, stack(0x000000ba87d00000,0x000000ba87e00000)]
  0x0000025e249f7e60 JavaThread "Unconstrained build operations Thread 31" [_thread_blocked, id=4568, stack(0x000000ba87e00000,0x000000ba87f00000)]
  0x0000025e249f6650 JavaThread "Unconstrained build operations Thread 32" [_thread_blocked, id=13680, stack(0x000000ba87f00000,0x000000ba88000000)]
  0x0000025e249fdea0 JavaThread "Unconstrained build operations Thread 33" [_thread_blocked, id=6604, stack(0x000000ba88000000,0x000000ba88100000)]
  0x0000025e249f8330 JavaThread "Unconstrained build operations Thread 34" [_thread_blocked, id=9812, stack(0x000000ba88100000,0x000000ba88200000)]
  0x0000025e249f6ff0 JavaThread "Unconstrained build operations Thread 35" [_thread_blocked, id=7040, stack(0x000000ba88200000,0x000000ba88300000)]
  0x0000025e249fc690 JavaThread "Unconstrained build operations Thread 36" [_thread_blocked, id=1208, stack(0x000000ba88300000,0x000000ba88400000)]
  0x0000025e249fbcf0 JavaThread "Unconstrained build operations Thread 37" [_thread_blocked, id=11244, stack(0x000000ba88400000,0x000000ba88500000)]
  0x0000025e249f8800 JavaThread "Unconstrained build operations Thread 38" [_thread_blocked, id=18092, stack(0x000000ba88500000,0x000000ba88600000)]
  0x0000025e249f8cd0 JavaThread "Unconstrained build operations Thread 39" [_thread_blocked, id=19508, stack(0x000000ba88600000,0x000000ba88700000)]
  0x0000025e249f91a0 JavaThread "Unconstrained build operations Thread 40" [_thread_blocked, id=14304, stack(0x000000ba88700000,0x000000ba88800000)]
  0x0000025e249fae80 JavaThread "Unconstrained build operations Thread 41" [_thread_blocked, id=20232, stack(0x000000ba88800000,0x000000ba88900000)]
  0x0000025e249f9b40 JavaThread "Unconstrained build operations Thread 42" [_thread_blocked, id=7428, stack(0x000000ba88900000,0x000000ba88a00000)]
  0x0000025e249fa010 JavaThread "Unconstrained build operations Thread 43" [_thread_blocked, id=18372, stack(0x000000ba88a00000,0x000000ba88b00000)]
  0x0000025e249fa4e0 JavaThread "Unconstrained build operations Thread 44" [_thread_blocked, id=14520, stack(0x000000ba88b00000,0x000000ba88c00000)]
  0x0000025e249fb350 JavaThread "Unconstrained build operations Thread 45" [_thread_blocked, id=4476, stack(0x000000ba88c00000,0x000000ba88d00000)]
  0x0000025e249fb820 JavaThread "Unconstrained build operations Thread 46" [_thread_blocked, id=7932, stack(0x000000ba88d00000,0x000000ba88e00000)]
  0x0000025e22ea5060 JavaThread "Unconstrained build operations Thread 47" [_thread_blocked, id=7292, stack(0x000000ba88e00000,0x000000ba88f00000)]
  0x0000025e22ea6870 JavaThread "Unconstrained build operations Thread 48" [_thread_blocked, id=11788, stack(0x000000ba88f00000,0x000000ba89000000)]
  0x0000025e22ea8080 JavaThread "Unconstrained build operations Thread 49" [_thread_blocked, id=18544, stack(0x000000ba89000000,0x000000ba89100000)]
  0x0000025e22ea3d20 JavaThread "Unconstrained build operations Thread 50" [_thread_blocked, id=13192, stack(0x000000ba89100000,0x000000ba89200000)]
  0x0000025e22ea5ed0 JavaThread "Unconstrained build operations Thread 51" [_thread_blocked, id=12692, stack(0x000000ba89200000,0x000000ba89300000)]
  0x0000025e22ea8550 JavaThread "Unconstrained build operations Thread 52" [_thread_blocked, id=13152, stack(0x000000ba89300000,0x000000ba89400000)]
  0x0000025e22ea5530 JavaThread "Unconstrained build operations Thread 53" [_thread_blocked, id=14044, stack(0x000000ba89400000,0x000000ba89500000)]
  0x0000025e22ea7210 JavaThread "Unconstrained build operations Thread 54" [_thread_blocked, id=6036, stack(0x000000ba89500000,0x000000ba89600000)]
  0x0000025e22ea6d40 JavaThread "Unconstrained build operations Thread 55" [_thread_blocked, id=1880, stack(0x000000ba89600000,0x000000ba89700000)]
  0x0000025e22ea8a20 JavaThread "Unconstrained build operations Thread 56" [_thread_blocked, id=18596, stack(0x000000ba89700000,0x000000ba89800000)]
  0x0000025e22ea11d0 JavaThread "Unconstrained build operations Thread 57" [_thread_blocked, id=808, stack(0x000000ba89800000,0x000000ba89900000)]
  0x0000025e22ea4b90 JavaThread "Unconstrained build operations Thread 58" [_thread_blocked, id=1408, stack(0x000000ba89900000,0x000000ba89a00000)]
  0x0000025e22ea16a0 JavaThread "Unconstrained build operations Thread 59" [_thread_blocked, id=15244, stack(0x000000ba89a00000,0x000000ba89b00000)]
  0x0000025e22ea2510 JavaThread "Unconstrained build operations Thread 60" [_thread_blocked, id=8472, stack(0x000000ba89b00000,0x000000ba89c00000)]
  0x0000025e22ea1b70 JavaThread "Unconstrained build operations Thread 61" [_thread_blocked, id=3772, stack(0x000000ba89c00000,0x000000ba89d00000)]
  0x0000025e22ea2040 JavaThread "Unconstrained build operations Thread 62" [_thread_blocked, id=1212, stack(0x000000ba89d00000,0x000000ba89e00000)]
  0x0000025e22ea63a0 JavaThread "Unconstrained build operations Thread 63" [_thread_blocked, id=10768, stack(0x000000ba89e00000,0x000000ba89f00000)]
  0x0000025e22ea2eb0 JavaThread "Unconstrained build operations Thread 64" [_thread_blocked, id=9592, stack(0x000000ba89f00000,0x000000ba8a000000)]
  0x0000025e22ea29e0 JavaThread "Unconstrained build operations Thread 65" [_thread_blocked, id=19368, stack(0x000000ba8a000000,0x000000ba8a100000)]
  0x0000025e22ea3380 JavaThread "Unconstrained build operations Thread 66" [_thread_blocked, id=14340, stack(0x000000ba8a100000,0x000000ba8a200000)]
  0x0000025e22ea76e0 JavaThread "Unconstrained build operations Thread 67" [_thread_blocked, id=7244, stack(0x000000ba8a200000,0x000000ba8a300000)]
  0x0000025e22ea5a00 JavaThread "Unconstrained build operations Thread 68" [_thread_blocked, id=10968, stack(0x000000ba8a300000,0x000000ba8a400000)]
  0x0000025e22ea3850 JavaThread "Unconstrained build operations Thread 69" [_thread_blocked, id=17836, stack(0x000000ba8a400000,0x000000ba8a500000)]
  0x0000025e22ea7bb0 JavaThread "Unconstrained build operations Thread 70" [_thread_blocked, id=17740, stack(0x000000ba8a500000,0x000000ba8a600000)]
  0x0000025e22ea41f0 JavaThread "Unconstrained build operations Thread 71" [_thread_blocked, id=16376, stack(0x000000ba8a600000,0x000000ba8a700000)]
  0x0000025e22ea46c0 JavaThread "Unconstrained build operations Thread 72" [_thread_blocked, id=16568, stack(0x000000ba8a700000,0x000000ba8a800000)]
  0x0000025e22a5cb10 JavaThread "Unconstrained build operations Thread 73" [_thread_blocked, id=15220, stack(0x000000ba8a800000,0x000000ba8a900000)]
  0x0000025e22a61810 JavaThread "Unconstrained build operations Thread 74" [_thread_blocked, id=14364, stack(0x000000ba8a900000,0x000000ba8aa00000)]
  0x0000025e22a5f190 JavaThread "Unconstrained build operations Thread 75" [_thread_blocked, id=6148, stack(0x000000ba8aa00000,0x000000ba8ab00000)]
  0x0000025e22a5d980 JavaThread "Unconstrained build operations Thread 76" [_thread_blocked, id=19316, stack(0x000000ba8ab00000,0x000000ba8ac00000)]
  0x0000025e22a5d4b0 JavaThread "Unconstrained build operations Thread 77" [_thread_blocked, id=10704, stack(0x000000ba8ac00000,0x000000ba8ad00000)]
  0x0000025e22a5e320 JavaThread "Unconstrained build operations Thread 78" [_thread_blocked, id=3836, stack(0x000000ba8ad00000,0x000000ba8ae00000)]
  0x0000025e22a61ce0 JavaThread "Unconstrained build operations Thread 79" [_thread_blocked, id=8336, stack(0x000000ba8ae00000,0x000000ba8af00000)]
  0x0000025e22a634f0 JavaThread "Unconstrained build operations Thread 80" [_thread_blocked, id=5704, stack(0x000000ba8af00000,0x000000ba8b000000)]
  0x0000025e22a5ecc0 JavaThread "Unconstrained build operations Thread 81" [_thread_blocked, id=19492, stack(0x000000ba8b000000,0x000000ba8b100000)]
  0x0000025e22a62b50 JavaThread "Unconstrained build operations Thread 82" [_thread_blocked, id=15956, stack(0x000000ba8b100000,0x000000ba8b200000)]
  0x0000025e22a61340 JavaThread "Unconstrained build operations Thread 83" [_thread_blocked, id=12440, stack(0x000000ba8b200000,0x000000ba8b300000)]
  0x0000025e22a5bca0 JavaThread "Unconstrained build operations Thread 84" [_thread_blocked, id=18224, stack(0x000000ba8b300000,0x000000ba8b400000)]
  0x0000025e22a621b0 JavaThread "Unconstrained build operations Thread 85" [_thread_blocked, id=848, stack(0x000000ba8b400000,0x000000ba8b500000)]
  0x0000025e22a60e70 JavaThread "Unconstrained build operations Thread 86" [_thread_blocked, id=3496, stack(0x000000ba8b500000,0x000000ba8b600000)]
  0x0000025e22a62680 JavaThread "Unconstrained build operations Thread 87" [_thread_blocked, id=4292, stack(0x000000ba8b600000,0x000000ba8b700000)]
  0x0000025e22a63020 JavaThread "Unconstrained build operations Thread 88" [_thread_blocked, id=10468, stack(0x000000ba8b700000,0x000000ba8b800000)]
  0x0000025e22a5c170 JavaThread "Unconstrained build operations Thread 89" [_thread_blocked, id=13324, stack(0x000000ba8b800000,0x000000ba8b900000)]
  0x0000025e22a5c640 JavaThread "Unconstrained build operations Thread 90" [_thread_blocked, id=15356, stack(0x000000ba8b900000,0x000000ba8ba00000)]
  0x0000025e22a5de50 JavaThread "Unconstrained build operations Thread 91" [_thread_blocked, id=15680, stack(0x000000ba8ba00000,0x000000ba8bb00000)]
  0x0000025e22a5cfe0 JavaThread "Unconstrained build operations Thread 92" [_thread_blocked, id=17956, stack(0x000000ba8bb00000,0x000000ba8bc00000)]
  0x0000025e22a5fb30 JavaThread "Unconstrained build operations Thread 93" [_thread_blocked, id=14160, stack(0x000000ba8bc00000,0x000000ba8bd00000)]
  0x0000025e22a5e7f0 JavaThread "Unconstrained build operations Thread 94" [_thread_blocked, id=10476, stack(0x000000ba8bd00000,0x000000ba8be00000)]
  0x0000025e22a5f660 JavaThread "Unconstrained build operations Thread 95" [_thread_blocked, id=6636, stack(0x000000ba8be00000,0x000000ba8bf00000)]
  0x0000025e22a60000 JavaThread "Unconstrained build operations Thread 96" [_thread_blocked, id=18564, stack(0x000000ba8bf00000,0x000000ba8c000000)]
  0x0000025e22a604d0 JavaThread "Unconstrained build operations Thread 97" [_thread_blocked, id=8676, stack(0x000000ba8c000000,0x000000ba8c100000)]
  0x0000025e22a609a0 JavaThread "Unconstrained build operations Thread 98" [_thread_blocked, id=2392, stack(0x000000ba8c100000,0x000000ba8c200000)]
  0x0000025e232e9670 JavaThread "Unconstrained build operations Thread 99" [_thread_blocked, id=3992, stack(0x000000ba8c200000,0x000000ba8c300000)]
  0x0000025e232e44a0 JavaThread "Unconstrained build operations Thread 100" [_thread_blocked, id=2692, stack(0x000000ba8c300000,0x000000ba8c400000)]
  0x0000025e232e6650 JavaThread "Unconstrained build operations Thread 101" [_thread_blocked, id=19640, stack(0x000000ba8c400000,0x000000ba8c500000)]
  0x0000025e232e7e60 JavaThread "Unconstrained build operations Thread 102" [_thread_blocked, id=3136, stack(0x000000ba8c500000,0x000000ba8c600000)]
  0x0000025e232e8cd0 JavaThread "Unconstrained build operations Thread 103" [_thread_blocked, id=8300, stack(0x000000ba8c600000,0x000000ba8c700000)]
  0x0000025e232ea010 JavaThread "Unconstrained build operations Thread 104" [_thread_blocked, id=13160, stack(0x000000ba8c700000,0x000000ba8c800000)]
  0x0000025e232e3b00 JavaThread "Unconstrained build operations Thread 105" [_thread_blocked, id=6020, stack(0x000000ba8c800000,0x000000ba8c900000)]
  0x0000025e232e6b20 JavaThread "Unconstrained build operations Thread 106" [_thread_blocked, id=10592, stack(0x000000ba8c900000,0x000000ba8ca00000)]
  0x0000025e232e91a0 JavaThread "Unconstrained build operations Thread 107" [_thread_blocked, id=13980, stack(0x000000ba8ca00000,0x000000ba8cb00000)]
  0x0000025e232e6ff0 JavaThread "Unconstrained build operations Thread 108" [_thread_blocked, id=20020, stack(0x000000ba8cb00000,0x000000ba8cc00000)]
  0x0000025e232e9b40 JavaThread "Unconstrained build operations Thread 109" [_thread_blocked, id=18652, stack(0x000000ba8cc00000,0x000000ba8cd00000)]
  0x0000025e232eae80 JavaThread "Unconstrained build operations Thread 110" [_thread_blocked, id=3228, stack(0x000000ba8cd00000,0x000000ba8ce00000)]
  0x0000025e232e8330 JavaThread "Unconstrained build operations Thread 111" [_thread_blocked, id=15160, stack(0x000000ba8ce00000,0x000000ba8cf00000)]
  0x0000025e232e3fd0 JavaThread "Unconstrained build operations Thread 112" [_thread_blocked, id=16292, stack(0x000000ba8cf00000,0x000000ba8d000000)]
  0x0000025e232ea4e0 JavaThread "Unconstrained build operations Thread 113" [_thread_blocked, id=20312, stack(0x000000ba8d000000,0x000000ba8d100000)]
  0x0000025e232ea9b0 JavaThread "Unconstrained build operations Thread 114" [_thread_blocked, id=19728, stack(0x000000ba8d100000,0x000000ba8d200000)]
  0x0000025e232e5cb0 JavaThread "Unconstrained build operations Thread 115" [_thread_blocked, id=18456, stack(0x000000ba8d200000,0x000000ba8d300000)]
  0x0000025e232e4970 JavaThread "Unconstrained build operations Thread 116" [_thread_blocked, id=11208, stack(0x000000ba8d300000,0x000000ba8d400000)]
  0x0000025e232e6180 JavaThread "Unconstrained build operations Thread 117" [_thread_blocked, id=1448, stack(0x000000ba8d400000,0x000000ba8d500000)]
  0x0000025e232e4e40 JavaThread "Unconstrained build operations Thread 118" [_thread_blocked, id=18672, stack(0x000000ba8d500000,0x000000ba8d600000)]
  0x0000025e232e74c0 JavaThread "Unconstrained build operations Thread 119" [_thread_blocked, id=15040, stack(0x000000ba8d600000,0x000000ba8d700000)]
  0x0000025e232e5310 JavaThread "Unconstrained build operations Thread 120" [_thread_blocked, id=18540, stack(0x000000ba8d700000,0x000000ba8d800000)]
  0x0000025e232eb350 JavaThread "jar transforms Thread 6" [_thread_blocked, id=19340, stack(0x000000ba8d800000,0x000000ba8d900000)]
  0x0000025e232e57e0 JavaThread "jar transforms Thread 7" [_thread_blocked, id=18340, stack(0x000000ba8d900000,0x000000ba8da00000)]
  0x0000025e232e7990 JavaThread "jar transforms Thread 8" [_thread_blocked, id=15948, stack(0x000000ba8da00000,0x000000ba8db00000)]
  0x0000025e232e8800 JavaThread "jar transforms Thread 9" [_thread_blocked, id=19248, stack(0x000000ba8db00000,0x000000ba8dc00000)]
  0x0000025e26613310 JavaThread "jar transforms Thread 10" [_thread_blocked, id=16980, stack(0x000000ba8dc00000,0x000000ba8dd00000)]
  0x0000025e26615e60 JavaThread "jar transforms Thread 11" [_thread_blocked, id=16540, stack(0x000000ba8dd00000,0x000000ba8de00000)]
  0x0000025e26615990 JavaThread "jar transforms Thread 12" [_thread_blocked, id=20308, stack(0x000000ba8de00000,0x000000ba8df00000)]
  0x0000025e266154c0 JavaThread "build event listener" [_thread_blocked, id=17152, stack(0x000000ba8df00000,0x000000ba8e000000)]
  0x0000025e26614650 JavaThread "Memory manager" [_thread_blocked, id=6468, stack(0x000000ba8e000000,0x000000ba8e100000)]
  0x0000025e22438b50 JavaThread "C2 CompilerThread1" daemon [_thread_blocked, id=13568, stack(0x000000ba83600000,0x000000ba83700000)]
  0x0000025e22439060 JavaThread "C2 CompilerThread2" daemon [_thread_blocked, id=15752, stack(0x000000ba85900000,0x000000ba85a00000)]
  0x0000025e2661a690 JavaThread "pool-3-thread-1" [_thread_blocked, id=14936, stack(0x000000ba8e100000,0x000000ba8e200000)]
  0x0000025e26617670 JavaThread "build event listener" [_thread_blocked, id=3328, stack(0x000000ba8e200000,0x000000ba8e300000)]
  0x0000025e26616cd0 JavaThread "included builds" [_thread_blocked, id=15656, stack(0x000000ba8e300000,0x000000ba8e400000)]
  0x0000025e266184e0 JavaThread "Execution worker" [_thread_blocked, id=1624, stack(0x000000ba8e400000,0x000000ba8e500000)]
  0x0000025e2661ab60 JavaThread "Execution worker Thread 2" [_thread_blocked, id=9516, stack(0x000000ba8e500000,0x000000ba8e600000)]
  0x0000025e26616330 JavaThread "Execution worker Thread 3" [_thread_blocked, id=18484, stack(0x000000ba8e600000,0x000000ba8e700000)]
  0x0000025e26616800 JavaThread "Execution worker Thread 4" [_thread_blocked, id=19680, stack(0x000000ba8e700000,0x000000ba8e800000)]
  0x0000025e26617b40 JavaThread "Execution worker Thread 5" [_thread_blocked, id=9816, stack(0x000000ba8e800000,0x000000ba8e900000)]
  0x0000025e26618010 JavaThread "Execution worker Thread 6" [_thread_blocked, id=19552, stack(0x000000ba8e900000,0x000000ba8ea00000)]
  0x0000025e1d092880 JavaThread "Execution worker Thread 7" [_thread_blocked, id=8592, stack(0x000000ba8ea00000,0x000000ba8eb00000)]
  0x0000025e204cb530 JavaThread "Execution worker Thread 8" [_thread_blocked, id=9760, stack(0x000000ba8eb00000,0x000000ba8ec00000)]
  0x0000025e204c89e0 JavaThread "Execution worker Thread 9" [_thread_blocked, id=16444, stack(0x000000ba8ec00000,0x000000ba8ed00000)]
  0x0000025e204c9380 JavaThread "Execution worker Thread 10" [_thread_blocked, id=19536, stack(0x000000ba8ed00000,0x000000ba8ee00000)]
  0x0000025e204c8510 JavaThread "Execution worker Thread 11" [_thread_blocked, id=2620, stack(0x000000ba8ee00000,0x000000ba8ef00000)]
  0x0000025e204c76a0 JavaThread "Cache worker for execution history cache (C:\Users\LENOVO\Documents\MyCalculator\.gradle\8.0\executionHistory)" [_thread_blocked, id=5300, stack(0x000000ba8ef00000,0x000000ba8f000000)]

Other Threads:
=>0x0000025e1c681d00 VMThread "VM Thread" [stack: 0x000000ba82900000,0x000000ba82a00000] [id=13684]
  0x0000025e1d20e070 WatcherThread [stack: 0x000000ba83500000,0x000000ba83600000] [id=2396]
  0x0000025e02432bb0 GCTaskThread "GC Thread#0" [stack: 0x000000ba82400000,0x000000ba82500000] [id=1332]
  0x0000025e1d974170 GCTaskThread "GC Thread#1" [stack: 0x000000ba83800000,0x000000ba83900000] [id=4024]
  0x0000025e1d873d30 GCTaskThread "GC Thread#2" [stack: 0x000000ba83900000,0x000000ba83a00000] [id=19596]
  0x0000025e1d873fe0 GCTaskThread "GC Thread#3" [stack: 0x000000ba83a00000,0x000000ba83b00000] [id=9608]
  0x0000025e1dfb05b0 GCTaskThread "GC Thread#4" [stack: 0x000000ba83b00000,0x000000ba83c00000] [id=20400]
  0x0000025e1dfb0860 GCTaskThread "GC Thread#5" [stack: 0x000000ba83c00000,0x000000ba83d00000] [id=12748]
  0x0000025e1f496560 GCTaskThread "GC Thread#6" [stack: 0x000000ba84600000,0x000000ba84700000] [id=1548]
  0x0000025e1f497ae0 GCTaskThread "GC Thread#7" [stack: 0x000000ba84700000,0x000000ba84800000] [id=18592]
  0x0000025e1f497020 GCTaskThread "GC Thread#8" [stack: 0x000000ba84800000,0x000000ba84900000] [id=4800]
  0x0000025e1f496810 GCTaskThread "GC Thread#9" [stack: 0x000000ba84900000,0x000000ba84a00000] [id=2556]
  0x0000025e02443af0 ConcurrentGCThread "G1 Main Marker" [stack: 0x000000ba82500000,0x000000ba82600000] [id=2044]
  0x0000025e02444ca0 ConcurrentGCThread "G1 Conc#0" [stack: 0x000000ba82600000,0x000000ba82700000] [id=8284]
  0x0000025e1f497830 ConcurrentGCThread "G1 Conc#1" [stack: 0x000000ba84a00000,0x000000ba84b00000] [id=16672]
  0x0000025e1f496000 ConcurrentGCThread "G1 Conc#2" [stack: 0x000000ba84b00000,0x000000ba84c00000] [id=2416]
  0x0000025e0249dfc0 ConcurrentGCThread "G1 Refine#0" [stack: 0x000000ba82700000,0x000000ba82800000] [id=2488]
  0x0000025e0249e9e0 ConcurrentGCThread "G1 Service" [stack: 0x000000ba82800000,0x000000ba82900000] [id=9644]

Threads with active compile tasks:
C2 CompilerThread0    14735 10913       4       org.gradle.internal.snapshot.MediumChildMap::withNode (67 bytes)
C1 CompilerThread0    14736 10930       3       org.gradle.api.internal.artifacts.transform.DefaultTransformUpstreamDependenciesResolver$2::finalizeIfNotAlready (1 bytes)
C2 CompilerThread1    14736 10825   !   4       java.nio.file.FileTreeWalker::next (144 bytes)
C2 CompilerThread2    14736 10882   !   4       org.gradle.cache.internal.LockOnDemandCrossProcessCacheAccess::incrementLockCount (193 bytes)

VM state: at safepoint (normal execution)

VM Mutex/Monitor currently owned by a thread:  ([mutex/lock_event])
[0x0000025e023daf20] Threads_lock - owner thread: 0x0000025e1c681d00
[0x0000025e023db5e0] Heap_lock - owner thread: 0x0000025e232e9670

Heap address: 0x0000000080000000, size: 2048 MB, Compressed Oops mode: 32-bit

CDS archive(s) not mapped
Compressed class space mapped at: 0x0000000100000000-0x0000000140000000, reserved size: 1073741824
Narrow klass base: 0x0000000000000000, Narrow klass shift: 3, Narrow klass range: 0x140000000

GC Precious Log:
 CPUs: 12 total, 12 available
 Memory: 16251M
 Large Page Support: Disabled
 NUMA Support: Disabled
 Compressed Oops: Enabled (32-bit)
 Heap Region Size: 1M
 Heap Min Capacity: 8M
 Heap Initial Capacity: 254M
 Heap Max Capacity: 2G
 Pre-touch: Disabled
 Parallel Workers: 10
 Concurrent Workers: 3
 Concurrent Refinement Workers: 10
 Periodic GC: Disabled

Heap:
 garbage-first heap   total 160768K, used 95499K [0x0000000080000000, 0x0000000100000000)
  region size 1024K, 3 young (3072K), 3 survivors (3072K)
 Metaspace       used 98435K, committed 99136K, reserved 1138688K
  class space    used 13355K, committed 13696K, reserved 1048576K

Heap Regions: E=young(eden), S=young(survivor), O=old, HS=humongous(starts), HC=humongous(continues), CS=collection set, F=free, OA=open archive, CA=closed archive, TAMS=top-at-mark-start (previous, next)
|   0|0x0000000080000000, 0x0000000080100000, 0x0000000080100000|100%|HS|  |TAMS 0x0000000080100000, 0x0000000080100000| Complete 
|   1|0x0000000080100000, 0x0000000080200000, 0x0000000080200000|100%|HC|  |TAMS 0x0000000080200000, 0x0000000080200000| Complete 
|   2|0x0000000080200000, 0x0000000080300000, 0x0000000080300000|100%|HC|  |TAMS 0x0000000080300000, 0x0000000080300000| Complete 
|   3|0x0000000080300000, 0x0000000080400000, 0x0000000080400000|100%|HC|  |TAMS 0x0000000080400000, 0x0000000080400000| Complete 
|   4|0x0000000080400000, 0x0000000080500000, 0x0000000080500000|100%| O|  |TAMS 0x0000000080500000, 0x0000000080500000| Untracked 
|   5|0x0000000080500000, 0x0000000080600000, 0x0000000080600000|100%| O|  |TAMS 0x0000000080600000, 0x0000000080600000| Untracked 
|   6|0x0000000080600000, 0x0000000080700000, 0x0000000080700000|100%| O|  |TAMS 0x0000000080700000, 0x0000000080700000| Untracked 
|   7|0x0000000080700000, 0x0000000080800000, 0x0000000080800000|100%| O|  |TAMS 0x0000000080800000, 0x0000000080800000| Untracked 
|   8|0x0000000080800000, 0x0000000080900000, 0x0000000080900000|100%| O|  |TAMS 0x0000000080900000, 0x0000000080900000| Untracked 
|   9|0x0000000080900000, 0x0000000080a00000, 0x0000000080a00000|100%| O|  |TAMS 0x0000000080a00000, 0x0000000080a00000| Untracked 
|  10|0x0000000080a00000, 0x0000000080b00000, 0x0000000080b00000|100%| O|  |TAMS 0x0000000080b00000, 0x0000000080b00000| Untracked 
|  11|0x0000000080b00000, 0x0000000080c00000, 0x0000000080c00000|100%| O|  |TAMS 0x0000000080c00000, 0x0000000080c00000| Untracked 
|  12|0x0000000080c00000, 0x0000000080d00000, 0x0000000080d00000|100%| O|  |TAMS 0x0000000080d00000, 0x0000000080d00000| Untracked 
|  13|0x0000000080d00000, 0x0000000080e00000, 0x0000000080e00000|100%| O|  |TAMS 0x0000000080e00000, 0x0000000080e00000| Untracked 
|  14|0x0000000080e00000, 0x0000000080f00000, 0x0000000080f00000|100%| O|  |TAMS 0x0000000080f00000, 0x0000000080f00000| Untracked 
|  15|0x0000000080f00000, 0x0000000081000000, 0x0000000081000000|100%| O|  |TAMS 0x0000000081000000, 0x0000000081000000| Untracked 
|  16|0x0000000081000000, 0x0000000081100000, 0x0000000081100000|100%| O|  |TAMS 0x0000000081100000, 0x0000000081100000| Untracked 
|  17|0x0000000081100000, 0x0000000081200000, 0x0000000081200000|100%| O|  |TAMS 0x0000000081200000, 0x0000000081200000| Untracked 
|  18|0x0000000081200000, 0x0000000081300000, 0x0000000081300000|100%| O|  |TAMS 0x0000000081300000, 0x0000000081300000| Untracked 
|  19|0x0000000081300000, 0x0000000081400000, 0x0000000081400000|100%| O|  |TAMS 0x0000000081400000, 0x0000000081400000| Untracked 
|  20|0x0000000081400000, 0x0000000081500000, 0x0000000081500000|100%| O|  |TAMS 0x0000000081500000, 0x0000000081500000| Untracked 
|  21|0x0000000081500000, 0x00000000815f3400, 0x0000000081600000| 95%| O|  |TAMS 0x00000000815f3400, 0x00000000815f3400| Untracked 
|  22|0x0000000081600000, 0x0000000081700000, 0x0000000081700000|100%| O|  |TAMS 0x0000000081700000, 0x0000000081700000| Untracked 
|  23|0x0000000081700000, 0x0000000081800000, 0x0000000081800000|100%| O|  |TAMS 0x0000000081800000, 0x0000000081800000| Untracked 
|  24|0x0000000081800000, 0x0000000081900000, 0x0000000081900000|100%| O|  |TAMS 0x0000000081900000, 0x0000000081900000| Untracked 
|  25|0x0000000081900000, 0x0000000081900000, 0x0000000081a00000|  0%| F|  |TAMS 0x0000000081900000, 0x0000000081900000| Untracked 
|  26|0x0000000081a00000, 0x0000000081b00000, 0x0000000081b00000|100%| O|  |TAMS 0x0000000081b00000, 0x0000000081b00000| Untracked 
|  27|0x0000000081b00000, 0x0000000081c00000, 0x0000000081c00000|100%| O|  |TAMS 0x0000000081c00000, 0x0000000081c00000| Untracked 
|  28|0x0000000081c00000, 0x0000000081d00000, 0x0000000081d00000|100%| O|  |TAMS 0x0000000081d00000, 0x0000000081d00000| Untracked 
|  29|0x0000000081d00000, 0x0000000081e00000, 0x0000000081e00000|100%| O|  |TAMS 0x0000000081e00000, 0x0000000081e00000| Untracked 
|  30|0x0000000081e00000, 0x0000000081f00000, 0x0000000081f00000|100%| O|  |TAMS 0x0000000081f00000, 0x0000000081f00000| Untracked 
|  31|0x0000000081f00000, 0x0000000082000000, 0x0000000082000000|100%| O|  |TAMS 0x0000000082000000, 0x0000000082000000| Untracked 
|  32|0x0000000082000000, 0x0000000082100000, 0x0000000082100000|100%|HS|  |TAMS 0x0000000082100000, 0x0000000082100000| Complete 
|  33|0x0000000082100000, 0x0000000082200000, 0x0000000082200000|100%|HS|  |TAMS 0x0000000082200000, 0x0000000082200000| Complete 
|  34|0x0000000082200000, 0x0000000082300000, 0x0000000082300000|100%|HS|  |TAMS 0x0000000082300000, 0x0000000082300000| Complete 
|  35|0x0000000082300000, 0x0000000082400000, 0x0000000082400000|100%|HC|  |TAMS 0x0000000082400000, 0x0000000082400000| Complete 
|  36|0x0000000082400000, 0x0000000082500000, 0x0000000082500000|100%|HS|  |TAMS 0x0000000082500000, 0x0000000082500000| Complete 
|  37|0x0000000082500000, 0x0000000082600000, 0x0000000082600000|100%| O|  |TAMS 0x0000000082600000, 0x0000000082600000| Untracked 
|  38|0x0000000082600000, 0x0000000082700000, 0x0000000082700000|100%| O|  |TAMS 0x0000000082700000, 0x0000000082700000| Untracked 
|  39|0x0000000082700000, 0x0000000082800000, 0x0000000082800000|100%| O|  |TAMS 0x0000000082800000, 0x0000000082800000| Untracked 
|  40|0x0000000082800000, 0x0000000082900000, 0x0000000082900000|100%| O|  |TAMS 0x0000000082900000, 0x0000000082900000| Untracked 
|  41|0x0000000082900000, 0x0000000082a00000, 0x0000000082a00000|100%|HS|  |TAMS 0x0000000082a00000, 0x0000000082a00000| Complete 
|  42|0x0000000082a00000, 0x0000000082b00000, 0x0000000082b00000|100%|HC|  |TAMS 0x0000000082b00000, 0x0000000082b00000| Complete 
|  43|0x0000000082b00000, 0x0000000082c00000, 0x0000000082c00000|100%|HC|  |TAMS 0x0000000082c00000, 0x0000000082c00000| Complete 
|  44|0x0000000082c00000, 0x0000000082d00000, 0x0000000082d00000|100%|HC|  |TAMS 0x0000000082d00000, 0x0000000082d00000| Complete 
|  45|0x0000000082d00000, 0x0000000082e00000, 0x0000000082e00000|100%| O|  |TAMS 0x0000000082e00000, 0x0000000082e00000| Untracked 
|  46|0x0000000082e00000, 0x0000000082f00000, 0x0000000082f00000|100%| O|  |TAMS 0x0000000082f00000, 0x0000000082f00000| Untracked 
|  47|0x0000000082f00000, 0x0000000083000000, 0x0000000083000000|100%| O|  |TAMS 0x0000000083000000, 0x0000000083000000| Untracked 
|  48|0x0000000083000000, 0x0000000083100000, 0x0000000083100000|100%| O|  |TAMS 0x0000000083100000, 0x0000000083100000| Untracked 
|  49|0x0000000083100000, 0x0000000083200000, 0x0000000083200000|100%| O|  |TAMS 0x0000000083200000, 0x0000000083200000| Untracked 
|  50|0x0000000083200000, 0x0000000083300000, 0x0000000083300000|100%| O|  |TAMS 0x0000000083300000, 0x0000000083300000| Untracked 
|  51|0x0000000083300000, 0x0000000083400000, 0x0000000083400000|100%| O|  |TAMS 0x0000000083400000, 0x0000000083400000| Untracked 
|  52|0x0000000083400000, 0x0000000083500000, 0x0000000083500000|100%| O|  |TAMS 0x0000000083500000, 0x0000000083500000| Untracked 
|  53|0x0000000083500000, 0x0000000083600000, 0x0000000083600000|100%| O|  |TAMS 0x0000000083600000, 0x0000000083600000| Untracked 
|  54|0x0000000083600000, 0x0000000083700000, 0x0000000083700000|100%| O|  |TAMS 0x0000000083700000, 0x0000000083700000| Untracked 
|  55|0x0000000083700000, 0x0000000083800000, 0x0000000083800000|100%| O|  |TAMS 0x0000000083800000, 0x0000000083800000| Untracked 
|  56|0x0000000083800000, 0x0000000083900000, 0x0000000083900000|100%| O|  |TAMS 0x0000000083900000, 0x0000000083900000| Untracked 
|  57|0x0000000083900000, 0x0000000083a00000, 0x0000000083a00000|100%| O|  |TAMS 0x0000000083a00000, 0x0000000083a00000| Untracked 
|  58|0x0000000083a00000, 0x0000000083b00000, 0x0000000083b00000|100%| O|  |TAMS 0x0000000083b00000, 0x0000000083b00000| Untracked 
|  59|0x0000000083b00000, 0x0000000083c00000, 0x0000000083c00000|100%| O|  |TAMS 0x0000000083c00000, 0x0000000083c00000| Untracked 
|  60|0x0000000083c00000, 0x0000000083d00000, 0x0000000083d00000|100%| O|  |TAMS 0x0000000083d00000, 0x0000000083d00000| Untracked 
|  61|0x0000000083d00000, 0x0000000083e00000, 0x0000000083e00000|100%| O|  |TAMS 0x0000000083e00000, 0x0000000083e00000| Untracked 
|  62|0x0000000083e00000, 0x0000000083f00000, 0x0000000083f00000|100%| O|  |TAMS 0x0000000083f00000, 0x0000000083f00000| Untracked 
|  63|0x0000000083f00000, 0x0000000084000000, 0x0000000084000000|100%| O|  |TAMS 0x0000000084000000, 0x0000000084000000| Untracked 
|  64|0x0000000084000000, 0x0000000084100000, 0x0000000084100000|100%| O|  |TAMS 0x0000000084100000, 0x0000000084100000| Untracked 
|  65|0x0000000084100000, 0x0000000084200000, 0x0000000084200000|100%| O|  |TAMS 0x0000000084200000, 0x0000000084200000| Untracked 
|  66|0x0000000084200000, 0x0000000084300000, 0x0000000084300000|100%| O|  |TAMS 0x0000000084300000, 0x0000000084300000| Untracked 
|  67|0x0000000084300000, 0x0000000084400000, 0x0000000084400000|100%| O|  |TAMS 0x0000000084400000, 0x0000000084400000| Untracked 
|  68|0x0000000084400000, 0x0000000084500000, 0x0000000084500000|100%| O|  |TAMS 0x0000000084500000, 0x0000000084500000| Untracked 
|  69|0x0000000084500000, 0x0000000084600000, 0x0000000084600000|100%| O|  |TAMS 0x0000000084600000, 0x0000000084600000| Untracked 
|  70|0x0000000084600000, 0x0000000084700000, 0x0000000084700000|100%| O|  |TAMS 0x0000000084700000, 0x0000000084700000| Untracked 
|  71|0x0000000084700000, 0x0000000084800000, 0x0000000084800000|100%| O|  |TAMS 0x0000000084800000, 0x0000000084800000| Untracked 
|  72|0x0000000084800000, 0x0000000084900000, 0x0000000084900000|100%| O|  |TAMS 0x00000000848eb000, 0x0000000084900000| Untracked 
|  73|0x0000000084900000, 0x0000000084a00000, 0x0000000084a00000|100%| O|  |TAMS 0x0000000084900000, 0x0000000084a00000| Untracked 
|  74|0x0000000084a00000, 0x0000000084b00000, 0x0000000084b00000|100%| O|  |TAMS 0x0000000084a00000, 0x0000000084b00000| Untracked 
|  75|0x0000000084b00000, 0x0000000084c00000, 0x0000000084c00000|100%| O|  |TAMS 0x0000000084b00000, 0x0000000084c00000| Untracked 
|  76|0x0000000084c00000, 0x0000000084d00000, 0x0000000084d00000|100%| O|  |TAMS 0x0000000084c00000, 0x0000000084d00000| Untracked 
|  77|0x0000000084d00000, 0x0000000084e00000, 0x0000000084e00000|100%| O|  |TAMS 0x0000000084d00000, 0x0000000084e00000| Untracked 
|  78|0x0000000084e00000, 0x0000000084f00000, 0x0000000084f00000|100%| O|  |TAMS 0x0000000084e00000, 0x0000000084f00000| Untracked 
|  79|0x0000000084f00000, 0x0000000085000000, 0x0000000085000000|100%| O|  |TAMS 0x0000000084f00000, 0x0000000085000000| Untracked 
|  80|0x0000000085000000, 0x0000000085100000, 0x0000000085100000|100%| O|  |TAMS 0x0000000085000000, 0x0000000085100000| Untracked 
|  81|0x0000000085100000, 0x0000000085200000, 0x0000000085200000|100%| O|  |TAMS 0x0000000085100000, 0x0000000085200000| Untracked 
|  82|0x0000000085200000, 0x0000000085300000, 0x0000000085300000|100%| O|  |TAMS 0x0000000085200000, 0x0000000085300000| Untracked 
|  83|0x0000000085300000, 0x0000000085400000, 0x0000000085400000|100%| O|  |TAMS 0x0000000085300000, 0x0000000085400000| Untracked 
|  84|0x0000000085400000, 0x0000000085500000, 0x0000000085500000|100%| O|  |TAMS 0x0000000085400000, 0x0000000085500000| Untracked 
|  85|0x0000000085500000, 0x0000000085600000, 0x0000000085600000|100%| O|  |TAMS 0x0000000085500000, 0x0000000085600000| Untracked 
|  86|0x0000000085600000, 0x0000000085700000, 0x0000000085700000|100%| O|  |TAMS 0x0000000085600000, 0x0000000085700000| Untracked 
|  87|0x0000000085700000, 0x0000000085800000, 0x0000000085800000|100%| O|  |TAMS 0x0000000085700000, 0x0000000085800000| Untracked 
|  88|0x0000000085800000, 0x0000000085900000, 0x0000000085900000|100%| O|  |TAMS 0x0000000085800000, 0x0000000085900000| Untracked 
|  89|0x0000000085900000, 0x0000000085a00000, 0x0000000085a00000|100%| O|  |TAMS 0x0000000085900000, 0x0000000085a00000| Untracked 
|  90|0x0000000085a00000, 0x0000000085b00000, 0x0000000085b00000|100%| O|  |TAMS 0x0000000085a00000, 0x0000000085b00000| Untracked 
|  91|0x0000000085b00000, 0x0000000085ba2e00, 0x0000000085c00000| 63%| O|  |TAMS 0x0000000085b00000, 0x0000000085ba2e00| Untracked 
|  92|0x0000000085c00000, 0x0000000085c00000, 0x0000000085d00000|  0%| F|  |TAMS 0x0000000085c00000, 0x0000000085c00000| Untracked 
|  93|0x0000000085d00000, 0x0000000085d00000, 0x0000000085e00000|  0%| F|  |TAMS 0x0000000085d00000, 0x0000000085d00000| Untracked 
|  94|0x0000000085e00000, 0x0000000085e00000, 0x0000000085f00000|  0%| F|  |TAMS 0x0000000085e00000, 0x0000000085e00000| Untracked 
|  95|0x0000000085f00000, 0x0000000085f00000, 0x0000000086000000|  0%| F|  |TAMS 0x0000000085f00000, 0x0000000085f00000| Untracked 
|  96|0x0000000086000000, 0x0000000086000000, 0x0000000086100000|  0%| F|  |TAMS 0x0000000086000000, 0x0000000086000000| Untracked 
|  97|0x0000000086100000, 0x0000000086100000, 0x0000000086200000|  0%| F|  |TAMS 0x0000000086100000, 0x0000000086100000| Untracked 
|  98|0x0000000086200000, 0x0000000086200000, 0x0000000086300000|  0%| F|  |TAMS 0x0000000086200000, 0x0000000086200000| Untracked 
|  99|0x0000000086300000, 0x0000000086300000, 0x0000000086400000|  0%| F|  |TAMS 0x0000000086300000, 0x0000000086300000| Untracked 
| 100|0x0000000086400000, 0x0000000086400000, 0x0000000086500000|  0%| F|  |TAMS 0x0000000086400000, 0x0000000086400000| Untracked 
| 101|0x0000000086500000, 0x0000000086500000, 0x0000000086600000|  0%| F|  |TAMS 0x0000000086500000, 0x0000000086500000| Untracked 
| 102|0x0000000086600000, 0x0000000086600000, 0x0000000086700000|  0%| F|  |TAMS 0x0000000086600000, 0x0000000086600000| Untracked 
| 103|0x0000000086700000, 0x0000000086700000, 0x0000000086800000|  0%| F|  |TAMS 0x0000000086700000, 0x0000000086700000| Untracked 
| 104|0x0000000086800000, 0x0000000086800000, 0x0000000086900000|  0%| F|  |TAMS 0x0000000086800000, 0x0000000086800000| Untracked 
| 105|0x0000000086900000, 0x0000000086900000, 0x0000000086a00000|  0%| F|  |TAMS 0x0000000086900000, 0x0000000086900000| Untracked 
| 106|0x0000000086a00000, 0x0000000086a00000, 0x0000000086b00000|  0%| F|  |TAMS 0x0000000086a00000, 0x0000000086a00000| Untracked 
| 107|0x0000000086b00000, 0x0000000086b00000, 0x0000000086c00000|  0%| F|  |TAMS 0x0000000086b00000, 0x0000000086b00000| Untracked 
| 108|0x0000000086c00000, 0x0000000086c00000, 0x0000000086d00000|  0%| F|  |TAMS 0x0000000086c00000, 0x0000000086c00000| Untracked 
| 109|0x0000000086d00000, 0x0000000086d00000, 0x0000000086e00000|  0%| F|  |TAMS 0x0000000086d00000, 0x0000000086d00000| Untracked 
| 110|0x0000000086e00000, 0x0000000086e00000, 0x0000000086f00000|  0%| F|  |TAMS 0x0000000086e00000, 0x0000000086e00000| Untracked 
| 111|0x0000000086f00000, 0x0000000086f00000, 0x0000000087000000|  0%| F|  |TAMS 0x0000000086f00000, 0x0000000086f00000| Untracked 
| 112|0x0000000087000000, 0x0000000087000000, 0x0000000087100000|  0%| F|  |TAMS 0x0000000087000000, 0x0000000087000000| Untracked 
| 113|0x0000000087100000, 0x0000000087100000, 0x0000000087200000|  0%| F|  |TAMS 0x0000000087100000, 0x0000000087100000| Untracked 
| 114|0x0000000087200000, 0x0000000087200000, 0x0000000087300000|  0%| F|  |TAMS 0x0000000087200000, 0x0000000087200000| Untracked 
| 115|0x0000000087300000, 0x0000000087300000, 0x0000000087400000|  0%| F|  |TAMS 0x0000000087300000, 0x0000000087300000| Untracked 
| 116|0x0000000087400000, 0x0000000087400000, 0x0000000087500000|  0%| F|  |TAMS 0x0000000087400000, 0x0000000087400000| Untracked 
| 117|0x0000000087500000, 0x00000000875acac0, 0x0000000087600000| 67%| S|CS|TAMS 0x0000000087500000, 0x0000000087500000| Complete 
| 118|0x0000000087600000, 0x0000000087700000, 0x0000000087700000|100%| S|CS|TAMS 0x0000000087600000, 0x0000000087600000| Complete 
| 119|0x0000000087700000, 0x0000000087800000, 0x0000000087800000|100%| S|CS|TAMS 0x0000000087700000, 0x0000000087700000| Complete 
| 120|0x0000000087800000, 0x0000000087800000, 0x0000000087900000|  0%| F|  |TAMS 0x0000000087800000, 0x0000000087800000| Untracked 
| 121|0x0000000087900000, 0x0000000087900000, 0x0000000087a00000|  0%| F|  |TAMS 0x0000000087900000, 0x0000000087900000| Untracked 
| 122|0x0000000087a00000, 0x0000000087a00000, 0x0000000087b00000|  0%| F|  |TAMS 0x0000000087a00000, 0x0000000087a00000| Untracked 
| 123|0x0000000087b00000, 0x0000000087b00000, 0x0000000087c00000|  0%| F|  |TAMS 0x0000000087b00000, 0x0000000087b00000| Untracked 
| 124|0x0000000087c00000, 0x0000000087c00000, 0x0000000087d00000|  0%| F|  |TAMS 0x0000000087c00000, 0x0000000087c00000| Untracked 
| 125|0x0000000087d00000, 0x0000000087d00000, 0x0000000087e00000|  0%| F|  |TAMS 0x0000000087d00000, 0x0000000087d00000| Untracked 
| 126|0x0000000087e00000, 0x0000000087e00000, 0x0000000087f00000|  0%| F|  |TAMS 0x0000000087e00000, 0x0000000087e00000| Untracked 
| 127|0x0000000087f00000, 0x0000000087f00000, 0x0000000088000000|  0%| F|  |TAMS 0x0000000087f00000, 0x0000000087f00000| Untracked 
| 128|0x0000000088000000, 0x0000000088000000, 0x0000000088100000|  0%| F|  |TAMS 0x0000000088000000, 0x0000000088000000| Untracked 
| 129|0x0000000088100000, 0x0000000088100000, 0x0000000088200000|  0%| F|  |TAMS 0x0000000088100000, 0x0000000088100000| Untracked 
| 130|0x0000000088200000, 0x0000000088200000, 0x0000000088300000|  0%| F|  |TAMS 0x0000000088200000, 0x0000000088200000| Untracked 
| 131|0x0000000088300000, 0x0000000088300000, 0x0000000088400000|  0%| F|  |TAMS 0x0000000088300000, 0x0000000088300000| Untracked 
| 132|0x0000000088400000, 0x0000000088400000, 0x0000000088500000|  0%| F|  |TAMS 0x0000000088400000, 0x0000000088400000| Untracked 
| 133|0x0000000088500000, 0x0000000088500000, 0x0000000088600000|  0%| F|  |TAMS 0x0000000088500000, 0x0000000088500000| Untracked 
| 134|0x0000000088600000, 0x0000000088600000, 0x0000000088700000|  0%| F|  |TAMS 0x0000000088600000, 0x0000000088600000| Untracked 
| 135|0x0000000088700000, 0x0000000088700000, 0x0000000088800000|  0%| F|  |TAMS 0x0000000088700000, 0x0000000088700000| Untracked 
| 136|0x0000000088800000, 0x0000000088800000, 0x0000000088900000|  0%| F|  |TAMS 0x0000000088800000, 0x0000000088800000| Untracked 
| 137|0x0000000088900000, 0x0000000088900000, 0x0000000088a00000|  0%| F|  |TAMS 0x0000000088900000, 0x0000000088900000| Untracked 
| 138|0x0000000088a00000, 0x0000000088a00000, 0x0000000088b00000|  0%| F|  |TAMS 0x0000000088a00000, 0x0000000088a00000| Untracked 
| 139|0x0000000088b00000, 0x0000000088b00000, 0x0000000088c00000|  0%| F|  |TAMS 0x0000000088b00000, 0x0000000088b00000| Untracked 
| 140|0x0000000088c00000, 0x0000000088c00000, 0x0000000088d00000|  0%| F|  |TAMS 0x0000000088c00000, 0x0000000088c00000| Untracked 
| 141|0x0000000088d00000, 0x0000000088d00000, 0x0000000088e00000|  0%| F|  |TAMS 0x0000000088d00000, 0x0000000088d00000| Untracked 
| 142|0x0000000088e00000, 0x0000000088e00000, 0x0000000088f00000|  0%| F|  |TAMS 0x0000000088e00000, 0x0000000088e00000| Untracked 
| 143|0x0000000088f00000, 0x0000000088f00000, 0x0000000089000000|  0%| F|  |TAMS 0x0000000088f00000, 0x0000000088f00000| Untracked 
| 144|0x0000000089000000, 0x0000000089000000, 0x0000000089100000|  0%| F|  |TAMS 0x0000000089000000, 0x0000000089000000| Untracked 
| 145|0x0000000089100000, 0x0000000089100000, 0x0000000089200000|  0%| F|  |TAMS 0x0000000089100000, 0x0000000089100000| Untracked 
| 146|0x0000000089200000, 0x0000000089200000, 0x0000000089300000|  0%| F|  |TAMS 0x0000000089200000, 0x0000000089200000| Untracked 
| 147|0x0000000089300000, 0x0000000089300000, 0x0000000089400000|  0%| F|  |TAMS 0x0000000089300000, 0x0000000089300000| Untracked 
| 148|0x0000000089400000, 0x0000000089400000, 0x0000000089500000|  0%| F|  |TAMS 0x0000000089400000, 0x0000000089400000| Untracked 
| 149|0x0000000089500000, 0x0000000089500000, 0x0000000089600000|  0%| F|  |TAMS 0x0000000089500000, 0x0000000089500000| Untracked 
| 204|0x000000008cc00000, 0x000000008cc00000, 0x000000008cd00000|  0%| F|  |TAMS 0x000000008cc00000, 0x000000008cc00000| Untracked 
| 205|0x000000008cd00000, 0x000000008cd00000, 0x000000008ce00000|  0%| F|  |TAMS 0x000000008cd00000, 0x000000008cd00000| Untracked 
| 206|0x000000008ce00000, 0x000000008ce00000, 0x000000008cf00000|  0%| F|  |TAMS 0x000000008ce00000, 0x000000008ce00000| Untracked 
| 207|0x000000008cf00000, 0x000000008cf00000, 0x000000008d000000|  0%| F|  |TAMS 0x000000008cf00000, 0x000000008cf00000| Untracked 
| 208|0x000000008d000000, 0x000000008d000000, 0x000000008d100000|  0%| F|  |TAMS 0x000000008d000000, 0x000000008d000000| Untracked 
| 209|0x000000008d100000, 0x000000008d100000, 0x000000008d200000|  0%| F|  |TAMS 0x000000008d100000, 0x000000008d100000| Untracked 
| 253|0x000000008fd00000, 0x000000008fd00000, 0x000000008fe00000|  0%| F|  |TAMS 0x000000008fd00000, 0x000000008fd00000| Untracked 

Card table byte_map: [0x0000025e151f0000,0x0000025e155f0000] _byte_map_base: 0x0000025e14df0000

Marking Bits (Prev, Next): (CMBitMap*) 0x0000025e02433200, (CMBitMap*) 0x0000025e024331c0
 Prev Bits: [0x0000025e179f0000, 0x0000025e199f0000)
 Next Bits: [0x0000025e159f0000, 0x0000025e179f0000)

Polling page: 0x0000025e00370000

Metaspace:

Usage:
  Non-class:     83.09 MB used.
      Class:     13.04 MB used.
       Both:     96.13 MB used.

Virtual space:
  Non-class space:       88.00 MB reserved,      83.44 MB ( 95%) committed,  11 nodes.
      Class space:        1.00 GB reserved,      13.38 MB (  1%) committed,  1 nodes.
             Both:        1.09 GB reserved,      96.81 MB (  9%) committed. 

Chunk freelists:
   Non-Class:  3.81 MB
       Class:  2.67 MB
        Both:  6.48 MB

MaxMetaspaceSize: unlimited
CompressedClassSpaceSize: 1.00 GB
Initial GC threshold: 21.00 MB
Current GC threshold: 157.62 MB
CDS: off
MetaspaceReclaimPolicy: balanced
 - commit_granule_bytes: 65536.
 - commit_granule_words: 8192.
 - virtual_space_node_default_size: 1048576.
 - enlarge_chunks_in_place: 1.
 - new_chunks_are_fully_committed: 0.
 - uncommit_free_chunks: 1.
 - use_allocation_guard: 0.
 - handle_deallocations: 1.


Internal statistics:

num_allocs_failed_limit: 6.
num_arena_births: 994.
num_arena_deaths: 0.
num_vsnodes_births: 12.
num_vsnodes_deaths: 0.
num_space_committed: 1548.
num_space_uncommitted: 0.
num_chunks_returned_to_freelist: 6.
num_chunks_taken_from_freelist: 4607.
num_chunk_merges: 6.
num_chunk_splits: 3069.
num_chunks_enlarged: 2109.
num_purges: 0.
num_inconsistent_stats: 0.

CodeHeap 'non-profiled nmethods': size=120000Kb used=5830Kb max_used=5830Kb free=114169Kb
 bounds [0x0000025e0d370000, 0x0000025e0d930000, 0x0000025e148a0000]
CodeHeap 'profiled nmethods': size=120000Kb used=18052Kb max_used=18052Kb free=101947Kb
 bounds [0x0000025e058a0000, 0x0000025e06a50000, 0x0000025e0cdd0000]
CodeHeap 'non-nmethods': size=5760Kb used=2389Kb max_used=2500Kb free=3370Kb
 bounds [0x0000025e0cdd0000, 0x0000025e0d050000, 0x0000025e0d370000]
 total_blobs=10356 nmethods=9434 adapters=834
 compilation: enabled
              stopped_count=0, restarted_count=0
 full_count=0

Compilation events (20 events):
Event: 14.686 Thread 0x0000025e1d0a9450 nmethod 10910 0x0000025e06a3b690 code [0x0000025e06a3b840, 0x0000025e06a3bb78]
Event: 14.686 Thread 0x0000025e1d0a9450 10926       3       org.gradle.internal.snapshot.impl.DefaultValueSnapshotter$ValueSnapshotVisitor::stringValue (6 bytes)
Event: 14.686 Thread 0x0000025e1d0a9450 nmethod 10926 0x0000025e06a3bd10 code [0x0000025e06a3bee0, 0x0000025e06a3c278]
Event: 14.686 Thread 0x0000025e1d0a9450 10927       3       org.gradle.internal.snapshot.impl.DefaultValueSnapshotter$ValueSnapshotVisitor::stringValue (9 bytes)
Event: 14.687 Thread 0x0000025e1d0a9450 nmethod 10927 0x0000025e06a3c410 code [0x0000025e06a3c5c0, 0x0000025e06a3c8f8]
Event: 14.687 Thread 0x0000025e1d0a9450 10924       3       com.google.common.collect.Iterables::elementsEqual (57 bytes)
Event: 14.687 Thread 0x0000025e1d0a9450 nmethod 10924 0x0000025e06a3ca90 code [0x0000025e06a3cca0, 0x0000025e06a3d5c8]
Event: 14.687 Thread 0x0000025e1d0a9450 10929       3       org.gradle.api.internal.artifacts.transform.TransformationSubject::<init> (5 bytes)
Event: 14.687 Thread 0x0000025e1d0a9450 nmethod 10929 0x0000025e06a3d790 code [0x0000025e06a3d920, 0x0000025e06a3da78]
Event: 14.687 Thread 0x0000025e1d0a9450 10928       3       org.gradle.api.internal.artifacts.transform.DefaultTransformerInvocationFactory$$Lambda$1159/0x0000000100d2de28::apply (16 bytes)
Event: 14.688 Thread 0x0000025e1d0944f0 nmethod 10880 0x0000025e0d920610 code [0x0000025e0d9207e0, 0x0000025e0d9214a8]
Event: 14.688 Thread 0x0000025e1d0944f0 10913       4       org.gradle.internal.snapshot.MediumChildMap::withNode (67 bytes)
Event: 14.689 Thread 0x0000025e1d0a9450 nmethod 10928 0x0000025e06a3db10 code [0x0000025e06a3dda0, 0x0000025e06a3eb78]
Event: 14.689 Thread 0x0000025e1d0a9450 10939   !   3       sun.nio.ch.NativeThreadSet::remove (50 bytes)
Event: 14.689 Thread 0x0000025e1d0a9450 nmethod 10939 0x0000025e06a3ef90 code [0x0000025e06a3f140, 0x0000025e06a3f428]
Event: 14.689 Thread 0x0000025e1d0a9450 10941       3       org.gradle.internal.classloader.ConfigurableClassLoaderHierarchyHasher$Visitor::visit (14 bytes)
Event: 14.689 Thread 0x0000025e1d0a9450 nmethod 10941 0x0000025e06a3f590 code [0x0000025e06a3f740, 0x0000025e06a3f8f8]
Event: 14.689 Thread 0x0000025e1d0a9450 10942       3       org.gradle.internal.classloader.ConfigurableClassLoaderHierarchyHasher$Visitor::addToHash (86 bytes)
Event: 14.691 Thread 0x0000025e1d0a9450 nmethod 10942 0x0000025e06a3fa10 code [0x0000025e06a3fd40, 0x0000025e06a41478]
Event: 14.691 Thread 0x0000025e1d0a9450 10930       3       org.gradle.api.internal.artifacts.transform.DefaultTransformUpstreamDependenciesResolver$2::finalizeIfNotAlready (1 bytes)

GC Heap History (20 events):
Event: 9.714 GC heap after
{Heap after GC invocations=28 (full 0):
 garbage-first heap   total 116736K, used 63002K [0x0000000080000000, 0x0000000100000000)
  region size 1024K, 1 young (1024K), 1 survivors (1024K)
 Metaspace       used 71355K, committed 71936K, reserved 1114112K
  class space    used 9437K, committed 9728K, reserved 1048576K
}
Event: 10.111 GC heap before
{Heap before GC invocations=28 (full 0):
 garbage-first heap   total 116736K, used 88602K [0x0000000080000000, 0x0000000100000000)
  region size 1024K, 26 young (26624K), 1 survivors (1024K)
 Metaspace       used 74626K, committed 75200K, reserved 1122304K
  class space    used 9862K, committed 10112K, reserved 1048576K
}
Event: 10.115 GC heap after
{Heap after GC invocations=29 (full 0):
 garbage-first heap   total 116736K, used 64388K [0x0000000080000000, 0x0000000100000000)
  region size 1024K, 2 young (2048K), 2 survivors (2048K)
 Metaspace       used 74626K, committed 75200K, reserved 1122304K
  class space    used 9862K, committed 10112K, reserved 1048576K
}
Event: 10.466 GC heap before
{Heap before GC invocations=30 (full 0):
 garbage-first heap   total 116736K, used 88964K [0x0000000080000000, 0x0000000100000000)
  region size 1024K, 27 young (27648K), 2 survivors (2048K)
 Metaspace       used 76384K, committed 76928K, reserved 1122304K
  class space    used 10090K, committed 10368K, reserved 1048576K
}
Event: 10.471 GC heap after
{Heap after GC invocations=31 (full 0):
 garbage-first heap   total 116736K, used 66282K [0x0000000080000000, 0x0000000100000000)
  region size 1024K, 4 young (4096K), 4 survivors (4096K)
 Metaspace       used 76384K, committed 76928K, reserved 1122304K
  class space    used 10090K, committed 10368K, reserved 1048576K
}
Event: 10.862 GC heap before
{Heap before GC invocations=31 (full 0):
 garbage-first heap   total 116736K, used 89834K [0x0000000080000000, 0x0000000100000000)
  region size 1024K, 29 young (29696K), 4 survivors (4096K)
 Metaspace       used 78868K, committed 79424K, reserved 1122304K
  class space    used 10432K, committed 10688K, reserved 1048576K
}
Event: 10.867 GC heap after
{Heap after GC invocations=32 (full 0):
 garbage-first heap   total 160768K, used 67724K [0x0000000080000000, 0x0000000100000000)
  region size 1024K, 4 young (4096K), 4 survivors (4096K)
 Metaspace       used 78868K, committed 79424K, reserved 1122304K
  class space    used 10432K, committed 10688K, reserved 1048576K
}
Event: 11.818 GC heap before
{Heap before GC invocations=32 (full 0):
 garbage-first heap   total 160768K, used 123020K [0x0000000080000000, 0x0000000100000000)
  region size 1024K, 57 young (58368K), 4 survivors (4096K)
 Metaspace       used 84968K, committed 85632K, reserved 1130496K
  class space    used 11477K, committed 11776K, reserved 1048576K
}
Event: 11.824 GC heap after
{Heap after GC invocations=33 (full 0):
 garbage-first heap   total 160768K, used 70538K [0x0000000080000000, 0x0000000100000000)
  region size 1024K, 7 young (7168K), 7 survivors (7168K)
 Metaspace       used 84968K, committed 85632K, reserved 1130496K
  class space    used 11477K, committed 11776K, reserved 1048576K
}
Event: 12.812 GC heap before
{Heap before GC invocations=33 (full 0):
 garbage-first heap   total 160768K, used 125834K [0x0000000080000000, 0x0000000100000000)
  region size 1024K, 61 young (62464K), 7 survivors (7168K)
 Metaspace       used 91914K, committed 92544K, reserved 1130496K
  class space    used 12478K, committed 12800K, reserved 1048576K
}
Event: 12.822 GC heap after
{Heap after GC invocations=34 (full 0):
 garbage-first heap   total 160768K, used 75097K [0x0000000080000000, 0x0000000100000000)
  region size 1024K, 8 young (8192K), 8 survivors (8192K)
 Metaspace       used 91914K, committed 92544K, reserved 1130496K
  class space    used 12478K, committed 12800K, reserved 1048576K
}
Event: 13.417 GC heap before
{Heap before GC invocations=34 (full 0):
 garbage-first heap   total 160768K, used 128345K [0x0000000080000000, 0x0000000100000000)
  region size 1024K, 60 young (61440K), 8 survivors (8192K)
 Metaspace       used 94379K, committed 95040K, reserved 1138688K
  class space    used 12811K, committed 13120K, reserved 1048576K
}
Event: 13.427 GC heap after
{Heap after GC invocations=35 (full 0):
 garbage-first heap   total 160768K, used 81917K [0x0000000080000000, 0x0000000100000000)
  region size 1024K, 8 young (8192K), 8 survivors (8192K)
 Metaspace       used 94379K, committed 95040K, reserved 1138688K
  class space    used 12811K, committed 13120K, reserved 1048576K
}
Event: 13.781 GC heap before
{Heap before GC invocations=35 (full 0):
 garbage-first heap   total 160768K, used 119805K [0x0000000080000000, 0x0000000100000000)
  region size 1024K, 47 young (48128K), 8 survivors (8192K)
 Metaspace       used 95449K, committed 96064K, reserved 1138688K
  class space    used 12899K, committed 13184K, reserved 1048576K
}
Event: 13.791 GC heap after
{Heap after GC invocations=36 (full 0):
 garbage-first heap   total 160768K, used 89379K [0x0000000080000000, 0x0000000100000000)
  region size 1024K, 7 young (7168K), 7 survivors (7168K)
 Metaspace       used 95449K, committed 96064K, reserved 1138688K
  class space    used 12899K, committed 13184K, reserved 1048576K
}
Event: 14.371 GC heap before
{Heap before GC invocations=37 (full 0):
 garbage-first heap   total 160768K, used 128291K [0x0000000080000000, 0x0000000100000000)
  region size 1024K, 45 young (46080K), 7 survivors (7168K)
 Metaspace       used 98255K, committed 98944K, reserved 1138688K
  class space    used 13346K, committed 13696K, reserved 1048576K
}
Event: 14.380 GC heap after
{Heap after GC invocations=38 (full 0):
 garbage-first heap   total 160768K, used 93284K [0x0000000080000000, 0x0000000100000000)
  region size 1024K, 4 young (4096K), 4 survivors (4096K)
 Metaspace       used 98255K, committed 98944K, reserved 1138688K
  class space    used 13346K, committed 13696K, reserved 1048576K
}
Event: 14.394 GC heap before
{Heap before GC invocations=38 (full 0):
 garbage-first heap   total 160768K, used 95332K [0x0000000080000000, 0x0000000100000000)
  region size 1024K, 7 young (7168K), 4 survivors (4096K)
 Metaspace       used 98269K, committed 99008K, reserved 1138688K
  class space    used 13346K, committed 13696K, reserved 1048576K
}
Event: 14.401 GC heap after
{Heap after GC invocations=39 (full 0):
 garbage-first heap   total 160768K, used 93609K [0x0000000080000000, 0x0000000100000000)
  region size 1024K, 1 young (1024K), 1 survivors (1024K)
 Metaspace       used 98269K, committed 99008K, reserved 1138688K
  class space    used 13346K, committed 13696K, reserved 1048576K
}
Event: 14.691 GC heap before
{Heap before GC invocations=39 (full 0):
 garbage-first heap   total 160768K, used 129449K [0x0000000080000000, 0x0000000100000000)
  region size 1024K, 37 young (37888K), 1 survivors (1024K)
 Metaspace       used 98435K, committed 99136K, reserved 1138688K
  class space    used 13355K, committed 13696K, reserved 1048576K
}

Dll operation events (2 events):
Event: 0.009 Loaded shared library D:\Android\Android Studio\jbr\bin\java.dll
Event: 0.456 Loaded shared library D:\Android\Android Studio\jbr\bin\verify.dll

Deoptimization events (20 events):
Event: 14.358 Thread 0x0000025e232e6180 DEOPT PACKING pc=0x0000025e0d59b484 sp=0x000000ba8d4fdac0
Event: 14.358 Thread 0x0000025e232e6180 DEOPT UNPACKING pc=0x0000025e0ce269a3 sp=0x000000ba8d4fda78 mode 2
Event: 14.364 Thread 0x0000025e22a60000 Uncommon trap: trap_request=0xffffff45 fr.pc=0x0000025e0d493e98 relative=0x0000000000000278
Event: 14.364 Thread 0x0000025e22a60000 Uncommon trap: reason=unstable_if action=reinterpret pc=0x0000025e0d493e98 method=java.util.concurrent.ConcurrentHashMap.get(Ljava/lang/Object;)Ljava/lang/Object; @ 86 c2
Event: 14.364 Thread 0x0000025e22a60000 DEOPT PACKING pc=0x0000025e0d493e98 sp=0x000000ba8bffded0
Event: 14.364 Thread 0x0000025e22a60000 DEOPT UNPACKING pc=0x0000025e0ce269a3 sp=0x000000ba8bffde48 mode 2
Event: 14.368 Thread 0x0000025e22a60000 Uncommon trap: trap_request=0xffffff45 fr.pc=0x0000025e0d745f94 relative=0x0000000000001794
Event: 14.368 Thread 0x0000025e22a60000 Uncommon trap: reason=unstable_if action=reinterpret pc=0x0000025e0d745f94 method=java.util.concurrent.ConcurrentHashMap.computeIfAbsent(Ljava/lang/Object;Ljava/util/function/Function;)Ljava/lang/Object; @ 279 c2
Event: 14.368 Thread 0x0000025e22a60000 DEOPT PACKING pc=0x0000025e0d745f94 sp=0x000000ba8bffddd0
Event: 14.368 Thread 0x0000025e22a60000 DEOPT UNPACKING pc=0x0000025e0ce269a3 sp=0x000000ba8bffdd68 mode 2
Event: 14.369 Thread 0x0000025e249fc1c0 Uncommon trap: trap_request=0xffffff45 fr.pc=0x0000025e0d745f94 relative=0x0000000000001794
Event: 14.369 Thread 0x0000025e249fc1c0 Uncommon trap: reason=unstable_if action=reinterpret pc=0x0000025e0d745f94 method=java.util.concurrent.ConcurrentHashMap.computeIfAbsent(Ljava/lang/Object;Ljava/util/function/Function;)Ljava/lang/Object; @ 279 c2
Event: 14.369 Thread 0x0000025e249fc1c0 DEOPT PACKING pc=0x0000025e0d745f94 sp=0x000000ba87cfddf0
Event: 14.369 Thread 0x0000025e249fc1c0 DEOPT UNPACKING pc=0x0000025e0ce269a3 sp=0x000000ba87cfdd88 mode 2
Event: 14.481 Thread 0x0000025e22a5f660 Uncommon trap: trap_request=0xffffff45 fr.pc=0x0000025e0d723a64 relative=0x0000000000000324
Event: 14.495 Thread 0x0000025e22a5f660 Uncommon trap: reason=unstable_if action=reinterpret pc=0x0000025e0d723a64 method=java.util.concurrent.ConcurrentHashMap.addCount(JI)V @ 97 c2
Event: 14.495 Thread 0x0000025e22a5f660 DEOPT PACKING pc=0x0000025e0d723a64 sp=0x000000ba8befe920
Event: 14.495 Thread 0x0000025e22a5f660 DEOPT UNPACKING pc=0x0000025e0ce269a3 sp=0x000000ba8befe860 mode 2
Event: 14.538 Thread 0x0000025e22a5ecc0 DEOPT PACKING pc=0x0000025e06996617 sp=0x000000ba8b0fb620
Event: 14.538 Thread 0x0000025e22a5ecc0 DEOPT UNPACKING pc=0x0000025e0ce27143 sp=0x000000ba8b0faae8 mode 0

Classes unloaded (0 events):
No events

Classes redefined (0 events):
No events

Internal exceptions (20 events):
Event: 13.990 Thread 0x0000025e204cb530 Exception <a 'sun/nio/fs/WindowsException'{0x000000008cfae2a8}> (0x000000008cfae2a8) 
thrown [s\src\hotspot\share\prims\jni.cpp, line 517]
Event: 13.995 Thread 0x0000025e1f873cc0 Exception <a 'java/lang/NoSuchMethodError'{0x00000000894c4a98}: static Lorg/gradle/internal/build/event/types/DefaultTaskSkippedResult;.<clinit>()V> (0x00000000894c4a98) 
thrown [s\src\hotspot\share\prims\jni.cpp, line 1108]
Event: 13.996 Thread 0x0000025e266154c0 Exception <a 'java/lang/NoSuchMethodError'{0x00000000894d0628}: static Lcom/android/buildanalyzer/common/AndroidGradlePluginAttributionData$BuildInfo;.<clinit>()V> (0x00000000894d0628) 
thrown [s\src\hotspot\share\prims\jni.cpp, line 1108]
Event: 13.998 Thread 0x0000025e266154c0 Exception <a 'java/lang/NoSuchMethodError'{0x00000000894e8000}: static Lcom/android/buildanalyzer/common/AndroidGradlePluginAttributionData$JavaInfo;.<clinit>()V> (0x00000000894e8000) 
thrown [s\src\hotspot\share\prims\jni.cpp, line 1108]
Event: 14.001 Thread 0x0000025e266154c0 Exception <a 'java/lang/NoSuchMethodError'{0x0000000089352190}: static [Ljava/lang/String;.<clinit>()V> (0x0000000089352190) 
thrown [s\src\hotspot\share\prims\jni.cpp, line 1108]
Event: 14.002 Thread 0x0000025e266154c0 Exception <a 'java/lang/NoSuchMethodError'{0x000000008935e350}: static Lcom/android/buildanalyzer/common/AndroidGradlePluginAttributionData$TaskInfo;.<clinit>()V> (0x000000008935e350) 
thrown [s\src\hotspot\share\prims\jni.cpp, line 1108]
Event: 14.003 Thread 0x0000025e266154c0 Exception <a 'java/lang/NoSuchMethodError'{0x00000000893922b8}: static Lcom/android/buildanalyzer/common/AndroidGradlePluginAttributionData$TaskCategoryInfo;.<clinit>()V> (0x00000000893922b8) 
thrown [s\src\hotspot\share\prims\jni.cpp, line 1108]
Event: 14.261 Thread 0x0000025e204cb530 Exception <a 'java/lang/NoSuchMethodError'{0x00000000887fcd18}: 'void java.lang.invoke.DirectMethodHandle$Holder.invokeStatic(java.lang.Object, java.lang.Object, java.lang.Object, java.lang.Object, int, java.lang.Object, java.lang.Object)'> (0x00000000887fcd18) 
thrown [s\src\hotspot\share\interpreter\linkResolver.cpp, line 771]
Event: 14.295 Thread 0x0000025e232e6650 Exception <a 'java/lang/NoSuchMethodError'{0x00000000882188b0}: 'java.lang.Object java.lang.invoke.DirectMethodHandle$Holder.invokeSpecialIFC(java.lang.Object, java.lang.Object, java.lang.Object)'> (0x00000000882188b0) 
thrown [s\src\hotspot\share\interpreter\linkResolver.cpp, line 771]
Event: 14.295 Thread 0x0000025e22ea8550 Exception <a 'java/lang/NoSuchMethodError'{0x00000000883fbe28}: 'java.lang.Object java.lang.invoke.DirectMethodHandle$Holder.invokeSpecialIFC(java.lang.Object, java.lang.Object, java.lang.Object)'> (0x00000000883fbe28) 
thrown [s\src\hotspot\share\interpreter\linkResolver.cpp, line 771]
Event: 14.295 Thread 0x0000025e232ea4e0 Exception <a 'java/lang/NoSuchMethodError'{0x00000000883ce2a0}: 'java.lang.Object java.lang.invoke.DirectMethodHandle$Holder.invokeSpecialIFC(java.lang.Object, java.lang.Object, java.lang.Object)'> (0x00000000883ce2a0) 
thrown [s\src\hotspot\share\interpreter\linkResolver.cpp, line 771]
Event: 14.295 Thread 0x0000025e232e8cd0 Exception <a 'java/lang/NoSuchMethodError'{0x00000000883906c0}: 'java.lang.Object java.lang.invoke.DirectMethodHandle$Holder.invokeSpecialIFC(java.lang.Object, java.lang.Object, java.lang.Object)'> (0x00000000883906c0) 
thrown [s\src\hotspot\share\interpreter\linkResolver.cpp, line 771]
Event: 14.295 Thread 0x0000025e204cb530 Exception <a 'java/lang/NoSuchMethodError'{0x00000000883d79b8}: 'java.lang.Object java.lang.invoke.DirectMethodHandle$Holder.invokeSpecialIFC(java.lang.Object, java.lang.Object, java.lang.Object)'> (0x00000000883d79b8) 
thrown [s\src\hotspot\share\interpreter\linkResolver.cpp, line 771]
Event: 14.295 Thread 0x0000025e22a5cb10 Exception <a 'java/lang/NoSuchMethodError'{0x000000008839c438}: 'java.lang.Object java.lang.invoke.DirectMethodHandle$Holder.invokeSpecialIFC(java.lang.Object, java.lang.Object, java.lang.Object)'> (0x000000008839c438) 
thrown [s\src\hotspot\share\interpreter\linkResolver.cpp, line 771]
Event: 14.295 Thread 0x0000025e232e6b20 Exception <a 'java/lang/NoSuchMethodError'{0x000000008820d510}: 'java.lang.Object java.lang.invoke.DirectMethodHandle$Holder.invokeSpecialIFC(java.lang.Object, java.lang.Object, java.lang.Object)'> (0x000000008820d510) 
thrown [s\src\hotspot\share\interpreter\linkResolver.cpp, line 771]
Event: 14.295 Thread 0x0000025e232e3b00 Exception <a 'java/lang/NoSuchMethodError'{0x00000000883c4cf0}: 'java.lang.Object java.lang.invoke.DirectMethodHandle$Holder.invokeSpecialIFC(java.lang.Object, java.lang.Object, java.lang.Object)'> (0x00000000883c4cf0) 
thrown [s\src\hotspot\share\interpreter\linkResolver.cpp, line 771]
Event: 14.295 Thread 0x0000025e232e7e60 Exception <a 'java/lang/NoSuchMethodError'{0x00000000883b9e90}: 'java.lang.Object java.lang.invoke.DirectMethodHandle$Holder.invokeSpecialIFC(java.lang.Object, java.lang.Object, java.lang.Object)'> (0x00000000883b9e90) 
thrown [s\src\hotspot\share\interpreter\linkResolver.cpp, line 771]
Event: 14.295 Thread 0x0000025e22b5e080 Exception <a 'java/lang/NoSuchMethodError'{0x00000000883a6d90}: 'java.lang.Object java.lang.invoke.DirectMethodHandle$Holder.invokeSpecialIFC(java.lang.Object, java.lang.Object, java.lang.Object)'> (0x00000000883a6d90) 
thrown [s\src\hotspot\share\interpreter\linkResolver.cpp, line 771]
Event: 14.295 Thread 0x0000025e232e74c0 Exception <a 'java/lang/NoSuchMethodError'{0x0000000088202498}: 'java.lang.Object java.lang.invoke.DirectMethodHandle$Holder.invokeSpecialIFC(java.lang.Object, java.lang.Object, java.lang.Object)'> (0x0000000088202498) 
thrown [s\src\hotspot\share\interpreter\linkResolver.cpp, line 771]
Event: 14.295 Thread 0x0000025e22b5f890 Exception <a 'java/lang/NoSuchMethodError'{0x00000000883afb10}: 'java.lang.Object java.lang.invoke.DirectMethodHandle$Holder.invokeSpecialIFC(java.lang.Object, java.lang.Object, java.lang.Object)'> (0x00000000883afb10) 
thrown [s\src\hotspot\share\interpreter\linkResolver.cpp, line 771]

VM Operations (20 events):
Event: 13.883 Executing VM operation: G1Concurrent done
Event: 13.894 Executing VM operation: HandshakeAllThreads
Event: 13.894 Executing VM operation: HandshakeAllThreads done
Event: 13.979 Executing VM operation: HandshakeAllThreads
Event: 13.979 Executing VM operation: HandshakeAllThreads done
Event: 14.026 Executing VM operation: HandshakeAllThreads
Event: 14.026 Executing VM operation: HandshakeAllThreads done
Event: 14.107 Executing VM operation: ICBufferFull
Event: 14.107 Executing VM operation: ICBufferFull done
Event: 14.227 Executing VM operation: ICBufferFull
Event: 14.227 Executing VM operation: ICBufferFull done
Event: 14.371 Executing VM operation: G1CollectForAllocation
Event: 14.382 Executing VM operation: G1CollectForAllocation done
Event: 14.393 Executing VM operation: G1CollectForAllocation
Event: 14.402 Executing VM operation: G1CollectForAllocation done
Event: 14.644 Executing VM operation: ICBufferFull
Event: 14.645 Executing VM operation: ICBufferFull done
Event: 14.674 Executing VM operation: HandshakeAllThreads
Event: 14.674 Executing VM operation: HandshakeAllThreads done
Event: 14.691 Executing VM operation: G1CollectForAllocation

Events (20 events):
Event: 13.873 Thread 0x0000025e1d092880 Thread added: 0x0000025e1d092880
Event: 13.873 Thread 0x0000025e204cb530 Thread added: 0x0000025e204cb530
Event: 13.873 Thread 0x0000025e204c89e0 Thread added: 0x0000025e204c89e0
Event: 13.873 Thread 0x0000025e204c9380 Thread added: 0x0000025e204c9380
Event: 13.873 Thread 0x0000025e204c8510 Thread added: 0x0000025e204c8510
Event: 13.903 Thread 0x0000025e204c76a0 Thread added: 0x0000025e204c76a0
Event: 13.926 loading class java/util/TreeMap$KeySpliterator
Event: 13.926 loading class java/util/TreeMap$KeySpliterator done
Event: 13.996 loading class java/time/Clock
Event: 13.997 loading class java/time/InstantSource
Event: 13.997 loading class java/time/InstantSource done
Event: 13.997 loading class java/time/Clock done
Event: 13.997 loading class java/time/Clock$SystemClock
Event: 13.997 loading class java/time/Clock$SystemClock done
Event: 14.000 loading class java/io/ObjectStreamClass$ExceptionInfo
Event: 14.001 loading class java/io/ObjectStreamClass$ExceptionInfo done
Event: 14.670 loading class java/util/Comparators$NaturalOrderComparator
Event: 14.670 loading class java/util/Comparators$NaturalOrderComparator done
Event: 14.670 loading class java/util/stream/SortedOps$SizedRefSortingSink
Event: 14.671 loading class java/util/stream/SortedOps$SizedRefSortingSink done


Dynamic libraries:
0x00007ff704af0000 - 0x00007ff704afa000 	D:\Android\Android Studio\jbr\bin\java.exe
0x00007ff9697f0000 - 0x00007ff969a04000 	C:\WINDOWS\SYSTEM32\ntdll.dll
0x00007ff967d70000 - 0x00007ff967e34000 	C:\WINDOWS\System32\KERNEL32.DLL
0x00007ff966bd0000 - 0x00007ff966f74000 	C:\WINDOWS\System32\KERNELBASE.dll
0x00007ff967340000 - 0x00007ff967451000 	C:\WINDOWS\System32\ucrtbase.dll
0x00007ff95ebf0000 - 0x00007ff95ec07000 	D:\Android\Android Studio\jbr\bin\jli.dll
0x00007ff9619c0000 - 0x00007ff9619db000 	D:\Android\Android Studio\jbr\bin\VCRUNTIME140.dll
0x00007ff969600000 - 0x00007ff9697ae000 	C:\WINDOWS\System32\USER32.dll
0x00007ff966ba0000 - 0x00007ff966bc6000 	C:\WINDOWS\System32\win32u.dll
0x00007ff945900000 - 0x00007ff945b93000 	C:\WINDOWS\WinSxS\amd64_microsoft.windows.common-controls_6595b64144ccf1df_6.0.22621.2215_none_270d72677387dfc3\COMCTL32.dll
0x00007ff967ac0000 - 0x00007ff967ae9000 	C:\WINDOWS\System32\GDI32.dll
0x00007ff967e40000 - 0x00007ff967ee7000 	C:\WINDOWS\System32\msvcrt.dll
0x00007ff967460000 - 0x00007ff967578000 	C:\WINDOWS\System32\gdi32full.dll
0x00007ff966f80000 - 0x00007ff96701a000 	C:\WINDOWS\System32\msvcp_win.dll
0x00007ff967580000 - 0x00007ff9675b1000 	C:\WINDOWS\System32\IMM32.DLL
0x00007ff963a10000 - 0x00007ff963a1c000 	D:\Android\Android Studio\jbr\bin\vcruntime140_1.dll
0x00007ff932710000 - 0x00007ff93279d000 	D:\Android\Android Studio\jbr\bin\msvcp140.dll
0x00007ff906880000 - 0x00007ff9074ee000 	D:\Android\Android Studio\jbr\bin\server\jvm.dll
0x00007ff967ef0000 - 0x00007ff967fa0000 	C:\WINDOWS\System32\ADVAPI32.dll
0x00007ff968ef0000 - 0x00007ff968f96000 	C:\WINDOWS\System32\sechost.dll
0x00007ff968c50000 - 0x00007ff968d67000 	C:\WINDOWS\System32\RPCRT4.dll
0x00007ff961a40000 - 0x00007ff961a49000 	C:\WINDOWS\SYSTEM32\WSOCK32.dll
0x00007ff95d9a0000 - 0x00007ff95d9d4000 	C:\WINDOWS\SYSTEM32\WINMM.dll
0x00007ff9679d0000 - 0x00007ff967a41000 	C:\WINDOWS\System32\WS2_32.dll
0x00007ff95e700000 - 0x00007ff95e70a000 	C:\WINDOWS\SYSTEM32\VERSION.dll
0x00007ff965c90000 - 0x00007ff965ca8000 	C:\WINDOWS\SYSTEM32\kernel.appcore.dll
0x00007ff961970000 - 0x00007ff96197a000 	D:\Android\Android Studio\jbr\bin\jimage.dll
0x00007ff964580000 - 0x00007ff9647ae000 	C:\WINDOWS\SYSTEM32\DBGHELP.DLL
0x00007ff969080000 - 0x00007ff96940a000 	C:\WINDOWS\System32\combase.dll
0x00007ff968fa0000 - 0x00007ff969077000 	C:\WINDOWS\System32\OLEAUT32.dll
0x00007ff951250000 - 0x00007ff951282000 	C:\WINDOWS\SYSTEM32\dbgcore.DLL
0x00007ff967150000 - 0x00007ff9671ca000 	C:\WINDOWS\System32\bcryptPrimitives.dll
0x00007ff9611d0000 - 0x00007ff9611f5000 	D:\Android\Android Studio\jbr\bin\java.dll
0x00007ff961950000 - 0x00007ff961968000 	D:\Android\Android Studio\jbr\bin\zip.dll
0x00007ff968420000 - 0x00007ff968c43000 	C:\WINDOWS\System32\SHELL32.dll
0x00007ff964b40000 - 0x00007ff96542a000 	C:\WINDOWS\SYSTEM32\windows.storage.dll
0x00007ff964a00000 - 0x00007ff964b3e000 	C:\WINDOWS\SYSTEM32\wintypes.dll
0x00007ff967bf0000 - 0x00007ff967ce3000 	C:\WINDOWS\System32\SHCORE.dll
0x00007ff968d70000 - 0x00007ff968dce000 	C:\WINDOWS\System32\shlwapi.dll
0x00007ff966ad0000 - 0x00007ff966af6000 	C:\WINDOWS\SYSTEM32\profapi.dll
0x00007ff95ec30000 - 0x00007ff95ec49000 	D:\Android\Android Studio\jbr\bin\net.dll
0x00007ff95e120000 - 0x00007ff95e257000 	C:\WINDOWS\SYSTEM32\WINHTTP.dll
0x00007ff966160000 - 0x00007ff9661c9000 	C:\WINDOWS\system32\mswsock.dll
0x00007ff95ec10000 - 0x00007ff95ec26000 	D:\Android\Android Studio\jbr\bin\nio.dll
0x00007ff9618f0000 - 0x00007ff961900000 	D:\Android\Android Studio\jbr\bin\verify.dll
0x00007ff932830000 - 0x00007ff932857000 	C:\Users\LENOVO\.gradle\native\68d5fa5c4cc2d200863cafc0d521ce42e7d3e7ee720ec0a83991735586a16f82\windows-amd64\native-platform.dll
0x00007ff930ef0000 - 0x00007ff931034000 	C:\Users\LENOVO\.gradle\native\e376f236ea51e6404a007f0833ffe2c6e607c4080706a723a18a27aeea778392\windows-amd64\native-platform-file-events.dll
0x00007ff95f460000 - 0x00007ff95f469000 	D:\Android\Android Studio\jbr\bin\management.dll
0x00007ff95ed50000 - 0x00007ff95ed5b000 	D:\Android\Android Studio\jbr\bin\management_ext.dll
0x00007ff9675c0000 - 0x00007ff9675c8000 	C:\WINDOWS\System32\PSAPI.DLL
0x00007ff9663b0000 - 0x00007ff9663cb000 	C:\WINDOWS\SYSTEM32\CRYPTSP.dll
0x00007ff965c50000 - 0x00007ff965c85000 	C:\WINDOWS\system32\rsaenh.dll
0x00007ff966250000 - 0x00007ff96627c000 	C:\WINDOWS\SYSTEM32\USERENV.dll
0x00007ff966550000 - 0x00007ff966578000 	C:\WINDOWS\SYSTEM32\bcrypt.dll
0x00007ff9663d0000 - 0x00007ff9663dc000 	C:\WINDOWS\SYSTEM32\CRYPTBASE.dll
0x00007ff965700000 - 0x00007ff96572d000 	C:\WINDOWS\SYSTEM32\IPHLPAPI.DLL
0x00007ff967910000 - 0x00007ff967919000 	C:\WINDOWS\System32\NSI.dll
0x00007ff95dd30000 - 0x00007ff95dd49000 	C:\WINDOWS\SYSTEM32\dhcpcsvc6.DLL
0x00007ff95dcf0000 - 0x00007ff95dd0f000 	C:\WINDOWS\SYSTEM32\dhcpcsvc.DLL
0x00007ff965770000 - 0x00007ff965862000 	C:\WINDOWS\SYSTEM32\DNSAPI.dll
0x00007ff952720000 - 0x00007ff952728000 	C:\WINDOWS\system32\wshunix.dll
0x00007ff946190000 - 0x00007ff9461a7000 	C:\WINDOWS\system32\napinsp.dll
0x00007ff946170000 - 0x00007ff94618b000 	C:\WINDOWS\system32\pnrpnsp.dll
0x00007ff946030000 - 0x00007ff946041000 	C:\WINDOWS\System32\winrnr.dll
0x00007ff95f840000 - 0x00007ff95f855000 	C:\WINDOWS\system32\wshbth.dll
0x00007ff945e90000 - 0x00007ff945eb1000 	C:\WINDOWS\system32\nlansp_c.dll
0x00007ff95e6c0000 - 0x00007ff95e6ca000 	C:\Windows\System32\rasadhlp.dll
0x00007ff95ced0000 - 0x00007ff95cf54000 	C:\WINDOWS\System32\fwpuclnt.dll

dbghelp: loaded successfully - version: 4.0.5 - missing functions: none
symbol engine: initialized successfully - sym options: 0x614 - pdb path: .;D:\Android\Android Studio\jbr\bin;C:\WINDOWS\SYSTEM32;C:\WINDOWS\WinSxS\amd64_microsoft.windows.common-controls_6595b64144ccf1df_6.0.22621.2215_none_270d72677387dfc3;D:\Android\Android Studio\jbr\bin\server;C:\Users\LENOVO\.gradle\native\68d5fa5c4cc2d200863cafc0d521ce42e7d3e7ee720ec0a83991735586a16f82\windows-amd64;C:\Users\LENOVO\.gradle\native\e376f236ea51e6404a007f0833ffe2c6e607c4080706a723a18a27aeea778392\windows-amd64

VM Arguments:
jvm_args: --add-opens=java.base/java.util=ALL-UNNAMED --add-opens=java.base/java.lang=ALL-UNNAMED --add-opens=java.base/java.lang.invoke=ALL-UNNAMED --add-opens=java.prefs/java.util.prefs=ALL-UNNAMED --add-opens=java.base/java.nio.charset=ALL-UNNAMED --add-opens=java.base/java.net=ALL-UNNAMED --add-opens=java.base/java.util.concurrent.atomic=ALL-UNNAMED -Xmx2048m -Dfile.encoding=UTF-8 -Duser.country=ID -Duser.language=en -Duser.variant 
java_command: org.gradle.launcher.daemon.bootstrap.GradleDaemon 8.0
java_class_path (initial): C:\Users\LENOVO\.gradle\wrapper\dists\gradle-8.0-bin\ca5e32bp14vu59qr306oxotwh\gradle-8.0\lib\gradle-launcher-8.0.jar
Launcher Type: SUN_STANDARD

[Global flags]
     intx CICompilerCount                          = 4                                         {product} {ergonomic}
     uint ConcGCThreads                            = 3                                         {product} {ergonomic}
     uint G1ConcRefinementThreads                  = 10                                        {product} {ergonomic}
   size_t G1HeapRegionSize                         = 1048576                                   {product} {ergonomic}
    uintx GCDrainStackTargetSize                   = 64                                        {product} {ergonomic}
   size_t InitialHeapSize                          = 266338304                                 {product} {ergonomic}
   size_t MarkStackSize                            = 4194304                                   {product} {ergonomic}
   size_t MaxHeapSize                              = 2147483648                                {product} {command line}
   size_t MaxNewSize                               = 1287651328                                {product} {ergonomic}
   size_t MinHeapDeltaBytes                        = 1048576                                   {product} {ergonomic}
   size_t MinHeapSize                              = 8388608                                   {product} {ergonomic}
    uintx NonNMethodCodeHeapSize                   = 5839372                                {pd product} {ergonomic}
    uintx NonProfiledCodeHeapSize                  = 122909434                              {pd product} {ergonomic}
    uintx ProfiledCodeHeapSize                     = 122909434                              {pd product} {ergonomic}
    uintx ReservedCodeCacheSize                    = 251658240                              {pd product} {ergonomic}
     bool SegmentedCodeCache                       = true                                      {product} {ergonomic}
   size_t SoftMaxHeapSize                          = 2147483648                             {manageable} {ergonomic}
     bool UseCompressedClassPointers               = true                           {product lp64_product} {ergonomic}
     bool UseCompressedOops                        = true                           {product lp64_product} {ergonomic}
     bool UseG1GC                                  = true                                      {product} {ergonomic}
     bool UseLargePagesIndividualAllocation        = false                                  {pd product} {ergonomic}

Logging:
Log output configuration:
 #0: stdout all=warning uptime,level,tags
 #1: stderr all=off uptime,level,tags

Environment Variables:
PATH=C:\Program Files\Common Files\Oracle\Java\javapath;C:\Program Files (x86)\Common Files\Oracle\Java\javapath;C:\Windows\system32;C:\Windows;C:\Windows\System32\Wbem;C:\Windows\System32\WindowsPowerShell\v1.0\;C:\Windows\System32\OpenSSH\;C:\Program Files (x86)\NVIDIA Corporation\PhysX\Common;C:\Program Files\NVIDIA Corporation\NVIDIA NvDLISR;C:\Users\LENOVO\AppData\Local\Microsoft\WindowsApps;C:\adb;C:\WINDOWS\system32;C:\WINDOWS;C:\WINDOWS\System32\Wbem;C:\WINDOWS\System32\WindowsPowerShell\v1.0\;C:\WINDOWS\System32\OpenSSH\;E:\Downloads\Zip\mysql-8.0.30-winx64\bin;D:\Git\cmd;C:\Program Files\dotnet\;D:\nodejs\;C:\Program Files (x86)\Windows Kits\10\Windows Performance Toolkit\;D:\Python\Scripts\;D:\Python\;C:\Program Files\MySQL\MySQL Shell 8.0\bin\;C:\Users\LENOVO\AppData\Local\Microsoft\WindowsApps;D:\Microsoft VS Code\bin;C:\Users\LENOVO\AppData\Local\GitHubDesktop\bin;C:\Users\LENOVO\AppData\Roaming\npm
USERNAME=LENOVO
OS=Windows_NT
PROCESSOR_IDENTIFIER=Intel64 Family 6 Model 165 Stepping 2, GenuineIntel
TMP=C:\Users\LENOVO\AppData\Local\Temp
TEMP=C:\Users\LENOVO\AppData\Local\Temp


JNI global refs:
JNI global refs: 28, weak refs: 16

JNI global refs memory usage: 843, weak refs: 841


---------------  S Y S T E M  ---------------

OS:
 Windows 11 , 64 bit Build 22621 (10.0.22621.2215)
OS uptime: 0 days 2:07 hours

CPU: total 12 (initial active 12) (6 cores per cpu, 2 threads per core) family 6 model 165 stepping 2 microcode 0xf6, cx8, cmov, fxsr, ht, mmx, 3dnowpref, sse, sse2, sse3, ssse3, sse4.1, sse4.2, popcnt, lzcnt, tsc, tscinvbit, avx, avx2, aes, erms, clmul, bmi1, bmi2, adx, fma, vzeroupper, clflush, clflushopt

Memory: 4k page, system-wide physical 16251M (3640M free)
TotalPageFile size 16251M (AvailPageFile size 11M)
current process WorkingSet (physical memory assigned to process): 435M, peak: 436M
current process commit charge ("private bytes"): 474M, peak: 528M

vm_info: OpenJDK 64-Bit Server VM (17.0.6+0-b2043.56-10027231) for windows-amd64 JRE (17.0.6+0-b2043.56-10027231), built on Apr 28 2023 00:43:19 by "androidbuild" with MS VC++ 16.10 / 16.11 (VS2019)

END.
